[2023-08-31T19:12:05.552+0300] {processor.py:157} INFO - Started process (PID=18541) to work on /home/miminari/repos/airflow_project/env/lib/python3.10/site-packages/airflow/example_dags/subdags/subdag.py
[2023-08-31T19:12:05.553+0300] {processor.py:829} INFO - Processing file /home/miminari/repos/airflow_project/env/lib/python3.10/site-packages/airflow/example_dags/subdags/subdag.py for tasks to queue
[2023-08-31T19:12:05.553+0300] {logging_mixin.py:151} INFO - [2023-08-31T19:12:05.553+0300] {dagbag.py:539} INFO - Filling up the DagBag from /home/miminari/repos/airflow_project/env/lib/python3.10/site-packages/airflow/example_dags/subdags/subdag.py
[2023-08-31T19:12:05.554+0300] {processor.py:841} WARNING - No viable dags retrieved from /home/miminari/repos/airflow_project/env/lib/python3.10/site-packages/airflow/example_dags/subdags/subdag.py
[2023-08-31T19:12:05.587+0300] {processor.py:179} INFO - Processing /home/miminari/repos/airflow_project/env/lib/python3.10/site-packages/airflow/example_dags/subdags/subdag.py took 0.037 seconds
[2023-08-31T19:12:35.692+0300] {processor.py:157} INFO - Started process (PID=18670) to work on /home/miminari/repos/airflow_project/env/lib/python3.10/site-packages/airflow/example_dags/subdags/subdag.py
[2023-08-31T19:12:35.693+0300] {processor.py:829} INFO - Processing file /home/miminari/repos/airflow_project/env/lib/python3.10/site-packages/airflow/example_dags/subdags/subdag.py for tasks to queue
[2023-08-31T19:12:35.693+0300] {logging_mixin.py:151} INFO - [2023-08-31T19:12:35.693+0300] {dagbag.py:539} INFO - Filling up the DagBag from /home/miminari/repos/airflow_project/env/lib/python3.10/site-packages/airflow/example_dags/subdags/subdag.py
[2023-08-31T19:12:35.695+0300] {processor.py:841} WARNING - No viable dags retrieved from /home/miminari/repos/airflow_project/env/lib/python3.10/site-packages/airflow/example_dags/subdags/subdag.py
[2023-08-31T19:12:35.711+0300] {processor.py:179} INFO - Processing /home/miminari/repos/airflow_project/env/lib/python3.10/site-packages/airflow/example_dags/subdags/subdag.py took 0.021 seconds
[2023-08-31T19:13:05.789+0300] {processor.py:157} INFO - Started process (PID=18770) to work on /home/miminari/repos/airflow_project/env/lib/python3.10/site-packages/airflow/example_dags/subdags/subdag.py
[2023-08-31T19:13:05.790+0300] {processor.py:829} INFO - Processing file /home/miminari/repos/airflow_project/env/lib/python3.10/site-packages/airflow/example_dags/subdags/subdag.py for tasks to queue
[2023-08-31T19:13:05.790+0300] {logging_mixin.py:151} INFO - [2023-08-31T19:13:05.790+0300] {dagbag.py:539} INFO - Filling up the DagBag from /home/miminari/repos/airflow_project/env/lib/python3.10/site-packages/airflow/example_dags/subdags/subdag.py
[2023-08-31T19:13:05.792+0300] {processor.py:841} WARNING - No viable dags retrieved from /home/miminari/repos/airflow_project/env/lib/python3.10/site-packages/airflow/example_dags/subdags/subdag.py
[2023-08-31T19:13:05.813+0300] {processor.py:179} INFO - Processing /home/miminari/repos/airflow_project/env/lib/python3.10/site-packages/airflow/example_dags/subdags/subdag.py took 0.028 seconds
[2023-08-31T19:13:35.885+0300] {processor.py:157} INFO - Started process (PID=18878) to work on /home/miminari/repos/airflow_project/env/lib/python3.10/site-packages/airflow/example_dags/subdags/subdag.py
[2023-08-31T19:13:35.886+0300] {processor.py:829} INFO - Processing file /home/miminari/repos/airflow_project/env/lib/python3.10/site-packages/airflow/example_dags/subdags/subdag.py for tasks to queue
[2023-08-31T19:13:35.886+0300] {logging_mixin.py:151} INFO - [2023-08-31T19:13:35.886+0300] {dagbag.py:539} INFO - Filling up the DagBag from /home/miminari/repos/airflow_project/env/lib/python3.10/site-packages/airflow/example_dags/subdags/subdag.py
[2023-08-31T19:13:35.888+0300] {processor.py:841} WARNING - No viable dags retrieved from /home/miminari/repos/airflow_project/env/lib/python3.10/site-packages/airflow/example_dags/subdags/subdag.py
[2023-08-31T19:13:35.903+0300] {processor.py:179} INFO - Processing /home/miminari/repos/airflow_project/env/lib/python3.10/site-packages/airflow/example_dags/subdags/subdag.py took 0.020 seconds
[2023-08-31T19:14:06.144+0300] {processor.py:157} INFO - Started process (PID=18976) to work on /home/miminari/repos/airflow_project/env/lib/python3.10/site-packages/airflow/example_dags/subdags/subdag.py
[2023-08-31T19:14:06.144+0300] {processor.py:829} INFO - Processing file /home/miminari/repos/airflow_project/env/lib/python3.10/site-packages/airflow/example_dags/subdags/subdag.py for tasks to queue
[2023-08-31T19:14:06.144+0300] {logging_mixin.py:151} INFO - [2023-08-31T19:14:06.144+0300] {dagbag.py:539} INFO - Filling up the DagBag from /home/miminari/repos/airflow_project/env/lib/python3.10/site-packages/airflow/example_dags/subdags/subdag.py
[2023-08-31T19:14:06.146+0300] {processor.py:841} WARNING - No viable dags retrieved from /home/miminari/repos/airflow_project/env/lib/python3.10/site-packages/airflow/example_dags/subdags/subdag.py
[2023-08-31T19:14:06.162+0300] {processor.py:179} INFO - Processing /home/miminari/repos/airflow_project/env/lib/python3.10/site-packages/airflow/example_dags/subdags/subdag.py took 0.022 seconds
[2023-08-31T19:14:36.301+0300] {processor.py:157} INFO - Started process (PID=19071) to work on /home/miminari/repos/airflow_project/env/lib/python3.10/site-packages/airflow/example_dags/subdags/subdag.py
[2023-08-31T19:14:36.301+0300] {processor.py:829} INFO - Processing file /home/miminari/repos/airflow_project/env/lib/python3.10/site-packages/airflow/example_dags/subdags/subdag.py for tasks to queue
[2023-08-31T19:14:36.302+0300] {logging_mixin.py:151} INFO - [2023-08-31T19:14:36.301+0300] {dagbag.py:539} INFO - Filling up the DagBag from /home/miminari/repos/airflow_project/env/lib/python3.10/site-packages/airflow/example_dags/subdags/subdag.py
[2023-08-31T19:14:36.303+0300] {processor.py:841} WARNING - No viable dags retrieved from /home/miminari/repos/airflow_project/env/lib/python3.10/site-packages/airflow/example_dags/subdags/subdag.py
[2023-08-31T19:14:36.318+0300] {processor.py:179} INFO - Processing /home/miminari/repos/airflow_project/env/lib/python3.10/site-packages/airflow/example_dags/subdags/subdag.py took 0.020 seconds
[2023-08-31T19:15:06.535+0300] {processor.py:157} INFO - Started process (PID=19269) to work on /home/miminari/repos/airflow_project/env/lib/python3.10/site-packages/airflow/example_dags/subdags/subdag.py
[2023-08-31T19:15:06.536+0300] {processor.py:829} INFO - Processing file /home/miminari/repos/airflow_project/env/lib/python3.10/site-packages/airflow/example_dags/subdags/subdag.py for tasks to queue
[2023-08-31T19:15:06.536+0300] {logging_mixin.py:151} INFO - [2023-08-31T19:15:06.536+0300] {dagbag.py:539} INFO - Filling up the DagBag from /home/miminari/repos/airflow_project/env/lib/python3.10/site-packages/airflow/example_dags/subdags/subdag.py
[2023-08-31T19:15:06.538+0300] {processor.py:841} WARNING - No viable dags retrieved from /home/miminari/repos/airflow_project/env/lib/python3.10/site-packages/airflow/example_dags/subdags/subdag.py
[2023-08-31T19:15:06.554+0300] {processor.py:179} INFO - Processing /home/miminari/repos/airflow_project/env/lib/python3.10/site-packages/airflow/example_dags/subdags/subdag.py took 0.022 seconds
[2023-08-31T19:15:36.840+0300] {processor.py:157} INFO - Started process (PID=19370) to work on /home/miminari/repos/airflow_project/env/lib/python3.10/site-packages/airflow/example_dags/subdags/subdag.py
[2023-08-31T19:15:36.841+0300] {processor.py:829} INFO - Processing file /home/miminari/repos/airflow_project/env/lib/python3.10/site-packages/airflow/example_dags/subdags/subdag.py for tasks to queue
[2023-08-31T19:15:36.842+0300] {logging_mixin.py:151} INFO - [2023-08-31T19:15:36.842+0300] {dagbag.py:539} INFO - Filling up the DagBag from /home/miminari/repos/airflow_project/env/lib/python3.10/site-packages/airflow/example_dags/subdags/subdag.py
[2023-08-31T19:15:36.844+0300] {processor.py:841} WARNING - No viable dags retrieved from /home/miminari/repos/airflow_project/env/lib/python3.10/site-packages/airflow/example_dags/subdags/subdag.py
[2023-08-31T19:15:36.860+0300] {processor.py:179} INFO - Processing /home/miminari/repos/airflow_project/env/lib/python3.10/site-packages/airflow/example_dags/subdags/subdag.py took 0.022 seconds
[2023-08-31T19:16:07.061+0300] {processor.py:157} INFO - Started process (PID=19525) to work on /home/miminari/repos/airflow_project/env/lib/python3.10/site-packages/airflow/example_dags/subdags/subdag.py
[2023-08-31T19:16:07.062+0300] {processor.py:829} INFO - Processing file /home/miminari/repos/airflow_project/env/lib/python3.10/site-packages/airflow/example_dags/subdags/subdag.py for tasks to queue
[2023-08-31T19:16:07.064+0300] {logging_mixin.py:151} INFO - [2023-08-31T19:16:07.062+0300] {dagbag.py:539} INFO - Filling up the DagBag from /home/miminari/repos/airflow_project/env/lib/python3.10/site-packages/airflow/example_dags/subdags/subdag.py
[2023-08-31T19:16:07.067+0300] {processor.py:841} WARNING - No viable dags retrieved from /home/miminari/repos/airflow_project/env/lib/python3.10/site-packages/airflow/example_dags/subdags/subdag.py
[2023-08-31T19:16:07.097+0300] {processor.py:179} INFO - Processing /home/miminari/repos/airflow_project/env/lib/python3.10/site-packages/airflow/example_dags/subdags/subdag.py took 0.041 seconds
[2023-08-31T19:16:37.487+0300] {processor.py:157} INFO - Started process (PID=19625) to work on /home/miminari/repos/airflow_project/env/lib/python3.10/site-packages/airflow/example_dags/subdags/subdag.py
[2023-08-31T19:16:37.488+0300] {processor.py:829} INFO - Processing file /home/miminari/repos/airflow_project/env/lib/python3.10/site-packages/airflow/example_dags/subdags/subdag.py for tasks to queue
[2023-08-31T19:16:37.488+0300] {logging_mixin.py:151} INFO - [2023-08-31T19:16:37.488+0300] {dagbag.py:539} INFO - Filling up the DagBag from /home/miminari/repos/airflow_project/env/lib/python3.10/site-packages/airflow/example_dags/subdags/subdag.py
[2023-08-31T19:16:37.490+0300] {processor.py:841} WARNING - No viable dags retrieved from /home/miminari/repos/airflow_project/env/lib/python3.10/site-packages/airflow/example_dags/subdags/subdag.py
[2023-08-31T19:16:37.505+0300] {processor.py:179} INFO - Processing /home/miminari/repos/airflow_project/env/lib/python3.10/site-packages/airflow/example_dags/subdags/subdag.py took 0.021 seconds
[2023-08-31T19:17:07.713+0300] {processor.py:157} INFO - Started process (PID=19774) to work on /home/miminari/repos/airflow_project/env/lib/python3.10/site-packages/airflow/example_dags/subdags/subdag.py
[2023-08-31T19:17:07.714+0300] {processor.py:829} INFO - Processing file /home/miminari/repos/airflow_project/env/lib/python3.10/site-packages/airflow/example_dags/subdags/subdag.py for tasks to queue
[2023-08-31T19:17:07.714+0300] {logging_mixin.py:151} INFO - [2023-08-31T19:17:07.714+0300] {dagbag.py:539} INFO - Filling up the DagBag from /home/miminari/repos/airflow_project/env/lib/python3.10/site-packages/airflow/example_dags/subdags/subdag.py
[2023-08-31T19:17:07.715+0300] {processor.py:841} WARNING - No viable dags retrieved from /home/miminari/repos/airflow_project/env/lib/python3.10/site-packages/airflow/example_dags/subdags/subdag.py
[2023-08-31T19:17:07.730+0300] {processor.py:179} INFO - Processing /home/miminari/repos/airflow_project/env/lib/python3.10/site-packages/airflow/example_dags/subdags/subdag.py took 0.019 seconds
