[2023-09-01T10:12:13.419+0300] {processor.py:157} INFO - Started process (PID=4637) to work on /home/miminari/repos/airflow_project/airflow/dags/daily_dag.py
[2023-09-01T10:12:13.420+0300] {processor.py:829} INFO - Processing file /home/miminari/repos/airflow_project/airflow/dags/daily_dag.py for tasks to queue
[2023-09-01T10:12:13.420+0300] {logging_mixin.py:151} INFO - [2023-09-01T10:12:13.420+0300] {dagbag.py:539} INFO - Filling up the DagBag from /home/miminari/repos/airflow_project/airflow/dags/daily_dag.py
[2023-09-01T10:12:13.427+0300] {logging_mixin.py:151} INFO - [2023-09-01T10:12:13.422+0300] {dagbag.py:347} ERROR - Failed to import: /home/miminari/repos/airflow_project/airflow/dags/daily_dag.py
Traceback (most recent call last):
  File "/home/miminari/repos/airflow_project/env/lib/python3.10/site-packages/airflow/models/dagbag.py", line 343, in parse
    loader.exec_module(new_module)
  File "<frozen importlib._bootstrap_external>", line 883, in exec_module
  File "<frozen importlib._bootstrap>", line 241, in _call_with_frames_removed
  File "/home/miminari/repos/airflow_project/airflow/dags/daily_dag.py", line 4, in <module>
    from fetch.petrol import Petrol
ModuleNotFoundError: No module named 'fetch'
[2023-09-01T10:12:13.428+0300] {processor.py:841} WARNING - No viable dags retrieved from /home/miminari/repos/airflow_project/airflow/dags/daily_dag.py
[2023-09-01T10:12:13.449+0300] {processor.py:179} INFO - Processing /home/miminari/repos/airflow_project/airflow/dags/daily_dag.py took 0.032 seconds
[2023-09-01T10:12:43.660+0300] {processor.py:157} INFO - Started process (PID=4951) to work on /home/miminari/repos/airflow_project/airflow/dags/daily_dag.py
[2023-09-01T10:12:43.665+0300] {processor.py:829} INFO - Processing file /home/miminari/repos/airflow_project/airflow/dags/daily_dag.py for tasks to queue
[2023-09-01T10:12:43.666+0300] {logging_mixin.py:151} INFO - [2023-09-01T10:12:43.665+0300] {dagbag.py:539} INFO - Filling up the DagBag from /home/miminari/repos/airflow_project/airflow/dags/daily_dag.py
[2023-09-01T10:12:43.669+0300] {logging_mixin.py:151} INFO - [2023-09-01T10:12:43.667+0300] {dagbag.py:347} ERROR - Failed to import: /home/miminari/repos/airflow_project/airflow/dags/daily_dag.py
Traceback (most recent call last):
  File "/home/miminari/repos/airflow_project/env/lib/python3.10/site-packages/airflow/models/dagbag.py", line 343, in parse
    loader.exec_module(new_module)
  File "<frozen importlib._bootstrap_external>", line 883, in exec_module
  File "<frozen importlib._bootstrap>", line 241, in _call_with_frames_removed
  File "/home/miminari/repos/airflow_project/airflow/dags/daily_dag.py", line 4, in <module>
    from fetch.petrol import Petrol
ModuleNotFoundError: No module named 'fetch'
[2023-09-01T10:12:43.669+0300] {processor.py:841} WARNING - No viable dags retrieved from /home/miminari/repos/airflow_project/airflow/dags/daily_dag.py
[2023-09-01T10:12:43.693+0300] {processor.py:179} INFO - Processing /home/miminari/repos/airflow_project/airflow/dags/daily_dag.py took 0.035 seconds
[2023-09-01T10:13:13.999+0300] {processor.py:157} INFO - Started process (PID=5021) to work on /home/miminari/repos/airflow_project/airflow/dags/daily_dag.py
[2023-09-01T10:13:13.999+0300] {processor.py:829} INFO - Processing file /home/miminari/repos/airflow_project/airflow/dags/daily_dag.py for tasks to queue
[2023-09-01T10:13:14.000+0300] {logging_mixin.py:151} INFO - [2023-09-01T10:13:13.999+0300] {dagbag.py:539} INFO - Filling up the DagBag from /home/miminari/repos/airflow_project/airflow/dags/daily_dag.py
[2023-09-01T10:13:14.002+0300] {logging_mixin.py:151} INFO - [2023-09-01T10:13:14.001+0300] {dagbag.py:347} ERROR - Failed to import: /home/miminari/repos/airflow_project/airflow/dags/daily_dag.py
Traceback (most recent call last):
  File "/home/miminari/repos/airflow_project/env/lib/python3.10/site-packages/airflow/models/dagbag.py", line 343, in parse
    loader.exec_module(new_module)
  File "<frozen importlib._bootstrap_external>", line 883, in exec_module
  File "<frozen importlib._bootstrap>", line 241, in _call_with_frames_removed
  File "/home/miminari/repos/airflow_project/airflow/dags/daily_dag.py", line 4, in <module>
    from fetch.petrol import Petrol
ModuleNotFoundError: No module named 'fetch'
[2023-09-01T10:13:14.002+0300] {processor.py:841} WARNING - No viable dags retrieved from /home/miminari/repos/airflow_project/airflow/dags/daily_dag.py
[2023-09-01T10:13:14.020+0300] {processor.py:179} INFO - Processing /home/miminari/repos/airflow_project/airflow/dags/daily_dag.py took 0.023 seconds
[2023-09-01T10:13:44.341+0300] {processor.py:157} INFO - Started process (PID=5056) to work on /home/miminari/repos/airflow_project/airflow/dags/daily_dag.py
[2023-09-01T10:13:44.341+0300] {processor.py:829} INFO - Processing file /home/miminari/repos/airflow_project/airflow/dags/daily_dag.py for tasks to queue
[2023-09-01T10:13:44.342+0300] {logging_mixin.py:151} INFO - [2023-09-01T10:13:44.342+0300] {dagbag.py:539} INFO - Filling up the DagBag from /home/miminari/repos/airflow_project/airflow/dags/daily_dag.py
[2023-09-01T10:13:44.344+0300] {logging_mixin.py:151} INFO - [2023-09-01T10:13:44.344+0300] {dagbag.py:347} ERROR - Failed to import: /home/miminari/repos/airflow_project/airflow/dags/daily_dag.py
Traceback (most recent call last):
  File "/home/miminari/repos/airflow_project/env/lib/python3.10/site-packages/airflow/models/dagbag.py", line 343, in parse
    loader.exec_module(new_module)
  File "<frozen importlib._bootstrap_external>", line 883, in exec_module
  File "<frozen importlib._bootstrap>", line 241, in _call_with_frames_removed
  File "/home/miminari/repos/airflow_project/airflow/dags/daily_dag.py", line 4, in <module>
    from fetch.petrol import Petrol
ModuleNotFoundError: No module named 'fetch'
[2023-09-01T10:13:44.344+0300] {processor.py:841} WARNING - No viable dags retrieved from /home/miminari/repos/airflow_project/airflow/dags/daily_dag.py
[2023-09-01T10:13:44.362+0300] {processor.py:179} INFO - Processing /home/miminari/repos/airflow_project/airflow/dags/daily_dag.py took 0.023 seconds
[2023-09-01T10:14:14.614+0300] {processor.py:157} INFO - Started process (PID=5123) to work on /home/miminari/repos/airflow_project/airflow/dags/daily_dag.py
[2023-09-01T10:14:14.615+0300] {processor.py:829} INFO - Processing file /home/miminari/repos/airflow_project/airflow/dags/daily_dag.py for tasks to queue
[2023-09-01T10:14:14.615+0300] {logging_mixin.py:151} INFO - [2023-09-01T10:14:14.615+0300] {dagbag.py:539} INFO - Filling up the DagBag from /home/miminari/repos/airflow_project/airflow/dags/daily_dag.py
[2023-09-01T10:14:14.617+0300] {logging_mixin.py:151} INFO - [2023-09-01T10:14:14.617+0300] {dagbag.py:347} ERROR - Failed to import: /home/miminari/repos/airflow_project/airflow/dags/daily_dag.py
Traceback (most recent call last):
  File "/home/miminari/repos/airflow_project/env/lib/python3.10/site-packages/airflow/models/dagbag.py", line 343, in parse
    loader.exec_module(new_module)
  File "<frozen importlib._bootstrap_external>", line 883, in exec_module
  File "<frozen importlib._bootstrap>", line 241, in _call_with_frames_removed
  File "/home/miminari/repos/airflow_project/airflow/dags/daily_dag.py", line 4, in <module>
    from fetch.petrol import Petrol
ModuleNotFoundError: No module named 'fetch'
[2023-09-01T10:14:14.617+0300] {processor.py:841} WARNING - No viable dags retrieved from /home/miminari/repos/airflow_project/airflow/dags/daily_dag.py
[2023-09-01T10:14:14.636+0300] {processor.py:179} INFO - Processing /home/miminari/repos/airflow_project/airflow/dags/daily_dag.py took 0.025 seconds
[2023-09-01T10:14:44.827+0300] {processor.py:157} INFO - Started process (PID=5133) to work on /home/miminari/repos/airflow_project/airflow/dags/daily_dag.py
[2023-09-01T10:14:44.827+0300] {processor.py:829} INFO - Processing file /home/miminari/repos/airflow_project/airflow/dags/daily_dag.py for tasks to queue
[2023-09-01T10:14:44.827+0300] {logging_mixin.py:151} INFO - [2023-09-01T10:14:44.827+0300] {dagbag.py:539} INFO - Filling up the DagBag from /home/miminari/repos/airflow_project/airflow/dags/daily_dag.py
[2023-09-01T10:14:44.829+0300] {logging_mixin.py:151} INFO - [2023-09-01T10:14:44.829+0300] {dagbag.py:347} ERROR - Failed to import: /home/miminari/repos/airflow_project/airflow/dags/daily_dag.py
Traceback (most recent call last):
  File "/home/miminari/repos/airflow_project/env/lib/python3.10/site-packages/airflow/models/dagbag.py", line 343, in parse
    loader.exec_module(new_module)
  File "<frozen importlib._bootstrap_external>", line 883, in exec_module
  File "<frozen importlib._bootstrap>", line 241, in _call_with_frames_removed
  File "/home/miminari/repos/airflow_project/airflow/dags/daily_dag.py", line 4, in <module>
    from fetch.petrol import Petrol
ModuleNotFoundError: No module named 'fetch'
[2023-09-01T10:14:44.829+0300] {processor.py:841} WARNING - No viable dags retrieved from /home/miminari/repos/airflow_project/airflow/dags/daily_dag.py
[2023-09-01T10:14:44.849+0300] {processor.py:179} INFO - Processing /home/miminari/repos/airflow_project/airflow/dags/daily_dag.py took 0.024 seconds
[2023-09-01T10:15:15.121+0300] {processor.py:157} INFO - Started process (PID=5153) to work on /home/miminari/repos/airflow_project/airflow/dags/daily_dag.py
[2023-09-01T10:15:15.121+0300] {processor.py:829} INFO - Processing file /home/miminari/repos/airflow_project/airflow/dags/daily_dag.py for tasks to queue
[2023-09-01T10:15:15.122+0300] {logging_mixin.py:151} INFO - [2023-09-01T10:15:15.121+0300] {dagbag.py:539} INFO - Filling up the DagBag from /home/miminari/repos/airflow_project/airflow/dags/daily_dag.py
[2023-09-01T10:15:15.123+0300] {logging_mixin.py:151} INFO - [2023-09-01T10:15:15.123+0300] {dagbag.py:347} ERROR - Failed to import: /home/miminari/repos/airflow_project/airflow/dags/daily_dag.py
Traceback (most recent call last):
  File "/home/miminari/repos/airflow_project/env/lib/python3.10/site-packages/airflow/models/dagbag.py", line 343, in parse
    loader.exec_module(new_module)
  File "<frozen importlib._bootstrap_external>", line 883, in exec_module
  File "<frozen importlib._bootstrap>", line 241, in _call_with_frames_removed
  File "/home/miminari/repos/airflow_project/airflow/dags/daily_dag.py", line 4, in <module>
    from fetch.petrol import Petrol
ModuleNotFoundError: No module named 'fetch'
[2023-09-01T10:15:15.124+0300] {processor.py:841} WARNING - No viable dags retrieved from /home/miminari/repos/airflow_project/airflow/dags/daily_dag.py
[2023-09-01T10:15:15.146+0300] {processor.py:179} INFO - Processing /home/miminari/repos/airflow_project/airflow/dags/daily_dag.py took 0.028 seconds
[2023-09-01T10:15:45.290+0300] {processor.py:157} INFO - Started process (PID=5163) to work on /home/miminari/repos/airflow_project/airflow/dags/daily_dag.py
[2023-09-01T10:15:45.291+0300] {processor.py:829} INFO - Processing file /home/miminari/repos/airflow_project/airflow/dags/daily_dag.py for tasks to queue
[2023-09-01T10:15:45.291+0300] {logging_mixin.py:151} INFO - [2023-09-01T10:15:45.291+0300] {dagbag.py:539} INFO - Filling up the DagBag from /home/miminari/repos/airflow_project/airflow/dags/daily_dag.py
[2023-09-01T10:15:45.293+0300] {logging_mixin.py:151} INFO - [2023-09-01T10:15:45.293+0300] {dagbag.py:347} ERROR - Failed to import: /home/miminari/repos/airflow_project/airflow/dags/daily_dag.py
Traceback (most recent call last):
  File "/home/miminari/repos/airflow_project/env/lib/python3.10/site-packages/airflow/models/dagbag.py", line 343, in parse
    loader.exec_module(new_module)
  File "<frozen importlib._bootstrap_external>", line 883, in exec_module
  File "<frozen importlib._bootstrap>", line 241, in _call_with_frames_removed
  File "/home/miminari/repos/airflow_project/airflow/dags/daily_dag.py", line 4, in <module>
    from fetch.petrol import Petrol
ModuleNotFoundError: No module named 'fetch'
[2023-09-01T10:15:45.293+0300] {processor.py:841} WARNING - No viable dags retrieved from /home/miminari/repos/airflow_project/airflow/dags/daily_dag.py
[2023-09-01T10:15:45.317+0300] {processor.py:179} INFO - Processing /home/miminari/repos/airflow_project/airflow/dags/daily_dag.py took 0.029 seconds
[2023-09-01T10:16:15.606+0300] {processor.py:157} INFO - Started process (PID=5175) to work on /home/miminari/repos/airflow_project/airflow/dags/daily_dag.py
[2023-09-01T10:16:15.606+0300] {processor.py:829} INFO - Processing file /home/miminari/repos/airflow_project/airflow/dags/daily_dag.py for tasks to queue
[2023-09-01T10:16:15.607+0300] {logging_mixin.py:151} INFO - [2023-09-01T10:16:15.607+0300] {dagbag.py:539} INFO - Filling up the DagBag from /home/miminari/repos/airflow_project/airflow/dags/daily_dag.py
[2023-09-01T10:16:15.609+0300] {logging_mixin.py:151} INFO - [2023-09-01T10:16:15.609+0300] {dagbag.py:347} ERROR - Failed to import: /home/miminari/repos/airflow_project/airflow/dags/daily_dag.py
Traceback (most recent call last):
  File "/home/miminari/repos/airflow_project/env/lib/python3.10/site-packages/airflow/models/dagbag.py", line 343, in parse
    loader.exec_module(new_module)
  File "<frozen importlib._bootstrap_external>", line 883, in exec_module
  File "<frozen importlib._bootstrap>", line 241, in _call_with_frames_removed
  File "/home/miminari/repos/airflow_project/airflow/dags/daily_dag.py", line 4, in <module>
    from fetch.petrol import Petrol
ModuleNotFoundError: No module named 'fetch'
[2023-09-01T10:16:15.609+0300] {processor.py:841} WARNING - No viable dags retrieved from /home/miminari/repos/airflow_project/airflow/dags/daily_dag.py
[2023-09-01T10:16:15.630+0300] {processor.py:179} INFO - Processing /home/miminari/repos/airflow_project/airflow/dags/daily_dag.py took 0.027 seconds
[2023-09-01T10:16:45.777+0300] {processor.py:157} INFO - Started process (PID=5251) to work on /home/miminari/repos/airflow_project/airflow/dags/daily_dag.py
[2023-09-01T10:16:45.777+0300] {processor.py:829} INFO - Processing file /home/miminari/repos/airflow_project/airflow/dags/daily_dag.py for tasks to queue
[2023-09-01T10:16:45.778+0300] {logging_mixin.py:151} INFO - [2023-09-01T10:16:45.778+0300] {dagbag.py:539} INFO - Filling up the DagBag from /home/miminari/repos/airflow_project/airflow/dags/daily_dag.py
[2023-09-01T10:16:45.780+0300] {logging_mixin.py:151} INFO - [2023-09-01T10:16:45.779+0300] {dagbag.py:347} ERROR - Failed to import: /home/miminari/repos/airflow_project/airflow/dags/daily_dag.py
Traceback (most recent call last):
  File "/home/miminari/repos/airflow_project/env/lib/python3.10/site-packages/airflow/models/dagbag.py", line 343, in parse
    loader.exec_module(new_module)
  File "<frozen importlib._bootstrap_external>", line 883, in exec_module
  File "<frozen importlib._bootstrap>", line 241, in _call_with_frames_removed
  File "/home/miminari/repos/airflow_project/airflow/dags/daily_dag.py", line 4, in <module>
    from fetch.petrol import Petrol
ModuleNotFoundError: No module named 'fetch'
[2023-09-01T10:16:45.780+0300] {processor.py:841} WARNING - No viable dags retrieved from /home/miminari/repos/airflow_project/airflow/dags/daily_dag.py
[2023-09-01T10:16:45.799+0300] {processor.py:179} INFO - Processing /home/miminari/repos/airflow_project/airflow/dags/daily_dag.py took 0.024 seconds
