[2023-08-31T23:51:37.009+0300] {processor.py:157} INFO - Started process (PID=11395) to work on /home/miminari/repos/airflow_project/airflow/dags/hourly_dag.py
[2023-08-31T23:51:37.009+0300] {processor.py:829} INFO - Processing file /home/miminari/repos/airflow_project/airflow/dags/hourly_dag.py for tasks to queue
[2023-08-31T23:51:37.011+0300] {logging_mixin.py:151} INFO - [2023-08-31T23:51:37.010+0300] {dagbag.py:539} INFO - Filling up the DagBag from /home/miminari/repos/airflow_project/airflow/dags/hourly_dag.py
[2023-08-31T23:51:37.014+0300] {processor.py:841} WARNING - No viable dags retrieved from /home/miminari/repos/airflow_project/airflow/dags/hourly_dag.py
[2023-08-31T23:51:37.029+0300] {processor.py:179} INFO - Processing /home/miminari/repos/airflow_project/airflow/dags/hourly_dag.py took 0.024 seconds
[2023-08-31T23:52:07.138+0300] {processor.py:157} INFO - Started process (PID=11458) to work on /home/miminari/repos/airflow_project/airflow/dags/hourly_dag.py
[2023-08-31T23:52:07.139+0300] {processor.py:829} INFO - Processing file /home/miminari/repos/airflow_project/airflow/dags/hourly_dag.py for tasks to queue
[2023-08-31T23:52:07.140+0300] {logging_mixin.py:151} INFO - [2023-08-31T23:52:07.139+0300] {dagbag.py:539} INFO - Filling up the DagBag from /home/miminari/repos/airflow_project/airflow/dags/hourly_dag.py
[2023-08-31T23:52:07.144+0300] {processor.py:841} WARNING - No viable dags retrieved from /home/miminari/repos/airflow_project/airflow/dags/hourly_dag.py
[2023-08-31T23:52:07.162+0300] {processor.py:179} INFO - Processing /home/miminari/repos/airflow_project/airflow/dags/hourly_dag.py took 0.026 seconds
[2023-08-31T23:52:37.272+0300] {processor.py:157} INFO - Started process (PID=11523) to work on /home/miminari/repos/airflow_project/airflow/dags/hourly_dag.py
[2023-08-31T23:52:37.273+0300] {processor.py:829} INFO - Processing file /home/miminari/repos/airflow_project/airflow/dags/hourly_dag.py for tasks to queue
[2023-08-31T23:52:37.273+0300] {logging_mixin.py:151} INFO - [2023-08-31T23:52:37.273+0300] {dagbag.py:539} INFO - Filling up the DagBag from /home/miminari/repos/airflow_project/airflow/dags/hourly_dag.py
[2023-08-31T23:52:37.274+0300] {processor.py:841} WARNING - No viable dags retrieved from /home/miminari/repos/airflow_project/airflow/dags/hourly_dag.py
[2023-08-31T23:52:37.290+0300] {processor.py:179} INFO - Processing /home/miminari/repos/airflow_project/airflow/dags/hourly_dag.py took 0.020 seconds
[2023-08-31T23:53:07.404+0300] {processor.py:157} INFO - Started process (PID=11582) to work on /home/miminari/repos/airflow_project/airflow/dags/hourly_dag.py
[2023-08-31T23:53:07.405+0300] {processor.py:829} INFO - Processing file /home/miminari/repos/airflow_project/airflow/dags/hourly_dag.py for tasks to queue
[2023-08-31T23:53:07.405+0300] {logging_mixin.py:151} INFO - [2023-08-31T23:53:07.405+0300] {dagbag.py:539} INFO - Filling up the DagBag from /home/miminari/repos/airflow_project/airflow/dags/hourly_dag.py
[2023-08-31T23:53:07.407+0300] {processor.py:841} WARNING - No viable dags retrieved from /home/miminari/repos/airflow_project/airflow/dags/hourly_dag.py
[2023-08-31T23:53:07.422+0300] {processor.py:179} INFO - Processing /home/miminari/repos/airflow_project/airflow/dags/hourly_dag.py took 0.019 seconds
[2023-08-31T23:53:37.549+0300] {processor.py:157} INFO - Started process (PID=11791) to work on /home/miminari/repos/airflow_project/airflow/dags/hourly_dag.py
[2023-08-31T23:53:37.551+0300] {processor.py:829} INFO - Processing file /home/miminari/repos/airflow_project/airflow/dags/hourly_dag.py for tasks to queue
[2023-08-31T23:53:37.552+0300] {logging_mixin.py:151} INFO - [2023-08-31T23:53:37.552+0300] {dagbag.py:539} INFO - Filling up the DagBag from /home/miminari/repos/airflow_project/airflow/dags/hourly_dag.py
[2023-08-31T23:53:37.554+0300] {processor.py:841} WARNING - No viable dags retrieved from /home/miminari/repos/airflow_project/airflow/dags/hourly_dag.py
[2023-08-31T23:53:37.583+0300] {processor.py:179} INFO - Processing /home/miminari/repos/airflow_project/airflow/dags/hourly_dag.py took 0.037 seconds
[2023-08-31T23:54:07.667+0300] {processor.py:157} INFO - Started process (PID=11805) to work on /home/miminari/repos/airflow_project/airflow/dags/hourly_dag.py
[2023-08-31T23:54:07.668+0300] {processor.py:829} INFO - Processing file /home/miminari/repos/airflow_project/airflow/dags/hourly_dag.py for tasks to queue
[2023-08-31T23:54:07.668+0300] {logging_mixin.py:151} INFO - [2023-08-31T23:54:07.668+0300] {dagbag.py:539} INFO - Filling up the DagBag from /home/miminari/repos/airflow_project/airflow/dags/hourly_dag.py
[2023-08-31T23:54:07.669+0300] {processor.py:841} WARNING - No viable dags retrieved from /home/miminari/repos/airflow_project/airflow/dags/hourly_dag.py
[2023-08-31T23:54:07.684+0300] {processor.py:179} INFO - Processing /home/miminari/repos/airflow_project/airflow/dags/hourly_dag.py took 0.019 seconds
[2023-08-31T23:54:37.796+0300] {processor.py:157} INFO - Started process (PID=11832) to work on /home/miminari/repos/airflow_project/airflow/dags/hourly_dag.py
[2023-08-31T23:54:37.798+0300] {processor.py:829} INFO - Processing file /home/miminari/repos/airflow_project/airflow/dags/hourly_dag.py for tasks to queue
[2023-08-31T23:54:37.799+0300] {logging_mixin.py:151} INFO - [2023-08-31T23:54:37.799+0300] {dagbag.py:539} INFO - Filling up the DagBag from /home/miminari/repos/airflow_project/airflow/dags/hourly_dag.py
[2023-08-31T23:54:37.800+0300] {processor.py:841} WARNING - No viable dags retrieved from /home/miminari/repos/airflow_project/airflow/dags/hourly_dag.py
[2023-08-31T23:54:37.821+0300] {processor.py:179} INFO - Processing /home/miminari/repos/airflow_project/airflow/dags/hourly_dag.py took 0.028 seconds
[2023-08-31T23:55:07.948+0300] {processor.py:157} INFO - Started process (PID=11846) to work on /home/miminari/repos/airflow_project/airflow/dags/hourly_dag.py
[2023-08-31T23:55:07.949+0300] {processor.py:829} INFO - Processing file /home/miminari/repos/airflow_project/airflow/dags/hourly_dag.py for tasks to queue
[2023-08-31T23:55:07.950+0300] {logging_mixin.py:151} INFO - [2023-08-31T23:55:07.950+0300] {dagbag.py:539} INFO - Filling up the DagBag from /home/miminari/repos/airflow_project/airflow/dags/hourly_dag.py
[2023-08-31T23:55:07.954+0300] {processor.py:841} WARNING - No viable dags retrieved from /home/miminari/repos/airflow_project/airflow/dags/hourly_dag.py
[2023-08-31T23:55:08.003+0300] {processor.py:179} INFO - Processing /home/miminari/repos/airflow_project/airflow/dags/hourly_dag.py took 0.057 seconds
[2023-08-31T23:55:38.104+0300] {processor.py:157} INFO - Started process (PID=11861) to work on /home/miminari/repos/airflow_project/airflow/dags/hourly_dag.py
[2023-08-31T23:55:38.105+0300] {processor.py:829} INFO - Processing file /home/miminari/repos/airflow_project/airflow/dags/hourly_dag.py for tasks to queue
[2023-08-31T23:55:38.106+0300] {logging_mixin.py:151} INFO - [2023-08-31T23:55:38.106+0300] {dagbag.py:539} INFO - Filling up the DagBag from /home/miminari/repos/airflow_project/airflow/dags/hourly_dag.py
[2023-08-31T23:55:38.108+0300] {processor.py:841} WARNING - No viable dags retrieved from /home/miminari/repos/airflow_project/airflow/dags/hourly_dag.py
[2023-08-31T23:55:38.137+0300] {processor.py:179} INFO - Processing /home/miminari/repos/airflow_project/airflow/dags/hourly_dag.py took 0.042 seconds
[2023-08-31T23:56:08.262+0300] {processor.py:157} INFO - Started process (PID=11873) to work on /home/miminari/repos/airflow_project/airflow/dags/hourly_dag.py
[2023-08-31T23:56:08.263+0300] {processor.py:829} INFO - Processing file /home/miminari/repos/airflow_project/airflow/dags/hourly_dag.py for tasks to queue
[2023-08-31T23:56:08.265+0300] {logging_mixin.py:151} INFO - [2023-08-31T23:56:08.263+0300] {dagbag.py:539} INFO - Filling up the DagBag from /home/miminari/repos/airflow_project/airflow/dags/hourly_dag.py
[2023-08-31T23:56:08.267+0300] {processor.py:841} WARNING - No viable dags retrieved from /home/miminari/repos/airflow_project/airflow/dags/hourly_dag.py
[2023-08-31T23:56:08.313+0300] {processor.py:179} INFO - Processing /home/miminari/repos/airflow_project/airflow/dags/hourly_dag.py took 0.059 seconds
[2023-08-31T23:56:38.397+0300] {processor.py:157} INFO - Started process (PID=12069) to work on /home/miminari/repos/airflow_project/airflow/dags/hourly_dag.py
[2023-08-31T23:56:38.398+0300] {processor.py:829} INFO - Processing file /home/miminari/repos/airflow_project/airflow/dags/hourly_dag.py for tasks to queue
[2023-08-31T23:56:38.398+0300] {logging_mixin.py:151} INFO - [2023-08-31T23:56:38.398+0300] {dagbag.py:539} INFO - Filling up the DagBag from /home/miminari/repos/airflow_project/airflow/dags/hourly_dag.py
[2023-08-31T23:56:38.400+0300] {processor.py:841} WARNING - No viable dags retrieved from /home/miminari/repos/airflow_project/airflow/dags/hourly_dag.py
[2023-08-31T23:56:38.416+0300] {processor.py:179} INFO - Processing /home/miminari/repos/airflow_project/airflow/dags/hourly_dag.py took 0.021 seconds
[2023-08-31T23:56:39.404+0300] {processor.py:157} INFO - Started process (PID=12076) to work on /home/miminari/repos/airflow_project/airflow/dags/hourly_dag.py
[2023-08-31T23:56:39.405+0300] {processor.py:829} INFO - Processing file /home/miminari/repos/airflow_project/airflow/dags/hourly_dag.py for tasks to queue
[2023-08-31T23:56:39.405+0300] {logging_mixin.py:151} INFO - [2023-08-31T23:56:39.405+0300] {dagbag.py:539} INFO - Filling up the DagBag from /home/miminari/repos/airflow_project/airflow/dags/hourly_dag.py
[2023-08-31T23:56:39.410+0300] {logging_mixin.py:151} INFO - [2023-08-31T23:56:39.409+0300] {dagbag.py:347} ERROR - Failed to import: /home/miminari/repos/airflow_project/airflow/dags/hourly_dag.py
Traceback (most recent call last):
  File "/home/miminari/repos/airflow_project/env/lib/python3.10/site-packages/airflow/models/dagbag.py", line 343, in parse
    loader.exec_module(new_module)
  File "<frozen importlib._bootstrap_external>", line 883, in exec_module
  File "<frozen importlib._bootstrap>", line 241, in _call_with_frames_removed
  File "/home/miminari/repos/airflow_project/airflow/dags/hourly_dag.py", line 4, in <module>
    from fetch.petrol import Petrol
ModuleNotFoundError: No module named 'fetch'
[2023-08-31T23:56:39.411+0300] {processor.py:841} WARNING - No viable dags retrieved from /home/miminari/repos/airflow_project/airflow/dags/hourly_dag.py
[2023-08-31T23:56:39.438+0300] {processor.py:179} INFO - Processing /home/miminari/repos/airflow_project/airflow/dags/hourly_dag.py took 0.035 seconds
[2023-08-31T23:57:09.548+0300] {processor.py:157} INFO - Started process (PID=12167) to work on /home/miminari/repos/airflow_project/airflow/dags/hourly_dag.py
[2023-08-31T23:57:09.549+0300] {processor.py:829} INFO - Processing file /home/miminari/repos/airflow_project/airflow/dags/hourly_dag.py for tasks to queue
[2023-08-31T23:57:09.549+0300] {logging_mixin.py:151} INFO - [2023-08-31T23:57:09.549+0300] {dagbag.py:539} INFO - Filling up the DagBag from /home/miminari/repos/airflow_project/airflow/dags/hourly_dag.py
[2023-08-31T23:57:09.554+0300] {logging_mixin.py:151} INFO - [2023-08-31T23:57:09.551+0300] {dagbag.py:347} ERROR - Failed to import: /home/miminari/repos/airflow_project/airflow/dags/hourly_dag.py
Traceback (most recent call last):
  File "/home/miminari/repos/airflow_project/env/lib/python3.10/site-packages/airflow/models/dagbag.py", line 343, in parse
    loader.exec_module(new_module)
  File "<frozen importlib._bootstrap_external>", line 883, in exec_module
  File "<frozen importlib._bootstrap>", line 241, in _call_with_frames_removed
  File "/home/miminari/repos/airflow_project/airflow/dags/hourly_dag.py", line 4, in <module>
    from fetch.petrol import Petrol
ModuleNotFoundError: No module named 'fetch'
[2023-08-31T23:57:09.554+0300] {processor.py:841} WARNING - No viable dags retrieved from /home/miminari/repos/airflow_project/airflow/dags/hourly_dag.py
[2023-08-31T23:57:09.579+0300] {processor.py:179} INFO - Processing /home/miminari/repos/airflow_project/airflow/dags/hourly_dag.py took 0.033 seconds
[2023-08-31T23:57:39.673+0300] {processor.py:157} INFO - Started process (PID=12229) to work on /home/miminari/repos/airflow_project/airflow/dags/hourly_dag.py
[2023-08-31T23:57:39.673+0300] {processor.py:829} INFO - Processing file /home/miminari/repos/airflow_project/airflow/dags/hourly_dag.py for tasks to queue
[2023-08-31T23:57:39.674+0300] {logging_mixin.py:151} INFO - [2023-08-31T23:57:39.674+0300] {dagbag.py:539} INFO - Filling up the DagBag from /home/miminari/repos/airflow_project/airflow/dags/hourly_dag.py
[2023-08-31T23:57:39.676+0300] {logging_mixin.py:151} INFO - [2023-08-31T23:57:39.676+0300] {dagbag.py:347} ERROR - Failed to import: /home/miminari/repos/airflow_project/airflow/dags/hourly_dag.py
Traceback (most recent call last):
  File "/home/miminari/repos/airflow_project/env/lib/python3.10/site-packages/airflow/models/dagbag.py", line 343, in parse
    loader.exec_module(new_module)
  File "<frozen importlib._bootstrap_external>", line 883, in exec_module
  File "<frozen importlib._bootstrap>", line 241, in _call_with_frames_removed
  File "/home/miminari/repos/airflow_project/airflow/dags/hourly_dag.py", line 4, in <module>
    from fetch.petrol import Petrol
ModuleNotFoundError: No module named 'fetch'
[2023-08-31T23:57:39.676+0300] {processor.py:841} WARNING - No viable dags retrieved from /home/miminari/repos/airflow_project/airflow/dags/hourly_dag.py
[2023-08-31T23:57:39.702+0300] {processor.py:179} INFO - Processing /home/miminari/repos/airflow_project/airflow/dags/hourly_dag.py took 0.031 seconds
[2023-08-31T23:58:09.814+0300] {processor.py:157} INFO - Started process (PID=12289) to work on /home/miminari/repos/airflow_project/airflow/dags/hourly_dag.py
[2023-08-31T23:58:09.815+0300] {processor.py:829} INFO - Processing file /home/miminari/repos/airflow_project/airflow/dags/hourly_dag.py for tasks to queue
[2023-08-31T23:58:09.816+0300] {logging_mixin.py:151} INFO - [2023-08-31T23:58:09.815+0300] {dagbag.py:539} INFO - Filling up the DagBag from /home/miminari/repos/airflow_project/airflow/dags/hourly_dag.py
[2023-08-31T23:58:09.817+0300] {logging_mixin.py:151} INFO - [2023-08-31T23:58:09.817+0300] {dagbag.py:347} ERROR - Failed to import: /home/miminari/repos/airflow_project/airflow/dags/hourly_dag.py
Traceback (most recent call last):
  File "/home/miminari/repos/airflow_project/env/lib/python3.10/site-packages/airflow/models/dagbag.py", line 343, in parse
    loader.exec_module(new_module)
  File "<frozen importlib._bootstrap_external>", line 883, in exec_module
  File "<frozen importlib._bootstrap>", line 241, in _call_with_frames_removed
  File "/home/miminari/repos/airflow_project/airflow/dags/hourly_dag.py", line 4, in <module>
    from fetch.petrol import Petrol
ModuleNotFoundError: No module named 'fetch'
[2023-08-31T23:58:09.818+0300] {processor.py:841} WARNING - No viable dags retrieved from /home/miminari/repos/airflow_project/airflow/dags/hourly_dag.py
[2023-08-31T23:58:09.838+0300] {processor.py:179} INFO - Processing /home/miminari/repos/airflow_project/airflow/dags/hourly_dag.py took 0.025 seconds
[2023-08-31T23:58:39.941+0300] {processor.py:157} INFO - Started process (PID=12355) to work on /home/miminari/repos/airflow_project/airflow/dags/hourly_dag.py
[2023-08-31T23:58:39.941+0300] {processor.py:829} INFO - Processing file /home/miminari/repos/airflow_project/airflow/dags/hourly_dag.py for tasks to queue
[2023-08-31T23:58:39.942+0300] {logging_mixin.py:151} INFO - [2023-08-31T23:58:39.942+0300] {dagbag.py:539} INFO - Filling up the DagBag from /home/miminari/repos/airflow_project/airflow/dags/hourly_dag.py
[2023-08-31T23:58:39.944+0300] {logging_mixin.py:151} INFO - [2023-08-31T23:58:39.943+0300] {dagbag.py:347} ERROR - Failed to import: /home/miminari/repos/airflow_project/airflow/dags/hourly_dag.py
Traceback (most recent call last):
  File "/home/miminari/repos/airflow_project/env/lib/python3.10/site-packages/airflow/models/dagbag.py", line 343, in parse
    loader.exec_module(new_module)
  File "<frozen importlib._bootstrap_external>", line 883, in exec_module
  File "<frozen importlib._bootstrap>", line 241, in _call_with_frames_removed
  File "/home/miminari/repos/airflow_project/airflow/dags/hourly_dag.py", line 4, in <module>
    from fetch.petrol import Petrol
ModuleNotFoundError: No module named 'fetch'
[2023-08-31T23:58:39.944+0300] {processor.py:841} WARNING - No viable dags retrieved from /home/miminari/repos/airflow_project/airflow/dags/hourly_dag.py
[2023-08-31T23:58:39.964+0300] {processor.py:179} INFO - Processing /home/miminari/repos/airflow_project/airflow/dags/hourly_dag.py took 0.025 seconds
[2023-08-31T23:59:10.070+0300] {processor.py:157} INFO - Started process (PID=12427) to work on /home/miminari/repos/airflow_project/airflow/dags/hourly_dag.py
[2023-08-31T23:59:10.071+0300] {processor.py:829} INFO - Processing file /home/miminari/repos/airflow_project/airflow/dags/hourly_dag.py for tasks to queue
[2023-08-31T23:59:10.071+0300] {logging_mixin.py:151} INFO - [2023-08-31T23:59:10.071+0300] {dagbag.py:539} INFO - Filling up the DagBag from /home/miminari/repos/airflow_project/airflow/dags/hourly_dag.py
[2023-08-31T23:59:10.074+0300] {logging_mixin.py:151} INFO - [2023-08-31T23:59:10.073+0300] {dagbag.py:347} ERROR - Failed to import: /home/miminari/repos/airflow_project/airflow/dags/hourly_dag.py
Traceback (most recent call last):
  File "/home/miminari/repos/airflow_project/env/lib/python3.10/site-packages/airflow/models/dagbag.py", line 343, in parse
    loader.exec_module(new_module)
  File "<frozen importlib._bootstrap_external>", line 883, in exec_module
  File "<frozen importlib._bootstrap>", line 241, in _call_with_frames_removed
  File "/home/miminari/repos/airflow_project/airflow/dags/hourly_dag.py", line 4, in <module>
    from fetch.petrol import Petrol
ModuleNotFoundError: No module named 'fetch'
[2023-08-31T23:59:10.074+0300] {processor.py:841} WARNING - No viable dags retrieved from /home/miminari/repos/airflow_project/airflow/dags/hourly_dag.py
[2023-08-31T23:59:10.093+0300] {processor.py:179} INFO - Processing /home/miminari/repos/airflow_project/airflow/dags/hourly_dag.py took 0.025 seconds
[2023-08-31T23:59:40.221+0300] {processor.py:157} INFO - Started process (PID=12494) to work on /home/miminari/repos/airflow_project/airflow/dags/hourly_dag.py
[2023-08-31T23:59:40.221+0300] {processor.py:829} INFO - Processing file /home/miminari/repos/airflow_project/airflow/dags/hourly_dag.py for tasks to queue
[2023-08-31T23:59:40.222+0300] {logging_mixin.py:151} INFO - [2023-08-31T23:59:40.222+0300] {dagbag.py:539} INFO - Filling up the DagBag from /home/miminari/repos/airflow_project/airflow/dags/hourly_dag.py
[2023-08-31T23:59:40.224+0300] {logging_mixin.py:151} INFO - [2023-08-31T23:59:40.224+0300] {dagbag.py:347} ERROR - Failed to import: /home/miminari/repos/airflow_project/airflow/dags/hourly_dag.py
Traceback (most recent call last):
  File "/home/miminari/repos/airflow_project/env/lib/python3.10/site-packages/airflow/models/dagbag.py", line 343, in parse
    loader.exec_module(new_module)
  File "<frozen importlib._bootstrap_external>", line 883, in exec_module
  File "<frozen importlib._bootstrap>", line 241, in _call_with_frames_removed
  File "/home/miminari/repos/airflow_project/airflow/dags/hourly_dag.py", line 4, in <module>
    from fetch.petrol import Petrol
ModuleNotFoundError: No module named 'fetch'
[2023-08-31T23:59:40.225+0300] {processor.py:841} WARNING - No viable dags retrieved from /home/miminari/repos/airflow_project/airflow/dags/hourly_dag.py
[2023-08-31T23:59:40.244+0300] {processor.py:179} INFO - Processing /home/miminari/repos/airflow_project/airflow/dags/hourly_dag.py took 0.026 seconds
[2023-09-01T00:00:10.355+0300] {processor.py:157} INFO - Started process (PID=12690) to work on /home/miminari/repos/airflow_project/airflow/dags/hourly_dag.py
[2023-09-01T00:00:10.356+0300] {processor.py:829} INFO - Processing file /home/miminari/repos/airflow_project/airflow/dags/hourly_dag.py for tasks to queue
[2023-09-01T00:00:10.356+0300] {logging_mixin.py:151} INFO - [2023-09-01T00:00:10.356+0300] {dagbag.py:539} INFO - Filling up the DagBag from /home/miminari/repos/airflow_project/airflow/dags/hourly_dag.py
[2023-09-01T00:00:10.358+0300] {logging_mixin.py:151} INFO - [2023-09-01T00:00:10.358+0300] {dagbag.py:347} ERROR - Failed to import: /home/miminari/repos/airflow_project/airflow/dags/hourly_dag.py
Traceback (most recent call last):
  File "/home/miminari/repos/airflow_project/env/lib/python3.10/site-packages/airflow/models/dagbag.py", line 343, in parse
    loader.exec_module(new_module)
  File "<frozen importlib._bootstrap_external>", line 883, in exec_module
  File "<frozen importlib._bootstrap>", line 241, in _call_with_frames_removed
  File "/home/miminari/repos/airflow_project/airflow/dags/hourly_dag.py", line 4, in <module>
    from fetch.petrol import Petrol
ModuleNotFoundError: No module named 'fetch'
[2023-09-01T00:00:10.359+0300] {processor.py:841} WARNING - No viable dags retrieved from /home/miminari/repos/airflow_project/airflow/dags/hourly_dag.py
[2023-09-01T00:00:10.379+0300] {processor.py:179} INFO - Processing /home/miminari/repos/airflow_project/airflow/dags/hourly_dag.py took 0.027 seconds
[2023-09-01T00:00:40.481+0300] {processor.py:157} INFO - Started process (PID=12760) to work on /home/miminari/repos/airflow_project/airflow/dags/hourly_dag.py
[2023-09-01T00:00:40.481+0300] {processor.py:829} INFO - Processing file /home/miminari/repos/airflow_project/airflow/dags/hourly_dag.py for tasks to queue
[2023-09-01T00:00:40.482+0300] {logging_mixin.py:151} INFO - [2023-09-01T00:00:40.482+0300] {dagbag.py:539} INFO - Filling up the DagBag from /home/miminari/repos/airflow_project/airflow/dags/hourly_dag.py
[2023-09-01T00:00:40.484+0300] {logging_mixin.py:151} INFO - [2023-09-01T00:00:40.483+0300] {dagbag.py:347} ERROR - Failed to import: /home/miminari/repos/airflow_project/airflow/dags/hourly_dag.py
Traceback (most recent call last):
  File "/home/miminari/repos/airflow_project/env/lib/python3.10/site-packages/airflow/models/dagbag.py", line 343, in parse
    loader.exec_module(new_module)
  File "<frozen importlib._bootstrap_external>", line 883, in exec_module
  File "<frozen importlib._bootstrap>", line 241, in _call_with_frames_removed
  File "/home/miminari/repos/airflow_project/airflow/dags/hourly_dag.py", line 4, in <module>
    from fetch.petrol import Petrol
ModuleNotFoundError: No module named 'fetch'
[2023-09-01T00:00:40.484+0300] {processor.py:841} WARNING - No viable dags retrieved from /home/miminari/repos/airflow_project/airflow/dags/hourly_dag.py
[2023-09-01T00:00:40.503+0300] {processor.py:179} INFO - Processing /home/miminari/repos/airflow_project/airflow/dags/hourly_dag.py took 0.025 seconds
[2023-09-01T00:01:10.611+0300] {processor.py:157} INFO - Started process (PID=12829) to work on /home/miminari/repos/airflow_project/airflow/dags/hourly_dag.py
[2023-09-01T00:01:10.612+0300] {processor.py:829} INFO - Processing file /home/miminari/repos/airflow_project/airflow/dags/hourly_dag.py for tasks to queue
[2023-09-01T00:01:10.612+0300] {logging_mixin.py:151} INFO - [2023-09-01T00:01:10.612+0300] {dagbag.py:539} INFO - Filling up the DagBag from /home/miminari/repos/airflow_project/airflow/dags/hourly_dag.py
[2023-09-01T00:01:10.615+0300] {logging_mixin.py:151} INFO - [2023-09-01T00:01:10.614+0300] {dagbag.py:347} ERROR - Failed to import: /home/miminari/repos/airflow_project/airflow/dags/hourly_dag.py
Traceback (most recent call last):
  File "/home/miminari/repos/airflow_project/env/lib/python3.10/site-packages/airflow/models/dagbag.py", line 343, in parse
    loader.exec_module(new_module)
  File "<frozen importlib._bootstrap_external>", line 883, in exec_module
  File "<frozen importlib._bootstrap>", line 241, in _call_with_frames_removed
  File "/home/miminari/repos/airflow_project/airflow/dags/hourly_dag.py", line 4, in <module>
    from fetch.petrol import Petrol
ModuleNotFoundError: No module named 'fetch'
[2023-09-01T00:01:10.615+0300] {processor.py:841} WARNING - No viable dags retrieved from /home/miminari/repos/airflow_project/airflow/dags/hourly_dag.py
[2023-09-01T00:01:10.633+0300] {processor.py:179} INFO - Processing /home/miminari/repos/airflow_project/airflow/dags/hourly_dag.py took 0.024 seconds
[2023-09-01T00:01:40.750+0300] {processor.py:157} INFO - Started process (PID=13061) to work on /home/miminari/repos/airflow_project/airflow/dags/hourly_dag.py
[2023-09-01T00:01:40.750+0300] {processor.py:829} INFO - Processing file /home/miminari/repos/airflow_project/airflow/dags/hourly_dag.py for tasks to queue
[2023-09-01T00:01:40.751+0300] {logging_mixin.py:151} INFO - [2023-09-01T00:01:40.750+0300] {dagbag.py:539} INFO - Filling up the DagBag from /home/miminari/repos/airflow_project/airflow/dags/hourly_dag.py
[2023-09-01T00:01:40.752+0300] {logging_mixin.py:151} INFO - [2023-09-01T00:01:40.752+0300] {dagbag.py:347} ERROR - Failed to import: /home/miminari/repos/airflow_project/airflow/dags/hourly_dag.py
Traceback (most recent call last):
  File "/home/miminari/repos/airflow_project/env/lib/python3.10/site-packages/airflow/models/dagbag.py", line 343, in parse
    loader.exec_module(new_module)
  File "<frozen importlib._bootstrap_external>", line 883, in exec_module
  File "<frozen importlib._bootstrap>", line 241, in _call_with_frames_removed
  File "/home/miminari/repos/airflow_project/airflow/dags/hourly_dag.py", line 4, in <module>
    from fetch.petrol import Petrol
ModuleNotFoundError: No module named 'fetch'
[2023-09-01T00:01:40.753+0300] {processor.py:841} WARNING - No viable dags retrieved from /home/miminari/repos/airflow_project/airflow/dags/hourly_dag.py
[2023-09-01T00:01:40.771+0300] {processor.py:179} INFO - Processing /home/miminari/repos/airflow_project/airflow/dags/hourly_dag.py took 0.023 seconds
[2023-09-01T00:02:10.880+0300] {processor.py:157} INFO - Started process (PID=13128) to work on /home/miminari/repos/airflow_project/airflow/dags/hourly_dag.py
[2023-09-01T00:02:10.880+0300] {processor.py:829} INFO - Processing file /home/miminari/repos/airflow_project/airflow/dags/hourly_dag.py for tasks to queue
[2023-09-01T00:02:10.881+0300] {logging_mixin.py:151} INFO - [2023-09-01T00:02:10.881+0300] {dagbag.py:539} INFO - Filling up the DagBag from /home/miminari/repos/airflow_project/airflow/dags/hourly_dag.py
[2023-09-01T00:02:10.883+0300] {logging_mixin.py:151} INFO - [2023-09-01T00:02:10.882+0300] {dagbag.py:347} ERROR - Failed to import: /home/miminari/repos/airflow_project/airflow/dags/hourly_dag.py
Traceback (most recent call last):
  File "/home/miminari/repos/airflow_project/env/lib/python3.10/site-packages/airflow/models/dagbag.py", line 343, in parse
    loader.exec_module(new_module)
  File "<frozen importlib._bootstrap_external>", line 883, in exec_module
  File "<frozen importlib._bootstrap>", line 241, in _call_with_frames_removed
  File "/home/miminari/repos/airflow_project/airflow/dags/hourly_dag.py", line 4, in <module>
    from fetch.petrol import Petrol
ModuleNotFoundError: No module named 'fetch'
[2023-09-01T00:02:10.883+0300] {processor.py:841} WARNING - No viable dags retrieved from /home/miminari/repos/airflow_project/airflow/dags/hourly_dag.py
[2023-09-01T00:02:10.907+0300] {processor.py:179} INFO - Processing /home/miminari/repos/airflow_project/airflow/dags/hourly_dag.py took 0.031 seconds
[2023-09-01T00:02:40.999+0300] {processor.py:157} INFO - Started process (PID=13190) to work on /home/miminari/repos/airflow_project/airflow/dags/hourly_dag.py
[2023-09-01T00:02:41.000+0300] {processor.py:829} INFO - Processing file /home/miminari/repos/airflow_project/airflow/dags/hourly_dag.py for tasks to queue
[2023-09-01T00:02:41.000+0300] {logging_mixin.py:151} INFO - [2023-09-01T00:02:41.000+0300] {dagbag.py:539} INFO - Filling up the DagBag from /home/miminari/repos/airflow_project/airflow/dags/hourly_dag.py
[2023-09-01T00:02:41.002+0300] {logging_mixin.py:151} INFO - [2023-09-01T00:02:41.002+0300] {dagbag.py:347} ERROR - Failed to import: /home/miminari/repos/airflow_project/airflow/dags/hourly_dag.py
Traceback (most recent call last):
  File "/home/miminari/repos/airflow_project/env/lib/python3.10/site-packages/airflow/models/dagbag.py", line 343, in parse
    loader.exec_module(new_module)
  File "<frozen importlib._bootstrap_external>", line 883, in exec_module
  File "<frozen importlib._bootstrap>", line 241, in _call_with_frames_removed
  File "/home/miminari/repos/airflow_project/airflow/dags/hourly_dag.py", line 4, in <module>
    from fetch.petrol import Petrol
ModuleNotFoundError: No module named 'fetch'
[2023-09-01T00:02:41.002+0300] {processor.py:841} WARNING - No viable dags retrieved from /home/miminari/repos/airflow_project/airflow/dags/hourly_dag.py
[2023-09-01T00:02:41.021+0300] {processor.py:179} INFO - Processing /home/miminari/repos/airflow_project/airflow/dags/hourly_dag.py took 0.024 seconds
[2023-09-01T00:03:11.163+0300] {processor.py:157} INFO - Started process (PID=13251) to work on /home/miminari/repos/airflow_project/airflow/dags/hourly_dag.py
[2023-09-01T00:03:11.163+0300] {processor.py:829} INFO - Processing file /home/miminari/repos/airflow_project/airflow/dags/hourly_dag.py for tasks to queue
[2023-09-01T00:03:11.164+0300] {logging_mixin.py:151} INFO - [2023-09-01T00:03:11.164+0300] {dagbag.py:539} INFO - Filling up the DagBag from /home/miminari/repos/airflow_project/airflow/dags/hourly_dag.py
[2023-09-01T00:03:11.166+0300] {logging_mixin.py:151} INFO - [2023-09-01T00:03:11.165+0300] {dagbag.py:347} ERROR - Failed to import: /home/miminari/repos/airflow_project/airflow/dags/hourly_dag.py
Traceback (most recent call last):
  File "/home/miminari/repos/airflow_project/env/lib/python3.10/site-packages/airflow/models/dagbag.py", line 343, in parse
    loader.exec_module(new_module)
  File "<frozen importlib._bootstrap_external>", line 883, in exec_module
  File "<frozen importlib._bootstrap>", line 241, in _call_with_frames_removed
  File "/home/miminari/repos/airflow_project/airflow/dags/hourly_dag.py", line 4, in <module>
    from fetch.petrol import Petrol
ModuleNotFoundError: No module named 'fetch'
[2023-09-01T00:03:11.166+0300] {processor.py:841} WARNING - No viable dags retrieved from /home/miminari/repos/airflow_project/airflow/dags/hourly_dag.py
[2023-09-01T00:03:11.184+0300] {processor.py:179} INFO - Processing /home/miminari/repos/airflow_project/airflow/dags/hourly_dag.py took 0.023 seconds
[2023-09-01T00:03:41.285+0300] {processor.py:157} INFO - Started process (PID=13336) to work on /home/miminari/repos/airflow_project/airflow/dags/hourly_dag.py
[2023-09-01T00:03:41.285+0300] {processor.py:829} INFO - Processing file /home/miminari/repos/airflow_project/airflow/dags/hourly_dag.py for tasks to queue
[2023-09-01T00:03:41.286+0300] {logging_mixin.py:151} INFO - [2023-09-01T00:03:41.286+0300] {dagbag.py:539} INFO - Filling up the DagBag from /home/miminari/repos/airflow_project/airflow/dags/hourly_dag.py
[2023-09-01T00:03:41.288+0300] {logging_mixin.py:151} INFO - [2023-09-01T00:03:41.287+0300] {dagbag.py:347} ERROR - Failed to import: /home/miminari/repos/airflow_project/airflow/dags/hourly_dag.py
Traceback (most recent call last):
  File "/home/miminari/repos/airflow_project/env/lib/python3.10/site-packages/airflow/models/dagbag.py", line 343, in parse
    loader.exec_module(new_module)
  File "<frozen importlib._bootstrap_external>", line 883, in exec_module
  File "<frozen importlib._bootstrap>", line 241, in _call_with_frames_removed
  File "/home/miminari/repos/airflow_project/airflow/dags/hourly_dag.py", line 4, in <module>
    from fetch.petrol import Petrol
ModuleNotFoundError: No module named 'fetch'
[2023-09-01T00:03:41.288+0300] {processor.py:841} WARNING - No viable dags retrieved from /home/miminari/repos/airflow_project/airflow/dags/hourly_dag.py
[2023-09-01T00:03:41.307+0300] {processor.py:179} INFO - Processing /home/miminari/repos/airflow_project/airflow/dags/hourly_dag.py took 0.024 seconds
[2023-09-01T00:04:11.422+0300] {processor.py:157} INFO - Started process (PID=13440) to work on /home/miminari/repos/airflow_project/airflow/dags/hourly_dag.py
[2023-09-01T00:04:11.423+0300] {processor.py:829} INFO - Processing file /home/miminari/repos/airflow_project/airflow/dags/hourly_dag.py for tasks to queue
[2023-09-01T00:04:11.423+0300] {logging_mixin.py:151} INFO - [2023-09-01T00:04:11.423+0300] {dagbag.py:539} INFO - Filling up the DagBag from /home/miminari/repos/airflow_project/airflow/dags/hourly_dag.py
[2023-09-01T00:04:11.426+0300] {logging_mixin.py:151} INFO - [2023-09-01T00:04:11.425+0300] {dagbag.py:347} ERROR - Failed to import: /home/miminari/repos/airflow_project/airflow/dags/hourly_dag.py
Traceback (most recent call last):
  File "/home/miminari/repos/airflow_project/env/lib/python3.10/site-packages/airflow/models/dagbag.py", line 343, in parse
    loader.exec_module(new_module)
  File "<frozen importlib._bootstrap_external>", line 883, in exec_module
  File "<frozen importlib._bootstrap>", line 241, in _call_with_frames_removed
  File "/home/miminari/repos/airflow_project/airflow/dags/hourly_dag.py", line 4, in <module>
    from fetch.petrol import Petrol
ModuleNotFoundError: No module named 'fetch'
[2023-09-01T00:04:11.426+0300] {processor.py:841} WARNING - No viable dags retrieved from /home/miminari/repos/airflow_project/airflow/dags/hourly_dag.py
[2023-09-01T00:04:11.444+0300] {processor.py:179} INFO - Processing /home/miminari/repos/airflow_project/airflow/dags/hourly_dag.py took 0.024 seconds
[2023-09-01T00:04:41.554+0300] {processor.py:157} INFO - Started process (PID=13614) to work on /home/miminari/repos/airflow_project/airflow/dags/hourly_dag.py
[2023-09-01T00:04:41.554+0300] {processor.py:829} INFO - Processing file /home/miminari/repos/airflow_project/airflow/dags/hourly_dag.py for tasks to queue
[2023-09-01T00:04:41.555+0300] {logging_mixin.py:151} INFO - [2023-09-01T00:04:41.555+0300] {dagbag.py:539} INFO - Filling up the DagBag from /home/miminari/repos/airflow_project/airflow/dags/hourly_dag.py
[2023-09-01T00:04:41.557+0300] {logging_mixin.py:151} INFO - [2023-09-01T00:04:41.557+0300] {dagbag.py:347} ERROR - Failed to import: /home/miminari/repos/airflow_project/airflow/dags/hourly_dag.py
Traceback (most recent call last):
  File "/home/miminari/repos/airflow_project/env/lib/python3.10/site-packages/airflow/models/dagbag.py", line 343, in parse
    loader.exec_module(new_module)
  File "<frozen importlib._bootstrap_external>", line 883, in exec_module
  File "<frozen importlib._bootstrap>", line 241, in _call_with_frames_removed
  File "/home/miminari/repos/airflow_project/airflow/dags/hourly_dag.py", line 4, in <module>
    from fetch.petrol import Petrol
ModuleNotFoundError: No module named 'fetch'
[2023-09-01T00:04:41.557+0300] {processor.py:841} WARNING - No viable dags retrieved from /home/miminari/repos/airflow_project/airflow/dags/hourly_dag.py
[2023-09-01T00:04:41.584+0300] {processor.py:179} INFO - Processing /home/miminari/repos/airflow_project/airflow/dags/hourly_dag.py took 0.033 seconds
[2023-09-01T00:05:11.701+0300] {processor.py:157} INFO - Started process (PID=13677) to work on /home/miminari/repos/airflow_project/airflow/dags/hourly_dag.py
[2023-09-01T00:05:11.702+0300] {processor.py:829} INFO - Processing file /home/miminari/repos/airflow_project/airflow/dags/hourly_dag.py for tasks to queue
[2023-09-01T00:05:11.703+0300] {logging_mixin.py:151} INFO - [2023-09-01T00:05:11.703+0300] {dagbag.py:539} INFO - Filling up the DagBag from /home/miminari/repos/airflow_project/airflow/dags/hourly_dag.py
[2023-09-01T00:05:11.706+0300] {logging_mixin.py:151} INFO - [2023-09-01T00:05:11.705+0300] {dagbag.py:347} ERROR - Failed to import: /home/miminari/repos/airflow_project/airflow/dags/hourly_dag.py
Traceback (most recent call last):
  File "/home/miminari/repos/airflow_project/env/lib/python3.10/site-packages/airflow/models/dagbag.py", line 343, in parse
    loader.exec_module(new_module)
  File "<frozen importlib._bootstrap_external>", line 883, in exec_module
  File "<frozen importlib._bootstrap>", line 241, in _call_with_frames_removed
  File "/home/miminari/repos/airflow_project/airflow/dags/hourly_dag.py", line 4, in <module>
    from fetch.petrol import Petrol
ModuleNotFoundError: No module named 'fetch'
[2023-09-01T00:05:11.706+0300] {processor.py:841} WARNING - No viable dags retrieved from /home/miminari/repos/airflow_project/airflow/dags/hourly_dag.py
[2023-09-01T00:05:11.731+0300] {processor.py:179} INFO - Processing /home/miminari/repos/airflow_project/airflow/dags/hourly_dag.py took 0.034 seconds
[2023-09-01T00:05:41.857+0300] {processor.py:157} INFO - Started process (PID=13738) to work on /home/miminari/repos/airflow_project/airflow/dags/hourly_dag.py
[2023-09-01T00:05:41.857+0300] {processor.py:829} INFO - Processing file /home/miminari/repos/airflow_project/airflow/dags/hourly_dag.py for tasks to queue
[2023-09-01T00:05:41.858+0300] {logging_mixin.py:151} INFO - [2023-09-01T00:05:41.858+0300] {dagbag.py:539} INFO - Filling up the DagBag from /home/miminari/repos/airflow_project/airflow/dags/hourly_dag.py
[2023-09-01T00:05:41.860+0300] {logging_mixin.py:151} INFO - [2023-09-01T00:05:41.859+0300] {dagbag.py:347} ERROR - Failed to import: /home/miminari/repos/airflow_project/airflow/dags/hourly_dag.py
Traceback (most recent call last):
  File "/home/miminari/repos/airflow_project/env/lib/python3.10/site-packages/airflow/models/dagbag.py", line 343, in parse
    loader.exec_module(new_module)
  File "<frozen importlib._bootstrap_external>", line 883, in exec_module
  File "<frozen importlib._bootstrap>", line 241, in _call_with_frames_removed
  File "/home/miminari/repos/airflow_project/airflow/dags/hourly_dag.py", line 4, in <module>
    from fetch.petrol import Petrol
ModuleNotFoundError: No module named 'fetch'
[2023-09-01T00:05:41.860+0300] {processor.py:841} WARNING - No viable dags retrieved from /home/miminari/repos/airflow_project/airflow/dags/hourly_dag.py
[2023-09-01T00:05:41.877+0300] {processor.py:179} INFO - Processing /home/miminari/repos/airflow_project/airflow/dags/hourly_dag.py took 0.023 seconds
[2023-09-01T00:06:11.988+0300] {processor.py:157} INFO - Started process (PID=13797) to work on /home/miminari/repos/airflow_project/airflow/dags/hourly_dag.py
[2023-09-01T00:06:11.989+0300] {processor.py:829} INFO - Processing file /home/miminari/repos/airflow_project/airflow/dags/hourly_dag.py for tasks to queue
[2023-09-01T00:06:11.989+0300] {logging_mixin.py:151} INFO - [2023-09-01T00:06:11.989+0300] {dagbag.py:539} INFO - Filling up the DagBag from /home/miminari/repos/airflow_project/airflow/dags/hourly_dag.py
[2023-09-01T00:06:11.991+0300] {logging_mixin.py:151} INFO - [2023-09-01T00:06:11.991+0300] {dagbag.py:347} ERROR - Failed to import: /home/miminari/repos/airflow_project/airflow/dags/hourly_dag.py
Traceback (most recent call last):
  File "/home/miminari/repos/airflow_project/env/lib/python3.10/site-packages/airflow/models/dagbag.py", line 343, in parse
    loader.exec_module(new_module)
  File "<frozen importlib._bootstrap_external>", line 883, in exec_module
  File "<frozen importlib._bootstrap>", line 241, in _call_with_frames_removed
  File "/home/miminari/repos/airflow_project/airflow/dags/hourly_dag.py", line 4, in <module>
    from fetch.petrol import Petrol
ModuleNotFoundError: No module named 'fetch'
[2023-09-01T00:06:11.992+0300] {processor.py:841} WARNING - No viable dags retrieved from /home/miminari/repos/airflow_project/airflow/dags/hourly_dag.py
[2023-09-01T00:06:12.009+0300] {processor.py:179} INFO - Processing /home/miminari/repos/airflow_project/airflow/dags/hourly_dag.py took 0.024 seconds
[2023-09-01T00:06:42.129+0300] {processor.py:157} INFO - Started process (PID=14012) to work on /home/miminari/repos/airflow_project/airflow/dags/hourly_dag.py
[2023-09-01T00:06:42.129+0300] {processor.py:829} INFO - Processing file /home/miminari/repos/airflow_project/airflow/dags/hourly_dag.py for tasks to queue
[2023-09-01T00:06:42.130+0300] {logging_mixin.py:151} INFO - [2023-09-01T00:06:42.130+0300] {dagbag.py:539} INFO - Filling up the DagBag from /home/miminari/repos/airflow_project/airflow/dags/hourly_dag.py
[2023-09-01T00:06:42.132+0300] {logging_mixin.py:151} INFO - [2023-09-01T00:06:42.131+0300] {dagbag.py:347} ERROR - Failed to import: /home/miminari/repos/airflow_project/airflow/dags/hourly_dag.py
Traceback (most recent call last):
  File "/home/miminari/repos/airflow_project/env/lib/python3.10/site-packages/airflow/models/dagbag.py", line 343, in parse
    loader.exec_module(new_module)
  File "<frozen importlib._bootstrap_external>", line 883, in exec_module
  File "<frozen importlib._bootstrap>", line 241, in _call_with_frames_removed
  File "/home/miminari/repos/airflow_project/airflow/dags/hourly_dag.py", line 4, in <module>
    from fetch.petrol import Petrol
ModuleNotFoundError: No module named 'fetch'
[2023-09-01T00:06:42.132+0300] {processor.py:841} WARNING - No viable dags retrieved from /home/miminari/repos/airflow_project/airflow/dags/hourly_dag.py
[2023-09-01T00:06:42.150+0300] {processor.py:179} INFO - Processing /home/miminari/repos/airflow_project/airflow/dags/hourly_dag.py took 0.023 seconds
[2023-09-01T00:07:12.266+0300] {processor.py:157} INFO - Started process (PID=14077) to work on /home/miminari/repos/airflow_project/airflow/dags/hourly_dag.py
[2023-09-01T00:07:12.267+0300] {processor.py:829} INFO - Processing file /home/miminari/repos/airflow_project/airflow/dags/hourly_dag.py for tasks to queue
[2023-09-01T00:07:12.267+0300] {logging_mixin.py:151} INFO - [2023-09-01T00:07:12.267+0300] {dagbag.py:539} INFO - Filling up the DagBag from /home/miminari/repos/airflow_project/airflow/dags/hourly_dag.py
[2023-09-01T00:07:12.269+0300] {logging_mixin.py:151} INFO - [2023-09-01T00:07:12.269+0300] {dagbag.py:347} ERROR - Failed to import: /home/miminari/repos/airflow_project/airflow/dags/hourly_dag.py
Traceback (most recent call last):
  File "/home/miminari/repos/airflow_project/env/lib/python3.10/site-packages/airflow/models/dagbag.py", line 343, in parse
    loader.exec_module(new_module)
  File "<frozen importlib._bootstrap_external>", line 883, in exec_module
  File "<frozen importlib._bootstrap>", line 241, in _call_with_frames_removed
  File "/home/miminari/repos/airflow_project/airflow/dags/hourly_dag.py", line 4, in <module>
    from fetch.petrol import Petrol
ModuleNotFoundError: No module named 'fetch'
[2023-09-01T00:07:12.269+0300] {processor.py:841} WARNING - No viable dags retrieved from /home/miminari/repos/airflow_project/airflow/dags/hourly_dag.py
[2023-09-01T00:07:12.287+0300] {processor.py:179} INFO - Processing /home/miminari/repos/airflow_project/airflow/dags/hourly_dag.py took 0.022 seconds
[2023-09-01T00:07:42.407+0300] {processor.py:157} INFO - Started process (PID=14265) to work on /home/miminari/repos/airflow_project/airflow/dags/hourly_dag.py
[2023-09-01T00:07:42.408+0300] {processor.py:829} INFO - Processing file /home/miminari/repos/airflow_project/airflow/dags/hourly_dag.py for tasks to queue
[2023-09-01T00:07:42.408+0300] {logging_mixin.py:151} INFO - [2023-09-01T00:07:42.408+0300] {dagbag.py:539} INFO - Filling up the DagBag from /home/miminari/repos/airflow_project/airflow/dags/hourly_dag.py
[2023-09-01T00:07:42.412+0300] {logging_mixin.py:151} INFO - [2023-09-01T00:07:42.411+0300] {dagbag.py:347} ERROR - Failed to import: /home/miminari/repos/airflow_project/airflow/dags/hourly_dag.py
Traceback (most recent call last):
  File "/home/miminari/repos/airflow_project/env/lib/python3.10/site-packages/airflow/models/dagbag.py", line 343, in parse
    loader.exec_module(new_module)
  File "<frozen importlib._bootstrap_external>", line 883, in exec_module
  File "<frozen importlib._bootstrap>", line 241, in _call_with_frames_removed
  File "/home/miminari/repos/airflow_project/airflow/dags/hourly_dag.py", line 4, in <module>
    from fetch.petrol import Petrol
ModuleNotFoundError: No module named 'fetch'
[2023-09-01T00:07:42.412+0300] {processor.py:841} WARNING - No viable dags retrieved from /home/miminari/repos/airflow_project/airflow/dags/hourly_dag.py
[2023-09-01T00:07:42.441+0300] {processor.py:179} INFO - Processing /home/miminari/repos/airflow_project/airflow/dags/hourly_dag.py took 0.035 seconds
[2023-09-01T00:08:12.531+0300] {processor.py:157} INFO - Started process (PID=14354) to work on /home/miminari/repos/airflow_project/airflow/dags/hourly_dag.py
[2023-09-01T00:08:12.532+0300] {processor.py:829} INFO - Processing file /home/miminari/repos/airflow_project/airflow/dags/hourly_dag.py for tasks to queue
[2023-09-01T00:08:12.532+0300] {logging_mixin.py:151} INFO - [2023-09-01T00:08:12.532+0300] {dagbag.py:539} INFO - Filling up the DagBag from /home/miminari/repos/airflow_project/airflow/dags/hourly_dag.py
[2023-09-01T00:08:12.535+0300] {logging_mixin.py:151} INFO - [2023-09-01T00:08:12.534+0300] {dagbag.py:347} ERROR - Failed to import: /home/miminari/repos/airflow_project/airflow/dags/hourly_dag.py
Traceback (most recent call last):
  File "/home/miminari/repos/airflow_project/env/lib/python3.10/site-packages/airflow/models/dagbag.py", line 343, in parse
    loader.exec_module(new_module)
  File "<frozen importlib._bootstrap_external>", line 883, in exec_module
  File "<frozen importlib._bootstrap>", line 241, in _call_with_frames_removed
  File "/home/miminari/repos/airflow_project/airflow/dags/hourly_dag.py", line 4, in <module>
    from fetch.petrol import Petrol
ModuleNotFoundError: No module named 'fetch'
[2023-09-01T00:08:12.536+0300] {processor.py:841} WARNING - No viable dags retrieved from /home/miminari/repos/airflow_project/airflow/dags/hourly_dag.py
[2023-09-01T00:08:12.559+0300] {processor.py:179} INFO - Processing /home/miminari/repos/airflow_project/airflow/dags/hourly_dag.py took 0.031 seconds
[2023-09-01T00:08:42.691+0300] {processor.py:157} INFO - Started process (PID=14426) to work on /home/miminari/repos/airflow_project/airflow/dags/hourly_dag.py
[2023-09-01T00:08:42.693+0300] {processor.py:829} INFO - Processing file /home/miminari/repos/airflow_project/airflow/dags/hourly_dag.py for tasks to queue
[2023-09-01T00:08:42.693+0300] {logging_mixin.py:151} INFO - [2023-09-01T00:08:42.693+0300] {dagbag.py:539} INFO - Filling up the DagBag from /home/miminari/repos/airflow_project/airflow/dags/hourly_dag.py
[2023-09-01T00:08:42.698+0300] {logging_mixin.py:151} INFO - [2023-09-01T00:08:42.696+0300] {dagbag.py:347} ERROR - Failed to import: /home/miminari/repos/airflow_project/airflow/dags/hourly_dag.py
Traceback (most recent call last):
  File "/home/miminari/repos/airflow_project/env/lib/python3.10/site-packages/airflow/models/dagbag.py", line 343, in parse
    loader.exec_module(new_module)
  File "<frozen importlib._bootstrap_external>", line 883, in exec_module
  File "<frozen importlib._bootstrap>", line 241, in _call_with_frames_removed
  File "/home/miminari/repos/airflow_project/airflow/dags/hourly_dag.py", line 4, in <module>
    from fetch.petrol import Petrol
ModuleNotFoundError: No module named 'fetch'
[2023-09-01T00:08:42.700+0300] {processor.py:841} WARNING - No viable dags retrieved from /home/miminari/repos/airflow_project/airflow/dags/hourly_dag.py
[2023-09-01T00:08:42.739+0300] {processor.py:179} INFO - Processing /home/miminari/repos/airflow_project/airflow/dags/hourly_dag.py took 0.050 seconds
[2023-09-01T00:09:12.818+0300] {processor.py:157} INFO - Started process (PID=14487) to work on /home/miminari/repos/airflow_project/airflow/dags/hourly_dag.py
[2023-09-01T00:09:12.818+0300] {processor.py:829} INFO - Processing file /home/miminari/repos/airflow_project/airflow/dags/hourly_dag.py for tasks to queue
[2023-09-01T00:09:12.818+0300] {logging_mixin.py:151} INFO - [2023-09-01T00:09:12.818+0300] {dagbag.py:539} INFO - Filling up the DagBag from /home/miminari/repos/airflow_project/airflow/dags/hourly_dag.py
[2023-09-01T00:09:12.821+0300] {logging_mixin.py:151} INFO - [2023-09-01T00:09:12.820+0300] {dagbag.py:347} ERROR - Failed to import: /home/miminari/repos/airflow_project/airflow/dags/hourly_dag.py
Traceback (most recent call last):
  File "/home/miminari/repos/airflow_project/env/lib/python3.10/site-packages/airflow/models/dagbag.py", line 343, in parse
    loader.exec_module(new_module)
  File "<frozen importlib._bootstrap_external>", line 883, in exec_module
  File "<frozen importlib._bootstrap>", line 241, in _call_with_frames_removed
  File "/home/miminari/repos/airflow_project/airflow/dags/hourly_dag.py", line 4, in <module>
    from fetch.petrol import Petrol
ModuleNotFoundError: No module named 'fetch'
[2023-09-01T00:09:12.821+0300] {processor.py:841} WARNING - No viable dags retrieved from /home/miminari/repos/airflow_project/airflow/dags/hourly_dag.py
[2023-09-01T00:09:12.851+0300] {processor.py:179} INFO - Processing /home/miminari/repos/airflow_project/airflow/dags/hourly_dag.py took 0.036 seconds
[2023-09-01T00:09:42.979+0300] {processor.py:157} INFO - Started process (PID=14703) to work on /home/miminari/repos/airflow_project/airflow/dags/hourly_dag.py
[2023-09-01T00:09:42.980+0300] {processor.py:829} INFO - Processing file /home/miminari/repos/airflow_project/airflow/dags/hourly_dag.py for tasks to queue
[2023-09-01T00:09:42.981+0300] {logging_mixin.py:151} INFO - [2023-09-01T00:09:42.980+0300] {dagbag.py:539} INFO - Filling up the DagBag from /home/miminari/repos/airflow_project/airflow/dags/hourly_dag.py
[2023-09-01T00:09:42.983+0300] {logging_mixin.py:151} INFO - [2023-09-01T00:09:42.983+0300] {dagbag.py:347} ERROR - Failed to import: /home/miminari/repos/airflow_project/airflow/dags/hourly_dag.py
Traceback (most recent call last):
  File "/home/miminari/repos/airflow_project/env/lib/python3.10/site-packages/airflow/models/dagbag.py", line 343, in parse
    loader.exec_module(new_module)
  File "<frozen importlib._bootstrap_external>", line 883, in exec_module
  File "<frozen importlib._bootstrap>", line 241, in _call_with_frames_removed
  File "/home/miminari/repos/airflow_project/airflow/dags/hourly_dag.py", line 4, in <module>
    from fetch.petrol import Petrol
ModuleNotFoundError: No module named 'fetch'
[2023-09-01T00:09:42.984+0300] {processor.py:841} WARNING - No viable dags retrieved from /home/miminari/repos/airflow_project/airflow/dags/hourly_dag.py
[2023-09-01T00:09:43.010+0300] {processor.py:179} INFO - Processing /home/miminari/repos/airflow_project/airflow/dags/hourly_dag.py took 0.034 seconds
[2023-09-01T00:10:13.101+0300] {processor.py:157} INFO - Started process (PID=14776) to work on /home/miminari/repos/airflow_project/airflow/dags/hourly_dag.py
[2023-09-01T00:10:13.102+0300] {processor.py:829} INFO - Processing file /home/miminari/repos/airflow_project/airflow/dags/hourly_dag.py for tasks to queue
[2023-09-01T00:10:13.103+0300] {logging_mixin.py:151} INFO - [2023-09-01T00:10:13.102+0300] {dagbag.py:539} INFO - Filling up the DagBag from /home/miminari/repos/airflow_project/airflow/dags/hourly_dag.py
[2023-09-01T00:10:13.105+0300] {logging_mixin.py:151} INFO - [2023-09-01T00:10:13.104+0300] {dagbag.py:347} ERROR - Failed to import: /home/miminari/repos/airflow_project/airflow/dags/hourly_dag.py
Traceback (most recent call last):
  File "/home/miminari/repos/airflow_project/env/lib/python3.10/site-packages/airflow/models/dagbag.py", line 343, in parse
    loader.exec_module(new_module)
  File "<frozen importlib._bootstrap_external>", line 883, in exec_module
  File "<frozen importlib._bootstrap>", line 241, in _call_with_frames_removed
  File "/home/miminari/repos/airflow_project/airflow/dags/hourly_dag.py", line 4, in <module>
    from fetch.petrol import Petrol
ModuleNotFoundError: No module named 'fetch'
[2023-09-01T00:10:13.105+0300] {processor.py:841} WARNING - No viable dags retrieved from /home/miminari/repos/airflow_project/airflow/dags/hourly_dag.py
[2023-09-01T00:10:13.127+0300] {processor.py:179} INFO - Processing /home/miminari/repos/airflow_project/airflow/dags/hourly_dag.py took 0.029 seconds
[2023-09-01T00:10:43.254+0300] {processor.py:157} INFO - Started process (PID=14841) to work on /home/miminari/repos/airflow_project/airflow/dags/hourly_dag.py
[2023-09-01T00:10:43.255+0300] {processor.py:829} INFO - Processing file /home/miminari/repos/airflow_project/airflow/dags/hourly_dag.py for tasks to queue
[2023-09-01T00:10:43.255+0300] {logging_mixin.py:151} INFO - [2023-09-01T00:10:43.255+0300] {dagbag.py:539} INFO - Filling up the DagBag from /home/miminari/repos/airflow_project/airflow/dags/hourly_dag.py
[2023-09-01T00:10:43.257+0300] {logging_mixin.py:151} INFO - [2023-09-01T00:10:43.256+0300] {dagbag.py:347} ERROR - Failed to import: /home/miminari/repos/airflow_project/airflow/dags/hourly_dag.py
Traceback (most recent call last):
  File "/home/miminari/repos/airflow_project/env/lib/python3.10/site-packages/airflow/models/dagbag.py", line 343, in parse
    loader.exec_module(new_module)
  File "<frozen importlib._bootstrap_external>", line 883, in exec_module
  File "<frozen importlib._bootstrap>", line 241, in _call_with_frames_removed
  File "/home/miminari/repos/airflow_project/airflow/dags/hourly_dag.py", line 4, in <module>
    from fetch.petrol import Petrol
ModuleNotFoundError: No module named 'fetch'
[2023-09-01T00:10:43.257+0300] {processor.py:841} WARNING - No viable dags retrieved from /home/miminari/repos/airflow_project/airflow/dags/hourly_dag.py
[2023-09-01T00:10:43.277+0300] {processor.py:179} INFO - Processing /home/miminari/repos/airflow_project/airflow/dags/hourly_dag.py took 0.025 seconds
[2023-09-01T00:11:13.377+0300] {processor.py:157} INFO - Started process (PID=14904) to work on /home/miminari/repos/airflow_project/airflow/dags/hourly_dag.py
[2023-09-01T00:11:13.377+0300] {processor.py:829} INFO - Processing file /home/miminari/repos/airflow_project/airflow/dags/hourly_dag.py for tasks to queue
[2023-09-01T00:11:13.378+0300] {logging_mixin.py:151} INFO - [2023-09-01T00:11:13.378+0300] {dagbag.py:539} INFO - Filling up the DagBag from /home/miminari/repos/airflow_project/airflow/dags/hourly_dag.py
[2023-09-01T00:11:13.380+0300] {logging_mixin.py:151} INFO - [2023-09-01T00:11:13.379+0300] {dagbag.py:347} ERROR - Failed to import: /home/miminari/repos/airflow_project/airflow/dags/hourly_dag.py
Traceback (most recent call last):
  File "/home/miminari/repos/airflow_project/env/lib/python3.10/site-packages/airflow/models/dagbag.py", line 343, in parse
    loader.exec_module(new_module)
  File "<frozen importlib._bootstrap_external>", line 883, in exec_module
  File "<frozen importlib._bootstrap>", line 241, in _call_with_frames_removed
  File "/home/miminari/repos/airflow_project/airflow/dags/hourly_dag.py", line 4, in <module>
    from fetch.petrol import Petrol
ModuleNotFoundError: No module named 'fetch'
[2023-09-01T00:11:13.380+0300] {processor.py:841} WARNING - No viable dags retrieved from /home/miminari/repos/airflow_project/airflow/dags/hourly_dag.py
[2023-09-01T00:11:13.399+0300] {processor.py:179} INFO - Processing /home/miminari/repos/airflow_project/airflow/dags/hourly_dag.py took 0.024 seconds
[2023-09-01T00:11:43.532+0300] {processor.py:157} INFO - Started process (PID=15119) to work on /home/miminari/repos/airflow_project/airflow/dags/hourly_dag.py
[2023-09-01T00:11:43.533+0300] {processor.py:829} INFO - Processing file /home/miminari/repos/airflow_project/airflow/dags/hourly_dag.py for tasks to queue
[2023-09-01T00:11:43.533+0300] {logging_mixin.py:151} INFO - [2023-09-01T00:11:43.533+0300] {dagbag.py:539} INFO - Filling up the DagBag from /home/miminari/repos/airflow_project/airflow/dags/hourly_dag.py
[2023-09-01T00:11:43.535+0300] {logging_mixin.py:151} INFO - [2023-09-01T00:11:43.535+0300] {dagbag.py:347} ERROR - Failed to import: /home/miminari/repos/airflow_project/airflow/dags/hourly_dag.py
Traceback (most recent call last):
  File "/home/miminari/repos/airflow_project/env/lib/python3.10/site-packages/airflow/models/dagbag.py", line 343, in parse
    loader.exec_module(new_module)
  File "<frozen importlib._bootstrap_external>", line 883, in exec_module
  File "<frozen importlib._bootstrap>", line 241, in _call_with_frames_removed
  File "/home/miminari/repos/airflow_project/airflow/dags/hourly_dag.py", line 4, in <module>
    from fetch.petrol import Petrol
ModuleNotFoundError: No module named 'fetch'
[2023-09-01T00:11:43.535+0300] {processor.py:841} WARNING - No viable dags retrieved from /home/miminari/repos/airflow_project/airflow/dags/hourly_dag.py
[2023-09-01T00:11:43.556+0300] {processor.py:179} INFO - Processing /home/miminari/repos/airflow_project/airflow/dags/hourly_dag.py took 0.026 seconds
[2023-09-01T00:12:13.658+0300] {processor.py:157} INFO - Started process (PID=15290) to work on /home/miminari/repos/airflow_project/airflow/dags/hourly_dag.py
[2023-09-01T00:12:13.659+0300] {processor.py:829} INFO - Processing file /home/miminari/repos/airflow_project/airflow/dags/hourly_dag.py for tasks to queue
[2023-09-01T00:12:13.659+0300] {logging_mixin.py:151} INFO - [2023-09-01T00:12:13.659+0300] {dagbag.py:539} INFO - Filling up the DagBag from /home/miminari/repos/airflow_project/airflow/dags/hourly_dag.py
[2023-09-01T00:12:13.661+0300] {logging_mixin.py:151} INFO - [2023-09-01T00:12:13.661+0300] {dagbag.py:347} ERROR - Failed to import: /home/miminari/repos/airflow_project/airflow/dags/hourly_dag.py
Traceback (most recent call last):
  File "/home/miminari/repos/airflow_project/env/lib/python3.10/site-packages/airflow/models/dagbag.py", line 343, in parse
    loader.exec_module(new_module)
  File "<frozen importlib._bootstrap_external>", line 883, in exec_module
  File "<frozen importlib._bootstrap>", line 241, in _call_with_frames_removed
  File "/home/miminari/repos/airflow_project/airflow/dags/hourly_dag.py", line 4, in <module>
    from fetch.petrol import Petrol
ModuleNotFoundError: No module named 'fetch'
[2023-09-01T00:12:13.662+0300] {processor.py:841} WARNING - No viable dags retrieved from /home/miminari/repos/airflow_project/airflow/dags/hourly_dag.py
[2023-09-01T00:12:13.695+0300] {processor.py:179} INFO - Processing /home/miminari/repos/airflow_project/airflow/dags/hourly_dag.py took 0.039 seconds
[2023-09-01T00:12:43.789+0300] {processor.py:157} INFO - Started process (PID=15355) to work on /home/miminari/repos/airflow_project/airflow/dags/hourly_dag.py
[2023-09-01T00:12:43.792+0300] {processor.py:829} INFO - Processing file /home/miminari/repos/airflow_project/airflow/dags/hourly_dag.py for tasks to queue
[2023-09-01T00:12:43.793+0300] {logging_mixin.py:151} INFO - [2023-09-01T00:12:43.793+0300] {dagbag.py:539} INFO - Filling up the DagBag from /home/miminari/repos/airflow_project/airflow/dags/hourly_dag.py
[2023-09-01T00:12:43.795+0300] {logging_mixin.py:151} INFO - [2023-09-01T00:12:43.795+0300] {dagbag.py:347} ERROR - Failed to import: /home/miminari/repos/airflow_project/airflow/dags/hourly_dag.py
Traceback (most recent call last):
  File "/home/miminari/repos/airflow_project/env/lib/python3.10/site-packages/airflow/models/dagbag.py", line 343, in parse
    loader.exec_module(new_module)
  File "<frozen importlib._bootstrap_external>", line 883, in exec_module
  File "<frozen importlib._bootstrap>", line 241, in _call_with_frames_removed
  File "/home/miminari/repos/airflow_project/airflow/dags/hourly_dag.py", line 4, in <module>
    from fetch.petrol import Petrol
ModuleNotFoundError: No module named 'fetch'
[2023-09-01T00:12:43.795+0300] {processor.py:841} WARNING - No viable dags retrieved from /home/miminari/repos/airflow_project/airflow/dags/hourly_dag.py
[2023-09-01T00:12:43.825+0300] {processor.py:179} INFO - Processing /home/miminari/repos/airflow_project/airflow/dags/hourly_dag.py took 0.040 seconds
[2023-09-01T00:13:13.926+0300] {processor.py:157} INFO - Started process (PID=15495) to work on /home/miminari/repos/airflow_project/airflow/dags/hourly_dag.py
[2023-09-01T00:13:13.926+0300] {processor.py:829} INFO - Processing file /home/miminari/repos/airflow_project/airflow/dags/hourly_dag.py for tasks to queue
[2023-09-01T00:13:13.927+0300] {logging_mixin.py:151} INFO - [2023-09-01T00:13:13.927+0300] {dagbag.py:539} INFO - Filling up the DagBag from /home/miminari/repos/airflow_project/airflow/dags/hourly_dag.py
[2023-09-01T00:13:13.929+0300] {logging_mixin.py:151} INFO - [2023-09-01T00:13:13.928+0300] {dagbag.py:347} ERROR - Failed to import: /home/miminari/repos/airflow_project/airflow/dags/hourly_dag.py
Traceback (most recent call last):
  File "/home/miminari/repos/airflow_project/env/lib/python3.10/site-packages/airflow/models/dagbag.py", line 343, in parse
    loader.exec_module(new_module)
  File "<frozen importlib._bootstrap_external>", line 883, in exec_module
  File "<frozen importlib._bootstrap>", line 241, in _call_with_frames_removed
  File "/home/miminari/repos/airflow_project/airflow/dags/hourly_dag.py", line 4, in <module>
    from fetch.petrol import Petrol
ModuleNotFoundError: No module named 'fetch'
[2023-09-01T00:13:13.929+0300] {processor.py:841} WARNING - No viable dags retrieved from /home/miminari/repos/airflow_project/airflow/dags/hourly_dag.py
[2023-09-01T00:13:13.947+0300] {processor.py:179} INFO - Processing /home/miminari/repos/airflow_project/airflow/dags/hourly_dag.py took 0.023 seconds
[2023-09-01T00:13:36.038+0300] {processor.py:157} INFO - Started process (PID=15597) to work on /home/miminari/repos/airflow_project/airflow/dags/hourly_dag.py
[2023-09-01T00:13:36.039+0300] {processor.py:829} INFO - Processing file /home/miminari/repos/airflow_project/airflow/dags/hourly_dag.py for tasks to queue
[2023-09-01T00:13:36.039+0300] {logging_mixin.py:151} INFO - [2023-09-01T00:13:36.039+0300] {dagbag.py:539} INFO - Filling up the DagBag from /home/miminari/repos/airflow_project/airflow/dags/hourly_dag.py
[2023-09-01T00:13:36.041+0300] {logging_mixin.py:151} INFO - [2023-09-01T00:13:36.041+0300] {dagbag.py:347} ERROR - Failed to import: /home/miminari/repos/airflow_project/airflow/dags/hourly_dag.py
Traceback (most recent call last):
  File "/home/miminari/repos/airflow_project/env/lib/python3.10/site-packages/airflow/models/dagbag.py", line 343, in parse
    loader.exec_module(new_module)
  File "<frozen importlib._bootstrap_external>", line 883, in exec_module
  File "<frozen importlib._bootstrap>", line 241, in _call_with_frames_removed
  File "/home/miminari/repos/airflow_project/airflow/dags/hourly_dag.py", line 4, in <module>
    from fetch.petrol import Petrol
ModuleNotFoundError: No module named 'fetch'
[2023-09-01T00:13:36.041+0300] {processor.py:841} WARNING - No viable dags retrieved from /home/miminari/repos/airflow_project/airflow/dags/hourly_dag.py
[2023-09-01T00:13:36.060+0300] {processor.py:179} INFO - Processing /home/miminari/repos/airflow_project/airflow/dags/hourly_dag.py took 0.024 seconds
