[2023-08-31T19:12:07.247+0300] {processor.py:157} INFO - Started process (PID=18570) to work on /home/miminari/repos/airflow_project/env/lib/python3.10/site-packages/airflow/example_dags/example_trigger_controller_dag.py
[2023-08-31T19:12:07.248+0300] {processor.py:829} INFO - Processing file /home/miminari/repos/airflow_project/env/lib/python3.10/site-packages/airflow/example_dags/example_trigger_controller_dag.py for tasks to queue
[2023-08-31T19:12:07.248+0300] {logging_mixin.py:151} INFO - [2023-08-31T19:12:07.248+0300] {dagbag.py:539} INFO - Filling up the DagBag from /home/miminari/repos/airflow_project/env/lib/python3.10/site-packages/airflow/example_dags/example_trigger_controller_dag.py
[2023-08-31T19:12:07.252+0300] {processor.py:839} INFO - DAG(s) dict_keys(['example_trigger_controller_dag']) retrieved from /home/miminari/repos/airflow_project/env/lib/python3.10/site-packages/airflow/example_dags/example_trigger_controller_dag.py
[2023-08-31T19:12:07.445+0300] {logging_mixin.py:151} INFO - [2023-08-31T19:12:07.445+0300] {manager.py:501} INFO - Created Permission View: can read on DAG:example_trigger_controller_dag
[2023-08-31T19:12:07.453+0300] {logging_mixin.py:151} INFO - [2023-08-31T19:12:07.452+0300] {manager.py:501} INFO - Created Permission View: can delete on DAG:example_trigger_controller_dag
[2023-08-31T19:12:07.457+0300] {logging_mixin.py:151} INFO - [2023-08-31T19:12:07.457+0300] {manager.py:501} INFO - Created Permission View: can edit on DAG:example_trigger_controller_dag
[2023-08-31T19:12:07.468+0300] {logging_mixin.py:151} INFO - [2023-08-31T19:12:07.468+0300] {dag.py:2907} INFO - Sync 1 DAGs
[2023-08-31T19:12:07.476+0300] {logging_mixin.py:151} INFO - [2023-08-31T19:12:07.476+0300] {dag.py:2929} INFO - Creating ORM DAG for example_trigger_controller_dag
[2023-08-31T19:12:07.485+0300] {logging_mixin.py:151} INFO - [2023-08-31T19:12:07.485+0300] {dag.py:3677} INFO - Setting next_dagrun for example_trigger_controller_dag to 2021-01-01T00:00:00+00:00, run_after=2021-01-01T00:00:00+00:00
[2023-08-31T19:12:07.497+0300] {processor.py:179} INFO - Processing /home/miminari/repos/airflow_project/env/lib/python3.10/site-packages/airflow/example_dags/example_trigger_controller_dag.py took 0.252 seconds
[2023-08-31T19:12:38.195+0300] {processor.py:157} INFO - Started process (PID=18694) to work on /home/miminari/repos/airflow_project/env/lib/python3.10/site-packages/airflow/example_dags/example_trigger_controller_dag.py
[2023-08-31T19:12:38.196+0300] {processor.py:829} INFO - Processing file /home/miminari/repos/airflow_project/env/lib/python3.10/site-packages/airflow/example_dags/example_trigger_controller_dag.py for tasks to queue
[2023-08-31T19:12:38.196+0300] {logging_mixin.py:151} INFO - [2023-08-31T19:12:38.196+0300] {dagbag.py:539} INFO - Filling up the DagBag from /home/miminari/repos/airflow_project/env/lib/python3.10/site-packages/airflow/example_dags/example_trigger_controller_dag.py
[2023-08-31T19:12:38.199+0300] {processor.py:839} INFO - DAG(s) dict_keys(['example_trigger_controller_dag']) retrieved from /home/miminari/repos/airflow_project/env/lib/python3.10/site-packages/airflow/example_dags/example_trigger_controller_dag.py
[2023-08-31T19:12:38.221+0300] {logging_mixin.py:151} INFO - [2023-08-31T19:12:38.221+0300] {dag.py:2907} INFO - Sync 1 DAGs
[2023-08-31T19:12:38.239+0300] {logging_mixin.py:151} INFO - [2023-08-31T19:12:38.239+0300] {dag.py:3677} INFO - Setting next_dagrun for example_trigger_controller_dag to 2021-01-01T00:00:00+00:00, run_after=2021-01-01T00:00:00+00:00
[2023-08-31T19:12:38.253+0300] {processor.py:179} INFO - Processing /home/miminari/repos/airflow_project/env/lib/python3.10/site-packages/airflow/example_dags/example_trigger_controller_dag.py took 0.061 seconds
[2023-08-31T19:13:08.370+0300] {processor.py:157} INFO - Started process (PID=18794) to work on /home/miminari/repos/airflow_project/env/lib/python3.10/site-packages/airflow/example_dags/example_trigger_controller_dag.py
[2023-08-31T19:13:08.371+0300] {processor.py:829} INFO - Processing file /home/miminari/repos/airflow_project/env/lib/python3.10/site-packages/airflow/example_dags/example_trigger_controller_dag.py for tasks to queue
[2023-08-31T19:13:08.371+0300] {logging_mixin.py:151} INFO - [2023-08-31T19:13:08.371+0300] {dagbag.py:539} INFO - Filling up the DagBag from /home/miminari/repos/airflow_project/env/lib/python3.10/site-packages/airflow/example_dags/example_trigger_controller_dag.py
[2023-08-31T19:13:08.375+0300] {processor.py:839} INFO - DAG(s) dict_keys(['example_trigger_controller_dag']) retrieved from /home/miminari/repos/airflow_project/env/lib/python3.10/site-packages/airflow/example_dags/example_trigger_controller_dag.py
[2023-08-31T19:13:08.400+0300] {logging_mixin.py:151} INFO - [2023-08-31T19:13:08.400+0300] {dag.py:2907} INFO - Sync 1 DAGs
[2023-08-31T19:13:08.417+0300] {logging_mixin.py:151} INFO - [2023-08-31T19:13:08.417+0300] {dag.py:3677} INFO - Setting next_dagrun for example_trigger_controller_dag to 2021-01-01T00:00:00+00:00, run_after=2021-01-01T00:00:00+00:00
[2023-08-31T19:13:08.434+0300] {processor.py:179} INFO - Processing /home/miminari/repos/airflow_project/env/lib/python3.10/site-packages/airflow/example_dags/example_trigger_controller_dag.py took 0.066 seconds
[2023-08-31T19:13:39.398+0300] {processor.py:157} INFO - Started process (PID=18902) to work on /home/miminari/repos/airflow_project/env/lib/python3.10/site-packages/airflow/example_dags/example_trigger_controller_dag.py
[2023-08-31T19:13:39.399+0300] {processor.py:829} INFO - Processing file /home/miminari/repos/airflow_project/env/lib/python3.10/site-packages/airflow/example_dags/example_trigger_controller_dag.py for tasks to queue
[2023-08-31T19:13:39.400+0300] {logging_mixin.py:151} INFO - [2023-08-31T19:13:39.400+0300] {dagbag.py:539} INFO - Filling up the DagBag from /home/miminari/repos/airflow_project/env/lib/python3.10/site-packages/airflow/example_dags/example_trigger_controller_dag.py
[2023-08-31T19:13:39.405+0300] {processor.py:839} INFO - DAG(s) dict_keys(['example_trigger_controller_dag']) retrieved from /home/miminari/repos/airflow_project/env/lib/python3.10/site-packages/airflow/example_dags/example_trigger_controller_dag.py
[2023-08-31T19:13:39.432+0300] {logging_mixin.py:151} INFO - [2023-08-31T19:13:39.431+0300] {dag.py:2907} INFO - Sync 1 DAGs
[2023-08-31T19:13:39.453+0300] {logging_mixin.py:151} INFO - [2023-08-31T19:13:39.453+0300] {dag.py:3677} INFO - Setting next_dagrun for example_trigger_controller_dag to 2021-01-01T00:00:00+00:00, run_after=2021-01-01T00:00:00+00:00
[2023-08-31T19:13:39.477+0300] {processor.py:179} INFO - Processing /home/miminari/repos/airflow_project/env/lib/python3.10/site-packages/airflow/example_dags/example_trigger_controller_dag.py took 0.082 seconds
[2023-08-31T19:14:09.553+0300] {processor.py:157} INFO - Started process (PID=18999) to work on /home/miminari/repos/airflow_project/env/lib/python3.10/site-packages/airflow/example_dags/example_trigger_controller_dag.py
[2023-08-31T19:14:09.553+0300] {processor.py:829} INFO - Processing file /home/miminari/repos/airflow_project/env/lib/python3.10/site-packages/airflow/example_dags/example_trigger_controller_dag.py for tasks to queue
[2023-08-31T19:14:09.554+0300] {logging_mixin.py:151} INFO - [2023-08-31T19:14:09.554+0300] {dagbag.py:539} INFO - Filling up the DagBag from /home/miminari/repos/airflow_project/env/lib/python3.10/site-packages/airflow/example_dags/example_trigger_controller_dag.py
[2023-08-31T19:14:09.558+0300] {processor.py:839} INFO - DAG(s) dict_keys(['example_trigger_controller_dag']) retrieved from /home/miminari/repos/airflow_project/env/lib/python3.10/site-packages/airflow/example_dags/example_trigger_controller_dag.py
[2023-08-31T19:14:09.583+0300] {logging_mixin.py:151} INFO - [2023-08-31T19:14:09.582+0300] {dag.py:2907} INFO - Sync 1 DAGs
[2023-08-31T19:14:09.602+0300] {logging_mixin.py:151} INFO - [2023-08-31T19:14:09.601+0300] {dag.py:3677} INFO - Setting next_dagrun for example_trigger_controller_dag to 2021-01-01T00:00:00+00:00, run_after=2021-01-01T00:00:00+00:00
[2023-08-31T19:14:09.616+0300] {processor.py:179} INFO - Processing /home/miminari/repos/airflow_project/env/lib/python3.10/site-packages/airflow/example_dags/example_trigger_controller_dag.py took 0.067 seconds
[2023-08-31T19:14:39.752+0300] {processor.py:157} INFO - Started process (PID=19095) to work on /home/miminari/repos/airflow_project/env/lib/python3.10/site-packages/airflow/example_dags/example_trigger_controller_dag.py
[2023-08-31T19:14:39.753+0300] {processor.py:829} INFO - Processing file /home/miminari/repos/airflow_project/env/lib/python3.10/site-packages/airflow/example_dags/example_trigger_controller_dag.py for tasks to queue
[2023-08-31T19:14:39.753+0300] {logging_mixin.py:151} INFO - [2023-08-31T19:14:39.753+0300] {dagbag.py:539} INFO - Filling up the DagBag from /home/miminari/repos/airflow_project/env/lib/python3.10/site-packages/airflow/example_dags/example_trigger_controller_dag.py
[2023-08-31T19:14:39.756+0300] {processor.py:839} INFO - DAG(s) dict_keys(['example_trigger_controller_dag']) retrieved from /home/miminari/repos/airflow_project/env/lib/python3.10/site-packages/airflow/example_dags/example_trigger_controller_dag.py
[2023-08-31T19:14:39.779+0300] {logging_mixin.py:151} INFO - [2023-08-31T19:14:39.779+0300] {dag.py:2907} INFO - Sync 1 DAGs
[2023-08-31T19:14:39.798+0300] {logging_mixin.py:151} INFO - [2023-08-31T19:14:39.798+0300] {dag.py:3677} INFO - Setting next_dagrun for example_trigger_controller_dag to 2021-01-01T00:00:00+00:00, run_after=2021-01-01T00:00:00+00:00
[2023-08-31T19:14:39.811+0300] {processor.py:179} INFO - Processing /home/miminari/repos/airflow_project/env/lib/python3.10/site-packages/airflow/example_dags/example_trigger_controller_dag.py took 0.061 seconds
[2023-08-31T19:15:10.041+0300] {processor.py:157} INFO - Started process (PID=19296) to work on /home/miminari/repos/airflow_project/env/lib/python3.10/site-packages/airflow/example_dags/example_trigger_controller_dag.py
[2023-08-31T19:15:10.042+0300] {processor.py:829} INFO - Processing file /home/miminari/repos/airflow_project/env/lib/python3.10/site-packages/airflow/example_dags/example_trigger_controller_dag.py for tasks to queue
[2023-08-31T19:15:10.043+0300] {logging_mixin.py:151} INFO - [2023-08-31T19:15:10.042+0300] {dagbag.py:539} INFO - Filling up the DagBag from /home/miminari/repos/airflow_project/env/lib/python3.10/site-packages/airflow/example_dags/example_trigger_controller_dag.py
[2023-08-31T19:15:10.047+0300] {processor.py:839} INFO - DAG(s) dict_keys(['example_trigger_controller_dag']) retrieved from /home/miminari/repos/airflow_project/env/lib/python3.10/site-packages/airflow/example_dags/example_trigger_controller_dag.py
[2023-08-31T19:15:10.073+0300] {logging_mixin.py:151} INFO - [2023-08-31T19:15:10.073+0300] {dag.py:2907} INFO - Sync 1 DAGs
[2023-08-31T19:15:10.094+0300] {logging_mixin.py:151} INFO - [2023-08-31T19:15:10.093+0300] {dag.py:3677} INFO - Setting next_dagrun for example_trigger_controller_dag to 2021-01-01T00:00:00+00:00, run_after=2021-01-01T00:00:00+00:00
[2023-08-31T19:15:10.116+0300] {processor.py:179} INFO - Processing /home/miminari/repos/airflow_project/env/lib/python3.10/site-packages/airflow/example_dags/example_trigger_controller_dag.py took 0.077 seconds
[2023-08-31T19:15:40.249+0300] {processor.py:157} INFO - Started process (PID=19393) to work on /home/miminari/repos/airflow_project/env/lib/python3.10/site-packages/airflow/example_dags/example_trigger_controller_dag.py
[2023-08-31T19:15:40.250+0300] {processor.py:829} INFO - Processing file /home/miminari/repos/airflow_project/env/lib/python3.10/site-packages/airflow/example_dags/example_trigger_controller_dag.py for tasks to queue
[2023-08-31T19:15:40.251+0300] {logging_mixin.py:151} INFO - [2023-08-31T19:15:40.251+0300] {dagbag.py:539} INFO - Filling up the DagBag from /home/miminari/repos/airflow_project/env/lib/python3.10/site-packages/airflow/example_dags/example_trigger_controller_dag.py
[2023-08-31T19:15:40.254+0300] {processor.py:839} INFO - DAG(s) dict_keys(['example_trigger_controller_dag']) retrieved from /home/miminari/repos/airflow_project/env/lib/python3.10/site-packages/airflow/example_dags/example_trigger_controller_dag.py
[2023-08-31T19:15:40.279+0300] {logging_mixin.py:151} INFO - [2023-08-31T19:15:40.279+0300] {dag.py:2907} INFO - Sync 1 DAGs
[2023-08-31T19:15:40.296+0300] {logging_mixin.py:151} INFO - [2023-08-31T19:15:40.296+0300] {dag.py:3677} INFO - Setting next_dagrun for example_trigger_controller_dag to 2021-01-01T00:00:00+00:00, run_after=2021-01-01T00:00:00+00:00
[2023-08-31T19:15:40.312+0300] {processor.py:179} INFO - Processing /home/miminari/repos/airflow_project/env/lib/python3.10/site-packages/airflow/example_dags/example_trigger_controller_dag.py took 0.065 seconds
[2023-08-31T19:16:10.516+0300] {processor.py:157} INFO - Started process (PID=19549) to work on /home/miminari/repos/airflow_project/env/lib/python3.10/site-packages/airflow/example_dags/example_trigger_controller_dag.py
[2023-08-31T19:16:10.517+0300] {processor.py:829} INFO - Processing file /home/miminari/repos/airflow_project/env/lib/python3.10/site-packages/airflow/example_dags/example_trigger_controller_dag.py for tasks to queue
[2023-08-31T19:16:10.518+0300] {logging_mixin.py:151} INFO - [2023-08-31T19:16:10.518+0300] {dagbag.py:539} INFO - Filling up the DagBag from /home/miminari/repos/airflow_project/env/lib/python3.10/site-packages/airflow/example_dags/example_trigger_controller_dag.py
[2023-08-31T19:16:10.523+0300] {processor.py:839} INFO - DAG(s) dict_keys(['example_trigger_controller_dag']) retrieved from /home/miminari/repos/airflow_project/env/lib/python3.10/site-packages/airflow/example_dags/example_trigger_controller_dag.py
[2023-08-31T19:16:10.548+0300] {logging_mixin.py:151} INFO - [2023-08-31T19:16:10.547+0300] {dag.py:2907} INFO - Sync 1 DAGs
[2023-08-31T19:16:10.568+0300] {logging_mixin.py:151} INFO - [2023-08-31T19:16:10.568+0300] {dag.py:3677} INFO - Setting next_dagrun for example_trigger_controller_dag to 2021-01-01T00:00:00+00:00, run_after=2021-01-01T00:00:00+00:00
[2023-08-31T19:16:10.585+0300] {processor.py:179} INFO - Processing /home/miminari/repos/airflow_project/env/lib/python3.10/site-packages/airflow/example_dags/example_trigger_controller_dag.py took 0.073 seconds
[2023-08-31T19:16:40.867+0300] {processor.py:157} INFO - Started process (PID=19648) to work on /home/miminari/repos/airflow_project/env/lib/python3.10/site-packages/airflow/example_dags/example_trigger_controller_dag.py
[2023-08-31T19:16:40.868+0300] {processor.py:829} INFO - Processing file /home/miminari/repos/airflow_project/env/lib/python3.10/site-packages/airflow/example_dags/example_trigger_controller_dag.py for tasks to queue
[2023-08-31T19:16:40.869+0300] {logging_mixin.py:151} INFO - [2023-08-31T19:16:40.869+0300] {dagbag.py:539} INFO - Filling up the DagBag from /home/miminari/repos/airflow_project/env/lib/python3.10/site-packages/airflow/example_dags/example_trigger_controller_dag.py
[2023-08-31T19:16:40.872+0300] {processor.py:839} INFO - DAG(s) dict_keys(['example_trigger_controller_dag']) retrieved from /home/miminari/repos/airflow_project/env/lib/python3.10/site-packages/airflow/example_dags/example_trigger_controller_dag.py
[2023-08-31T19:16:40.897+0300] {logging_mixin.py:151} INFO - [2023-08-31T19:16:40.897+0300] {dag.py:2907} INFO - Sync 1 DAGs
[2023-08-31T19:16:40.918+0300] {logging_mixin.py:151} INFO - [2023-08-31T19:16:40.918+0300] {dag.py:3677} INFO - Setting next_dagrun for example_trigger_controller_dag to 2021-01-01T00:00:00+00:00, run_after=2021-01-01T00:00:00+00:00
[2023-08-31T19:16:40.935+0300] {processor.py:179} INFO - Processing /home/miminari/repos/airflow_project/env/lib/python3.10/site-packages/airflow/example_dags/example_trigger_controller_dag.py took 0.070 seconds
[2023-08-31T19:17:11.181+0300] {processor.py:157} INFO - Started process (PID=19798) to work on /home/miminari/repos/airflow_project/env/lib/python3.10/site-packages/airflow/example_dags/example_trigger_controller_dag.py
[2023-08-31T19:17:11.182+0300] {processor.py:829} INFO - Processing file /home/miminari/repos/airflow_project/env/lib/python3.10/site-packages/airflow/example_dags/example_trigger_controller_dag.py for tasks to queue
[2023-08-31T19:17:11.182+0300] {logging_mixin.py:151} INFO - [2023-08-31T19:17:11.182+0300] {dagbag.py:539} INFO - Filling up the DagBag from /home/miminari/repos/airflow_project/env/lib/python3.10/site-packages/airflow/example_dags/example_trigger_controller_dag.py
[2023-08-31T19:17:11.186+0300] {processor.py:839} INFO - DAG(s) dict_keys(['example_trigger_controller_dag']) retrieved from /home/miminari/repos/airflow_project/env/lib/python3.10/site-packages/airflow/example_dags/example_trigger_controller_dag.py
[2023-08-31T19:17:11.209+0300] {logging_mixin.py:151} INFO - [2023-08-31T19:17:11.208+0300] {dag.py:2907} INFO - Sync 1 DAGs
[2023-08-31T19:17:11.226+0300] {logging_mixin.py:151} INFO - [2023-08-31T19:17:11.226+0300] {dag.py:3677} INFO - Setting next_dagrun for example_trigger_controller_dag to 2021-01-01T00:00:00+00:00, run_after=2021-01-01T00:00:00+00:00
[2023-08-31T19:17:11.239+0300] {processor.py:179} INFO - Processing /home/miminari/repos/airflow_project/env/lib/python3.10/site-packages/airflow/example_dags/example_trigger_controller_dag.py took 0.061 seconds
