[2023-08-31T19:12:07.492+0300] {processor.py:157} INFO - Started process (PID=18572) to work on /home/miminari/repos/airflow_project/env/lib/python3.10/site-packages/airflow/example_dags/example_xcom.py
[2023-08-31T19:12:07.492+0300] {processor.py:829} INFO - Processing file /home/miminari/repos/airflow_project/env/lib/python3.10/site-packages/airflow/example_dags/example_xcom.py for tasks to queue
[2023-08-31T19:12:07.493+0300] {logging_mixin.py:151} INFO - [2023-08-31T19:12:07.493+0300] {dagbag.py:539} INFO - Filling up the DagBag from /home/miminari/repos/airflow_project/env/lib/python3.10/site-packages/airflow/example_dags/example_xcom.py
[2023-08-31T19:12:07.501+0300] {processor.py:839} INFO - DAG(s) dict_keys(['example_xcom']) retrieved from /home/miminari/repos/airflow_project/env/lib/python3.10/site-packages/airflow/example_dags/example_xcom.py
[2023-08-31T19:12:07.718+0300] {logging_mixin.py:151} INFO - [2023-08-31T19:12:07.718+0300] {manager.py:501} INFO - Created Permission View: can read on DAG:example_xcom
[2023-08-31T19:12:07.727+0300] {logging_mixin.py:151} INFO - [2023-08-31T19:12:07.727+0300] {manager.py:501} INFO - Created Permission View: can delete on DAG:example_xcom
[2023-08-31T19:12:07.732+0300] {logging_mixin.py:151} INFO - [2023-08-31T19:12:07.732+0300] {manager.py:501} INFO - Created Permission View: can edit on DAG:example_xcom
[2023-08-31T19:12:07.742+0300] {logging_mixin.py:151} INFO - [2023-08-31T19:12:07.742+0300] {dag.py:2907} INFO - Sync 1 DAGs
[2023-08-31T19:12:07.751+0300] {logging_mixin.py:151} INFO - [2023-08-31T19:12:07.750+0300] {dag.py:2929} INFO - Creating ORM DAG for example_xcom
[2023-08-31T19:12:07.758+0300] {logging_mixin.py:151} INFO - [2023-08-31T19:12:07.757+0300] {dag.py:3677} INFO - Setting next_dagrun for example_xcom to 2021-01-01T00:00:00+00:00, run_after=2021-01-01T00:00:00+00:00
[2023-08-31T19:12:07.769+0300] {processor.py:179} INFO - Processing /home/miminari/repos/airflow_project/env/lib/python3.10/site-packages/airflow/example_dags/example_xcom.py took 0.279 seconds
[2023-08-31T19:12:38.201+0300] {processor.py:157} INFO - Started process (PID=18695) to work on /home/miminari/repos/airflow_project/env/lib/python3.10/site-packages/airflow/example_dags/example_xcom.py
[2023-08-31T19:12:38.201+0300] {processor.py:829} INFO - Processing file /home/miminari/repos/airflow_project/env/lib/python3.10/site-packages/airflow/example_dags/example_xcom.py for tasks to queue
[2023-08-31T19:12:38.202+0300] {logging_mixin.py:151} INFO - [2023-08-31T19:12:38.202+0300] {dagbag.py:539} INFO - Filling up the DagBag from /home/miminari/repos/airflow_project/env/lib/python3.10/site-packages/airflow/example_dags/example_xcom.py
[2023-08-31T19:12:38.207+0300] {processor.py:839} INFO - DAG(s) dict_keys(['example_xcom']) retrieved from /home/miminari/repos/airflow_project/env/lib/python3.10/site-packages/airflow/example_dags/example_xcom.py
[2023-08-31T19:12:38.230+0300] {logging_mixin.py:151} INFO - [2023-08-31T19:12:38.229+0300] {dag.py:2907} INFO - Sync 1 DAGs
[2023-08-31T19:12:38.249+0300] {logging_mixin.py:151} INFO - [2023-08-31T19:12:38.248+0300] {dag.py:3677} INFO - Setting next_dagrun for example_xcom to 2021-01-01T00:00:00+00:00, run_after=2021-01-01T00:00:00+00:00
[2023-08-31T19:12:38.265+0300] {processor.py:179} INFO - Processing /home/miminari/repos/airflow_project/env/lib/python3.10/site-packages/airflow/example_dags/example_xcom.py took 0.067 seconds
[2023-08-31T19:13:08.375+0300] {processor.py:157} INFO - Started process (PID=18795) to work on /home/miminari/repos/airflow_project/env/lib/python3.10/site-packages/airflow/example_dags/example_xcom.py
[2023-08-31T19:13:08.376+0300] {processor.py:829} INFO - Processing file /home/miminari/repos/airflow_project/env/lib/python3.10/site-packages/airflow/example_dags/example_xcom.py for tasks to queue
[2023-08-31T19:13:08.376+0300] {logging_mixin.py:151} INFO - [2023-08-31T19:13:08.376+0300] {dagbag.py:539} INFO - Filling up the DagBag from /home/miminari/repos/airflow_project/env/lib/python3.10/site-packages/airflow/example_dags/example_xcom.py
[2023-08-31T19:13:08.382+0300] {processor.py:839} INFO - DAG(s) dict_keys(['example_xcom']) retrieved from /home/miminari/repos/airflow_project/env/lib/python3.10/site-packages/airflow/example_dags/example_xcom.py
[2023-08-31T19:13:08.405+0300] {logging_mixin.py:151} INFO - [2023-08-31T19:13:08.405+0300] {dag.py:2907} INFO - Sync 1 DAGs
[2023-08-31T19:13:08.423+0300] {logging_mixin.py:151} INFO - [2023-08-31T19:13:08.423+0300] {dag.py:3677} INFO - Setting next_dagrun for example_xcom to 2021-01-01T00:00:00+00:00, run_after=2021-01-01T00:00:00+00:00
[2023-08-31T19:13:08.437+0300] {processor.py:179} INFO - Processing /home/miminari/repos/airflow_project/env/lib/python3.10/site-packages/airflow/example_dags/example_xcom.py took 0.064 seconds
[2023-08-31T19:13:39.402+0300] {processor.py:157} INFO - Started process (PID=18903) to work on /home/miminari/repos/airflow_project/env/lib/python3.10/site-packages/airflow/example_dags/example_xcom.py
[2023-08-31T19:13:39.404+0300] {processor.py:829} INFO - Processing file /home/miminari/repos/airflow_project/env/lib/python3.10/site-packages/airflow/example_dags/example_xcom.py for tasks to queue
[2023-08-31T19:13:39.405+0300] {logging_mixin.py:151} INFO - [2023-08-31T19:13:39.404+0300] {dagbag.py:539} INFO - Filling up the DagBag from /home/miminari/repos/airflow_project/env/lib/python3.10/site-packages/airflow/example_dags/example_xcom.py
[2023-08-31T19:13:39.415+0300] {processor.py:839} INFO - DAG(s) dict_keys(['example_xcom']) retrieved from /home/miminari/repos/airflow_project/env/lib/python3.10/site-packages/airflow/example_dags/example_xcom.py
[2023-08-31T19:13:39.449+0300] {logging_mixin.py:151} INFO - [2023-08-31T19:13:39.448+0300] {dag.py:2907} INFO - Sync 1 DAGs
[2023-08-31T19:13:39.468+0300] {logging_mixin.py:151} INFO - [2023-08-31T19:13:39.468+0300] {dag.py:3677} INFO - Setting next_dagrun for example_xcom to 2021-01-01T00:00:00+00:00, run_after=2021-01-01T00:00:00+00:00
[2023-08-31T19:13:39.483+0300] {processor.py:179} INFO - Processing /home/miminari/repos/airflow_project/env/lib/python3.10/site-packages/airflow/example_dags/example_xcom.py took 0.087 seconds
[2023-08-31T19:14:09.629+0300] {processor.py:157} INFO - Started process (PID=19002) to work on /home/miminari/repos/airflow_project/env/lib/python3.10/site-packages/airflow/example_dags/example_xcom.py
[2023-08-31T19:14:09.630+0300] {processor.py:829} INFO - Processing file /home/miminari/repos/airflow_project/env/lib/python3.10/site-packages/airflow/example_dags/example_xcom.py for tasks to queue
[2023-08-31T19:14:09.630+0300] {logging_mixin.py:151} INFO - [2023-08-31T19:14:09.630+0300] {dagbag.py:539} INFO - Filling up the DagBag from /home/miminari/repos/airflow_project/env/lib/python3.10/site-packages/airflow/example_dags/example_xcom.py
[2023-08-31T19:14:09.635+0300] {processor.py:839} INFO - DAG(s) dict_keys(['example_xcom']) retrieved from /home/miminari/repos/airflow_project/env/lib/python3.10/site-packages/airflow/example_dags/example_xcom.py
[2023-08-31T19:14:09.658+0300] {logging_mixin.py:151} INFO - [2023-08-31T19:14:09.658+0300] {dag.py:2907} INFO - Sync 1 DAGs
[2023-08-31T19:14:09.675+0300] {logging_mixin.py:151} INFO - [2023-08-31T19:14:09.674+0300] {dag.py:3677} INFO - Setting next_dagrun for example_xcom to 2021-01-01T00:00:00+00:00, run_after=2021-01-01T00:00:00+00:00
[2023-08-31T19:14:09.687+0300] {processor.py:179} INFO - Processing /home/miminari/repos/airflow_project/env/lib/python3.10/site-packages/airflow/example_dags/example_xcom.py took 0.060 seconds
[2023-08-31T19:14:39.756+0300] {processor.py:157} INFO - Started process (PID=19096) to work on /home/miminari/repos/airflow_project/env/lib/python3.10/site-packages/airflow/example_dags/example_xcom.py
[2023-08-31T19:14:39.757+0300] {processor.py:829} INFO - Processing file /home/miminari/repos/airflow_project/env/lib/python3.10/site-packages/airflow/example_dags/example_xcom.py for tasks to queue
[2023-08-31T19:14:39.757+0300] {logging_mixin.py:151} INFO - [2023-08-31T19:14:39.757+0300] {dagbag.py:539} INFO - Filling up the DagBag from /home/miminari/repos/airflow_project/env/lib/python3.10/site-packages/airflow/example_dags/example_xcom.py
[2023-08-31T19:14:39.763+0300] {processor.py:839} INFO - DAG(s) dict_keys(['example_xcom']) retrieved from /home/miminari/repos/airflow_project/env/lib/python3.10/site-packages/airflow/example_dags/example_xcom.py
[2023-08-31T19:14:39.788+0300] {logging_mixin.py:151} INFO - [2023-08-31T19:14:39.787+0300] {dag.py:2907} INFO - Sync 1 DAGs
[2023-08-31T19:14:39.808+0300] {logging_mixin.py:151} INFO - [2023-08-31T19:14:39.808+0300] {dag.py:3677} INFO - Setting next_dagrun for example_xcom to 2021-01-01T00:00:00+00:00, run_after=2021-01-01T00:00:00+00:00
[2023-08-31T19:14:39.825+0300] {processor.py:179} INFO - Processing /home/miminari/repos/airflow_project/env/lib/python3.10/site-packages/airflow/example_dags/example_xcom.py took 0.071 seconds
[2023-08-31T19:15:10.048+0300] {processor.py:157} INFO - Started process (PID=19297) to work on /home/miminari/repos/airflow_project/env/lib/python3.10/site-packages/airflow/example_dags/example_xcom.py
[2023-08-31T19:15:10.049+0300] {processor.py:829} INFO - Processing file /home/miminari/repos/airflow_project/env/lib/python3.10/site-packages/airflow/example_dags/example_xcom.py for tasks to queue
[2023-08-31T19:15:10.049+0300] {logging_mixin.py:151} INFO - [2023-08-31T19:15:10.049+0300] {dagbag.py:539} INFO - Filling up the DagBag from /home/miminari/repos/airflow_project/env/lib/python3.10/site-packages/airflow/example_dags/example_xcom.py
[2023-08-31T19:15:10.056+0300] {processor.py:839} INFO - DAG(s) dict_keys(['example_xcom']) retrieved from /home/miminari/repos/airflow_project/env/lib/python3.10/site-packages/airflow/example_dags/example_xcom.py
[2023-08-31T19:15:10.081+0300] {logging_mixin.py:151} INFO - [2023-08-31T19:15:10.081+0300] {dag.py:2907} INFO - Sync 1 DAGs
[2023-08-31T19:15:10.099+0300] {logging_mixin.py:151} INFO - [2023-08-31T19:15:10.099+0300] {dag.py:3677} INFO - Setting next_dagrun for example_xcom to 2021-01-01T00:00:00+00:00, run_after=2021-01-01T00:00:00+00:00
[2023-08-31T19:15:10.115+0300] {processor.py:179} INFO - Processing /home/miminari/repos/airflow_project/env/lib/python3.10/site-packages/airflow/example_dags/example_xcom.py took 0.071 seconds
[2023-08-31T19:15:40.327+0300] {processor.py:157} INFO - Started process (PID=19396) to work on /home/miminari/repos/airflow_project/env/lib/python3.10/site-packages/airflow/example_dags/example_xcom.py
[2023-08-31T19:15:40.328+0300] {processor.py:829} INFO - Processing file /home/miminari/repos/airflow_project/env/lib/python3.10/site-packages/airflow/example_dags/example_xcom.py for tasks to queue
[2023-08-31T19:15:40.329+0300] {logging_mixin.py:151} INFO - [2023-08-31T19:15:40.329+0300] {dagbag.py:539} INFO - Filling up the DagBag from /home/miminari/repos/airflow_project/env/lib/python3.10/site-packages/airflow/example_dags/example_xcom.py
[2023-08-31T19:15:40.334+0300] {processor.py:839} INFO - DAG(s) dict_keys(['example_xcom']) retrieved from /home/miminari/repos/airflow_project/env/lib/python3.10/site-packages/airflow/example_dags/example_xcom.py
[2023-08-31T19:15:40.360+0300] {logging_mixin.py:151} INFO - [2023-08-31T19:15:40.360+0300] {dag.py:2907} INFO - Sync 1 DAGs
[2023-08-31T19:15:40.379+0300] {logging_mixin.py:151} INFO - [2023-08-31T19:15:40.378+0300] {dag.py:3677} INFO - Setting next_dagrun for example_xcom to 2021-01-01T00:00:00+00:00, run_after=2021-01-01T00:00:00+00:00
[2023-08-31T19:15:40.392+0300] {processor.py:179} INFO - Processing /home/miminari/repos/airflow_project/env/lib/python3.10/site-packages/airflow/example_dags/example_xcom.py took 0.067 seconds
[2023-08-31T19:16:10.590+0300] {processor.py:157} INFO - Started process (PID=19551) to work on /home/miminari/repos/airflow_project/env/lib/python3.10/site-packages/airflow/example_dags/example_xcom.py
[2023-08-31T19:16:10.590+0300] {processor.py:829} INFO - Processing file /home/miminari/repos/airflow_project/env/lib/python3.10/site-packages/airflow/example_dags/example_xcom.py for tasks to queue
[2023-08-31T19:16:10.591+0300] {logging_mixin.py:151} INFO - [2023-08-31T19:16:10.591+0300] {dagbag.py:539} INFO - Filling up the DagBag from /home/miminari/repos/airflow_project/env/lib/python3.10/site-packages/airflow/example_dags/example_xcom.py
[2023-08-31T19:16:10.602+0300] {processor.py:839} INFO - DAG(s) dict_keys(['example_xcom']) retrieved from /home/miminari/repos/airflow_project/env/lib/python3.10/site-packages/airflow/example_dags/example_xcom.py
[2023-08-31T19:16:10.631+0300] {logging_mixin.py:151} INFO - [2023-08-31T19:16:10.630+0300] {dag.py:2907} INFO - Sync 1 DAGs
[2023-08-31T19:16:10.652+0300] {logging_mixin.py:151} INFO - [2023-08-31T19:16:10.651+0300] {dag.py:3677} INFO - Setting next_dagrun for example_xcom to 2021-01-01T00:00:00+00:00, run_after=2021-01-01T00:00:00+00:00
[2023-08-31T19:16:10.667+0300] {processor.py:179} INFO - Processing /home/miminari/repos/airflow_project/env/lib/python3.10/site-packages/airflow/example_dags/example_xcom.py took 0.080 seconds
[2023-08-31T19:16:40.954+0300] {processor.py:157} INFO - Started process (PID=19651) to work on /home/miminari/repos/airflow_project/env/lib/python3.10/site-packages/airflow/example_dags/example_xcom.py
[2023-08-31T19:16:40.955+0300] {processor.py:829} INFO - Processing file /home/miminari/repos/airflow_project/env/lib/python3.10/site-packages/airflow/example_dags/example_xcom.py for tasks to queue
[2023-08-31T19:16:40.955+0300] {logging_mixin.py:151} INFO - [2023-08-31T19:16:40.955+0300] {dagbag.py:539} INFO - Filling up the DagBag from /home/miminari/repos/airflow_project/env/lib/python3.10/site-packages/airflow/example_dags/example_xcom.py
[2023-08-31T19:16:40.960+0300] {processor.py:839} INFO - DAG(s) dict_keys(['example_xcom']) retrieved from /home/miminari/repos/airflow_project/env/lib/python3.10/site-packages/airflow/example_dags/example_xcom.py
[2023-08-31T19:16:40.984+0300] {logging_mixin.py:151} INFO - [2023-08-31T19:16:40.984+0300] {dag.py:2907} INFO - Sync 1 DAGs
[2023-08-31T19:16:41.001+0300] {logging_mixin.py:151} INFO - [2023-08-31T19:16:41.001+0300] {dag.py:3677} INFO - Setting next_dagrun for example_xcom to 2021-01-01T00:00:00+00:00, run_after=2021-01-01T00:00:00+00:00
[2023-08-31T19:16:41.016+0300] {processor.py:179} INFO - Processing /home/miminari/repos/airflow_project/env/lib/python3.10/site-packages/airflow/example_dags/example_xcom.py took 0.065 seconds
[2023-08-31T19:17:11.255+0300] {processor.py:157} INFO - Started process (PID=19800) to work on /home/miminari/repos/airflow_project/env/lib/python3.10/site-packages/airflow/example_dags/example_xcom.py
[2023-08-31T19:17:11.256+0300] {processor.py:829} INFO - Processing file /home/miminari/repos/airflow_project/env/lib/python3.10/site-packages/airflow/example_dags/example_xcom.py for tasks to queue
[2023-08-31T19:17:11.257+0300] {logging_mixin.py:151} INFO - [2023-08-31T19:17:11.257+0300] {dagbag.py:539} INFO - Filling up the DagBag from /home/miminari/repos/airflow_project/env/lib/python3.10/site-packages/airflow/example_dags/example_xcom.py
[2023-08-31T19:17:11.265+0300] {processor.py:839} INFO - DAG(s) dict_keys(['example_xcom']) retrieved from /home/miminari/repos/airflow_project/env/lib/python3.10/site-packages/airflow/example_dags/example_xcom.py
[2023-08-31T19:17:11.291+0300] {logging_mixin.py:151} INFO - [2023-08-31T19:17:11.291+0300] {dag.py:2907} INFO - Sync 1 DAGs
[2023-08-31T19:17:11.310+0300] {logging_mixin.py:151} INFO - [2023-08-31T19:17:11.309+0300] {dag.py:3677} INFO - Setting next_dagrun for example_xcom to 2021-01-01T00:00:00+00:00, run_after=2021-01-01T00:00:00+00:00
[2023-08-31T19:17:11.325+0300] {processor.py:179} INFO - Processing /home/miminari/repos/airflow_project/env/lib/python3.10/site-packages/airflow/example_dags/example_xcom.py took 0.072 seconds
[2023-08-31T19:17:41.490+0300] {processor.py:157} INFO - Started process (PID=19916) to work on /home/miminari/repos/airflow_project/env/lib/python3.10/site-packages/airflow/example_dags/example_xcom.py
[2023-08-31T19:17:41.490+0300] {processor.py:829} INFO - Processing file /home/miminari/repos/airflow_project/env/lib/python3.10/site-packages/airflow/example_dags/example_xcom.py for tasks to queue
[2023-08-31T19:17:41.491+0300] {logging_mixin.py:151} INFO - [2023-08-31T19:17:41.491+0300] {dagbag.py:539} INFO - Filling up the DagBag from /home/miminari/repos/airflow_project/env/lib/python3.10/site-packages/airflow/example_dags/example_xcom.py
[2023-08-31T19:17:41.497+0300] {processor.py:839} INFO - DAG(s) dict_keys(['example_xcom']) retrieved from /home/miminari/repos/airflow_project/env/lib/python3.10/site-packages/airflow/example_dags/example_xcom.py
[2023-08-31T19:17:41.522+0300] {logging_mixin.py:151} INFO - [2023-08-31T19:17:41.522+0300] {dag.py:2907} INFO - Sync 1 DAGs
[2023-08-31T19:17:41.540+0300] {logging_mixin.py:151} INFO - [2023-08-31T19:17:41.540+0300] {dag.py:3677} INFO - Setting next_dagrun for example_xcom to 2021-01-01T00:00:00+00:00, run_after=2021-01-01T00:00:00+00:00
[2023-08-31T19:17:41.553+0300] {processor.py:179} INFO - Processing /home/miminari/repos/airflow_project/env/lib/python3.10/site-packages/airflow/example_dags/example_xcom.py took 0.065 seconds
[2023-08-31T19:18:11.658+0300] {processor.py:157} INFO - Started process (PID=20066) to work on /home/miminari/repos/airflow_project/env/lib/python3.10/site-packages/airflow/example_dags/example_xcom.py
[2023-08-31T19:18:11.659+0300] {processor.py:829} INFO - Processing file /home/miminari/repos/airflow_project/env/lib/python3.10/site-packages/airflow/example_dags/example_xcom.py for tasks to queue
[2023-08-31T19:18:11.660+0300] {logging_mixin.py:151} INFO - [2023-08-31T19:18:11.660+0300] {dagbag.py:539} INFO - Filling up the DagBag from /home/miminari/repos/airflow_project/env/lib/python3.10/site-packages/airflow/example_dags/example_xcom.py
[2023-08-31T19:18:11.666+0300] {processor.py:839} INFO - DAG(s) dict_keys(['example_xcom']) retrieved from /home/miminari/repos/airflow_project/env/lib/python3.10/site-packages/airflow/example_dags/example_xcom.py
[2023-08-31T19:18:11.689+0300] {logging_mixin.py:151} INFO - [2023-08-31T19:18:11.689+0300] {dag.py:2907} INFO - Sync 1 DAGs
[2023-08-31T19:18:11.708+0300] {logging_mixin.py:151} INFO - [2023-08-31T19:18:11.708+0300] {dag.py:3677} INFO - Setting next_dagrun for example_xcom to 2021-01-01T00:00:00+00:00, run_after=2021-01-01T00:00:00+00:00
[2023-08-31T19:18:11.722+0300] {processor.py:179} INFO - Processing /home/miminari/repos/airflow_project/env/lib/python3.10/site-packages/airflow/example_dags/example_xcom.py took 0.066 seconds
[2023-08-31T19:18:41.772+0300] {processor.py:157} INFO - Started process (PID=20161) to work on /home/miminari/repos/airflow_project/env/lib/python3.10/site-packages/airflow/example_dags/example_xcom.py
[2023-08-31T19:18:41.774+0300] {processor.py:829} INFO - Processing file /home/miminari/repos/airflow_project/env/lib/python3.10/site-packages/airflow/example_dags/example_xcom.py for tasks to queue
[2023-08-31T19:18:41.774+0300] {logging_mixin.py:151} INFO - [2023-08-31T19:18:41.774+0300] {dagbag.py:539} INFO - Filling up the DagBag from /home/miminari/repos/airflow_project/env/lib/python3.10/site-packages/airflow/example_dags/example_xcom.py
[2023-08-31T19:18:41.781+0300] {processor.py:839} INFO - DAG(s) dict_keys(['example_xcom']) retrieved from /home/miminari/repos/airflow_project/env/lib/python3.10/site-packages/airflow/example_dags/example_xcom.py
[2023-08-31T19:18:41.815+0300] {logging_mixin.py:151} INFO - [2023-08-31T19:18:41.813+0300] {dag.py:2907} INFO - Sync 1 DAGs
[2023-08-31T19:18:41.834+0300] {logging_mixin.py:151} INFO - [2023-08-31T19:18:41.833+0300] {dag.py:3677} INFO - Setting next_dagrun for example_xcom to 2021-01-01T00:00:00+00:00, run_after=2021-01-01T00:00:00+00:00
[2023-08-31T19:18:41.850+0300] {processor.py:179} INFO - Processing /home/miminari/repos/airflow_project/env/lib/python3.10/site-packages/airflow/example_dags/example_xcom.py took 0.085 seconds
[2023-08-31T19:19:12.133+0300] {processor.py:157} INFO - Started process (PID=20267) to work on /home/miminari/repos/airflow_project/env/lib/python3.10/site-packages/airflow/example_dags/example_xcom.py
[2023-08-31T19:19:12.134+0300] {processor.py:829} INFO - Processing file /home/miminari/repos/airflow_project/env/lib/python3.10/site-packages/airflow/example_dags/example_xcom.py for tasks to queue
[2023-08-31T19:19:12.135+0300] {logging_mixin.py:151} INFO - [2023-08-31T19:19:12.134+0300] {dagbag.py:539} INFO - Filling up the DagBag from /home/miminari/repos/airflow_project/env/lib/python3.10/site-packages/airflow/example_dags/example_xcom.py
[2023-08-31T19:19:12.142+0300] {processor.py:839} INFO - DAG(s) dict_keys(['example_xcom']) retrieved from /home/miminari/repos/airflow_project/env/lib/python3.10/site-packages/airflow/example_dags/example_xcom.py
[2023-08-31T19:19:12.169+0300] {logging_mixin.py:151} INFO - [2023-08-31T19:19:12.169+0300] {dag.py:2907} INFO - Sync 1 DAGs
[2023-08-31T19:19:12.193+0300] {logging_mixin.py:151} INFO - [2023-08-31T19:19:12.193+0300] {dag.py:3677} INFO - Setting next_dagrun for example_xcom to 2021-01-01T00:00:00+00:00, run_after=2021-01-01T00:00:00+00:00
[2023-08-31T19:19:12.217+0300] {processor.py:179} INFO - Processing /home/miminari/repos/airflow_project/env/lib/python3.10/site-packages/airflow/example_dags/example_xcom.py took 0.086 seconds
[2023-08-31T19:19:42.684+0300] {processor.py:157} INFO - Started process (PID=20366) to work on /home/miminari/repos/airflow_project/env/lib/python3.10/site-packages/airflow/example_dags/example_xcom.py
[2023-08-31T19:19:42.685+0300] {processor.py:829} INFO - Processing file /home/miminari/repos/airflow_project/env/lib/python3.10/site-packages/airflow/example_dags/example_xcom.py for tasks to queue
[2023-08-31T19:19:42.685+0300] {logging_mixin.py:151} INFO - [2023-08-31T19:19:42.685+0300] {dagbag.py:539} INFO - Filling up the DagBag from /home/miminari/repos/airflow_project/env/lib/python3.10/site-packages/airflow/example_dags/example_xcom.py
[2023-08-31T19:19:42.692+0300] {processor.py:839} INFO - DAG(s) dict_keys(['example_xcom']) retrieved from /home/miminari/repos/airflow_project/env/lib/python3.10/site-packages/airflow/example_dags/example_xcom.py
[2023-08-31T19:19:42.714+0300] {logging_mixin.py:151} INFO - [2023-08-31T19:19:42.714+0300] {dag.py:2907} INFO - Sync 1 DAGs
[2023-08-31T19:19:42.732+0300] {logging_mixin.py:151} INFO - [2023-08-31T19:19:42.732+0300] {dag.py:3677} INFO - Setting next_dagrun for example_xcom to 2021-01-01T00:00:00+00:00, run_after=2021-01-01T00:00:00+00:00
[2023-08-31T19:19:42.745+0300] {processor.py:179} INFO - Processing /home/miminari/repos/airflow_project/env/lib/python3.10/site-packages/airflow/example_dags/example_xcom.py took 0.063 seconds
