[2023-08-31T19:12:09.719+0300] {processor.py:157} INFO - Started process (PID=18649) to work on /home/miminari/repos/airflow_project/env/lib/python3.10/site-packages/airflow/example_dags/example_params_ui_tutorial.py
[2023-08-31T19:12:09.720+0300] {processor.py:829} INFO - Processing file /home/miminari/repos/airflow_project/env/lib/python3.10/site-packages/airflow/example_dags/example_params_ui_tutorial.py for tasks to queue
[2023-08-31T19:12:09.720+0300] {logging_mixin.py:151} INFO - [2023-08-31T19:12:09.720+0300] {dagbag.py:539} INFO - Filling up the DagBag from /home/miminari/repos/airflow_project/env/lib/python3.10/site-packages/airflow/example_dags/example_params_ui_tutorial.py
[2023-08-31T19:12:09.751+0300] {processor.py:839} INFO - DAG(s) dict_keys(['example_params_ui_tutorial']) retrieved from /home/miminari/repos/airflow_project/env/lib/python3.10/site-packages/airflow/example_dags/example_params_ui_tutorial.py
[2023-08-31T19:12:09.865+0300] {logging_mixin.py:151} INFO - [2023-08-31T19:12:09.865+0300] {manager.py:501} INFO - Created Permission View: can read on DAG:example_params_ui_tutorial
[2023-08-31T19:12:09.873+0300] {logging_mixin.py:151} INFO - [2023-08-31T19:12:09.873+0300] {manager.py:501} INFO - Created Permission View: can delete on DAG:example_params_ui_tutorial
[2023-08-31T19:12:09.878+0300] {logging_mixin.py:151} INFO - [2023-08-31T19:12:09.878+0300] {manager.py:501} INFO - Created Permission View: can edit on DAG:example_params_ui_tutorial
[2023-08-31T19:12:09.890+0300] {logging_mixin.py:151} INFO - [2023-08-31T19:12:09.890+0300] {dag.py:2907} INFO - Sync 1 DAGs
[2023-08-31T19:12:09.899+0300] {logging_mixin.py:151} INFO - [2023-08-31T19:12:09.899+0300] {dag.py:2929} INFO - Creating ORM DAG for example_params_ui_tutorial
[2023-08-31T19:12:09.900+0300] {logging_mixin.py:151} INFO - [2023-08-31T19:12:09.900+0300] {dag.py:3677} INFO - Setting next_dagrun for example_params_ui_tutorial to None, run_after=None
[2023-08-31T19:12:09.911+0300] {processor.py:179} INFO - Processing /home/miminari/repos/airflow_project/env/lib/python3.10/site-packages/airflow/example_dags/example_params_ui_tutorial.py took 0.195 seconds
[2023-08-31T19:12:40.251+0300] {processor.py:157} INFO - Started process (PID=18743) to work on /home/miminari/repos/airflow_project/env/lib/python3.10/site-packages/airflow/example_dags/example_params_ui_tutorial.py
[2023-08-31T19:12:40.252+0300] {processor.py:829} INFO - Processing file /home/miminari/repos/airflow_project/env/lib/python3.10/site-packages/airflow/example_dags/example_params_ui_tutorial.py for tasks to queue
[2023-08-31T19:12:40.252+0300] {logging_mixin.py:151} INFO - [2023-08-31T19:12:40.252+0300] {dagbag.py:539} INFO - Filling up the DagBag from /home/miminari/repos/airflow_project/env/lib/python3.10/site-packages/airflow/example_dags/example_params_ui_tutorial.py
[2023-08-31T19:12:40.279+0300] {processor.py:839} INFO - DAG(s) dict_keys(['example_params_ui_tutorial']) retrieved from /home/miminari/repos/airflow_project/env/lib/python3.10/site-packages/airflow/example_dags/example_params_ui_tutorial.py
[2023-08-31T19:12:40.335+0300] {logging_mixin.py:151} INFO - [2023-08-31T19:12:40.335+0300] {dag.py:2907} INFO - Sync 1 DAGs
[2023-08-31T19:12:40.346+0300] {logging_mixin.py:151} INFO - [2023-08-31T19:12:40.346+0300] {dag.py:3677} INFO - Setting next_dagrun for example_params_ui_tutorial to None, run_after=None
[2023-08-31T19:12:40.362+0300] {processor.py:179} INFO - Processing /home/miminari/repos/airflow_project/env/lib/python3.10/site-packages/airflow/example_dags/example_params_ui_tutorial.py took 0.114 seconds
[2023-08-31T19:13:10.389+0300] {processor.py:157} INFO - Started process (PID=18844) to work on /home/miminari/repos/airflow_project/env/lib/python3.10/site-packages/airflow/example_dags/example_params_ui_tutorial.py
[2023-08-31T19:13:10.390+0300] {processor.py:829} INFO - Processing file /home/miminari/repos/airflow_project/env/lib/python3.10/site-packages/airflow/example_dags/example_params_ui_tutorial.py for tasks to queue
[2023-08-31T19:13:10.390+0300] {logging_mixin.py:151} INFO - [2023-08-31T19:13:10.390+0300] {dagbag.py:539} INFO - Filling up the DagBag from /home/miminari/repos/airflow_project/env/lib/python3.10/site-packages/airflow/example_dags/example_params_ui_tutorial.py
[2023-08-31T19:13:10.416+0300] {processor.py:839} INFO - DAG(s) dict_keys(['example_params_ui_tutorial']) retrieved from /home/miminari/repos/airflow_project/env/lib/python3.10/site-packages/airflow/example_dags/example_params_ui_tutorial.py
[2023-08-31T19:13:10.469+0300] {logging_mixin.py:151} INFO - [2023-08-31T19:13:10.469+0300] {dag.py:2907} INFO - Sync 1 DAGs
[2023-08-31T19:13:10.479+0300] {logging_mixin.py:151} INFO - [2023-08-31T19:13:10.479+0300] {dag.py:3677} INFO - Setting next_dagrun for example_params_ui_tutorial to None, run_after=None
[2023-08-31T19:13:10.492+0300] {processor.py:179} INFO - Processing /home/miminari/repos/airflow_project/env/lib/python3.10/site-packages/airflow/example_dags/example_params_ui_tutorial.py took 0.105 seconds
[2023-08-31T19:13:40.586+0300] {processor.py:157} INFO - Started process (PID=18952) to work on /home/miminari/repos/airflow_project/env/lib/python3.10/site-packages/airflow/example_dags/example_params_ui_tutorial.py
[2023-08-31T19:13:40.586+0300] {processor.py:829} INFO - Processing file /home/miminari/repos/airflow_project/env/lib/python3.10/site-packages/airflow/example_dags/example_params_ui_tutorial.py for tasks to queue
[2023-08-31T19:13:40.587+0300] {logging_mixin.py:151} INFO - [2023-08-31T19:13:40.587+0300] {dagbag.py:539} INFO - Filling up the DagBag from /home/miminari/repos/airflow_project/env/lib/python3.10/site-packages/airflow/example_dags/example_params_ui_tutorial.py
[2023-08-31T19:13:40.615+0300] {processor.py:839} INFO - DAG(s) dict_keys(['example_params_ui_tutorial']) retrieved from /home/miminari/repos/airflow_project/env/lib/python3.10/site-packages/airflow/example_dags/example_params_ui_tutorial.py
[2023-08-31T19:13:40.682+0300] {logging_mixin.py:151} INFO - [2023-08-31T19:13:40.682+0300] {dag.py:2907} INFO - Sync 1 DAGs
[2023-08-31T19:13:40.694+0300] {logging_mixin.py:151} INFO - [2023-08-31T19:13:40.694+0300] {dag.py:3677} INFO - Setting next_dagrun for example_params_ui_tutorial to None, run_after=None
[2023-08-31T19:13:40.708+0300] {processor.py:179} INFO - Processing /home/miminari/repos/airflow_project/env/lib/python3.10/site-packages/airflow/example_dags/example_params_ui_tutorial.py took 0.125 seconds
[2023-08-31T19:14:10.760+0300] {processor.py:157} INFO - Started process (PID=19049) to work on /home/miminari/repos/airflow_project/env/lib/python3.10/site-packages/airflow/example_dags/example_params_ui_tutorial.py
[2023-08-31T19:14:10.761+0300] {processor.py:829} INFO - Processing file /home/miminari/repos/airflow_project/env/lib/python3.10/site-packages/airflow/example_dags/example_params_ui_tutorial.py for tasks to queue
[2023-08-31T19:14:10.761+0300] {logging_mixin.py:151} INFO - [2023-08-31T19:14:10.761+0300] {dagbag.py:539} INFO - Filling up the DagBag from /home/miminari/repos/airflow_project/env/lib/python3.10/site-packages/airflow/example_dags/example_params_ui_tutorial.py
[2023-08-31T19:14:10.787+0300] {processor.py:839} INFO - DAG(s) dict_keys(['example_params_ui_tutorial']) retrieved from /home/miminari/repos/airflow_project/env/lib/python3.10/site-packages/airflow/example_dags/example_params_ui_tutorial.py
[2023-08-31T19:14:10.842+0300] {logging_mixin.py:151} INFO - [2023-08-31T19:14:10.842+0300] {dag.py:2907} INFO - Sync 1 DAGs
[2023-08-31T19:14:10.852+0300] {logging_mixin.py:151} INFO - [2023-08-31T19:14:10.852+0300] {dag.py:3677} INFO - Setting next_dagrun for example_params_ui_tutorial to None, run_after=None
[2023-08-31T19:14:10.866+0300] {processor.py:179} INFO - Processing /home/miminari/repos/airflow_project/env/lib/python3.10/site-packages/airflow/example_dags/example_params_ui_tutorial.py took 0.109 seconds
[2023-08-31T19:14:40.936+0300] {processor.py:157} INFO - Started process (PID=19145) to work on /home/miminari/repos/airflow_project/env/lib/python3.10/site-packages/airflow/example_dags/example_params_ui_tutorial.py
[2023-08-31T19:14:40.937+0300] {processor.py:829} INFO - Processing file /home/miminari/repos/airflow_project/env/lib/python3.10/site-packages/airflow/example_dags/example_params_ui_tutorial.py for tasks to queue
[2023-08-31T19:14:40.937+0300] {logging_mixin.py:151} INFO - [2023-08-31T19:14:40.937+0300] {dagbag.py:539} INFO - Filling up the DagBag from /home/miminari/repos/airflow_project/env/lib/python3.10/site-packages/airflow/example_dags/example_params_ui_tutorial.py
[2023-08-31T19:14:40.965+0300] {processor.py:839} INFO - DAG(s) dict_keys(['example_params_ui_tutorial']) retrieved from /home/miminari/repos/airflow_project/env/lib/python3.10/site-packages/airflow/example_dags/example_params_ui_tutorial.py
[2023-08-31T19:14:41.019+0300] {logging_mixin.py:151} INFO - [2023-08-31T19:14:41.018+0300] {dag.py:2907} INFO - Sync 1 DAGs
[2023-08-31T19:14:41.028+0300] {logging_mixin.py:151} INFO - [2023-08-31T19:14:41.028+0300] {dag.py:3677} INFO - Setting next_dagrun for example_params_ui_tutorial to None, run_after=None
[2023-08-31T19:14:41.043+0300] {processor.py:179} INFO - Processing /home/miminari/repos/airflow_project/env/lib/python3.10/site-packages/airflow/example_dags/example_params_ui_tutorial.py took 0.109 seconds
[2023-08-31T19:15:11.291+0300] {processor.py:157} INFO - Started process (PID=19346) to work on /home/miminari/repos/airflow_project/env/lib/python3.10/site-packages/airflow/example_dags/example_params_ui_tutorial.py
[2023-08-31T19:15:11.292+0300] {processor.py:829} INFO - Processing file /home/miminari/repos/airflow_project/env/lib/python3.10/site-packages/airflow/example_dags/example_params_ui_tutorial.py for tasks to queue
[2023-08-31T19:15:11.293+0300] {logging_mixin.py:151} INFO - [2023-08-31T19:15:11.292+0300] {dagbag.py:539} INFO - Filling up the DagBag from /home/miminari/repos/airflow_project/env/lib/python3.10/site-packages/airflow/example_dags/example_params_ui_tutorial.py
[2023-08-31T19:15:11.321+0300] {processor.py:839} INFO - DAG(s) dict_keys(['example_params_ui_tutorial']) retrieved from /home/miminari/repos/airflow_project/env/lib/python3.10/site-packages/airflow/example_dags/example_params_ui_tutorial.py
[2023-08-31T19:15:11.378+0300] {logging_mixin.py:151} INFO - [2023-08-31T19:15:11.378+0300] {dag.py:2907} INFO - Sync 1 DAGs
[2023-08-31T19:15:11.392+0300] {logging_mixin.py:151} INFO - [2023-08-31T19:15:11.391+0300] {dag.py:3677} INFO - Setting next_dagrun for example_params_ui_tutorial to None, run_after=None
[2023-08-31T19:15:11.412+0300] {processor.py:179} INFO - Processing /home/miminari/repos/airflow_project/env/lib/python3.10/site-packages/airflow/example_dags/example_params_ui_tutorial.py took 0.124 seconds
[2023-08-31T19:15:41.443+0300] {processor.py:157} INFO - Started process (PID=19444) to work on /home/miminari/repos/airflow_project/env/lib/python3.10/site-packages/airflow/example_dags/example_params_ui_tutorial.py
[2023-08-31T19:15:41.443+0300] {processor.py:829} INFO - Processing file /home/miminari/repos/airflow_project/env/lib/python3.10/site-packages/airflow/example_dags/example_params_ui_tutorial.py for tasks to queue
[2023-08-31T19:15:41.444+0300] {logging_mixin.py:151} INFO - [2023-08-31T19:15:41.443+0300] {dagbag.py:539} INFO - Filling up the DagBag from /home/miminari/repos/airflow_project/env/lib/python3.10/site-packages/airflow/example_dags/example_params_ui_tutorial.py
[2023-08-31T19:15:41.471+0300] {processor.py:839} INFO - DAG(s) dict_keys(['example_params_ui_tutorial']) retrieved from /home/miminari/repos/airflow_project/env/lib/python3.10/site-packages/airflow/example_dags/example_params_ui_tutorial.py
[2023-08-31T19:15:41.524+0300] {logging_mixin.py:151} INFO - [2023-08-31T19:15:41.524+0300] {dag.py:2907} INFO - Sync 1 DAGs
[2023-08-31T19:15:41.536+0300] {logging_mixin.py:151} INFO - [2023-08-31T19:15:41.535+0300] {dag.py:3677} INFO - Setting next_dagrun for example_params_ui_tutorial to None, run_after=None
[2023-08-31T19:15:41.552+0300] {processor.py:179} INFO - Processing /home/miminari/repos/airflow_project/env/lib/python3.10/site-packages/airflow/example_dags/example_params_ui_tutorial.py took 0.112 seconds
[2023-08-31T19:16:11.847+0300] {processor.py:157} INFO - Started process (PID=19600) to work on /home/miminari/repos/airflow_project/env/lib/python3.10/site-packages/airflow/example_dags/example_params_ui_tutorial.py
[2023-08-31T19:16:11.852+0300] {processor.py:829} INFO - Processing file /home/miminari/repos/airflow_project/env/lib/python3.10/site-packages/airflow/example_dags/example_params_ui_tutorial.py for tasks to queue
[2023-08-31T19:16:11.853+0300] {logging_mixin.py:151} INFO - [2023-08-31T19:16:11.853+0300] {dagbag.py:539} INFO - Filling up the DagBag from /home/miminari/repos/airflow_project/env/lib/python3.10/site-packages/airflow/example_dags/example_params_ui_tutorial.py
[2023-08-31T19:16:11.884+0300] {processor.py:839} INFO - DAG(s) dict_keys(['example_params_ui_tutorial']) retrieved from /home/miminari/repos/airflow_project/env/lib/python3.10/site-packages/airflow/example_dags/example_params_ui_tutorial.py
[2023-08-31T19:16:11.955+0300] {logging_mixin.py:151} INFO - [2023-08-31T19:16:11.955+0300] {dag.py:2907} INFO - Sync 1 DAGs
[2023-08-31T19:16:11.980+0300] {logging_mixin.py:151} INFO - [2023-08-31T19:16:11.977+0300] {dag.py:3677} INFO - Setting next_dagrun for example_params_ui_tutorial to None, run_after=None
[2023-08-31T19:16:11.997+0300] {processor.py:179} INFO - Processing /home/miminari/repos/airflow_project/env/lib/python3.10/site-packages/airflow/example_dags/example_params_ui_tutorial.py took 0.152 seconds
[2023-08-31T19:16:42.036+0300] {processor.py:157} INFO - Started process (PID=19697) to work on /home/miminari/repos/airflow_project/env/lib/python3.10/site-packages/airflow/example_dags/example_params_ui_tutorial.py
[2023-08-31T19:16:42.036+0300] {processor.py:829} INFO - Processing file /home/miminari/repos/airflow_project/env/lib/python3.10/site-packages/airflow/example_dags/example_params_ui_tutorial.py for tasks to queue
[2023-08-31T19:16:42.037+0300] {logging_mixin.py:151} INFO - [2023-08-31T19:16:42.037+0300] {dagbag.py:539} INFO - Filling up the DagBag from /home/miminari/repos/airflow_project/env/lib/python3.10/site-packages/airflow/example_dags/example_params_ui_tutorial.py
[2023-08-31T19:16:42.065+0300] {processor.py:839} INFO - DAG(s) dict_keys(['example_params_ui_tutorial']) retrieved from /home/miminari/repos/airflow_project/env/lib/python3.10/site-packages/airflow/example_dags/example_params_ui_tutorial.py
[2023-08-31T19:16:42.122+0300] {logging_mixin.py:151} INFO - [2023-08-31T19:16:42.121+0300] {dag.py:2907} INFO - Sync 1 DAGs
[2023-08-31T19:16:42.131+0300] {logging_mixin.py:151} INFO - [2023-08-31T19:16:42.131+0300] {dag.py:3677} INFO - Setting next_dagrun for example_params_ui_tutorial to None, run_after=None
[2023-08-31T19:16:42.143+0300] {processor.py:179} INFO - Processing /home/miminari/repos/airflow_project/env/lib/python3.10/site-packages/airflow/example_dags/example_params_ui_tutorial.py took 0.111 seconds
[2023-08-31T19:17:12.284+0300] {processor.py:157} INFO - Started process (PID=19868) to work on /home/miminari/repos/airflow_project/env/lib/python3.10/site-packages/airflow/example_dags/example_params_ui_tutorial.py
[2023-08-31T19:17:12.285+0300] {processor.py:829} INFO - Processing file /home/miminari/repos/airflow_project/env/lib/python3.10/site-packages/airflow/example_dags/example_params_ui_tutorial.py for tasks to queue
[2023-08-31T19:17:12.285+0300] {logging_mixin.py:151} INFO - [2023-08-31T19:17:12.285+0300] {dagbag.py:539} INFO - Filling up the DagBag from /home/miminari/repos/airflow_project/env/lib/python3.10/site-packages/airflow/example_dags/example_params_ui_tutorial.py
[2023-08-31T19:17:12.311+0300] {processor.py:839} INFO - DAG(s) dict_keys(['example_params_ui_tutorial']) retrieved from /home/miminari/repos/airflow_project/env/lib/python3.10/site-packages/airflow/example_dags/example_params_ui_tutorial.py
[2023-08-31T19:17:12.364+0300] {logging_mixin.py:151} INFO - [2023-08-31T19:17:12.363+0300] {dag.py:2907} INFO - Sync 1 DAGs
[2023-08-31T19:17:12.374+0300] {logging_mixin.py:151} INFO - [2023-08-31T19:17:12.373+0300] {dag.py:3677} INFO - Setting next_dagrun for example_params_ui_tutorial to None, run_after=None
[2023-08-31T19:17:12.386+0300] {processor.py:179} INFO - Processing /home/miminari/repos/airflow_project/env/lib/python3.10/site-packages/airflow/example_dags/example_params_ui_tutorial.py took 0.103 seconds
[2023-08-31T19:17:42.448+0300] {processor.py:157} INFO - Started process (PID=19963) to work on /home/miminari/repos/airflow_project/env/lib/python3.10/site-packages/airflow/example_dags/example_params_ui_tutorial.py
[2023-08-31T19:17:42.449+0300] {processor.py:829} INFO - Processing file /home/miminari/repos/airflow_project/env/lib/python3.10/site-packages/airflow/example_dags/example_params_ui_tutorial.py for tasks to queue
[2023-08-31T19:17:42.449+0300] {logging_mixin.py:151} INFO - [2023-08-31T19:17:42.449+0300] {dagbag.py:539} INFO - Filling up the DagBag from /home/miminari/repos/airflow_project/env/lib/python3.10/site-packages/airflow/example_dags/example_params_ui_tutorial.py
[2023-08-31T19:17:42.477+0300] {processor.py:839} INFO - DAG(s) dict_keys(['example_params_ui_tutorial']) retrieved from /home/miminari/repos/airflow_project/env/lib/python3.10/site-packages/airflow/example_dags/example_params_ui_tutorial.py
[2023-08-31T19:17:42.533+0300] {logging_mixin.py:151} INFO - [2023-08-31T19:17:42.533+0300] {dag.py:2907} INFO - Sync 1 DAGs
[2023-08-31T19:17:42.544+0300] {logging_mixin.py:151} INFO - [2023-08-31T19:17:42.543+0300] {dag.py:3677} INFO - Setting next_dagrun for example_params_ui_tutorial to None, run_after=None
[2023-08-31T19:17:42.556+0300] {processor.py:179} INFO - Processing /home/miminari/repos/airflow_project/env/lib/python3.10/site-packages/airflow/example_dags/example_params_ui_tutorial.py took 0.111 seconds
[2023-08-31T19:18:12.641+0300] {processor.py:157} INFO - Started process (PID=20113) to work on /home/miminari/repos/airflow_project/env/lib/python3.10/site-packages/airflow/example_dags/example_params_ui_tutorial.py
[2023-08-31T19:18:12.642+0300] {processor.py:829} INFO - Processing file /home/miminari/repos/airflow_project/env/lib/python3.10/site-packages/airflow/example_dags/example_params_ui_tutorial.py for tasks to queue
[2023-08-31T19:18:12.642+0300] {logging_mixin.py:151} INFO - [2023-08-31T19:18:12.642+0300] {dagbag.py:539} INFO - Filling up the DagBag from /home/miminari/repos/airflow_project/env/lib/python3.10/site-packages/airflow/example_dags/example_params_ui_tutorial.py
[2023-08-31T19:18:12.669+0300] {processor.py:839} INFO - DAG(s) dict_keys(['example_params_ui_tutorial']) retrieved from /home/miminari/repos/airflow_project/env/lib/python3.10/site-packages/airflow/example_dags/example_params_ui_tutorial.py
[2023-08-31T19:18:12.736+0300] {logging_mixin.py:151} INFO - [2023-08-31T19:18:12.736+0300] {dag.py:2907} INFO - Sync 1 DAGs
[2023-08-31T19:18:12.747+0300] {logging_mixin.py:151} INFO - [2023-08-31T19:18:12.747+0300] {dag.py:3677} INFO - Setting next_dagrun for example_params_ui_tutorial to None, run_after=None
[2023-08-31T19:18:12.760+0300] {processor.py:179} INFO - Processing /home/miminari/repos/airflow_project/env/lib/python3.10/site-packages/airflow/example_dags/example_params_ui_tutorial.py took 0.121 seconds
[2023-08-31T19:18:42.828+0300] {processor.py:157} INFO - Started process (PID=20208) to work on /home/miminari/repos/airflow_project/env/lib/python3.10/site-packages/airflow/example_dags/example_params_ui_tutorial.py
[2023-08-31T19:18:42.829+0300] {processor.py:829} INFO - Processing file /home/miminari/repos/airflow_project/env/lib/python3.10/site-packages/airflow/example_dags/example_params_ui_tutorial.py for tasks to queue
[2023-08-31T19:18:42.829+0300] {logging_mixin.py:151} INFO - [2023-08-31T19:18:42.829+0300] {dagbag.py:539} INFO - Filling up the DagBag from /home/miminari/repos/airflow_project/env/lib/python3.10/site-packages/airflow/example_dags/example_params_ui_tutorial.py
[2023-08-31T19:18:42.854+0300] {processor.py:839} INFO - DAG(s) dict_keys(['example_params_ui_tutorial']) retrieved from /home/miminari/repos/airflow_project/env/lib/python3.10/site-packages/airflow/example_dags/example_params_ui_tutorial.py
[2023-08-31T19:18:42.909+0300] {logging_mixin.py:151} INFO - [2023-08-31T19:18:42.908+0300] {dag.py:2907} INFO - Sync 1 DAGs
[2023-08-31T19:18:42.919+0300] {logging_mixin.py:151} INFO - [2023-08-31T19:18:42.919+0300] {dag.py:3677} INFO - Setting next_dagrun for example_params_ui_tutorial to None, run_after=None
[2023-08-31T19:18:42.932+0300] {processor.py:179} INFO - Processing /home/miminari/repos/airflow_project/env/lib/python3.10/site-packages/airflow/example_dags/example_params_ui_tutorial.py took 0.106 seconds
[2023-08-31T19:19:13.269+0300] {processor.py:157} INFO - Started process (PID=20312) to work on /home/miminari/repos/airflow_project/env/lib/python3.10/site-packages/airflow/example_dags/example_params_ui_tutorial.py
[2023-08-31T19:19:13.270+0300] {processor.py:829} INFO - Processing file /home/miminari/repos/airflow_project/env/lib/python3.10/site-packages/airflow/example_dags/example_params_ui_tutorial.py for tasks to queue
[2023-08-31T19:19:13.270+0300] {logging_mixin.py:151} INFO - [2023-08-31T19:19:13.270+0300] {dagbag.py:539} INFO - Filling up the DagBag from /home/miminari/repos/airflow_project/env/lib/python3.10/site-packages/airflow/example_dags/example_params_ui_tutorial.py
[2023-08-31T19:19:13.305+0300] {processor.py:839} INFO - DAG(s) dict_keys(['example_params_ui_tutorial']) retrieved from /home/miminari/repos/airflow_project/env/lib/python3.10/site-packages/airflow/example_dags/example_params_ui_tutorial.py
[2023-08-31T19:19:13.396+0300] {logging_mixin.py:151} INFO - [2023-08-31T19:19:13.396+0300] {dag.py:2907} INFO - Sync 1 DAGs
[2023-08-31T19:19:13.408+0300] {logging_mixin.py:151} INFO - [2023-08-31T19:19:13.407+0300] {dag.py:3677} INFO - Setting next_dagrun for example_params_ui_tutorial to None, run_after=None
[2023-08-31T19:19:13.436+0300] {processor.py:179} INFO - Processing /home/miminari/repos/airflow_project/env/lib/python3.10/site-packages/airflow/example_dags/example_params_ui_tutorial.py took 0.169 seconds
[2023-08-31T19:19:43.663+0300] {processor.py:157} INFO - Started process (PID=20412) to work on /home/miminari/repos/airflow_project/env/lib/python3.10/site-packages/airflow/example_dags/example_params_ui_tutorial.py
[2023-08-31T19:19:43.664+0300] {processor.py:829} INFO - Processing file /home/miminari/repos/airflow_project/env/lib/python3.10/site-packages/airflow/example_dags/example_params_ui_tutorial.py for tasks to queue
[2023-08-31T19:19:43.665+0300] {logging_mixin.py:151} INFO - [2023-08-31T19:19:43.664+0300] {dagbag.py:539} INFO - Filling up the DagBag from /home/miminari/repos/airflow_project/env/lib/python3.10/site-packages/airflow/example_dags/example_params_ui_tutorial.py
[2023-08-31T19:19:43.691+0300] {processor.py:839} INFO - DAG(s) dict_keys(['example_params_ui_tutorial']) retrieved from /home/miminari/repos/airflow_project/env/lib/python3.10/site-packages/airflow/example_dags/example_params_ui_tutorial.py
[2023-08-31T19:19:43.747+0300] {logging_mixin.py:151} INFO - [2023-08-31T19:19:43.746+0300] {dag.py:2907} INFO - Sync 1 DAGs
[2023-08-31T19:19:43.757+0300] {logging_mixin.py:151} INFO - [2023-08-31T19:19:43.757+0300] {dag.py:3677} INFO - Setting next_dagrun for example_params_ui_tutorial to None, run_after=None
[2023-08-31T19:19:43.771+0300] {processor.py:179} INFO - Processing /home/miminari/repos/airflow_project/env/lib/python3.10/site-packages/airflow/example_dags/example_params_ui_tutorial.py took 0.111 seconds
