[2023-08-31T19:12:06.596+0300] {processor.py:157} INFO - Started process (PID=18560) to work on /home/miminari/repos/airflow_project/env/lib/python3.10/site-packages/airflow/example_dags/example_skip_dag.py
[2023-08-31T19:12:06.597+0300] {processor.py:829} INFO - Processing file /home/miminari/repos/airflow_project/env/lib/python3.10/site-packages/airflow/example_dags/example_skip_dag.py for tasks to queue
[2023-08-31T19:12:06.597+0300] {logging_mixin.py:151} INFO - [2023-08-31T19:12:06.597+0300] {dagbag.py:539} INFO - Filling up the DagBag from /home/miminari/repos/airflow_project/env/lib/python3.10/site-packages/airflow/example_dags/example_skip_dag.py
[2023-08-31T19:12:06.603+0300] {processor.py:839} INFO - DAG(s) dict_keys(['example_skip_dag']) retrieved from /home/miminari/repos/airflow_project/env/lib/python3.10/site-packages/airflow/example_dags/example_skip_dag.py
[2023-08-31T19:12:06.829+0300] {logging_mixin.py:151} INFO - [2023-08-31T19:12:06.829+0300] {manager.py:501} INFO - Created Permission View: can read on DAG:example_skip_dag
[2023-08-31T19:12:06.836+0300] {logging_mixin.py:151} INFO - [2023-08-31T19:12:06.836+0300] {manager.py:501} INFO - Created Permission View: can delete on DAG:example_skip_dag
[2023-08-31T19:12:06.840+0300] {logging_mixin.py:151} INFO - [2023-08-31T19:12:06.840+0300] {manager.py:501} INFO - Created Permission View: can edit on DAG:example_skip_dag
[2023-08-31T19:12:06.849+0300] {logging_mixin.py:151} INFO - [2023-08-31T19:12:06.849+0300] {dag.py:2907} INFO - Sync 1 DAGs
[2023-08-31T19:12:06.857+0300] {logging_mixin.py:151} INFO - [2023-08-31T19:12:06.857+0300] {dag.py:2929} INFO - Creating ORM DAG for example_skip_dag
[2023-08-31T19:12:06.864+0300] {logging_mixin.py:151} INFO - [2023-08-31T19:12:06.864+0300] {dag.py:3677} INFO - Setting next_dagrun for example_skip_dag to 2023-08-30T16:12:06.864030+00:00, run_after=2023-08-31T16:12:06.864030+00:00
[2023-08-31T19:12:06.875+0300] {processor.py:179} INFO - Processing /home/miminari/repos/airflow_project/env/lib/python3.10/site-packages/airflow/example_dags/example_skip_dag.py took 0.282 seconds
[2023-08-31T19:12:36.958+0300] {processor.py:157} INFO - Started process (PID=18684) to work on /home/miminari/repos/airflow_project/env/lib/python3.10/site-packages/airflow/example_dags/example_skip_dag.py
[2023-08-31T19:12:36.958+0300] {processor.py:829} INFO - Processing file /home/miminari/repos/airflow_project/env/lib/python3.10/site-packages/airflow/example_dags/example_skip_dag.py for tasks to queue
[2023-08-31T19:12:36.959+0300] {logging_mixin.py:151} INFO - [2023-08-31T19:12:36.959+0300] {dagbag.py:539} INFO - Filling up the DagBag from /home/miminari/repos/airflow_project/env/lib/python3.10/site-packages/airflow/example_dags/example_skip_dag.py
[2023-08-31T19:12:36.964+0300] {processor.py:839} INFO - DAG(s) dict_keys(['example_skip_dag']) retrieved from /home/miminari/repos/airflow_project/env/lib/python3.10/site-packages/airflow/example_dags/example_skip_dag.py
[2023-08-31T19:12:36.985+0300] {logging_mixin.py:151} INFO - [2023-08-31T19:12:36.985+0300] {dag.py:2907} INFO - Sync 1 DAGs
[2023-08-31T19:12:37.002+0300] {logging_mixin.py:151} INFO - [2023-08-31T19:12:37.002+0300] {dag.py:3677} INFO - Setting next_dagrun for example_skip_dag to 2023-08-30T16:12:37.002095+00:00, run_after=2023-08-31T16:12:37.002095+00:00
[2023-08-31T19:12:37.015+0300] {processor.py:179} INFO - Processing /home/miminari/repos/airflow_project/env/lib/python3.10/site-packages/airflow/example_dags/example_skip_dag.py took 0.059 seconds
[2023-08-31T19:13:07.125+0300] {processor.py:157} INFO - Started process (PID=18784) to work on /home/miminari/repos/airflow_project/env/lib/python3.10/site-packages/airflow/example_dags/example_skip_dag.py
[2023-08-31T19:13:07.125+0300] {processor.py:829} INFO - Processing file /home/miminari/repos/airflow_project/env/lib/python3.10/site-packages/airflow/example_dags/example_skip_dag.py for tasks to queue
[2023-08-31T19:13:07.126+0300] {logging_mixin.py:151} INFO - [2023-08-31T19:13:07.126+0300] {dagbag.py:539} INFO - Filling up the DagBag from /home/miminari/repos/airflow_project/env/lib/python3.10/site-packages/airflow/example_dags/example_skip_dag.py
[2023-08-31T19:13:07.131+0300] {processor.py:839} INFO - DAG(s) dict_keys(['example_skip_dag']) retrieved from /home/miminari/repos/airflow_project/env/lib/python3.10/site-packages/airflow/example_dags/example_skip_dag.py
[2023-08-31T19:13:07.153+0300] {logging_mixin.py:151} INFO - [2023-08-31T19:13:07.153+0300] {dag.py:2907} INFO - Sync 1 DAGs
[2023-08-31T19:13:07.170+0300] {logging_mixin.py:151} INFO - [2023-08-31T19:13:07.170+0300] {dag.py:3677} INFO - Setting next_dagrun for example_skip_dag to 2023-08-30T16:13:07.170109+00:00, run_after=2023-08-31T16:13:07.170109+00:00
[2023-08-31T19:13:07.183+0300] {processor.py:179} INFO - Processing /home/miminari/repos/airflow_project/env/lib/python3.10/site-packages/airflow/example_dags/example_skip_dag.py took 0.061 seconds
[2023-08-31T19:13:38.080+0300] {processor.py:157} INFO - Started process (PID=18892) to work on /home/miminari/repos/airflow_project/env/lib/python3.10/site-packages/airflow/example_dags/example_skip_dag.py
[2023-08-31T19:13:38.080+0300] {processor.py:829} INFO - Processing file /home/miminari/repos/airflow_project/env/lib/python3.10/site-packages/airflow/example_dags/example_skip_dag.py for tasks to queue
[2023-08-31T19:13:38.081+0300] {logging_mixin.py:151} INFO - [2023-08-31T19:13:38.081+0300] {dagbag.py:539} INFO - Filling up the DagBag from /home/miminari/repos/airflow_project/env/lib/python3.10/site-packages/airflow/example_dags/example_skip_dag.py
[2023-08-31T19:13:38.086+0300] {processor.py:839} INFO - DAG(s) dict_keys(['example_skip_dag']) retrieved from /home/miminari/repos/airflow_project/env/lib/python3.10/site-packages/airflow/example_dags/example_skip_dag.py
[2023-08-31T19:13:38.124+0300] {logging_mixin.py:151} INFO - [2023-08-31T19:13:38.123+0300] {dag.py:2907} INFO - Sync 1 DAGs
[2023-08-31T19:13:38.145+0300] {logging_mixin.py:151} INFO - [2023-08-31T19:13:38.144+0300] {dag.py:3677} INFO - Setting next_dagrun for example_skip_dag to 2023-08-30T16:13:38.144640+00:00, run_after=2023-08-31T16:13:38.144640+00:00
[2023-08-31T19:13:38.157+0300] {processor.py:179} INFO - Processing /home/miminari/repos/airflow_project/env/lib/python3.10/site-packages/airflow/example_dags/example_skip_dag.py took 0.079 seconds
[2023-08-31T19:14:08.353+0300] {processor.py:157} INFO - Started process (PID=18990) to work on /home/miminari/repos/airflow_project/env/lib/python3.10/site-packages/airflow/example_dags/example_skip_dag.py
[2023-08-31T19:14:08.354+0300] {processor.py:829} INFO - Processing file /home/miminari/repos/airflow_project/env/lib/python3.10/site-packages/airflow/example_dags/example_skip_dag.py for tasks to queue
[2023-08-31T19:14:08.354+0300] {logging_mixin.py:151} INFO - [2023-08-31T19:14:08.354+0300] {dagbag.py:539} INFO - Filling up the DagBag from /home/miminari/repos/airflow_project/env/lib/python3.10/site-packages/airflow/example_dags/example_skip_dag.py
[2023-08-31T19:14:08.360+0300] {processor.py:839} INFO - DAG(s) dict_keys(['example_skip_dag']) retrieved from /home/miminari/repos/airflow_project/env/lib/python3.10/site-packages/airflow/example_dags/example_skip_dag.py
[2023-08-31T19:14:08.386+0300] {logging_mixin.py:151} INFO - [2023-08-31T19:14:08.386+0300] {dag.py:2907} INFO - Sync 1 DAGs
[2023-08-31T19:14:08.405+0300] {logging_mixin.py:151} INFO - [2023-08-31T19:14:08.404+0300] {dag.py:3677} INFO - Setting next_dagrun for example_skip_dag to 2023-08-30T16:14:08.404671+00:00, run_after=2023-08-31T16:14:08.404671+00:00
[2023-08-31T19:14:08.419+0300] {processor.py:179} INFO - Processing /home/miminari/repos/airflow_project/env/lib/python3.10/site-packages/airflow/example_dags/example_skip_dag.py took 0.068 seconds
[2023-08-31T19:14:38.499+0300] {processor.py:157} INFO - Started process (PID=19084) to work on /home/miminari/repos/airflow_project/env/lib/python3.10/site-packages/airflow/example_dags/example_skip_dag.py
[2023-08-31T19:14:38.500+0300] {processor.py:829} INFO - Processing file /home/miminari/repos/airflow_project/env/lib/python3.10/site-packages/airflow/example_dags/example_skip_dag.py for tasks to queue
[2023-08-31T19:14:38.500+0300] {logging_mixin.py:151} INFO - [2023-08-31T19:14:38.500+0300] {dagbag.py:539} INFO - Filling up the DagBag from /home/miminari/repos/airflow_project/env/lib/python3.10/site-packages/airflow/example_dags/example_skip_dag.py
[2023-08-31T19:14:38.506+0300] {processor.py:839} INFO - DAG(s) dict_keys(['example_skip_dag']) retrieved from /home/miminari/repos/airflow_project/env/lib/python3.10/site-packages/airflow/example_dags/example_skip_dag.py
[2023-08-31T19:14:38.530+0300] {logging_mixin.py:151} INFO - [2023-08-31T19:14:38.529+0300] {dag.py:2907} INFO - Sync 1 DAGs
[2023-08-31T19:14:38.548+0300] {logging_mixin.py:151} INFO - [2023-08-31T19:14:38.548+0300] {dag.py:3677} INFO - Setting next_dagrun for example_skip_dag to 2023-08-30T16:14:38.548474+00:00, run_after=2023-08-31T16:14:38.548474+00:00
[2023-08-31T19:14:38.568+0300] {processor.py:179} INFO - Processing /home/miminari/repos/airflow_project/env/lib/python3.10/site-packages/airflow/example_dags/example_skip_dag.py took 0.071 seconds
[2023-08-31T19:15:08.775+0300] {processor.py:157} INFO - Started process (PID=19286) to work on /home/miminari/repos/airflow_project/env/lib/python3.10/site-packages/airflow/example_dags/example_skip_dag.py
[2023-08-31T19:15:08.776+0300] {processor.py:829} INFO - Processing file /home/miminari/repos/airflow_project/env/lib/python3.10/site-packages/airflow/example_dags/example_skip_dag.py for tasks to queue
[2023-08-31T19:15:08.776+0300] {logging_mixin.py:151} INFO - [2023-08-31T19:15:08.776+0300] {dagbag.py:539} INFO - Filling up the DagBag from /home/miminari/repos/airflow_project/env/lib/python3.10/site-packages/airflow/example_dags/example_skip_dag.py
[2023-08-31T19:15:08.782+0300] {processor.py:839} INFO - DAG(s) dict_keys(['example_skip_dag']) retrieved from /home/miminari/repos/airflow_project/env/lib/python3.10/site-packages/airflow/example_dags/example_skip_dag.py
[2023-08-31T19:15:08.810+0300] {logging_mixin.py:151} INFO - [2023-08-31T19:15:08.810+0300] {dag.py:2907} INFO - Sync 1 DAGs
[2023-08-31T19:15:08.830+0300] {logging_mixin.py:151} INFO - [2023-08-31T19:15:08.830+0300] {dag.py:3677} INFO - Setting next_dagrun for example_skip_dag to 2023-08-30T16:15:08.829862+00:00, run_after=2023-08-31T16:15:08.829862+00:00
[2023-08-31T19:15:08.846+0300] {processor.py:179} INFO - Processing /home/miminari/repos/airflow_project/env/lib/python3.10/site-packages/airflow/example_dags/example_skip_dag.py took 0.074 seconds
[2023-08-31T19:15:39.055+0300] {processor.py:157} INFO - Started process (PID=19384) to work on /home/miminari/repos/airflow_project/env/lib/python3.10/site-packages/airflow/example_dags/example_skip_dag.py
[2023-08-31T19:15:39.056+0300] {processor.py:829} INFO - Processing file /home/miminari/repos/airflow_project/env/lib/python3.10/site-packages/airflow/example_dags/example_skip_dag.py for tasks to queue
[2023-08-31T19:15:39.056+0300] {logging_mixin.py:151} INFO - [2023-08-31T19:15:39.056+0300] {dagbag.py:539} INFO - Filling up the DagBag from /home/miminari/repos/airflow_project/env/lib/python3.10/site-packages/airflow/example_dags/example_skip_dag.py
[2023-08-31T19:15:39.061+0300] {processor.py:839} INFO - DAG(s) dict_keys(['example_skip_dag']) retrieved from /home/miminari/repos/airflow_project/env/lib/python3.10/site-packages/airflow/example_dags/example_skip_dag.py
[2023-08-31T19:15:39.088+0300] {logging_mixin.py:151} INFO - [2023-08-31T19:15:39.087+0300] {dag.py:2907} INFO - Sync 1 DAGs
[2023-08-31T19:15:39.109+0300] {logging_mixin.py:151} INFO - [2023-08-31T19:15:39.108+0300] {dag.py:3677} INFO - Setting next_dagrun for example_skip_dag to 2023-08-30T16:15:39.108627+00:00, run_after=2023-08-31T16:15:39.108627+00:00
[2023-08-31T19:15:39.123+0300] {processor.py:179} INFO - Processing /home/miminari/repos/airflow_project/env/lib/python3.10/site-packages/airflow/example_dags/example_skip_dag.py took 0.071 seconds
[2023-08-31T19:16:09.254+0300] {processor.py:157} INFO - Started process (PID=19538) to work on /home/miminari/repos/airflow_project/env/lib/python3.10/site-packages/airflow/example_dags/example_skip_dag.py
[2023-08-31T19:16:09.255+0300] {processor.py:829} INFO - Processing file /home/miminari/repos/airflow_project/env/lib/python3.10/site-packages/airflow/example_dags/example_skip_dag.py for tasks to queue
[2023-08-31T19:16:09.255+0300] {logging_mixin.py:151} INFO - [2023-08-31T19:16:09.255+0300] {dagbag.py:539} INFO - Filling up the DagBag from /home/miminari/repos/airflow_project/env/lib/python3.10/site-packages/airflow/example_dags/example_skip_dag.py
[2023-08-31T19:16:09.262+0300] {processor.py:839} INFO - DAG(s) dict_keys(['example_skip_dag']) retrieved from /home/miminari/repos/airflow_project/env/lib/python3.10/site-packages/airflow/example_dags/example_skip_dag.py
[2023-08-31T19:16:09.307+0300] {logging_mixin.py:151} INFO - [2023-08-31T19:16:09.307+0300] {dag.py:2907} INFO - Sync 1 DAGs
[2023-08-31T19:16:09.343+0300] {logging_mixin.py:151} INFO - [2023-08-31T19:16:09.342+0300] {dag.py:3677} INFO - Setting next_dagrun for example_skip_dag to 2023-08-30T16:16:09.342526+00:00, run_after=2023-08-31T16:16:09.342526+00:00
[2023-08-31T19:16:09.356+0300] {processor.py:179} INFO - Processing /home/miminari/repos/airflow_project/env/lib/python3.10/site-packages/airflow/example_dags/example_skip_dag.py took 0.104 seconds
[2023-08-31T19:16:39.675+0300] {processor.py:157} INFO - Started process (PID=19638) to work on /home/miminari/repos/airflow_project/env/lib/python3.10/site-packages/airflow/example_dags/example_skip_dag.py
[2023-08-31T19:16:39.676+0300] {processor.py:829} INFO - Processing file /home/miminari/repos/airflow_project/env/lib/python3.10/site-packages/airflow/example_dags/example_skip_dag.py for tasks to queue
[2023-08-31T19:16:39.676+0300] {logging_mixin.py:151} INFO - [2023-08-31T19:16:39.676+0300] {dagbag.py:539} INFO - Filling up the DagBag from /home/miminari/repos/airflow_project/env/lib/python3.10/site-packages/airflow/example_dags/example_skip_dag.py
[2023-08-31T19:16:39.682+0300] {processor.py:839} INFO - DAG(s) dict_keys(['example_skip_dag']) retrieved from /home/miminari/repos/airflow_project/env/lib/python3.10/site-packages/airflow/example_dags/example_skip_dag.py
[2023-08-31T19:16:39.708+0300] {logging_mixin.py:151} INFO - [2023-08-31T19:16:39.708+0300] {dag.py:2907} INFO - Sync 1 DAGs
[2023-08-31T19:16:39.725+0300] {logging_mixin.py:151} INFO - [2023-08-31T19:16:39.725+0300] {dag.py:3677} INFO - Setting next_dagrun for example_skip_dag to 2023-08-30T16:16:39.725501+00:00, run_after=2023-08-31T16:16:39.725501+00:00
[2023-08-31T19:16:39.739+0300] {processor.py:179} INFO - Processing /home/miminari/repos/airflow_project/env/lib/python3.10/site-packages/airflow/example_dags/example_skip_dag.py took 0.066 seconds
[2023-08-31T19:17:09.920+0300] {processor.py:157} INFO - Started process (PID=19788) to work on /home/miminari/repos/airflow_project/env/lib/python3.10/site-packages/airflow/example_dags/example_skip_dag.py
[2023-08-31T19:17:09.921+0300] {processor.py:829} INFO - Processing file /home/miminari/repos/airflow_project/env/lib/python3.10/site-packages/airflow/example_dags/example_skip_dag.py for tasks to queue
[2023-08-31T19:17:09.921+0300] {logging_mixin.py:151} INFO - [2023-08-31T19:17:09.921+0300] {dagbag.py:539} INFO - Filling up the DagBag from /home/miminari/repos/airflow_project/env/lib/python3.10/site-packages/airflow/example_dags/example_skip_dag.py
[2023-08-31T19:17:09.927+0300] {processor.py:839} INFO - DAG(s) dict_keys(['example_skip_dag']) retrieved from /home/miminari/repos/airflow_project/env/lib/python3.10/site-packages/airflow/example_dags/example_skip_dag.py
[2023-08-31T19:17:09.954+0300] {logging_mixin.py:151} INFO - [2023-08-31T19:17:09.954+0300] {dag.py:2907} INFO - Sync 1 DAGs
[2023-08-31T19:17:09.973+0300] {logging_mixin.py:151} INFO - [2023-08-31T19:17:09.973+0300] {dag.py:3677} INFO - Setting next_dagrun for example_skip_dag to 2023-08-30T16:17:09.973075+00:00, run_after=2023-08-31T16:17:09.973075+00:00
[2023-08-31T19:17:09.987+0300] {processor.py:179} INFO - Processing /home/miminari/repos/airflow_project/env/lib/python3.10/site-packages/airflow/example_dags/example_skip_dag.py took 0.069 seconds
[2023-08-31T19:17:40.201+0300] {processor.py:157} INFO - Started process (PID=19904) to work on /home/miminari/repos/airflow_project/env/lib/python3.10/site-packages/airflow/example_dags/example_skip_dag.py
[2023-08-31T19:17:40.202+0300] {processor.py:829} INFO - Processing file /home/miminari/repos/airflow_project/env/lib/python3.10/site-packages/airflow/example_dags/example_skip_dag.py for tasks to queue
[2023-08-31T19:17:40.202+0300] {logging_mixin.py:151} INFO - [2023-08-31T19:17:40.202+0300] {dagbag.py:539} INFO - Filling up the DagBag from /home/miminari/repos/airflow_project/env/lib/python3.10/site-packages/airflow/example_dags/example_skip_dag.py
[2023-08-31T19:17:40.208+0300] {processor.py:839} INFO - DAG(s) dict_keys(['example_skip_dag']) retrieved from /home/miminari/repos/airflow_project/env/lib/python3.10/site-packages/airflow/example_dags/example_skip_dag.py
[2023-08-31T19:17:40.232+0300] {logging_mixin.py:151} INFO - [2023-08-31T19:17:40.232+0300] {dag.py:2907} INFO - Sync 1 DAGs
[2023-08-31T19:17:40.251+0300] {logging_mixin.py:151} INFO - [2023-08-31T19:17:40.251+0300] {dag.py:3677} INFO - Setting next_dagrun for example_skip_dag to 2023-08-30T16:17:40.250897+00:00, run_after=2023-08-31T16:17:40.250897+00:00
[2023-08-31T19:17:40.269+0300] {processor.py:179} INFO - Processing /home/miminari/repos/airflow_project/env/lib/python3.10/site-packages/airflow/example_dags/example_skip_dag.py took 0.071 seconds
[2023-08-31T19:18:10.309+0300] {processor.py:157} INFO - Started process (PID=20053) to work on /home/miminari/repos/airflow_project/env/lib/python3.10/site-packages/airflow/example_dags/example_skip_dag.py
[2023-08-31T19:18:10.310+0300] {processor.py:829} INFO - Processing file /home/miminari/repos/airflow_project/env/lib/python3.10/site-packages/airflow/example_dags/example_skip_dag.py for tasks to queue
[2023-08-31T19:18:10.311+0300] {logging_mixin.py:151} INFO - [2023-08-31T19:18:10.310+0300] {dagbag.py:539} INFO - Filling up the DagBag from /home/miminari/repos/airflow_project/env/lib/python3.10/site-packages/airflow/example_dags/example_skip_dag.py
[2023-08-31T19:18:10.319+0300] {processor.py:839} INFO - DAG(s) dict_keys(['example_skip_dag']) retrieved from /home/miminari/repos/airflow_project/env/lib/python3.10/site-packages/airflow/example_dags/example_skip_dag.py
[2023-08-31T19:18:10.344+0300] {logging_mixin.py:151} INFO - [2023-08-31T19:18:10.344+0300] {dag.py:2907} INFO - Sync 1 DAGs
[2023-08-31T19:18:10.366+0300] {logging_mixin.py:151} INFO - [2023-08-31T19:18:10.365+0300] {dag.py:3677} INFO - Setting next_dagrun for example_skip_dag to 2023-08-30T16:18:10.365697+00:00, run_after=2023-08-31T16:18:10.365697+00:00
[2023-08-31T19:18:10.380+0300] {processor.py:179} INFO - Processing /home/miminari/repos/airflow_project/env/lib/python3.10/site-packages/airflow/example_dags/example_skip_dag.py took 0.074 seconds
[2023-08-31T19:18:40.490+0300] {processor.py:157} INFO - Started process (PID=20148) to work on /home/miminari/repos/airflow_project/env/lib/python3.10/site-packages/airflow/example_dags/example_skip_dag.py
[2023-08-31T19:18:40.491+0300] {processor.py:829} INFO - Processing file /home/miminari/repos/airflow_project/env/lib/python3.10/site-packages/airflow/example_dags/example_skip_dag.py for tasks to queue
[2023-08-31T19:18:40.492+0300] {logging_mixin.py:151} INFO - [2023-08-31T19:18:40.491+0300] {dagbag.py:539} INFO - Filling up the DagBag from /home/miminari/repos/airflow_project/env/lib/python3.10/site-packages/airflow/example_dags/example_skip_dag.py
[2023-08-31T19:18:40.497+0300] {processor.py:839} INFO - DAG(s) dict_keys(['example_skip_dag']) retrieved from /home/miminari/repos/airflow_project/env/lib/python3.10/site-packages/airflow/example_dags/example_skip_dag.py
[2023-08-31T19:18:40.522+0300] {logging_mixin.py:151} INFO - [2023-08-31T19:18:40.522+0300] {dag.py:2907} INFO - Sync 1 DAGs
[2023-08-31T19:18:40.542+0300] {logging_mixin.py:151} INFO - [2023-08-31T19:18:40.542+0300] {dag.py:3677} INFO - Setting next_dagrun for example_skip_dag to 2023-08-30T16:18:40.542028+00:00, run_after=2023-08-31T16:18:40.542028+00:00
[2023-08-31T19:18:40.558+0300] {processor.py:179} INFO - Processing /home/miminari/repos/airflow_project/env/lib/python3.10/site-packages/airflow/example_dags/example_skip_dag.py took 0.070 seconds
[2023-08-31T19:19:10.768+0300] {processor.py:157} INFO - Started process (PID=20253) to work on /home/miminari/repos/airflow_project/env/lib/python3.10/site-packages/airflow/example_dags/example_skip_dag.py
[2023-08-31T19:19:10.769+0300] {processor.py:829} INFO - Processing file /home/miminari/repos/airflow_project/env/lib/python3.10/site-packages/airflow/example_dags/example_skip_dag.py for tasks to queue
[2023-08-31T19:19:10.771+0300] {logging_mixin.py:151} INFO - [2023-08-31T19:19:10.771+0300] {dagbag.py:539} INFO - Filling up the DagBag from /home/miminari/repos/airflow_project/env/lib/python3.10/site-packages/airflow/example_dags/example_skip_dag.py
[2023-08-31T19:19:10.779+0300] {processor.py:839} INFO - DAG(s) dict_keys(['example_skip_dag']) retrieved from /home/miminari/repos/airflow_project/env/lib/python3.10/site-packages/airflow/example_dags/example_skip_dag.py
[2023-08-31T19:19:10.832+0300] {logging_mixin.py:151} INFO - [2023-08-31T19:19:10.832+0300] {dag.py:2907} INFO - Sync 1 DAGs
[2023-08-31T19:19:10.865+0300] {logging_mixin.py:151} INFO - [2023-08-31T19:19:10.864+0300] {dag.py:3677} INFO - Setting next_dagrun for example_skip_dag to 2023-08-30T16:19:10.864775+00:00, run_after=2023-08-31T16:19:10.864775+00:00
[2023-08-31T19:19:10.890+0300] {processor.py:179} INFO - Processing /home/miminari/repos/airflow_project/env/lib/python3.10/site-packages/airflow/example_dags/example_skip_dag.py took 0.126 seconds
[2023-08-31T19:19:41.362+0300] {processor.py:157} INFO - Started process (PID=20352) to work on /home/miminari/repos/airflow_project/env/lib/python3.10/site-packages/airflow/example_dags/example_skip_dag.py
[2023-08-31T19:19:41.363+0300] {processor.py:829} INFO - Processing file /home/miminari/repos/airflow_project/env/lib/python3.10/site-packages/airflow/example_dags/example_skip_dag.py for tasks to queue
[2023-08-31T19:19:41.364+0300] {logging_mixin.py:151} INFO - [2023-08-31T19:19:41.363+0300] {dagbag.py:539} INFO - Filling up the DagBag from /home/miminari/repos/airflow_project/env/lib/python3.10/site-packages/airflow/example_dags/example_skip_dag.py
[2023-08-31T19:19:41.370+0300] {processor.py:839} INFO - DAG(s) dict_keys(['example_skip_dag']) retrieved from /home/miminari/repos/airflow_project/env/lib/python3.10/site-packages/airflow/example_dags/example_skip_dag.py
[2023-08-31T19:19:41.404+0300] {logging_mixin.py:151} INFO - [2023-08-31T19:19:41.404+0300] {dag.py:2907} INFO - Sync 1 DAGs
[2023-08-31T19:19:41.429+0300] {logging_mixin.py:151} INFO - [2023-08-31T19:19:41.428+0300] {dag.py:3677} INFO - Setting next_dagrun for example_skip_dag to 2023-08-30T16:19:41.428554+00:00, run_after=2023-08-31T16:19:41.428554+00:00
[2023-08-31T19:19:41.451+0300] {processor.py:179} INFO - Processing /home/miminari/repos/airflow_project/env/lib/python3.10/site-packages/airflow/example_dags/example_skip_dag.py took 0.092 seconds
