[2023-08-31T19:12:06.963+0300] {processor.py:157} INFO - Started process (PID=18566) to work on /home/miminari/repos/airflow_project/env/lib/python3.10/site-packages/airflow/example_dags/example_short_circuit_decorator.py
[2023-08-31T19:12:06.964+0300] {processor.py:829} INFO - Processing file /home/miminari/repos/airflow_project/env/lib/python3.10/site-packages/airflow/example_dags/example_short_circuit_decorator.py for tasks to queue
[2023-08-31T19:12:06.965+0300] {logging_mixin.py:151} INFO - [2023-08-31T19:12:06.964+0300] {dagbag.py:539} INFO - Filling up the DagBag from /home/miminari/repos/airflow_project/env/lib/python3.10/site-packages/airflow/example_dags/example_short_circuit_decorator.py
[2023-08-31T19:12:06.972+0300] {processor.py:839} INFO - DAG(s) dict_keys(['example_short_circuit_decorator']) retrieved from /home/miminari/repos/airflow_project/env/lib/python3.10/site-packages/airflow/example_dags/example_short_circuit_decorator.py
[2023-08-31T19:12:07.176+0300] {logging_mixin.py:151} INFO - [2023-08-31T19:12:07.176+0300] {manager.py:501} INFO - Created Permission View: can read on DAG:example_short_circuit_decorator
[2023-08-31T19:12:07.183+0300] {logging_mixin.py:151} INFO - [2023-08-31T19:12:07.183+0300] {manager.py:501} INFO - Created Permission View: can delete on DAG:example_short_circuit_decorator
[2023-08-31T19:12:07.187+0300] {logging_mixin.py:151} INFO - [2023-08-31T19:12:07.187+0300] {manager.py:501} INFO - Created Permission View: can edit on DAG:example_short_circuit_decorator
[2023-08-31T19:12:07.197+0300] {logging_mixin.py:151} INFO - [2023-08-31T19:12:07.197+0300] {dag.py:2907} INFO - Sync 1 DAGs
[2023-08-31T19:12:07.206+0300] {logging_mixin.py:151} INFO - [2023-08-31T19:12:07.205+0300] {dag.py:2929} INFO - Creating ORM DAG for example_short_circuit_decorator
[2023-08-31T19:12:07.214+0300] {logging_mixin.py:151} INFO - [2023-08-31T19:12:07.213+0300] {dag.py:3677} INFO - Setting next_dagrun for example_short_circuit_decorator to 2023-08-30T16:12:07.213789+00:00, run_after=2023-08-31T16:12:07.213789+00:00
[2023-08-31T19:12:07.226+0300] {processor.py:179} INFO - Processing /home/miminari/repos/airflow_project/env/lib/python3.10/site-packages/airflow/example_dags/example_short_circuit_decorator.py took 0.266 seconds
[2023-08-31T19:12:38.040+0300] {processor.py:157} INFO - Started process (PID=18689) to work on /home/miminari/repos/airflow_project/env/lib/python3.10/site-packages/airflow/example_dags/example_short_circuit_decorator.py
[2023-08-31T19:12:38.041+0300] {processor.py:829} INFO - Processing file /home/miminari/repos/airflow_project/env/lib/python3.10/site-packages/airflow/example_dags/example_short_circuit_decorator.py for tasks to queue
[2023-08-31T19:12:38.041+0300] {logging_mixin.py:151} INFO - [2023-08-31T19:12:38.041+0300] {dagbag.py:539} INFO - Filling up the DagBag from /home/miminari/repos/airflow_project/env/lib/python3.10/site-packages/airflow/example_dags/example_short_circuit_decorator.py
[2023-08-31T19:12:38.049+0300] {processor.py:839} INFO - DAG(s) dict_keys(['example_short_circuit_decorator']) retrieved from /home/miminari/repos/airflow_project/env/lib/python3.10/site-packages/airflow/example_dags/example_short_circuit_decorator.py
[2023-08-31T19:12:38.074+0300] {logging_mixin.py:151} INFO - [2023-08-31T19:12:38.074+0300] {dag.py:2907} INFO - Sync 1 DAGs
[2023-08-31T19:12:38.093+0300] {logging_mixin.py:151} INFO - [2023-08-31T19:12:38.093+0300] {dag.py:3677} INFO - Setting next_dagrun for example_short_circuit_decorator to 2023-08-30T16:12:38.093162+00:00, run_after=2023-08-31T16:12:38.093162+00:00
[2023-08-31T19:12:38.109+0300] {processor.py:179} INFO - Processing /home/miminari/repos/airflow_project/env/lib/python3.10/site-packages/airflow/example_dags/example_short_circuit_decorator.py took 0.072 seconds
[2023-08-31T19:13:08.210+0300] {processor.py:157} INFO - Started process (PID=18789) to work on /home/miminari/repos/airflow_project/env/lib/python3.10/site-packages/airflow/example_dags/example_short_circuit_decorator.py
[2023-08-31T19:13:08.211+0300] {processor.py:829} INFO - Processing file /home/miminari/repos/airflow_project/env/lib/python3.10/site-packages/airflow/example_dags/example_short_circuit_decorator.py for tasks to queue
[2023-08-31T19:13:08.211+0300] {logging_mixin.py:151} INFO - [2023-08-31T19:13:08.211+0300] {dagbag.py:539} INFO - Filling up the DagBag from /home/miminari/repos/airflow_project/env/lib/python3.10/site-packages/airflow/example_dags/example_short_circuit_decorator.py
[2023-08-31T19:13:08.219+0300] {processor.py:839} INFO - DAG(s) dict_keys(['example_short_circuit_decorator']) retrieved from /home/miminari/repos/airflow_project/env/lib/python3.10/site-packages/airflow/example_dags/example_short_circuit_decorator.py
[2023-08-31T19:13:08.245+0300] {logging_mixin.py:151} INFO - [2023-08-31T19:13:08.245+0300] {dag.py:2907} INFO - Sync 1 DAGs
[2023-08-31T19:13:08.265+0300] {logging_mixin.py:151} INFO - [2023-08-31T19:13:08.264+0300] {dag.py:3677} INFO - Setting next_dagrun for example_short_circuit_decorator to 2023-08-30T16:13:08.264639+00:00, run_after=2023-08-31T16:13:08.264639+00:00
[2023-08-31T19:13:08.280+0300] {processor.py:179} INFO - Processing /home/miminari/repos/airflow_project/env/lib/python3.10/site-packages/airflow/example_dags/example_short_circuit_decorator.py took 0.072 seconds
[2023-08-31T19:13:39.184+0300] {processor.py:157} INFO - Started process (PID=18897) to work on /home/miminari/repos/airflow_project/env/lib/python3.10/site-packages/airflow/example_dags/example_short_circuit_decorator.py
[2023-08-31T19:13:39.184+0300] {processor.py:829} INFO - Processing file /home/miminari/repos/airflow_project/env/lib/python3.10/site-packages/airflow/example_dags/example_short_circuit_decorator.py for tasks to queue
[2023-08-31T19:13:39.185+0300] {logging_mixin.py:151} INFO - [2023-08-31T19:13:39.185+0300] {dagbag.py:539} INFO - Filling up the DagBag from /home/miminari/repos/airflow_project/env/lib/python3.10/site-packages/airflow/example_dags/example_short_circuit_decorator.py
[2023-08-31T19:13:39.194+0300] {processor.py:839} INFO - DAG(s) dict_keys(['example_short_circuit_decorator']) retrieved from /home/miminari/repos/airflow_project/env/lib/python3.10/site-packages/airflow/example_dags/example_short_circuit_decorator.py
[2023-08-31T19:13:39.240+0300] {logging_mixin.py:151} INFO - [2023-08-31T19:13:39.240+0300] {dag.py:2907} INFO - Sync 1 DAGs
[2023-08-31T19:13:39.262+0300] {logging_mixin.py:151} INFO - [2023-08-31T19:13:39.262+0300] {dag.py:3677} INFO - Setting next_dagrun for example_short_circuit_decorator to 2023-08-30T16:13:39.262066+00:00, run_after=2023-08-31T16:13:39.262066+00:00
[2023-08-31T19:13:39.279+0300] {processor.py:179} INFO - Processing /home/miminari/repos/airflow_project/env/lib/python3.10/site-packages/airflow/example_dags/example_short_circuit_decorator.py took 0.098 seconds
[2023-08-31T19:14:09.445+0300] {processor.py:157} INFO - Started process (PID=18995) to work on /home/miminari/repos/airflow_project/env/lib/python3.10/site-packages/airflow/example_dags/example_short_circuit_decorator.py
[2023-08-31T19:14:09.446+0300] {processor.py:829} INFO - Processing file /home/miminari/repos/airflow_project/env/lib/python3.10/site-packages/airflow/example_dags/example_short_circuit_decorator.py for tasks to queue
[2023-08-31T19:14:09.446+0300] {logging_mixin.py:151} INFO - [2023-08-31T19:14:09.446+0300] {dagbag.py:539} INFO - Filling up the DagBag from /home/miminari/repos/airflow_project/env/lib/python3.10/site-packages/airflow/example_dags/example_short_circuit_decorator.py
[2023-08-31T19:14:09.454+0300] {processor.py:839} INFO - DAG(s) dict_keys(['example_short_circuit_decorator']) retrieved from /home/miminari/repos/airflow_project/env/lib/python3.10/site-packages/airflow/example_dags/example_short_circuit_decorator.py
[2023-08-31T19:14:09.481+0300] {logging_mixin.py:151} INFO - [2023-08-31T19:14:09.480+0300] {dag.py:2907} INFO - Sync 1 DAGs
[2023-08-31T19:14:09.504+0300] {logging_mixin.py:151} INFO - [2023-08-31T19:14:09.503+0300] {dag.py:3677} INFO - Setting next_dagrun for example_short_circuit_decorator to 2023-08-30T16:14:09.503688+00:00, run_after=2023-08-31T16:14:09.503688+00:00
[2023-08-31T19:14:09.518+0300] {processor.py:179} INFO - Processing /home/miminari/repos/airflow_project/env/lib/python3.10/site-packages/airflow/example_dags/example_short_circuit_decorator.py took 0.076 seconds
[2023-08-31T19:14:39.594+0300] {processor.py:157} INFO - Started process (PID=19090) to work on /home/miminari/repos/airflow_project/env/lib/python3.10/site-packages/airflow/example_dags/example_short_circuit_decorator.py
[2023-08-31T19:14:39.595+0300] {processor.py:829} INFO - Processing file /home/miminari/repos/airflow_project/env/lib/python3.10/site-packages/airflow/example_dags/example_short_circuit_decorator.py for tasks to queue
[2023-08-31T19:14:39.595+0300] {logging_mixin.py:151} INFO - [2023-08-31T19:14:39.595+0300] {dagbag.py:539} INFO - Filling up the DagBag from /home/miminari/repos/airflow_project/env/lib/python3.10/site-packages/airflow/example_dags/example_short_circuit_decorator.py
[2023-08-31T19:14:39.604+0300] {processor.py:839} INFO - DAG(s) dict_keys(['example_short_circuit_decorator']) retrieved from /home/miminari/repos/airflow_project/env/lib/python3.10/site-packages/airflow/example_dags/example_short_circuit_decorator.py
[2023-08-31T19:14:39.633+0300] {logging_mixin.py:151} INFO - [2023-08-31T19:14:39.632+0300] {dag.py:2907} INFO - Sync 1 DAGs
[2023-08-31T19:14:39.654+0300] {logging_mixin.py:151} INFO - [2023-08-31T19:14:39.653+0300] {dag.py:3677} INFO - Setting next_dagrun for example_short_circuit_decorator to 2023-08-30T16:14:39.653720+00:00, run_after=2023-08-31T16:14:39.653720+00:00
[2023-08-31T19:14:39.667+0300] {processor.py:179} INFO - Processing /home/miminari/repos/airflow_project/env/lib/python3.10/site-packages/airflow/example_dags/example_short_circuit_decorator.py took 0.076 seconds
[2023-08-31T19:15:09.871+0300] {processor.py:157} INFO - Started process (PID=19291) to work on /home/miminari/repos/airflow_project/env/lib/python3.10/site-packages/airflow/example_dags/example_short_circuit_decorator.py
[2023-08-31T19:15:09.871+0300] {processor.py:829} INFO - Processing file /home/miminari/repos/airflow_project/env/lib/python3.10/site-packages/airflow/example_dags/example_short_circuit_decorator.py for tasks to queue
[2023-08-31T19:15:09.872+0300] {logging_mixin.py:151} INFO - [2023-08-31T19:15:09.872+0300] {dagbag.py:539} INFO - Filling up the DagBag from /home/miminari/repos/airflow_project/env/lib/python3.10/site-packages/airflow/example_dags/example_short_circuit_decorator.py
[2023-08-31T19:15:09.879+0300] {processor.py:839} INFO - DAG(s) dict_keys(['example_short_circuit_decorator']) retrieved from /home/miminari/repos/airflow_project/env/lib/python3.10/site-packages/airflow/example_dags/example_short_circuit_decorator.py
[2023-08-31T19:15:09.906+0300] {logging_mixin.py:151} INFO - [2023-08-31T19:15:09.906+0300] {dag.py:2907} INFO - Sync 1 DAGs
[2023-08-31T19:15:09.927+0300] {logging_mixin.py:151} INFO - [2023-08-31T19:15:09.927+0300] {dag.py:3677} INFO - Setting next_dagrun for example_short_circuit_decorator to 2023-08-30T16:15:09.927070+00:00, run_after=2023-08-31T16:15:09.927070+00:00
[2023-08-31T19:15:09.944+0300] {processor.py:179} INFO - Processing /home/miminari/repos/airflow_project/env/lib/python3.10/site-packages/airflow/example_dags/example_short_circuit_decorator.py took 0.076 seconds
[2023-08-31T19:15:40.148+0300] {processor.py:157} INFO - Started process (PID=19389) to work on /home/miminari/repos/airflow_project/env/lib/python3.10/site-packages/airflow/example_dags/example_short_circuit_decorator.py
[2023-08-31T19:15:40.149+0300] {processor.py:829} INFO - Processing file /home/miminari/repos/airflow_project/env/lib/python3.10/site-packages/airflow/example_dags/example_short_circuit_decorator.py for tasks to queue
[2023-08-31T19:15:40.150+0300] {logging_mixin.py:151} INFO - [2023-08-31T19:15:40.150+0300] {dagbag.py:539} INFO - Filling up the DagBag from /home/miminari/repos/airflow_project/env/lib/python3.10/site-packages/airflow/example_dags/example_short_circuit_decorator.py
[2023-08-31T19:15:40.157+0300] {processor.py:839} INFO - DAG(s) dict_keys(['example_short_circuit_decorator']) retrieved from /home/miminari/repos/airflow_project/env/lib/python3.10/site-packages/airflow/example_dags/example_short_circuit_decorator.py
[2023-08-31T19:15:40.185+0300] {logging_mixin.py:151} INFO - [2023-08-31T19:15:40.185+0300] {dag.py:2907} INFO - Sync 1 DAGs
[2023-08-31T19:15:40.207+0300] {logging_mixin.py:151} INFO - [2023-08-31T19:15:40.206+0300] {dag.py:3677} INFO - Setting next_dagrun for example_short_circuit_decorator to 2023-08-30T16:15:40.206448+00:00, run_after=2023-08-31T16:15:40.206448+00:00
[2023-08-31T19:15:40.222+0300] {processor.py:179} INFO - Processing /home/miminari/repos/airflow_project/env/lib/python3.10/site-packages/airflow/example_dags/example_short_circuit_decorator.py took 0.077 seconds
[2023-08-31T19:16:10.387+0300] {processor.py:157} INFO - Started process (PID=19544) to work on /home/miminari/repos/airflow_project/env/lib/python3.10/site-packages/airflow/example_dags/example_short_circuit_decorator.py
[2023-08-31T19:16:10.388+0300] {processor.py:829} INFO - Processing file /home/miminari/repos/airflow_project/env/lib/python3.10/site-packages/airflow/example_dags/example_short_circuit_decorator.py for tasks to queue
[2023-08-31T19:16:10.389+0300] {logging_mixin.py:151} INFO - [2023-08-31T19:16:10.389+0300] {dagbag.py:539} INFO - Filling up the DagBag from /home/miminari/repos/airflow_project/env/lib/python3.10/site-packages/airflow/example_dags/example_short_circuit_decorator.py
[2023-08-31T19:16:10.402+0300] {processor.py:839} INFO - DAG(s) dict_keys(['example_short_circuit_decorator']) retrieved from /home/miminari/repos/airflow_project/env/lib/python3.10/site-packages/airflow/example_dags/example_short_circuit_decorator.py
[2023-08-31T19:16:10.429+0300] {logging_mixin.py:151} INFO - [2023-08-31T19:16:10.429+0300] {dag.py:2907} INFO - Sync 1 DAGs
[2023-08-31T19:16:10.451+0300] {logging_mixin.py:151} INFO - [2023-08-31T19:16:10.451+0300] {dag.py:3677} INFO - Setting next_dagrun for example_short_circuit_decorator to 2023-08-30T16:16:10.451390+00:00, run_after=2023-08-31T16:16:10.451390+00:00
[2023-08-31T19:16:10.467+0300] {processor.py:179} INFO - Processing /home/miminari/repos/airflow_project/env/lib/python3.10/site-packages/airflow/example_dags/example_short_circuit_decorator.py took 0.082 seconds
[2023-08-31T19:16:40.764+0300] {processor.py:157} INFO - Started process (PID=19644) to work on /home/miminari/repos/airflow_project/env/lib/python3.10/site-packages/airflow/example_dags/example_short_circuit_decorator.py
[2023-08-31T19:16:40.765+0300] {processor.py:829} INFO - Processing file /home/miminari/repos/airflow_project/env/lib/python3.10/site-packages/airflow/example_dags/example_short_circuit_decorator.py for tasks to queue
[2023-08-31T19:16:40.765+0300] {logging_mixin.py:151} INFO - [2023-08-31T19:16:40.765+0300] {dagbag.py:539} INFO - Filling up the DagBag from /home/miminari/repos/airflow_project/env/lib/python3.10/site-packages/airflow/example_dags/example_short_circuit_decorator.py
[2023-08-31T19:16:40.773+0300] {processor.py:839} INFO - DAG(s) dict_keys(['example_short_circuit_decorator']) retrieved from /home/miminari/repos/airflow_project/env/lib/python3.10/site-packages/airflow/example_dags/example_short_circuit_decorator.py
[2023-08-31T19:16:40.802+0300] {logging_mixin.py:151} INFO - [2023-08-31T19:16:40.802+0300] {dag.py:2907} INFO - Sync 1 DAGs
[2023-08-31T19:16:40.823+0300] {logging_mixin.py:151} INFO - [2023-08-31T19:16:40.823+0300] {dag.py:3677} INFO - Setting next_dagrun for example_short_circuit_decorator to 2023-08-30T16:16:40.823353+00:00, run_after=2023-08-31T16:16:40.823353+00:00
[2023-08-31T19:16:40.844+0300] {processor.py:179} INFO - Processing /home/miminari/repos/airflow_project/env/lib/python3.10/site-packages/airflow/example_dags/example_short_circuit_decorator.py took 0.083 seconds
[2023-08-31T19:17:11.013+0300] {processor.py:157} INFO - Started process (PID=19793) to work on /home/miminari/repos/airflow_project/env/lib/python3.10/site-packages/airflow/example_dags/example_short_circuit_decorator.py
[2023-08-31T19:17:11.013+0300] {processor.py:829} INFO - Processing file /home/miminari/repos/airflow_project/env/lib/python3.10/site-packages/airflow/example_dags/example_short_circuit_decorator.py for tasks to queue
[2023-08-31T19:17:11.014+0300] {logging_mixin.py:151} INFO - [2023-08-31T19:17:11.013+0300] {dagbag.py:539} INFO - Filling up the DagBag from /home/miminari/repos/airflow_project/env/lib/python3.10/site-packages/airflow/example_dags/example_short_circuit_decorator.py
[2023-08-31T19:17:11.022+0300] {processor.py:839} INFO - DAG(s) dict_keys(['example_short_circuit_decorator']) retrieved from /home/miminari/repos/airflow_project/env/lib/python3.10/site-packages/airflow/example_dags/example_short_circuit_decorator.py
[2023-08-31T19:17:11.049+0300] {logging_mixin.py:151} INFO - [2023-08-31T19:17:11.049+0300] {dag.py:2907} INFO - Sync 1 DAGs
[2023-08-31T19:17:11.071+0300] {logging_mixin.py:151} INFO - [2023-08-31T19:17:11.071+0300] {dag.py:3677} INFO - Setting next_dagrun for example_short_circuit_decorator to 2023-08-30T16:17:11.070859+00:00, run_after=2023-08-31T16:17:11.070859+00:00
[2023-08-31T19:17:11.087+0300] {processor.py:179} INFO - Processing /home/miminari/repos/airflow_project/env/lib/python3.10/site-packages/airflow/example_dags/example_short_circuit_decorator.py took 0.077 seconds
