[2023-08-31T19:12:09.232+0300] {processor.py:157} INFO - Started process (PID=18625) to work on /home/miminari/repos/airflow_project/env/lib/python3.10/site-packages/airflow/example_dags/example_python_operator.py
[2023-08-31T19:12:09.233+0300] {processor.py:829} INFO - Processing file /home/miminari/repos/airflow_project/env/lib/python3.10/site-packages/airflow/example_dags/example_python_operator.py for tasks to queue
[2023-08-31T19:12:09.233+0300] {logging_mixin.py:151} INFO - [2023-08-31T19:12:09.233+0300] {dagbag.py:539} INFO - Filling up the DagBag from /home/miminari/repos/airflow_project/env/lib/python3.10/site-packages/airflow/example_dags/example_python_operator.py
[2023-08-31T19:12:09.241+0300] {processor.py:839} INFO - DAG(s) dict_keys(['example_python_operator']) retrieved from /home/miminari/repos/airflow_project/env/lib/python3.10/site-packages/airflow/example_dags/example_python_operator.py
[2023-08-31T19:12:09.332+0300] {logging_mixin.py:151} INFO - [2023-08-31T19:12:09.332+0300] {manager.py:501} INFO - Created Permission View: can read on DAG:example_python_operator
[2023-08-31T19:12:09.339+0300] {logging_mixin.py:151} INFO - [2023-08-31T19:12:09.339+0300] {manager.py:501} INFO - Created Permission View: can delete on DAG:example_python_operator
[2023-08-31T19:12:09.344+0300] {logging_mixin.py:151} INFO - [2023-08-31T19:12:09.344+0300] {manager.py:501} INFO - Created Permission View: can edit on DAG:example_python_operator
[2023-08-31T19:12:09.357+0300] {logging_mixin.py:151} INFO - [2023-08-31T19:12:09.357+0300] {dag.py:2907} INFO - Sync 1 DAGs
[2023-08-31T19:12:09.366+0300] {logging_mixin.py:151} INFO - [2023-08-31T19:12:09.366+0300] {dag.py:2929} INFO - Creating ORM DAG for example_python_operator
[2023-08-31T19:12:09.366+0300] {logging_mixin.py:151} INFO - [2023-08-31T19:12:09.366+0300] {dag.py:3677} INFO - Setting next_dagrun for example_python_operator to None, run_after=None
[2023-08-31T19:12:09.383+0300] {processor.py:179} INFO - Processing /home/miminari/repos/airflow_project/env/lib/python3.10/site-packages/airflow/example_dags/example_python_operator.py took 0.153 seconds
[2023-08-31T19:12:40.055+0300] {processor.py:157} INFO - Started process (PID=18734) to work on /home/miminari/repos/airflow_project/env/lib/python3.10/site-packages/airflow/example_dags/example_python_operator.py
[2023-08-31T19:12:40.056+0300] {processor.py:829} INFO - Processing file /home/miminari/repos/airflow_project/env/lib/python3.10/site-packages/airflow/example_dags/example_python_operator.py for tasks to queue
[2023-08-31T19:12:40.056+0300] {logging_mixin.py:151} INFO - [2023-08-31T19:12:40.056+0300] {dagbag.py:539} INFO - Filling up the DagBag from /home/miminari/repos/airflow_project/env/lib/python3.10/site-packages/airflow/example_dags/example_python_operator.py
[2023-08-31T19:12:40.065+0300] {processor.py:839} INFO - DAG(s) dict_keys(['example_python_operator']) retrieved from /home/miminari/repos/airflow_project/env/lib/python3.10/site-packages/airflow/example_dags/example_python_operator.py
[2023-08-31T19:12:40.093+0300] {logging_mixin.py:151} INFO - [2023-08-31T19:12:40.093+0300] {dag.py:2907} INFO - Sync 1 DAGs
[2023-08-31T19:12:40.104+0300] {logging_mixin.py:151} INFO - [2023-08-31T19:12:40.104+0300] {dag.py:3677} INFO - Setting next_dagrun for example_python_operator to None, run_after=None
[2023-08-31T19:12:40.122+0300] {processor.py:179} INFO - Processing /home/miminari/repos/airflow_project/env/lib/python3.10/site-packages/airflow/example_dags/example_python_operator.py took 0.069 seconds
[2023-08-31T19:13:10.189+0300] {processor.py:157} INFO - Started process (PID=18834) to work on /home/miminari/repos/airflow_project/env/lib/python3.10/site-packages/airflow/example_dags/example_python_operator.py
[2023-08-31T19:13:10.191+0300] {processor.py:829} INFO - Processing file /home/miminari/repos/airflow_project/env/lib/python3.10/site-packages/airflow/example_dags/example_python_operator.py for tasks to queue
[2023-08-31T19:13:10.191+0300] {logging_mixin.py:151} INFO - [2023-08-31T19:13:10.191+0300] {dagbag.py:539} INFO - Filling up the DagBag from /home/miminari/repos/airflow_project/env/lib/python3.10/site-packages/airflow/example_dags/example_python_operator.py
[2023-08-31T19:13:10.199+0300] {processor.py:839} INFO - DAG(s) dict_keys(['example_python_operator']) retrieved from /home/miminari/repos/airflow_project/env/lib/python3.10/site-packages/airflow/example_dags/example_python_operator.py
[2023-08-31T19:13:10.229+0300] {logging_mixin.py:151} INFO - [2023-08-31T19:13:10.229+0300] {dag.py:2907} INFO - Sync 1 DAGs
[2023-08-31T19:13:10.240+0300] {logging_mixin.py:151} INFO - [2023-08-31T19:13:10.239+0300] {dag.py:3677} INFO - Setting next_dagrun for example_python_operator to None, run_after=None
[2023-08-31T19:13:10.253+0300] {processor.py:179} INFO - Processing /home/miminari/repos/airflow_project/env/lib/python3.10/site-packages/airflow/example_dags/example_python_operator.py took 0.069 seconds
[2023-08-31T19:13:40.408+0300] {processor.py:157} INFO - Started process (PID=18942) to work on /home/miminari/repos/airflow_project/env/lib/python3.10/site-packages/airflow/example_dags/example_python_operator.py
[2023-08-31T19:13:40.409+0300] {processor.py:829} INFO - Processing file /home/miminari/repos/airflow_project/env/lib/python3.10/site-packages/airflow/example_dags/example_python_operator.py for tasks to queue
[2023-08-31T19:13:40.410+0300] {logging_mixin.py:151} INFO - [2023-08-31T19:13:40.410+0300] {dagbag.py:539} INFO - Filling up the DagBag from /home/miminari/repos/airflow_project/env/lib/python3.10/site-packages/airflow/example_dags/example_python_operator.py
[2023-08-31T19:13:40.418+0300] {processor.py:839} INFO - DAG(s) dict_keys(['example_python_operator']) retrieved from /home/miminari/repos/airflow_project/env/lib/python3.10/site-packages/airflow/example_dags/example_python_operator.py
[2023-08-31T19:13:40.445+0300] {logging_mixin.py:151} INFO - [2023-08-31T19:13:40.445+0300] {dag.py:2907} INFO - Sync 1 DAGs
[2023-08-31T19:13:40.457+0300] {logging_mixin.py:151} INFO - [2023-08-31T19:13:40.457+0300] {dag.py:3677} INFO - Setting next_dagrun for example_python_operator to None, run_after=None
[2023-08-31T19:13:40.473+0300] {processor.py:179} INFO - Processing /home/miminari/repos/airflow_project/env/lib/python3.10/site-packages/airflow/example_dags/example_python_operator.py took 0.067 seconds
[2023-08-31T19:14:10.524+0300] {processor.py:157} INFO - Started process (PID=19039) to work on /home/miminari/repos/airflow_project/env/lib/python3.10/site-packages/airflow/example_dags/example_python_operator.py
[2023-08-31T19:14:10.525+0300] {processor.py:829} INFO - Processing file /home/miminari/repos/airflow_project/env/lib/python3.10/site-packages/airflow/example_dags/example_python_operator.py for tasks to queue
[2023-08-31T19:14:10.526+0300] {logging_mixin.py:151} INFO - [2023-08-31T19:14:10.526+0300] {dagbag.py:539} INFO - Filling up the DagBag from /home/miminari/repos/airflow_project/env/lib/python3.10/site-packages/airflow/example_dags/example_python_operator.py
[2023-08-31T19:14:10.534+0300] {processor.py:839} INFO - DAG(s) dict_keys(['example_python_operator']) retrieved from /home/miminari/repos/airflow_project/env/lib/python3.10/site-packages/airflow/example_dags/example_python_operator.py
[2023-08-31T19:14:10.559+0300] {logging_mixin.py:151} INFO - [2023-08-31T19:14:10.559+0300] {dag.py:2907} INFO - Sync 1 DAGs
[2023-08-31T19:14:10.569+0300] {logging_mixin.py:151} INFO - [2023-08-31T19:14:10.569+0300] {dag.py:3677} INFO - Setting next_dagrun for example_python_operator to None, run_after=None
[2023-08-31T19:14:10.583+0300] {processor.py:179} INFO - Processing /home/miminari/repos/airflow_project/env/lib/python3.10/site-packages/airflow/example_dags/example_python_operator.py took 0.061 seconds
[2023-08-31T19:14:40.621+0300] {processor.py:157} INFO - Started process (PID=19133) to work on /home/miminari/repos/airflow_project/env/lib/python3.10/site-packages/airflow/example_dags/example_python_operator.py
[2023-08-31T19:14:40.621+0300] {processor.py:829} INFO - Processing file /home/miminari/repos/airflow_project/env/lib/python3.10/site-packages/airflow/example_dags/example_python_operator.py for tasks to queue
[2023-08-31T19:14:40.622+0300] {logging_mixin.py:151} INFO - [2023-08-31T19:14:40.622+0300] {dagbag.py:539} INFO - Filling up the DagBag from /home/miminari/repos/airflow_project/env/lib/python3.10/site-packages/airflow/example_dags/example_python_operator.py
[2023-08-31T19:14:40.629+0300] {processor.py:839} INFO - DAG(s) dict_keys(['example_python_operator']) retrieved from /home/miminari/repos/airflow_project/env/lib/python3.10/site-packages/airflow/example_dags/example_python_operator.py
[2023-08-31T19:14:40.655+0300] {logging_mixin.py:151} INFO - [2023-08-31T19:14:40.654+0300] {dag.py:2907} INFO - Sync 1 DAGs
[2023-08-31T19:14:40.664+0300] {logging_mixin.py:151} INFO - [2023-08-31T19:14:40.664+0300] {dag.py:3677} INFO - Setting next_dagrun for example_python_operator to None, run_after=None
[2023-08-31T19:14:40.678+0300] {processor.py:179} INFO - Processing /home/miminari/repos/airflow_project/env/lib/python3.10/site-packages/airflow/example_dags/example_python_operator.py took 0.060 seconds
[2023-08-31T19:15:10.901+0300] {processor.py:157} INFO - Started process (PID=19334) to work on /home/miminari/repos/airflow_project/env/lib/python3.10/site-packages/airflow/example_dags/example_python_operator.py
[2023-08-31T19:15:10.902+0300] {processor.py:829} INFO - Processing file /home/miminari/repos/airflow_project/env/lib/python3.10/site-packages/airflow/example_dags/example_python_operator.py for tasks to queue
[2023-08-31T19:15:10.902+0300] {logging_mixin.py:151} INFO - [2023-08-31T19:15:10.902+0300] {dagbag.py:539} INFO - Filling up the DagBag from /home/miminari/repos/airflow_project/env/lib/python3.10/site-packages/airflow/example_dags/example_python_operator.py
[2023-08-31T19:15:10.911+0300] {processor.py:839} INFO - DAG(s) dict_keys(['example_python_operator']) retrieved from /home/miminari/repos/airflow_project/env/lib/python3.10/site-packages/airflow/example_dags/example_python_operator.py
[2023-08-31T19:15:10.938+0300] {logging_mixin.py:151} INFO - [2023-08-31T19:15:10.938+0300] {dag.py:2907} INFO - Sync 1 DAGs
[2023-08-31T19:15:10.951+0300] {logging_mixin.py:151} INFO - [2023-08-31T19:15:10.951+0300] {dag.py:3677} INFO - Setting next_dagrun for example_python_operator to None, run_after=None
[2023-08-31T19:15:10.969+0300] {processor.py:179} INFO - Processing /home/miminari/repos/airflow_project/env/lib/python3.10/site-packages/airflow/example_dags/example_python_operator.py took 0.071 seconds
[2023-08-31T19:15:41.115+0300] {processor.py:157} INFO - Started process (PID=19431) to work on /home/miminari/repos/airflow_project/env/lib/python3.10/site-packages/airflow/example_dags/example_python_operator.py
[2023-08-31T19:15:41.116+0300] {processor.py:829} INFO - Processing file /home/miminari/repos/airflow_project/env/lib/python3.10/site-packages/airflow/example_dags/example_python_operator.py for tasks to queue
[2023-08-31T19:15:41.117+0300] {logging_mixin.py:151} INFO - [2023-08-31T19:15:41.116+0300] {dagbag.py:539} INFO - Filling up the DagBag from /home/miminari/repos/airflow_project/env/lib/python3.10/site-packages/airflow/example_dags/example_python_operator.py
[2023-08-31T19:15:41.125+0300] {processor.py:839} INFO - DAG(s) dict_keys(['example_python_operator']) retrieved from /home/miminari/repos/airflow_project/env/lib/python3.10/site-packages/airflow/example_dags/example_python_operator.py
[2023-08-31T19:15:41.154+0300] {logging_mixin.py:151} INFO - [2023-08-31T19:15:41.153+0300] {dag.py:2907} INFO - Sync 1 DAGs
[2023-08-31T19:15:41.165+0300] {logging_mixin.py:151} INFO - [2023-08-31T19:15:41.164+0300] {dag.py:3677} INFO - Setting next_dagrun for example_python_operator to None, run_after=None
[2023-08-31T19:15:41.180+0300] {processor.py:179} INFO - Processing /home/miminari/repos/airflow_project/env/lib/python3.10/site-packages/airflow/example_dags/example_python_operator.py took 0.069 seconds
[2023-08-31T19:16:11.502+0300] {processor.py:157} INFO - Started process (PID=19587) to work on /home/miminari/repos/airflow_project/env/lib/python3.10/site-packages/airflow/example_dags/example_python_operator.py
[2023-08-31T19:16:11.506+0300] {processor.py:829} INFO - Processing file /home/miminari/repos/airflow_project/env/lib/python3.10/site-packages/airflow/example_dags/example_python_operator.py for tasks to queue
[2023-08-31T19:16:11.506+0300] {logging_mixin.py:151} INFO - [2023-08-31T19:16:11.506+0300] {dagbag.py:539} INFO - Filling up the DagBag from /home/miminari/repos/airflow_project/env/lib/python3.10/site-packages/airflow/example_dags/example_python_operator.py
[2023-08-31T19:16:11.518+0300] {processor.py:839} INFO - DAG(s) dict_keys(['example_python_operator']) retrieved from /home/miminari/repos/airflow_project/env/lib/python3.10/site-packages/airflow/example_dags/example_python_operator.py
[2023-08-31T19:16:11.553+0300] {logging_mixin.py:151} INFO - [2023-08-31T19:16:11.553+0300] {dag.py:2907} INFO - Sync 1 DAGs
[2023-08-31T19:16:11.565+0300] {logging_mixin.py:151} INFO - [2023-08-31T19:16:11.565+0300] {dag.py:3677} INFO - Setting next_dagrun for example_python_operator to None, run_after=None
[2023-08-31T19:16:11.581+0300] {processor.py:179} INFO - Processing /home/miminari/repos/airflow_project/env/lib/python3.10/site-packages/airflow/example_dags/example_python_operator.py took 0.082 seconds
[2023-08-31T19:16:41.832+0300] {processor.py:157} INFO - Started process (PID=19688) to work on /home/miminari/repos/airflow_project/env/lib/python3.10/site-packages/airflow/example_dags/example_python_operator.py
[2023-08-31T19:16:41.833+0300] {processor.py:829} INFO - Processing file /home/miminari/repos/airflow_project/env/lib/python3.10/site-packages/airflow/example_dags/example_python_operator.py for tasks to queue
[2023-08-31T19:16:41.833+0300] {logging_mixin.py:151} INFO - [2023-08-31T19:16:41.833+0300] {dagbag.py:539} INFO - Filling up the DagBag from /home/miminari/repos/airflow_project/env/lib/python3.10/site-packages/airflow/example_dags/example_python_operator.py
[2023-08-31T19:16:41.846+0300] {processor.py:839} INFO - DAG(s) dict_keys(['example_python_operator']) retrieved from /home/miminari/repos/airflow_project/env/lib/python3.10/site-packages/airflow/example_dags/example_python_operator.py
[2023-08-31T19:16:41.877+0300] {logging_mixin.py:151} INFO - [2023-08-31T19:16:41.877+0300] {dag.py:2907} INFO - Sync 1 DAGs
[2023-08-31T19:16:41.888+0300] {logging_mixin.py:151} INFO - [2023-08-31T19:16:41.888+0300] {dag.py:3677} INFO - Setting next_dagrun for example_python_operator to None, run_after=None
[2023-08-31T19:16:41.904+0300] {processor.py:179} INFO - Processing /home/miminari/repos/airflow_project/env/lib/python3.10/site-packages/airflow/example_dags/example_python_operator.py took 0.076 seconds
[2023-08-31T19:17:12.035+0300] {processor.py:157} INFO - Started process (PID=19858) to work on /home/miminari/repos/airflow_project/env/lib/python3.10/site-packages/airflow/example_dags/example_python_operator.py
[2023-08-31T19:17:12.037+0300] {processor.py:829} INFO - Processing file /home/miminari/repos/airflow_project/env/lib/python3.10/site-packages/airflow/example_dags/example_python_operator.py for tasks to queue
[2023-08-31T19:17:12.038+0300] {logging_mixin.py:151} INFO - [2023-08-31T19:17:12.038+0300] {dagbag.py:539} INFO - Filling up the DagBag from /home/miminari/repos/airflow_project/env/lib/python3.10/site-packages/airflow/example_dags/example_python_operator.py
[2023-08-31T19:17:12.052+0300] {processor.py:839} INFO - DAG(s) dict_keys(['example_python_operator']) retrieved from /home/miminari/repos/airflow_project/env/lib/python3.10/site-packages/airflow/example_dags/example_python_operator.py
