[2023-08-31T19:12:05.952+0300] {processor.py:157} INFO - Started process (PID=18547) to work on /home/miminari/repos/airflow_project/env/lib/python3.10/site-packages/airflow/example_dags/example_subdag_operator.py
[2023-08-31T19:12:05.952+0300] {processor.py:829} INFO - Processing file /home/miminari/repos/airflow_project/env/lib/python3.10/site-packages/airflow/example_dags/example_subdag_operator.py for tasks to queue
[2023-08-31T19:12:05.953+0300] {logging_mixin.py:151} INFO - [2023-08-31T19:12:05.952+0300] {dagbag.py:539} INFO - Filling up the DagBag from /home/miminari/repos/airflow_project/env/lib/python3.10/site-packages/airflow/example_dags/example_subdag_operator.py
[2023-08-31T19:12:05.979+0300] {processor.py:839} INFO - DAG(s) dict_keys(['example_subdag_operator.section-1', 'example_subdag_operator.section-2', 'example_subdag_operator']) retrieved from /home/miminari/repos/airflow_project/env/lib/python3.10/site-packages/airflow/example_dags/example_subdag_operator.py
[2023-08-31T19:12:06.184+0300] {logging_mixin.py:151} INFO - [2023-08-31T19:12:06.184+0300] {manager.py:501} INFO - Created Permission View: can read on DAG:example_subdag_operator
[2023-08-31T19:12:06.195+0300] {logging_mixin.py:151} INFO - [2023-08-31T19:12:06.195+0300] {manager.py:501} INFO - Created Permission View: can delete on DAG:example_subdag_operator
[2023-08-31T19:12:06.200+0300] {logging_mixin.py:151} INFO - [2023-08-31T19:12:06.199+0300] {manager.py:501} INFO - Created Permission View: can edit on DAG:example_subdag_operator
[2023-08-31T19:12:06.213+0300] {logging_mixin.py:151} INFO - [2023-08-31T19:12:06.213+0300] {dag.py:2907} INFO - Sync 3 DAGs
[2023-08-31T19:12:06.223+0300] {logging_mixin.py:151} INFO - [2023-08-31T19:12:06.223+0300] {dag.py:2929} INFO - Creating ORM DAG for example_subdag_operator.section-1
[2023-08-31T19:12:06.223+0300] {logging_mixin.py:151} INFO - [2023-08-31T19:12:06.223+0300] {dag.py:2929} INFO - Creating ORM DAG for example_subdag_operator.section-2
[2023-08-31T19:12:06.224+0300] {logging_mixin.py:151} INFO - [2023-08-31T19:12:06.223+0300] {dag.py:2929} INFO - Creating ORM DAG for example_subdag_operator
[2023-08-31T19:12:06.231+0300] {logging_mixin.py:151} INFO - [2023-08-31T19:12:06.231+0300] {dag.py:3677} INFO - Setting next_dagrun for example_subdag_operator to 2022-01-01T00:00:00+00:00, run_after=2022-01-01T00:00:00+00:00
[2023-08-31T19:12:06.232+0300] {logging_mixin.py:151} INFO - [2023-08-31T19:12:06.232+0300] {dag.py:3677} INFO - Setting next_dagrun for example_subdag_operator.section-1 to None, run_after=None
[2023-08-31T19:12:06.232+0300] {logging_mixin.py:151} INFO - [2023-08-31T19:12:06.232+0300] {dag.py:3677} INFO - Setting next_dagrun for example_subdag_operator.section-2 to None, run_after=None
[2023-08-31T19:12:06.243+0300] {logging_mixin.py:151} INFO - [2023-08-31T19:12:06.242+0300] {dag.py:2907} INFO - Sync 2 DAGs
[2023-08-31T19:12:06.247+0300] {logging_mixin.py:151} INFO - [2023-08-31T19:12:06.247+0300] {dag.py:3677} INFO - Setting next_dagrun for example_subdag_operator.section-1 to None, run_after=None
[2023-08-31T19:12:06.249+0300] {logging_mixin.py:151} INFO - [2023-08-31T19:12:06.249+0300] {dag.py:3677} INFO - Setting next_dagrun for example_subdag_operator.section-2 to None, run_after=None
[2023-08-31T19:12:06.260+0300] {processor.py:179} INFO - Processing /home/miminari/repos/airflow_project/env/lib/python3.10/site-packages/airflow/example_dags/example_subdag_operator.py took 0.310 seconds
[2023-08-31T19:12:36.785+0300] {processor.py:157} INFO - Started process (PID=18676) to work on /home/miminari/repos/airflow_project/env/lib/python3.10/site-packages/airflow/example_dags/example_subdag_operator.py
[2023-08-31T19:12:36.785+0300] {processor.py:829} INFO - Processing file /home/miminari/repos/airflow_project/env/lib/python3.10/site-packages/airflow/example_dags/example_subdag_operator.py for tasks to queue
[2023-08-31T19:12:36.786+0300] {logging_mixin.py:151} INFO - [2023-08-31T19:12:36.786+0300] {dagbag.py:539} INFO - Filling up the DagBag from /home/miminari/repos/airflow_project/env/lib/python3.10/site-packages/airflow/example_dags/example_subdag_operator.py
[2023-08-31T19:12:36.815+0300] {processor.py:839} INFO - DAG(s) dict_keys(['example_subdag_operator.section-1', 'example_subdag_operator.section-2', 'example_subdag_operator']) retrieved from /home/miminari/repos/airflow_project/env/lib/python3.10/site-packages/airflow/example_dags/example_subdag_operator.py
[2023-08-31T19:12:36.828+0300] {logging_mixin.py:151} INFO - [2023-08-31T19:12:36.828+0300] {dag.py:2907} INFO - Sync 3 DAGs
[2023-08-31T19:12:36.848+0300] {logging_mixin.py:151} INFO - [2023-08-31T19:12:36.848+0300] {dag.py:3677} INFO - Setting next_dagrun for example_subdag_operator to 2022-01-01T00:00:00+00:00, run_after=2022-01-01T00:00:00+00:00
[2023-08-31T19:12:36.851+0300] {logging_mixin.py:151} INFO - [2023-08-31T19:12:36.851+0300] {dag.py:3677} INFO - Setting next_dagrun for example_subdag_operator.section-1 to None, run_after=None
[2023-08-31T19:12:36.852+0300] {logging_mixin.py:151} INFO - [2023-08-31T19:12:36.852+0300] {dag.py:3677} INFO - Setting next_dagrun for example_subdag_operator.section-2 to None, run_after=None
[2023-08-31T19:12:36.857+0300] {logging_mixin.py:151} INFO - [2023-08-31T19:12:36.856+0300] {dag.py:2907} INFO - Sync 2 DAGs
[2023-08-31T19:12:36.861+0300] {logging_mixin.py:151} INFO - [2023-08-31T19:12:36.861+0300] {dag.py:3677} INFO - Setting next_dagrun for example_subdag_operator.section-1 to None, run_after=None
[2023-08-31T19:12:36.861+0300] {logging_mixin.py:151} INFO - [2023-08-31T19:12:36.861+0300] {dag.py:3677} INFO - Setting next_dagrun for example_subdag_operator.section-2 to None, run_after=None
[2023-08-31T19:12:36.870+0300] {processor.py:179} INFO - Processing /home/miminari/repos/airflow_project/env/lib/python3.10/site-packages/airflow/example_dags/example_subdag_operator.py took 0.088 seconds
[2023-08-31T19:13:06.953+0300] {processor.py:157} INFO - Started process (PID=18778) to work on /home/miminari/repos/airflow_project/env/lib/python3.10/site-packages/airflow/example_dags/example_subdag_operator.py
[2023-08-31T19:13:06.954+0300] {processor.py:829} INFO - Processing file /home/miminari/repos/airflow_project/env/lib/python3.10/site-packages/airflow/example_dags/example_subdag_operator.py for tasks to queue
[2023-08-31T19:13:06.954+0300] {logging_mixin.py:151} INFO - [2023-08-31T19:13:06.954+0300] {dagbag.py:539} INFO - Filling up the DagBag from /home/miminari/repos/airflow_project/env/lib/python3.10/site-packages/airflow/example_dags/example_subdag_operator.py
[2023-08-31T19:13:06.978+0300] {processor.py:839} INFO - DAG(s) dict_keys(['example_subdag_operator.section-1', 'example_subdag_operator.section-2', 'example_subdag_operator']) retrieved from /home/miminari/repos/airflow_project/env/lib/python3.10/site-packages/airflow/example_dags/example_subdag_operator.py
[2023-08-31T19:13:06.991+0300] {logging_mixin.py:151} INFO - [2023-08-31T19:13:06.991+0300] {dag.py:2907} INFO - Sync 3 DAGs
[2023-08-31T19:13:07.008+0300] {logging_mixin.py:151} INFO - [2023-08-31T19:13:07.008+0300] {dag.py:3677} INFO - Setting next_dagrun for example_subdag_operator to 2022-01-01T00:00:00+00:00, run_after=2022-01-01T00:00:00+00:00
[2023-08-31T19:13:07.011+0300] {logging_mixin.py:151} INFO - [2023-08-31T19:13:07.011+0300] {dag.py:3677} INFO - Setting next_dagrun for example_subdag_operator.section-1 to None, run_after=None
[2023-08-31T19:13:07.012+0300] {logging_mixin.py:151} INFO - [2023-08-31T19:13:07.012+0300] {dag.py:3677} INFO - Setting next_dagrun for example_subdag_operator.section-2 to None, run_after=None
[2023-08-31T19:13:07.017+0300] {logging_mixin.py:151} INFO - [2023-08-31T19:13:07.017+0300] {dag.py:2907} INFO - Sync 2 DAGs
[2023-08-31T19:13:07.020+0300] {logging_mixin.py:151} INFO - [2023-08-31T19:13:07.020+0300] {dag.py:3677} INFO - Setting next_dagrun for example_subdag_operator.section-1 to None, run_after=None
[2023-08-31T19:13:07.020+0300] {logging_mixin.py:151} INFO - [2023-08-31T19:13:07.020+0300] {dag.py:3677} INFO - Setting next_dagrun for example_subdag_operator.section-2 to None, run_after=None
[2023-08-31T19:13:07.028+0300] {processor.py:179} INFO - Processing /home/miminari/repos/airflow_project/env/lib/python3.10/site-packages/airflow/example_dags/example_subdag_operator.py took 0.077 seconds
[2023-08-31T19:13:37.978+0300] {processor.py:157} INFO - Started process (PID=18886) to work on /home/miminari/repos/airflow_project/env/lib/python3.10/site-packages/airflow/example_dags/example_subdag_operator.py
[2023-08-31T19:13:37.979+0300] {processor.py:829} INFO - Processing file /home/miminari/repos/airflow_project/env/lib/python3.10/site-packages/airflow/example_dags/example_subdag_operator.py for tasks to queue
[2023-08-31T19:13:37.980+0300] {logging_mixin.py:151} INFO - [2023-08-31T19:13:37.979+0300] {dagbag.py:539} INFO - Filling up the DagBag from /home/miminari/repos/airflow_project/env/lib/python3.10/site-packages/airflow/example_dags/example_subdag_operator.py
[2023-08-31T19:13:38.005+0300] {processor.py:839} INFO - DAG(s) dict_keys(['example_subdag_operator.section-1', 'example_subdag_operator.section-2', 'example_subdag_operator']) retrieved from /home/miminari/repos/airflow_project/env/lib/python3.10/site-packages/airflow/example_dags/example_subdag_operator.py
[2023-08-31T19:13:38.018+0300] {logging_mixin.py:151} INFO - [2023-08-31T19:13:38.017+0300] {dag.py:2907} INFO - Sync 3 DAGs
[2023-08-31T19:13:38.041+0300] {logging_mixin.py:151} INFO - [2023-08-31T19:13:38.041+0300] {dag.py:3677} INFO - Setting next_dagrun for example_subdag_operator to 2022-01-01T00:00:00+00:00, run_after=2022-01-01T00:00:00+00:00
[2023-08-31T19:13:38.044+0300] {logging_mixin.py:151} INFO - [2023-08-31T19:13:38.044+0300] {dag.py:3677} INFO - Setting next_dagrun for example_subdag_operator.section-1 to None, run_after=None
[2023-08-31T19:13:38.045+0300] {logging_mixin.py:151} INFO - [2023-08-31T19:13:38.045+0300] {dag.py:3677} INFO - Setting next_dagrun for example_subdag_operator.section-2 to None, run_after=None
[2023-08-31T19:13:38.051+0300] {logging_mixin.py:151} INFO - [2023-08-31T19:13:38.051+0300] {dag.py:2907} INFO - Sync 2 DAGs
[2023-08-31T19:13:38.055+0300] {logging_mixin.py:151} INFO - [2023-08-31T19:13:38.055+0300] {dag.py:3677} INFO - Setting next_dagrun for example_subdag_operator.section-1 to None, run_after=None
[2023-08-31T19:13:38.055+0300] {logging_mixin.py:151} INFO - [2023-08-31T19:13:38.055+0300] {dag.py:3677} INFO - Setting next_dagrun for example_subdag_operator.section-2 to None, run_after=None
[2023-08-31T19:13:38.063+0300] {processor.py:179} INFO - Processing /home/miminari/repos/airflow_project/env/lib/python3.10/site-packages/airflow/example_dags/example_subdag_operator.py took 0.088 seconds
[2023-08-31T19:14:08.242+0300] {processor.py:157} INFO - Started process (PID=18984) to work on /home/miminari/repos/airflow_project/env/lib/python3.10/site-packages/airflow/example_dags/example_subdag_operator.py
[2023-08-31T19:14:08.243+0300] {processor.py:829} INFO - Processing file /home/miminari/repos/airflow_project/env/lib/python3.10/site-packages/airflow/example_dags/example_subdag_operator.py for tasks to queue
[2023-08-31T19:14:08.243+0300] {logging_mixin.py:151} INFO - [2023-08-31T19:14:08.243+0300] {dagbag.py:539} INFO - Filling up the DagBag from /home/miminari/repos/airflow_project/env/lib/python3.10/site-packages/airflow/example_dags/example_subdag_operator.py
[2023-08-31T19:14:08.272+0300] {processor.py:839} INFO - DAG(s) dict_keys(['example_subdag_operator.section-1', 'example_subdag_operator.section-2', 'example_subdag_operator']) retrieved from /home/miminari/repos/airflow_project/env/lib/python3.10/site-packages/airflow/example_dags/example_subdag_operator.py
[2023-08-31T19:14:08.288+0300] {logging_mixin.py:151} INFO - [2023-08-31T19:14:08.288+0300] {dag.py:2907} INFO - Sync 3 DAGs
[2023-08-31T19:14:08.311+0300] {logging_mixin.py:151} INFO - [2023-08-31T19:14:08.311+0300] {dag.py:3677} INFO - Setting next_dagrun for example_subdag_operator to 2022-01-01T00:00:00+00:00, run_after=2022-01-01T00:00:00+00:00
[2023-08-31T19:14:08.314+0300] {logging_mixin.py:151} INFO - [2023-08-31T19:14:08.314+0300] {dag.py:3677} INFO - Setting next_dagrun for example_subdag_operator.section-1 to None, run_after=None
[2023-08-31T19:14:08.315+0300] {logging_mixin.py:151} INFO - [2023-08-31T19:14:08.315+0300] {dag.py:3677} INFO - Setting next_dagrun for example_subdag_operator.section-2 to None, run_after=None
[2023-08-31T19:14:08.323+0300] {logging_mixin.py:151} INFO - [2023-08-31T19:14:08.323+0300] {dag.py:2907} INFO - Sync 2 DAGs
[2023-08-31T19:14:08.328+0300] {logging_mixin.py:151} INFO - [2023-08-31T19:14:08.328+0300] {dag.py:3677} INFO - Setting next_dagrun for example_subdag_operator.section-1 to None, run_after=None
[2023-08-31T19:14:08.328+0300] {logging_mixin.py:151} INFO - [2023-08-31T19:14:08.328+0300] {dag.py:3677} INFO - Setting next_dagrun for example_subdag_operator.section-2 to None, run_after=None
[2023-08-31T19:14:08.337+0300] {processor.py:179} INFO - Processing /home/miminari/repos/airflow_project/env/lib/python3.10/site-packages/airflow/example_dags/example_subdag_operator.py took 0.098 seconds
[2023-08-31T19:14:38.402+0300] {processor.py:157} INFO - Started process (PID=19079) to work on /home/miminari/repos/airflow_project/env/lib/python3.10/site-packages/airflow/example_dags/example_subdag_operator.py
[2023-08-31T19:14:38.403+0300] {processor.py:829} INFO - Processing file /home/miminari/repos/airflow_project/env/lib/python3.10/site-packages/airflow/example_dags/example_subdag_operator.py for tasks to queue
[2023-08-31T19:14:38.404+0300] {logging_mixin.py:151} INFO - [2023-08-31T19:14:38.404+0300] {dagbag.py:539} INFO - Filling up the DagBag from /home/miminari/repos/airflow_project/env/lib/python3.10/site-packages/airflow/example_dags/example_subdag_operator.py
[2023-08-31T19:14:38.430+0300] {processor.py:839} INFO - DAG(s) dict_keys(['example_subdag_operator.section-1', 'example_subdag_operator.section-2', 'example_subdag_operator']) retrieved from /home/miminari/repos/airflow_project/env/lib/python3.10/site-packages/airflow/example_dags/example_subdag_operator.py
[2023-08-31T19:14:38.443+0300] {logging_mixin.py:151} INFO - [2023-08-31T19:14:38.442+0300] {dag.py:2907} INFO - Sync 3 DAGs
[2023-08-31T19:14:38.462+0300] {logging_mixin.py:151} INFO - [2023-08-31T19:14:38.461+0300] {dag.py:3677} INFO - Setting next_dagrun for example_subdag_operator to 2022-01-01T00:00:00+00:00, run_after=2022-01-01T00:00:00+00:00
[2023-08-31T19:14:38.465+0300] {logging_mixin.py:151} INFO - [2023-08-31T19:14:38.465+0300] {dag.py:3677} INFO - Setting next_dagrun for example_subdag_operator.section-1 to None, run_after=None
[2023-08-31T19:14:38.465+0300] {logging_mixin.py:151} INFO - [2023-08-31T19:14:38.465+0300] {dag.py:3677} INFO - Setting next_dagrun for example_subdag_operator.section-2 to None, run_after=None
[2023-08-31T19:14:38.471+0300] {logging_mixin.py:151} INFO - [2023-08-31T19:14:38.470+0300] {dag.py:2907} INFO - Sync 2 DAGs
[2023-08-31T19:14:38.476+0300] {logging_mixin.py:151} INFO - [2023-08-31T19:14:38.476+0300] {dag.py:3677} INFO - Setting next_dagrun for example_subdag_operator.section-1 to None, run_after=None
[2023-08-31T19:14:38.476+0300] {logging_mixin.py:151} INFO - [2023-08-31T19:14:38.476+0300] {dag.py:3677} INFO - Setting next_dagrun for example_subdag_operator.section-2 to None, run_after=None
[2023-08-31T19:14:38.484+0300] {processor.py:179} INFO - Processing /home/miminari/repos/airflow_project/env/lib/python3.10/site-packages/airflow/example_dags/example_subdag_operator.py took 0.084 seconds
[2023-08-31T19:15:08.665+0300] {processor.py:157} INFO - Started process (PID=19280) to work on /home/miminari/repos/airflow_project/env/lib/python3.10/site-packages/airflow/example_dags/example_subdag_operator.py
[2023-08-31T19:15:08.666+0300] {processor.py:829} INFO - Processing file /home/miminari/repos/airflow_project/env/lib/python3.10/site-packages/airflow/example_dags/example_subdag_operator.py for tasks to queue
[2023-08-31T19:15:08.667+0300] {logging_mixin.py:151} INFO - [2023-08-31T19:15:08.667+0300] {dagbag.py:539} INFO - Filling up the DagBag from /home/miminari/repos/airflow_project/env/lib/python3.10/site-packages/airflow/example_dags/example_subdag_operator.py
[2023-08-31T19:15:08.693+0300] {processor.py:839} INFO - DAG(s) dict_keys(['example_subdag_operator.section-1', 'example_subdag_operator.section-2', 'example_subdag_operator']) retrieved from /home/miminari/repos/airflow_project/env/lib/python3.10/site-packages/airflow/example_dags/example_subdag_operator.py
[2023-08-31T19:15:08.708+0300] {logging_mixin.py:151} INFO - [2023-08-31T19:15:08.707+0300] {dag.py:2907} INFO - Sync 3 DAGs
[2023-08-31T19:15:08.728+0300] {logging_mixin.py:151} INFO - [2023-08-31T19:15:08.728+0300] {dag.py:3677} INFO - Setting next_dagrun for example_subdag_operator to 2022-01-01T00:00:00+00:00, run_after=2022-01-01T00:00:00+00:00
[2023-08-31T19:15:08.732+0300] {logging_mixin.py:151} INFO - [2023-08-31T19:15:08.732+0300] {dag.py:3677} INFO - Setting next_dagrun for example_subdag_operator.section-1 to None, run_after=None
[2023-08-31T19:15:08.733+0300] {logging_mixin.py:151} INFO - [2023-08-31T19:15:08.733+0300] {dag.py:3677} INFO - Setting next_dagrun for example_subdag_operator.section-2 to None, run_after=None
[2023-08-31T19:15:08.740+0300] {logging_mixin.py:151} INFO - [2023-08-31T19:15:08.740+0300] {dag.py:2907} INFO - Sync 2 DAGs
[2023-08-31T19:15:08.744+0300] {logging_mixin.py:151} INFO - [2023-08-31T19:15:08.744+0300] {dag.py:3677} INFO - Setting next_dagrun for example_subdag_operator.section-1 to None, run_after=None
[2023-08-31T19:15:08.745+0300] {logging_mixin.py:151} INFO - [2023-08-31T19:15:08.745+0300] {dag.py:3677} INFO - Setting next_dagrun for example_subdag_operator.section-2 to None, run_after=None
[2023-08-31T19:15:08.755+0300] {processor.py:179} INFO - Processing /home/miminari/repos/airflow_project/env/lib/python3.10/site-packages/airflow/example_dags/example_subdag_operator.py took 0.093 seconds
[2023-08-31T19:15:38.942+0300] {processor.py:157} INFO - Started process (PID=19378) to work on /home/miminari/repos/airflow_project/env/lib/python3.10/site-packages/airflow/example_dags/example_subdag_operator.py
[2023-08-31T19:15:38.943+0300] {processor.py:829} INFO - Processing file /home/miminari/repos/airflow_project/env/lib/python3.10/site-packages/airflow/example_dags/example_subdag_operator.py for tasks to queue
[2023-08-31T19:15:38.944+0300] {logging_mixin.py:151} INFO - [2023-08-31T19:15:38.944+0300] {dagbag.py:539} INFO - Filling up the DagBag from /home/miminari/repos/airflow_project/env/lib/python3.10/site-packages/airflow/example_dags/example_subdag_operator.py
[2023-08-31T19:15:38.973+0300] {processor.py:839} INFO - DAG(s) dict_keys(['example_subdag_operator.section-1', 'example_subdag_operator.section-2', 'example_subdag_operator']) retrieved from /home/miminari/repos/airflow_project/env/lib/python3.10/site-packages/airflow/example_dags/example_subdag_operator.py
[2023-08-31T19:15:38.988+0300] {logging_mixin.py:151} INFO - [2023-08-31T19:15:38.988+0300] {dag.py:2907} INFO - Sync 3 DAGs
[2023-08-31T19:15:39.010+0300] {logging_mixin.py:151} INFO - [2023-08-31T19:15:39.010+0300] {dag.py:3677} INFO - Setting next_dagrun for example_subdag_operator to 2022-01-01T00:00:00+00:00, run_after=2022-01-01T00:00:00+00:00
[2023-08-31T19:15:39.016+0300] {logging_mixin.py:151} INFO - [2023-08-31T19:15:39.015+0300] {dag.py:3677} INFO - Setting next_dagrun for example_subdag_operator.section-1 to None, run_after=None
[2023-08-31T19:15:39.017+0300] {logging_mixin.py:151} INFO - [2023-08-31T19:15:39.017+0300] {dag.py:3677} INFO - Setting next_dagrun for example_subdag_operator.section-2 to None, run_after=None
[2023-08-31T19:15:39.024+0300] {logging_mixin.py:151} INFO - [2023-08-31T19:15:39.023+0300] {dag.py:2907} INFO - Sync 2 DAGs
[2023-08-31T19:15:39.029+0300] {logging_mixin.py:151} INFO - [2023-08-31T19:15:39.029+0300] {dag.py:3677} INFO - Setting next_dagrun for example_subdag_operator.section-1 to None, run_after=None
[2023-08-31T19:15:39.029+0300] {logging_mixin.py:151} INFO - [2023-08-31T19:15:39.029+0300] {dag.py:3677} INFO - Setting next_dagrun for example_subdag_operator.section-2 to None, run_after=None
[2023-08-31T19:15:39.040+0300] {processor.py:179} INFO - Processing /home/miminari/repos/airflow_project/env/lib/python3.10/site-packages/airflow/example_dags/example_subdag_operator.py took 0.100 seconds
[2023-08-31T19:16:09.154+0300] {processor.py:157} INFO - Started process (PID=19533) to work on /home/miminari/repos/airflow_project/env/lib/python3.10/site-packages/airflow/example_dags/example_subdag_operator.py
[2023-08-31T19:16:09.155+0300] {processor.py:829} INFO - Processing file /home/miminari/repos/airflow_project/env/lib/python3.10/site-packages/airflow/example_dags/example_subdag_operator.py for tasks to queue
[2023-08-31T19:16:09.155+0300] {logging_mixin.py:151} INFO - [2023-08-31T19:16:09.155+0300] {dagbag.py:539} INFO - Filling up the DagBag from /home/miminari/repos/airflow_project/env/lib/python3.10/site-packages/airflow/example_dags/example_subdag_operator.py
[2023-08-31T19:16:09.183+0300] {processor.py:839} INFO - DAG(s) dict_keys(['example_subdag_operator.section-1', 'example_subdag_operator.section-2', 'example_subdag_operator']) retrieved from /home/miminari/repos/airflow_project/env/lib/python3.10/site-packages/airflow/example_dags/example_subdag_operator.py
[2023-08-31T19:16:09.196+0300] {logging_mixin.py:151} INFO - [2023-08-31T19:16:09.196+0300] {dag.py:2907} INFO - Sync 3 DAGs
[2023-08-31T19:16:09.215+0300] {logging_mixin.py:151} INFO - [2023-08-31T19:16:09.215+0300] {dag.py:3677} INFO - Setting next_dagrun for example_subdag_operator to 2022-01-01T00:00:00+00:00, run_after=2022-01-01T00:00:00+00:00
[2023-08-31T19:16:09.218+0300] {logging_mixin.py:151} INFO - [2023-08-31T19:16:09.218+0300] {dag.py:3677} INFO - Setting next_dagrun for example_subdag_operator.section-1 to None, run_after=None
[2023-08-31T19:16:09.219+0300] {logging_mixin.py:151} INFO - [2023-08-31T19:16:09.219+0300] {dag.py:3677} INFO - Setting next_dagrun for example_subdag_operator.section-2 to None, run_after=None
[2023-08-31T19:16:09.224+0300] {logging_mixin.py:151} INFO - [2023-08-31T19:16:09.224+0300] {dag.py:2907} INFO - Sync 2 DAGs
[2023-08-31T19:16:09.229+0300] {logging_mixin.py:151} INFO - [2023-08-31T19:16:09.228+0300] {dag.py:3677} INFO - Setting next_dagrun for example_subdag_operator.section-1 to None, run_after=None
[2023-08-31T19:16:09.229+0300] {logging_mixin.py:151} INFO - [2023-08-31T19:16:09.229+0300] {dag.py:3677} INFO - Setting next_dagrun for example_subdag_operator.section-2 to None, run_after=None
[2023-08-31T19:16:09.237+0300] {processor.py:179} INFO - Processing /home/miminari/repos/airflow_project/env/lib/python3.10/site-packages/airflow/example_dags/example_subdag_operator.py took 0.085 seconds
[2023-08-31T19:16:39.580+0300] {processor.py:157} INFO - Started process (PID=19633) to work on /home/miminari/repos/airflow_project/env/lib/python3.10/site-packages/airflow/example_dags/example_subdag_operator.py
[2023-08-31T19:16:39.581+0300] {processor.py:829} INFO - Processing file /home/miminari/repos/airflow_project/env/lib/python3.10/site-packages/airflow/example_dags/example_subdag_operator.py for tasks to queue
[2023-08-31T19:16:39.581+0300] {logging_mixin.py:151} INFO - [2023-08-31T19:16:39.581+0300] {dagbag.py:539} INFO - Filling up the DagBag from /home/miminari/repos/airflow_project/env/lib/python3.10/site-packages/airflow/example_dags/example_subdag_operator.py
[2023-08-31T19:16:39.606+0300] {processor.py:839} INFO - DAG(s) dict_keys(['example_subdag_operator.section-1', 'example_subdag_operator.section-2', 'example_subdag_operator']) retrieved from /home/miminari/repos/airflow_project/env/lib/python3.10/site-packages/airflow/example_dags/example_subdag_operator.py
[2023-08-31T19:16:39.619+0300] {logging_mixin.py:151} INFO - [2023-08-31T19:16:39.619+0300] {dag.py:2907} INFO - Sync 3 DAGs
[2023-08-31T19:16:39.637+0300] {logging_mixin.py:151} INFO - [2023-08-31T19:16:39.637+0300] {dag.py:3677} INFO - Setting next_dagrun for example_subdag_operator to 2022-01-01T00:00:00+00:00, run_after=2022-01-01T00:00:00+00:00
[2023-08-31T19:16:39.640+0300] {logging_mixin.py:151} INFO - [2023-08-31T19:16:39.640+0300] {dag.py:3677} INFO - Setting next_dagrun for example_subdag_operator.section-1 to None, run_after=None
[2023-08-31T19:16:39.641+0300] {logging_mixin.py:151} INFO - [2023-08-31T19:16:39.640+0300] {dag.py:3677} INFO - Setting next_dagrun for example_subdag_operator.section-2 to None, run_after=None
[2023-08-31T19:16:39.647+0300] {logging_mixin.py:151} INFO - [2023-08-31T19:16:39.647+0300] {dag.py:2907} INFO - Sync 2 DAGs
[2023-08-31T19:16:39.651+0300] {logging_mixin.py:151} INFO - [2023-08-31T19:16:39.651+0300] {dag.py:3677} INFO - Setting next_dagrun for example_subdag_operator.section-1 to None, run_after=None
[2023-08-31T19:16:39.651+0300] {logging_mixin.py:151} INFO - [2023-08-31T19:16:39.651+0300] {dag.py:3677} INFO - Setting next_dagrun for example_subdag_operator.section-2 to None, run_after=None
[2023-08-31T19:16:39.659+0300] {processor.py:179} INFO - Processing /home/miminari/repos/airflow_project/env/lib/python3.10/site-packages/airflow/example_dags/example_subdag_operator.py took 0.082 seconds
[2023-08-31T19:17:09.816+0300] {processor.py:157} INFO - Started process (PID=19782) to work on /home/miminari/repos/airflow_project/env/lib/python3.10/site-packages/airflow/example_dags/example_subdag_operator.py
[2023-08-31T19:17:09.816+0300] {processor.py:829} INFO - Processing file /home/miminari/repos/airflow_project/env/lib/python3.10/site-packages/airflow/example_dags/example_subdag_operator.py for tasks to queue
[2023-08-31T19:17:09.817+0300] {logging_mixin.py:151} INFO - [2023-08-31T19:17:09.816+0300] {dagbag.py:539} INFO - Filling up the DagBag from /home/miminari/repos/airflow_project/env/lib/python3.10/site-packages/airflow/example_dags/example_subdag_operator.py
[2023-08-31T19:17:09.843+0300] {processor.py:839} INFO - DAG(s) dict_keys(['example_subdag_operator.section-1', 'example_subdag_operator.section-2', 'example_subdag_operator']) retrieved from /home/miminari/repos/airflow_project/env/lib/python3.10/site-packages/airflow/example_dags/example_subdag_operator.py
[2023-08-31T19:17:09.856+0300] {logging_mixin.py:151} INFO - [2023-08-31T19:17:09.856+0300] {dag.py:2907} INFO - Sync 3 DAGs
[2023-08-31T19:17:09.876+0300] {logging_mixin.py:151} INFO - [2023-08-31T19:17:09.875+0300] {dag.py:3677} INFO - Setting next_dagrun for example_subdag_operator to 2022-01-01T00:00:00+00:00, run_after=2022-01-01T00:00:00+00:00
[2023-08-31T19:17:09.880+0300] {logging_mixin.py:151} INFO - [2023-08-31T19:17:09.880+0300] {dag.py:3677} INFO - Setting next_dagrun for example_subdag_operator.section-1 to None, run_after=None
[2023-08-31T19:17:09.881+0300] {logging_mixin.py:151} INFO - [2023-08-31T19:17:09.881+0300] {dag.py:3677} INFO - Setting next_dagrun for example_subdag_operator.section-2 to None, run_after=None
[2023-08-31T19:17:09.886+0300] {logging_mixin.py:151} INFO - [2023-08-31T19:17:09.886+0300] {dag.py:2907} INFO - Sync 2 DAGs
[2023-08-31T19:17:09.893+0300] {logging_mixin.py:151} INFO - [2023-08-31T19:17:09.893+0300] {dag.py:3677} INFO - Setting next_dagrun for example_subdag_operator.section-1 to None, run_after=None
[2023-08-31T19:17:09.894+0300] {logging_mixin.py:151} INFO - [2023-08-31T19:17:09.893+0300] {dag.py:3677} INFO - Setting next_dagrun for example_subdag_operator.section-2 to None, run_after=None
[2023-08-31T19:17:09.903+0300] {processor.py:179} INFO - Processing /home/miminari/repos/airflow_project/env/lib/python3.10/site-packages/airflow/example_dags/example_subdag_operator.py took 0.090 seconds
