[2023-08-31T19:12:10.089+0300] {processor.py:157} INFO - Started process (PID=18657) to work on /home/miminari/repos/airflow_project/env/lib/python3.10/site-packages/airflow/example_dags/example_branch_operator_decorator.py
[2023-08-31T19:12:10.090+0300] {processor.py:829} INFO - Processing file /home/miminari/repos/airflow_project/env/lib/python3.10/site-packages/airflow/example_dags/example_branch_operator_decorator.py for tasks to queue
[2023-08-31T19:12:10.090+0300] {logging_mixin.py:151} INFO - [2023-08-31T19:12:10.090+0300] {dagbag.py:539} INFO - Filling up the DagBag from /home/miminari/repos/airflow_project/env/lib/python3.10/site-packages/airflow/example_dags/example_branch_operator_decorator.py
[2023-08-31T19:12:10.098+0300] {processor.py:839} INFO - DAG(s) dict_keys(['example_branch_python_operator_decorator']) retrieved from /home/miminari/repos/airflow_project/env/lib/python3.10/site-packages/airflow/example_dags/example_branch_operator_decorator.py
[2023-08-31T19:12:10.187+0300] {logging_mixin.py:151} INFO - [2023-08-31T19:12:10.186+0300] {manager.py:501} INFO - Created Permission View: can read on DAG:example_branch_python_operator_decorator
[2023-08-31T19:12:10.194+0300] {logging_mixin.py:151} INFO - [2023-08-31T19:12:10.193+0300] {manager.py:501} INFO - Created Permission View: can delete on DAG:example_branch_python_operator_decorator
[2023-08-31T19:12:10.198+0300] {logging_mixin.py:151} INFO - [2023-08-31T19:12:10.197+0300] {manager.py:501} INFO - Created Permission View: can edit on DAG:example_branch_python_operator_decorator
[2023-08-31T19:12:10.208+0300] {logging_mixin.py:151} INFO - [2023-08-31T19:12:10.207+0300] {dag.py:2907} INFO - Sync 1 DAGs
[2023-08-31T19:12:10.219+0300] {logging_mixin.py:151} INFO - [2023-08-31T19:12:10.219+0300] {dag.py:2929} INFO - Creating ORM DAG for example_branch_python_operator_decorator
[2023-08-31T19:12:10.228+0300] {logging_mixin.py:151} INFO - [2023-08-31T19:12:10.228+0300] {dag.py:3677} INFO - Setting next_dagrun for example_branch_python_operator_decorator to 2023-08-30T00:00:00+00:00, run_after=2023-08-31T00:00:00+00:00
[2023-08-31T19:12:10.241+0300] {processor.py:179} INFO - Processing /home/miminari/repos/airflow_project/env/lib/python3.10/site-packages/airflow/example_dags/example_branch_operator_decorator.py took 0.154 seconds
[2023-08-31T19:12:40.479+0300] {processor.py:157} INFO - Started process (PID=18752) to work on /home/miminari/repos/airflow_project/env/lib/python3.10/site-packages/airflow/example_dags/example_branch_operator_decorator.py
[2023-08-31T19:12:40.479+0300] {processor.py:829} INFO - Processing file /home/miminari/repos/airflow_project/env/lib/python3.10/site-packages/airflow/example_dags/example_branch_operator_decorator.py for tasks to queue
[2023-08-31T19:12:40.480+0300] {logging_mixin.py:151} INFO - [2023-08-31T19:12:40.480+0300] {dagbag.py:539} INFO - Filling up the DagBag from /home/miminari/repos/airflow_project/env/lib/python3.10/site-packages/airflow/example_dags/example_branch_operator_decorator.py
[2023-08-31T19:12:40.488+0300] {processor.py:839} INFO - DAG(s) dict_keys(['example_branch_python_operator_decorator']) retrieved from /home/miminari/repos/airflow_project/env/lib/python3.10/site-packages/airflow/example_dags/example_branch_operator_decorator.py
[2023-08-31T19:12:40.515+0300] {logging_mixin.py:151} INFO - [2023-08-31T19:12:40.515+0300] {dag.py:2907} INFO - Sync 1 DAGs
[2023-08-31T19:12:40.537+0300] {logging_mixin.py:151} INFO - [2023-08-31T19:12:40.537+0300] {dag.py:3677} INFO - Setting next_dagrun for example_branch_python_operator_decorator to 2023-08-30T00:00:00+00:00, run_after=2023-08-31T00:00:00+00:00
[2023-08-31T19:12:40.550+0300] {processor.py:179} INFO - Processing /home/miminari/repos/airflow_project/env/lib/python3.10/site-packages/airflow/example_dags/example_branch_operator_decorator.py took 0.074 seconds
[2023-08-31T19:13:10.598+0300] {processor.py:157} INFO - Started process (PID=18852) to work on /home/miminari/repos/airflow_project/env/lib/python3.10/site-packages/airflow/example_dags/example_branch_operator_decorator.py
[2023-08-31T19:13:10.599+0300] {processor.py:829} INFO - Processing file /home/miminari/repos/airflow_project/env/lib/python3.10/site-packages/airflow/example_dags/example_branch_operator_decorator.py for tasks to queue
[2023-08-31T19:13:10.600+0300] {logging_mixin.py:151} INFO - [2023-08-31T19:13:10.599+0300] {dagbag.py:539} INFO - Filling up the DagBag from /home/miminari/repos/airflow_project/env/lib/python3.10/site-packages/airflow/example_dags/example_branch_operator_decorator.py
[2023-08-31T19:13:10.608+0300] {processor.py:839} INFO - DAG(s) dict_keys(['example_branch_python_operator_decorator']) retrieved from /home/miminari/repos/airflow_project/env/lib/python3.10/site-packages/airflow/example_dags/example_branch_operator_decorator.py
[2023-08-31T19:13:10.632+0300] {logging_mixin.py:151} INFO - [2023-08-31T19:13:10.632+0300] {dag.py:2907} INFO - Sync 1 DAGs
[2023-08-31T19:13:10.652+0300] {logging_mixin.py:151} INFO - [2023-08-31T19:13:10.652+0300] {dag.py:3677} INFO - Setting next_dagrun for example_branch_python_operator_decorator to 2023-08-30T00:00:00+00:00, run_after=2023-08-31T00:00:00+00:00
[2023-08-31T19:13:10.666+0300] {processor.py:179} INFO - Processing /home/miminari/repos/airflow_project/env/lib/python3.10/site-packages/airflow/example_dags/example_branch_operator_decorator.py took 0.070 seconds
[2023-08-31T19:13:40.823+0300] {processor.py:157} INFO - Started process (PID=18960) to work on /home/miminari/repos/airflow_project/env/lib/python3.10/site-packages/airflow/example_dags/example_branch_operator_decorator.py
[2023-08-31T19:13:40.824+0300] {processor.py:829} INFO - Processing file /home/miminari/repos/airflow_project/env/lib/python3.10/site-packages/airflow/example_dags/example_branch_operator_decorator.py for tasks to queue
[2023-08-31T19:13:40.824+0300] {logging_mixin.py:151} INFO - [2023-08-31T19:13:40.824+0300] {dagbag.py:539} INFO - Filling up the DagBag from /home/miminari/repos/airflow_project/env/lib/python3.10/site-packages/airflow/example_dags/example_branch_operator_decorator.py
[2023-08-31T19:13:40.833+0300] {processor.py:839} INFO - DAG(s) dict_keys(['example_branch_python_operator_decorator']) retrieved from /home/miminari/repos/airflow_project/env/lib/python3.10/site-packages/airflow/example_dags/example_branch_operator_decorator.py
[2023-08-31T19:13:40.858+0300] {logging_mixin.py:151} INFO - [2023-08-31T19:13:40.858+0300] {dag.py:2907} INFO - Sync 1 DAGs
[2023-08-31T19:13:40.879+0300] {logging_mixin.py:151} INFO - [2023-08-31T19:13:40.879+0300] {dag.py:3677} INFO - Setting next_dagrun for example_branch_python_operator_decorator to 2023-08-30T00:00:00+00:00, run_after=2023-08-31T00:00:00+00:00
[2023-08-31T19:13:40.895+0300] {processor.py:179} INFO - Processing /home/miminari/repos/airflow_project/env/lib/python3.10/site-packages/airflow/example_dags/example_branch_operator_decorator.py took 0.074 seconds
[2023-08-31T19:14:10.975+0300] {processor.py:157} INFO - Started process (PID=19058) to work on /home/miminari/repos/airflow_project/env/lib/python3.10/site-packages/airflow/example_dags/example_branch_operator_decorator.py
[2023-08-31T19:14:10.976+0300] {processor.py:829} INFO - Processing file /home/miminari/repos/airflow_project/env/lib/python3.10/site-packages/airflow/example_dags/example_branch_operator_decorator.py for tasks to queue
[2023-08-31T19:14:10.976+0300] {logging_mixin.py:151} INFO - [2023-08-31T19:14:10.976+0300] {dagbag.py:539} INFO - Filling up the DagBag from /home/miminari/repos/airflow_project/env/lib/python3.10/site-packages/airflow/example_dags/example_branch_operator_decorator.py
[2023-08-31T19:14:10.984+0300] {processor.py:839} INFO - DAG(s) dict_keys(['example_branch_python_operator_decorator']) retrieved from /home/miminari/repos/airflow_project/env/lib/python3.10/site-packages/airflow/example_dags/example_branch_operator_decorator.py
[2023-08-31T19:14:11.010+0300] {logging_mixin.py:151} INFO - [2023-08-31T19:14:11.010+0300] {dag.py:2907} INFO - Sync 1 DAGs
[2023-08-31T19:14:11.029+0300] {logging_mixin.py:151} INFO - [2023-08-31T19:14:11.029+0300] {dag.py:3677} INFO - Setting next_dagrun for example_branch_python_operator_decorator to 2023-08-30T00:00:00+00:00, run_after=2023-08-31T00:00:00+00:00
[2023-08-31T19:14:11.043+0300] {processor.py:179} INFO - Processing /home/miminari/repos/airflow_project/env/lib/python3.10/site-packages/airflow/example_dags/example_branch_operator_decorator.py took 0.070 seconds
[2023-08-31T19:14:41.200+0300] {processor.py:157} INFO - Started process (PID=19153) to work on /home/miminari/repos/airflow_project/env/lib/python3.10/site-packages/airflow/example_dags/example_branch_operator_decorator.py
[2023-08-31T19:14:41.201+0300] {processor.py:829} INFO - Processing file /home/miminari/repos/airflow_project/env/lib/python3.10/site-packages/airflow/example_dags/example_branch_operator_decorator.py for tasks to queue
[2023-08-31T19:14:41.202+0300] {logging_mixin.py:151} INFO - [2023-08-31T19:14:41.201+0300] {dagbag.py:539} INFO - Filling up the DagBag from /home/miminari/repos/airflow_project/env/lib/python3.10/site-packages/airflow/example_dags/example_branch_operator_decorator.py
[2023-08-31T19:14:41.211+0300] {processor.py:839} INFO - DAG(s) dict_keys(['example_branch_python_operator_decorator']) retrieved from /home/miminari/repos/airflow_project/env/lib/python3.10/site-packages/airflow/example_dags/example_branch_operator_decorator.py
[2023-08-31T19:14:41.253+0300] {logging_mixin.py:151} INFO - [2023-08-31T19:14:41.253+0300] {dag.py:2907} INFO - Sync 1 DAGs
[2023-08-31T19:14:41.273+0300] {logging_mixin.py:151} INFO - [2023-08-31T19:14:41.272+0300] {dag.py:3677} INFO - Setting next_dagrun for example_branch_python_operator_decorator to 2023-08-30T00:00:00+00:00, run_after=2023-08-31T00:00:00+00:00
[2023-08-31T19:14:41.289+0300] {processor.py:179} INFO - Processing /home/miminari/repos/airflow_project/env/lib/python3.10/site-packages/airflow/example_dags/example_branch_operator_decorator.py took 0.093 seconds
[2023-08-31T19:15:11.517+0300] {processor.py:157} INFO - Started process (PID=19354) to work on /home/miminari/repos/airflow_project/env/lib/python3.10/site-packages/airflow/example_dags/example_branch_operator_decorator.py
[2023-08-31T19:15:11.518+0300] {processor.py:829} INFO - Processing file /home/miminari/repos/airflow_project/env/lib/python3.10/site-packages/airflow/example_dags/example_branch_operator_decorator.py for tasks to queue
[2023-08-31T19:15:11.518+0300] {logging_mixin.py:151} INFO - [2023-08-31T19:15:11.518+0300] {dagbag.py:539} INFO - Filling up the DagBag from /home/miminari/repos/airflow_project/env/lib/python3.10/site-packages/airflow/example_dags/example_branch_operator_decorator.py
[2023-08-31T19:15:11.526+0300] {processor.py:839} INFO - DAG(s) dict_keys(['example_branch_python_operator_decorator']) retrieved from /home/miminari/repos/airflow_project/env/lib/python3.10/site-packages/airflow/example_dags/example_branch_operator_decorator.py
[2023-08-31T19:15:11.552+0300] {logging_mixin.py:151} INFO - [2023-08-31T19:15:11.552+0300] {dag.py:2907} INFO - Sync 1 DAGs
[2023-08-31T19:15:11.584+0300] {logging_mixin.py:151} INFO - [2023-08-31T19:15:11.584+0300] {dag.py:3677} INFO - Setting next_dagrun for example_branch_python_operator_decorator to 2023-08-30T00:00:00+00:00, run_after=2023-08-31T00:00:00+00:00
[2023-08-31T19:15:11.602+0300] {processor.py:179} INFO - Processing /home/miminari/repos/airflow_project/env/lib/python3.10/site-packages/airflow/example_dags/example_branch_operator_decorator.py took 0.088 seconds
[2023-08-31T19:15:41.650+0300] {processor.py:157} INFO - Started process (PID=19452) to work on /home/miminari/repos/airflow_project/env/lib/python3.10/site-packages/airflow/example_dags/example_branch_operator_decorator.py
[2023-08-31T19:15:41.651+0300] {processor.py:829} INFO - Processing file /home/miminari/repos/airflow_project/env/lib/python3.10/site-packages/airflow/example_dags/example_branch_operator_decorator.py for tasks to queue
[2023-08-31T19:15:41.651+0300] {logging_mixin.py:151} INFO - [2023-08-31T19:15:41.651+0300] {dagbag.py:539} INFO - Filling up the DagBag from /home/miminari/repos/airflow_project/env/lib/python3.10/site-packages/airflow/example_dags/example_branch_operator_decorator.py
[2023-08-31T19:15:41.662+0300] {processor.py:839} INFO - DAG(s) dict_keys(['example_branch_python_operator_decorator']) retrieved from /home/miminari/repos/airflow_project/env/lib/python3.10/site-packages/airflow/example_dags/example_branch_operator_decorator.py
[2023-08-31T19:15:41.715+0300] {logging_mixin.py:151} INFO - [2023-08-31T19:15:41.715+0300] {dag.py:2907} INFO - Sync 1 DAGs
[2023-08-31T19:15:41.735+0300] {logging_mixin.py:151} INFO - [2023-08-31T19:15:41.734+0300] {dag.py:3677} INFO - Setting next_dagrun for example_branch_python_operator_decorator to 2023-08-30T00:00:00+00:00, run_after=2023-08-31T00:00:00+00:00
[2023-08-31T19:15:41.751+0300] {processor.py:179} INFO - Processing /home/miminari/repos/airflow_project/env/lib/python3.10/site-packages/airflow/example_dags/example_branch_operator_decorator.py took 0.104 seconds
[2023-08-31T19:16:12.139+0300] {processor.py:157} INFO - Started process (PID=19608) to work on /home/miminari/repos/airflow_project/env/lib/python3.10/site-packages/airflow/example_dags/example_branch_operator_decorator.py
[2023-08-31T19:16:12.140+0300] {processor.py:829} INFO - Processing file /home/miminari/repos/airflow_project/env/lib/python3.10/site-packages/airflow/example_dags/example_branch_operator_decorator.py for tasks to queue
[2023-08-31T19:16:12.140+0300] {logging_mixin.py:151} INFO - [2023-08-31T19:16:12.140+0300] {dagbag.py:539} INFO - Filling up the DagBag from /home/miminari/repos/airflow_project/env/lib/python3.10/site-packages/airflow/example_dags/example_branch_operator_decorator.py
[2023-08-31T19:16:12.148+0300] {processor.py:839} INFO - DAG(s) dict_keys(['example_branch_python_operator_decorator']) retrieved from /home/miminari/repos/airflow_project/env/lib/python3.10/site-packages/airflow/example_dags/example_branch_operator_decorator.py
[2023-08-31T19:16:12.176+0300] {logging_mixin.py:151} INFO - [2023-08-31T19:16:12.176+0300] {dag.py:2907} INFO - Sync 1 DAGs
[2023-08-31T19:16:12.198+0300] {logging_mixin.py:151} INFO - [2023-08-31T19:16:12.197+0300] {dag.py:3677} INFO - Setting next_dagrun for example_branch_python_operator_decorator to 2023-08-30T00:00:00+00:00, run_after=2023-08-31T00:00:00+00:00
[2023-08-31T19:16:12.214+0300] {processor.py:179} INFO - Processing /home/miminari/repos/airflow_project/env/lib/python3.10/site-packages/airflow/example_dags/example_branch_operator_decorator.py took 0.077 seconds
[2023-08-31T19:16:42.348+0300] {processor.py:157} INFO - Started process (PID=19708) to work on /home/miminari/repos/airflow_project/env/lib/python3.10/site-packages/airflow/example_dags/example_branch_operator_decorator.py
[2023-08-31T19:16:42.349+0300] {processor.py:829} INFO - Processing file /home/miminari/repos/airflow_project/env/lib/python3.10/site-packages/airflow/example_dags/example_branch_operator_decorator.py for tasks to queue
[2023-08-31T19:16:42.349+0300] {logging_mixin.py:151} INFO - [2023-08-31T19:16:42.349+0300] {dagbag.py:539} INFO - Filling up the DagBag from /home/miminari/repos/airflow_project/env/lib/python3.10/site-packages/airflow/example_dags/example_branch_operator_decorator.py
[2023-08-31T19:16:42.357+0300] {processor.py:839} INFO - DAG(s) dict_keys(['example_branch_python_operator_decorator']) retrieved from /home/miminari/repos/airflow_project/env/lib/python3.10/site-packages/airflow/example_dags/example_branch_operator_decorator.py
[2023-08-31T19:16:42.383+0300] {logging_mixin.py:151} INFO - [2023-08-31T19:16:42.382+0300] {dag.py:2907} INFO - Sync 1 DAGs
[2023-08-31T19:16:42.404+0300] {logging_mixin.py:151} INFO - [2023-08-31T19:16:42.404+0300] {dag.py:3677} INFO - Setting next_dagrun for example_branch_python_operator_decorator to 2023-08-30T00:00:00+00:00, run_after=2023-08-31T00:00:00+00:00
[2023-08-31T19:16:42.423+0300] {processor.py:179} INFO - Processing /home/miminari/repos/airflow_project/env/lib/python3.10/site-packages/airflow/example_dags/example_branch_operator_decorator.py took 0.077 seconds
[2023-08-31T19:17:12.622+0300] {processor.py:157} INFO - Started process (PID=19878) to work on /home/miminari/repos/airflow_project/env/lib/python3.10/site-packages/airflow/example_dags/example_branch_operator_decorator.py
[2023-08-31T19:17:12.622+0300] {processor.py:829} INFO - Processing file /home/miminari/repos/airflow_project/env/lib/python3.10/site-packages/airflow/example_dags/example_branch_operator_decorator.py for tasks to queue
[2023-08-31T19:17:12.623+0300] {logging_mixin.py:151} INFO - [2023-08-31T19:17:12.623+0300] {dagbag.py:539} INFO - Filling up the DagBag from /home/miminari/repos/airflow_project/env/lib/python3.10/site-packages/airflow/example_dags/example_branch_operator_decorator.py
[2023-08-31T19:17:12.630+0300] {processor.py:839} INFO - DAG(s) dict_keys(['example_branch_python_operator_decorator']) retrieved from /home/miminari/repos/airflow_project/env/lib/python3.10/site-packages/airflow/example_dags/example_branch_operator_decorator.py
[2023-08-31T19:17:12.656+0300] {logging_mixin.py:151} INFO - [2023-08-31T19:17:12.656+0300] {dag.py:2907} INFO - Sync 1 DAGs
[2023-08-31T19:17:12.676+0300] {logging_mixin.py:151} INFO - [2023-08-31T19:17:12.676+0300] {dag.py:3677} INFO - Setting next_dagrun for example_branch_python_operator_decorator to 2023-08-30T00:00:00+00:00, run_after=2023-08-31T00:00:00+00:00
[2023-08-31T19:17:12.693+0300] {processor.py:179} INFO - Processing /home/miminari/repos/airflow_project/env/lib/python3.10/site-packages/airflow/example_dags/example_branch_operator_decorator.py took 0.073 seconds
[2023-08-31T19:17:43.797+0300] {processor.py:157} INFO - Started process (PID=20015) to work on /home/miminari/repos/airflow_project/env/lib/python3.10/site-packages/airflow/example_dags/example_branch_operator_decorator.py
[2023-08-31T19:17:43.798+0300] {processor.py:829} INFO - Processing file /home/miminari/repos/airflow_project/env/lib/python3.10/site-packages/airflow/example_dags/example_branch_operator_decorator.py for tasks to queue
[2023-08-31T19:17:43.799+0300] {logging_mixin.py:151} INFO - [2023-08-31T19:17:43.799+0300] {dagbag.py:539} INFO - Filling up the DagBag from /home/miminari/repos/airflow_project/env/lib/python3.10/site-packages/airflow/example_dags/example_branch_operator_decorator.py
[2023-08-31T19:17:43.806+0300] {processor.py:839} INFO - DAG(s) dict_keys(['example_branch_python_operator_decorator']) retrieved from /home/miminari/repos/airflow_project/env/lib/python3.10/site-packages/airflow/example_dags/example_branch_operator_decorator.py
[2023-08-31T19:17:43.831+0300] {logging_mixin.py:151} INFO - [2023-08-31T19:17:43.831+0300] {dag.py:2907} INFO - Sync 1 DAGs
[2023-08-31T19:17:43.851+0300] {logging_mixin.py:151} INFO - [2023-08-31T19:17:43.851+0300] {dag.py:3677} INFO - Setting next_dagrun for example_branch_python_operator_decorator to 2023-08-30T00:00:00+00:00, run_after=2023-08-31T00:00:00+00:00
[2023-08-31T19:17:43.865+0300] {processor.py:179} INFO - Processing /home/miminari/repos/airflow_project/env/lib/python3.10/site-packages/airflow/example_dags/example_branch_operator_decorator.py took 0.070 seconds
[2023-08-31T19:18:14.865+0300] {processor.py:157} INFO - Started process (PID=20123) to work on /home/miminari/repos/airflow_project/env/lib/python3.10/site-packages/airflow/example_dags/example_branch_operator_decorator.py
[2023-08-31T19:18:14.866+0300] {processor.py:829} INFO - Processing file /home/miminari/repos/airflow_project/env/lib/python3.10/site-packages/airflow/example_dags/example_branch_operator_decorator.py for tasks to queue
[2023-08-31T19:18:14.866+0300] {logging_mixin.py:151} INFO - [2023-08-31T19:18:14.866+0300] {dagbag.py:539} INFO - Filling up the DagBag from /home/miminari/repos/airflow_project/env/lib/python3.10/site-packages/airflow/example_dags/example_branch_operator_decorator.py
[2023-08-31T19:18:14.874+0300] {processor.py:839} INFO - DAG(s) dict_keys(['example_branch_python_operator_decorator']) retrieved from /home/miminari/repos/airflow_project/env/lib/python3.10/site-packages/airflow/example_dags/example_branch_operator_decorator.py
[2023-08-31T19:18:14.903+0300] {logging_mixin.py:151} INFO - [2023-08-31T19:18:14.903+0300] {dag.py:2907} INFO - Sync 1 DAGs
[2023-08-31T19:18:14.924+0300] {logging_mixin.py:151} INFO - [2023-08-31T19:18:14.924+0300] {dag.py:3677} INFO - Setting next_dagrun for example_branch_python_operator_decorator to 2023-08-30T00:00:00+00:00, run_after=2023-08-31T00:00:00+00:00
[2023-08-31T19:18:14.940+0300] {processor.py:179} INFO - Processing /home/miminari/repos/airflow_project/env/lib/python3.10/site-packages/airflow/example_dags/example_branch_operator_decorator.py took 0.078 seconds
[2023-08-31T19:18:45.124+0300] {processor.py:157} INFO - Started process (PID=20218) to work on /home/miminari/repos/airflow_project/env/lib/python3.10/site-packages/airflow/example_dags/example_branch_operator_decorator.py
[2023-08-31T19:18:45.125+0300] {processor.py:829} INFO - Processing file /home/miminari/repos/airflow_project/env/lib/python3.10/site-packages/airflow/example_dags/example_branch_operator_decorator.py for tasks to queue
[2023-08-31T19:18:45.125+0300] {logging_mixin.py:151} INFO - [2023-08-31T19:18:45.125+0300] {dagbag.py:539} INFO - Filling up the DagBag from /home/miminari/repos/airflow_project/env/lib/python3.10/site-packages/airflow/example_dags/example_branch_operator_decorator.py
[2023-08-31T19:18:45.133+0300] {processor.py:839} INFO - DAG(s) dict_keys(['example_branch_python_operator_decorator']) retrieved from /home/miminari/repos/airflow_project/env/lib/python3.10/site-packages/airflow/example_dags/example_branch_operator_decorator.py
[2023-08-31T19:18:45.158+0300] {logging_mixin.py:151} INFO - [2023-08-31T19:18:45.158+0300] {dag.py:2907} INFO - Sync 1 DAGs
[2023-08-31T19:18:45.180+0300] {logging_mixin.py:151} INFO - [2023-08-31T19:18:45.180+0300] {dag.py:3677} INFO - Setting next_dagrun for example_branch_python_operator_decorator to 2023-08-30T00:00:00+00:00, run_after=2023-08-31T00:00:00+00:00
[2023-08-31T19:18:45.200+0300] {processor.py:179} INFO - Processing /home/miminari/repos/airflow_project/env/lib/python3.10/site-packages/airflow/example_dags/example_branch_operator_decorator.py took 0.078 seconds
[2023-08-31T19:19:15.650+0300] {processor.py:157} INFO - Started process (PID=20323) to work on /home/miminari/repos/airflow_project/env/lib/python3.10/site-packages/airflow/example_dags/example_branch_operator_decorator.py
[2023-08-31T19:19:15.650+0300] {processor.py:829} INFO - Processing file /home/miminari/repos/airflow_project/env/lib/python3.10/site-packages/airflow/example_dags/example_branch_operator_decorator.py for tasks to queue
[2023-08-31T19:19:15.651+0300] {logging_mixin.py:151} INFO - [2023-08-31T19:19:15.651+0300] {dagbag.py:539} INFO - Filling up the DagBag from /home/miminari/repos/airflow_project/env/lib/python3.10/site-packages/airflow/example_dags/example_branch_operator_decorator.py
[2023-08-31T19:19:15.664+0300] {processor.py:839} INFO - DAG(s) dict_keys(['example_branch_python_operator_decorator']) retrieved from /home/miminari/repos/airflow_project/env/lib/python3.10/site-packages/airflow/example_dags/example_branch_operator_decorator.py
[2023-08-31T19:19:15.694+0300] {logging_mixin.py:151} INFO - [2023-08-31T19:19:15.694+0300] {dag.py:2907} INFO - Sync 1 DAGs
[2023-08-31T19:19:15.721+0300] {logging_mixin.py:151} INFO - [2023-08-31T19:19:15.721+0300] {dag.py:3677} INFO - Setting next_dagrun for example_branch_python_operator_decorator to 2023-08-30T00:00:00+00:00, run_after=2023-08-31T00:00:00+00:00
[2023-08-31T19:19:15.738+0300] {processor.py:179} INFO - Processing /home/miminari/repos/airflow_project/env/lib/python3.10/site-packages/airflow/example_dags/example_branch_operator_decorator.py took 0.091 seconds
[2023-08-31T19:19:45.945+0300] {processor.py:157} INFO - Started process (PID=20422) to work on /home/miminari/repos/airflow_project/env/lib/python3.10/site-packages/airflow/example_dags/example_branch_operator_decorator.py
[2023-08-31T19:19:45.948+0300] {processor.py:829} INFO - Processing file /home/miminari/repos/airflow_project/env/lib/python3.10/site-packages/airflow/example_dags/example_branch_operator_decorator.py for tasks to queue
[2023-08-31T19:19:45.949+0300] {logging_mixin.py:151} INFO - [2023-08-31T19:19:45.949+0300] {dagbag.py:539} INFO - Filling up the DagBag from /home/miminari/repos/airflow_project/env/lib/python3.10/site-packages/airflow/example_dags/example_branch_operator_decorator.py
[2023-08-31T19:19:45.960+0300] {processor.py:839} INFO - DAG(s) dict_keys(['example_branch_python_operator_decorator']) retrieved from /home/miminari/repos/airflow_project/env/lib/python3.10/site-packages/airflow/example_dags/example_branch_operator_decorator.py
[2023-08-31T19:19:45.997+0300] {logging_mixin.py:151} INFO - [2023-08-31T19:19:45.997+0300] {dag.py:2907} INFO - Sync 1 DAGs
[2023-08-31T19:19:46.032+0300] {logging_mixin.py:151} INFO - [2023-08-31T19:19:46.032+0300] {dag.py:3677} INFO - Setting next_dagrun for example_branch_python_operator_decorator to 2023-08-30T00:00:00+00:00, run_after=2023-08-31T00:00:00+00:00
[2023-08-31T19:19:46.065+0300] {processor.py:179} INFO - Processing /home/miminari/repos/airflow_project/env/lib/python3.10/site-packages/airflow/example_dags/example_branch_operator_decorator.py took 0.124 seconds
