[2023-08-31T19:12:07.806+0300] {processor.py:157} INFO - Started process (PID=18578) to work on /home/miminari/repos/airflow_project/env/lib/python3.10/site-packages/airflow/example_dags/example_short_circuit_operator.py
[2023-08-31T19:12:07.806+0300] {processor.py:829} INFO - Processing file /home/miminari/repos/airflow_project/env/lib/python3.10/site-packages/airflow/example_dags/example_short_circuit_operator.py for tasks to queue
[2023-08-31T19:12:07.807+0300] {logging_mixin.py:151} INFO - [2023-08-31T19:12:07.807+0300] {dagbag.py:539} INFO - Filling up the DagBag from /home/miminari/repos/airflow_project/env/lib/python3.10/site-packages/airflow/example_dags/example_short_circuit_operator.py
[2023-08-31T19:12:07.815+0300] {processor.py:839} INFO - DAG(s) dict_keys(['example_short_circuit_operator']) retrieved from /home/miminari/repos/airflow_project/env/lib/python3.10/site-packages/airflow/example_dags/example_short_circuit_operator.py
[2023-08-31T19:12:08.033+0300] {logging_mixin.py:151} INFO - [2023-08-31T19:12:08.033+0300] {manager.py:501} INFO - Created Permission View: can read on DAG:example_short_circuit_operator
[2023-08-31T19:12:08.040+0300] {logging_mixin.py:151} INFO - [2023-08-31T19:12:08.040+0300] {manager.py:501} INFO - Created Permission View: can delete on DAG:example_short_circuit_operator
[2023-08-31T19:12:08.045+0300] {logging_mixin.py:151} INFO - [2023-08-31T19:12:08.045+0300] {manager.py:501} INFO - Created Permission View: can edit on DAG:example_short_circuit_operator
[2023-08-31T19:12:08.055+0300] {logging_mixin.py:151} INFO - [2023-08-31T19:12:08.055+0300] {dag.py:2907} INFO - Sync 1 DAGs
[2023-08-31T19:12:08.064+0300] {logging_mixin.py:151} INFO - [2023-08-31T19:12:08.063+0300] {dag.py:2929} INFO - Creating ORM DAG for example_short_circuit_operator
[2023-08-31T19:12:08.072+0300] {logging_mixin.py:151} INFO - [2023-08-31T19:12:08.072+0300] {dag.py:3677} INFO - Setting next_dagrun for example_short_circuit_operator to 2023-08-30T16:12:08.072095+00:00, run_after=2023-08-31T16:12:08.072095+00:00
[2023-08-31T19:12:08.084+0300] {processor.py:179} INFO - Processing /home/miminari/repos/airflow_project/env/lib/python3.10/site-packages/airflow/example_dags/example_short_circuit_operator.py took 0.281 seconds
[2023-08-31T19:12:38.348+0300] {processor.py:157} INFO - Started process (PID=18702) to work on /home/miminari/repos/airflow_project/env/lib/python3.10/site-packages/airflow/example_dags/example_short_circuit_operator.py
[2023-08-31T19:12:38.348+0300] {processor.py:829} INFO - Processing file /home/miminari/repos/airflow_project/env/lib/python3.10/site-packages/airflow/example_dags/example_short_circuit_operator.py for tasks to queue
[2023-08-31T19:12:38.349+0300] {logging_mixin.py:151} INFO - [2023-08-31T19:12:38.349+0300] {dagbag.py:539} INFO - Filling up the DagBag from /home/miminari/repos/airflow_project/env/lib/python3.10/site-packages/airflow/example_dags/example_short_circuit_operator.py
[2023-08-31T19:12:38.355+0300] {processor.py:839} INFO - DAG(s) dict_keys(['example_short_circuit_operator']) retrieved from /home/miminari/repos/airflow_project/env/lib/python3.10/site-packages/airflow/example_dags/example_short_circuit_operator.py
[2023-08-31T19:12:38.380+0300] {logging_mixin.py:151} INFO - [2023-08-31T19:12:38.380+0300] {dag.py:2907} INFO - Sync 1 DAGs
[2023-08-31T19:12:38.402+0300] {logging_mixin.py:151} INFO - [2023-08-31T19:12:38.402+0300] {dag.py:3677} INFO - Setting next_dagrun for example_short_circuit_operator to 2023-08-30T16:12:38.401911+00:00, run_after=2023-08-31T16:12:38.401911+00:00
[2023-08-31T19:12:38.417+0300] {processor.py:179} INFO - Processing /home/miminari/repos/airflow_project/env/lib/python3.10/site-packages/airflow/example_dags/example_short_circuit_operator.py took 0.071 seconds
[2023-08-31T19:13:08.571+0300] {processor.py:157} INFO - Started process (PID=18802) to work on /home/miminari/repos/airflow_project/env/lib/python3.10/site-packages/airflow/example_dags/example_short_circuit_operator.py
[2023-08-31T19:13:08.571+0300] {processor.py:829} INFO - Processing file /home/miminari/repos/airflow_project/env/lib/python3.10/site-packages/airflow/example_dags/example_short_circuit_operator.py for tasks to queue
[2023-08-31T19:13:08.572+0300] {logging_mixin.py:151} INFO - [2023-08-31T19:13:08.572+0300] {dagbag.py:539} INFO - Filling up the DagBag from /home/miminari/repos/airflow_project/env/lib/python3.10/site-packages/airflow/example_dags/example_short_circuit_operator.py
[2023-08-31T19:13:08.578+0300] {processor.py:839} INFO - DAG(s) dict_keys(['example_short_circuit_operator']) retrieved from /home/miminari/repos/airflow_project/env/lib/python3.10/site-packages/airflow/example_dags/example_short_circuit_operator.py
[2023-08-31T19:13:08.602+0300] {logging_mixin.py:151} INFO - [2023-08-31T19:13:08.602+0300] {dag.py:2907} INFO - Sync 1 DAGs
[2023-08-31T19:13:08.620+0300] {logging_mixin.py:151} INFO - [2023-08-31T19:13:08.620+0300] {dag.py:3677} INFO - Setting next_dagrun for example_short_circuit_operator to 2023-08-30T16:13:08.620463+00:00, run_after=2023-08-31T16:13:08.620463+00:00
[2023-08-31T19:13:08.638+0300] {processor.py:179} INFO - Processing /home/miminari/repos/airflow_project/env/lib/python3.10/site-packages/airflow/example_dags/example_short_circuit_operator.py took 0.070 seconds
[2023-08-31T19:13:39.592+0300] {processor.py:157} INFO - Started process (PID=18909) to work on /home/miminari/repos/airflow_project/env/lib/python3.10/site-packages/airflow/example_dags/example_short_circuit_operator.py
[2023-08-31T19:13:39.593+0300] {processor.py:829} INFO - Processing file /home/miminari/repos/airflow_project/env/lib/python3.10/site-packages/airflow/example_dags/example_short_circuit_operator.py for tasks to queue
[2023-08-31T19:13:39.594+0300] {logging_mixin.py:151} INFO - [2023-08-31T19:13:39.593+0300] {dagbag.py:539} INFO - Filling up the DagBag from /home/miminari/repos/airflow_project/env/lib/python3.10/site-packages/airflow/example_dags/example_short_circuit_operator.py
[2023-08-31T19:13:39.603+0300] {processor.py:839} INFO - DAG(s) dict_keys(['example_short_circuit_operator']) retrieved from /home/miminari/repos/airflow_project/env/lib/python3.10/site-packages/airflow/example_dags/example_short_circuit_operator.py
[2023-08-31T19:13:39.644+0300] {logging_mixin.py:151} INFO - [2023-08-31T19:13:39.644+0300] {dag.py:2907} INFO - Sync 1 DAGs
[2023-08-31T19:13:39.682+0300] {logging_mixin.py:151} INFO - [2023-08-31T19:13:39.681+0300] {dag.py:3677} INFO - Setting next_dagrun for example_short_circuit_operator to 2023-08-30T16:13:39.681712+00:00, run_after=2023-08-31T16:13:39.681712+00:00
[2023-08-31T19:13:39.706+0300] {processor.py:179} INFO - Processing /home/miminari/repos/airflow_project/env/lib/python3.10/site-packages/airflow/example_dags/example_short_circuit_operator.py took 0.117 seconds
[2023-08-31T19:14:09.794+0300] {processor.py:157} INFO - Started process (PID=19008) to work on /home/miminari/repos/airflow_project/env/lib/python3.10/site-packages/airflow/example_dags/example_short_circuit_operator.py
[2023-08-31T19:14:09.796+0300] {processor.py:829} INFO - Processing file /home/miminari/repos/airflow_project/env/lib/python3.10/site-packages/airflow/example_dags/example_short_circuit_operator.py for tasks to queue
[2023-08-31T19:14:09.797+0300] {logging_mixin.py:151} INFO - [2023-08-31T19:14:09.796+0300] {dagbag.py:539} INFO - Filling up the DagBag from /home/miminari/repos/airflow_project/env/lib/python3.10/site-packages/airflow/example_dags/example_short_circuit_operator.py
[2023-08-31T19:14:09.804+0300] {processor.py:839} INFO - DAG(s) dict_keys(['example_short_circuit_operator']) retrieved from /home/miminari/repos/airflow_project/env/lib/python3.10/site-packages/airflow/example_dags/example_short_circuit_operator.py
[2023-08-31T19:14:09.837+0300] {logging_mixin.py:151} INFO - [2023-08-31T19:14:09.836+0300] {dag.py:2907} INFO - Sync 1 DAGs
[2023-08-31T19:14:09.856+0300] {logging_mixin.py:151} INFO - [2023-08-31T19:14:09.855+0300] {dag.py:3677} INFO - Setting next_dagrun for example_short_circuit_operator to 2023-08-30T16:14:09.855611+00:00, run_after=2023-08-31T16:14:09.855611+00:00
[2023-08-31T19:14:09.872+0300] {processor.py:179} INFO - Processing /home/miminari/repos/airflow_project/env/lib/python3.10/site-packages/airflow/example_dags/example_short_circuit_operator.py took 0.082 seconds
[2023-08-31T19:14:39.896+0300] {processor.py:157} INFO - Started process (PID=19103) to work on /home/miminari/repos/airflow_project/env/lib/python3.10/site-packages/airflow/example_dags/example_short_circuit_operator.py
[2023-08-31T19:14:39.897+0300] {processor.py:829} INFO - Processing file /home/miminari/repos/airflow_project/env/lib/python3.10/site-packages/airflow/example_dags/example_short_circuit_operator.py for tasks to queue
[2023-08-31T19:14:39.898+0300] {logging_mixin.py:151} INFO - [2023-08-31T19:14:39.897+0300] {dagbag.py:539} INFO - Filling up the DagBag from /home/miminari/repos/airflow_project/env/lib/python3.10/site-packages/airflow/example_dags/example_short_circuit_operator.py
[2023-08-31T19:14:39.904+0300] {processor.py:839} INFO - DAG(s) dict_keys(['example_short_circuit_operator']) retrieved from /home/miminari/repos/airflow_project/env/lib/python3.10/site-packages/airflow/example_dags/example_short_circuit_operator.py
[2023-08-31T19:14:39.929+0300] {logging_mixin.py:151} INFO - [2023-08-31T19:14:39.929+0300] {dag.py:2907} INFO - Sync 1 DAGs
[2023-08-31T19:14:39.946+0300] {logging_mixin.py:151} INFO - [2023-08-31T19:14:39.946+0300] {dag.py:3677} INFO - Setting next_dagrun for example_short_circuit_operator to 2023-08-30T16:14:39.946457+00:00, run_after=2023-08-31T16:14:39.946457+00:00
[2023-08-31T19:14:39.958+0300] {processor.py:179} INFO - Processing /home/miminari/repos/airflow_project/env/lib/python3.10/site-packages/airflow/example_dags/example_short_circuit_operator.py took 0.065 seconds
[2023-08-31T19:15:10.212+0300] {processor.py:157} INFO - Started process (PID=19303) to work on /home/miminari/repos/airflow_project/env/lib/python3.10/site-packages/airflow/example_dags/example_short_circuit_operator.py
[2023-08-31T19:15:10.212+0300] {processor.py:829} INFO - Processing file /home/miminari/repos/airflow_project/env/lib/python3.10/site-packages/airflow/example_dags/example_short_circuit_operator.py for tasks to queue
[2023-08-31T19:15:10.213+0300] {logging_mixin.py:151} INFO - [2023-08-31T19:15:10.213+0300] {dagbag.py:539} INFO - Filling up the DagBag from /home/miminari/repos/airflow_project/env/lib/python3.10/site-packages/airflow/example_dags/example_short_circuit_operator.py
[2023-08-31T19:15:10.221+0300] {processor.py:839} INFO - DAG(s) dict_keys(['example_short_circuit_operator']) retrieved from /home/miminari/repos/airflow_project/env/lib/python3.10/site-packages/airflow/example_dags/example_short_circuit_operator.py
[2023-08-31T19:15:10.249+0300] {logging_mixin.py:151} INFO - [2023-08-31T19:15:10.249+0300] {dag.py:2907} INFO - Sync 1 DAGs
[2023-08-31T19:15:10.273+0300] {logging_mixin.py:151} INFO - [2023-08-31T19:15:10.273+0300] {dag.py:3677} INFO - Setting next_dagrun for example_short_circuit_operator to 2023-08-30T16:15:10.272844+00:00, run_after=2023-08-31T16:15:10.272844+00:00
[2023-08-31T19:15:10.290+0300] {processor.py:179} INFO - Processing /home/miminari/repos/airflow_project/env/lib/python3.10/site-packages/airflow/example_dags/example_short_circuit_operator.py took 0.082 seconds
[2023-08-31T19:15:40.479+0300] {processor.py:157} INFO - Started process (PID=19402) to work on /home/miminari/repos/airflow_project/env/lib/python3.10/site-packages/airflow/example_dags/example_short_circuit_operator.py
[2023-08-31T19:15:40.479+0300] {processor.py:829} INFO - Processing file /home/miminari/repos/airflow_project/env/lib/python3.10/site-packages/airflow/example_dags/example_short_circuit_operator.py for tasks to queue
[2023-08-31T19:15:40.480+0300] {logging_mixin.py:151} INFO - [2023-08-31T19:15:40.480+0300] {dagbag.py:539} INFO - Filling up the DagBag from /home/miminari/repos/airflow_project/env/lib/python3.10/site-packages/airflow/example_dags/example_short_circuit_operator.py
[2023-08-31T19:15:40.487+0300] {processor.py:839} INFO - DAG(s) dict_keys(['example_short_circuit_operator']) retrieved from /home/miminari/repos/airflow_project/env/lib/python3.10/site-packages/airflow/example_dags/example_short_circuit_operator.py
[2023-08-31T19:15:40.511+0300] {logging_mixin.py:151} INFO - [2023-08-31T19:15:40.511+0300] {dag.py:2907} INFO - Sync 1 DAGs
[2023-08-31T19:15:40.528+0300] {logging_mixin.py:151} INFO - [2023-08-31T19:15:40.528+0300] {dag.py:3677} INFO - Setting next_dagrun for example_short_circuit_operator to 2023-08-30T16:15:40.528328+00:00, run_after=2023-08-31T16:15:40.528328+00:00
[2023-08-31T19:15:40.540+0300] {processor.py:179} INFO - Processing /home/miminari/repos/airflow_project/env/lib/python3.10/site-packages/airflow/example_dags/example_short_circuit_operator.py took 0.064 seconds
[2023-08-31T19:16:10.768+0300] {processor.py:157} INFO - Started process (PID=19557) to work on /home/miminari/repos/airflow_project/env/lib/python3.10/site-packages/airflow/example_dags/example_short_circuit_operator.py
[2023-08-31T19:16:10.768+0300] {processor.py:829} INFO - Processing file /home/miminari/repos/airflow_project/env/lib/python3.10/site-packages/airflow/example_dags/example_short_circuit_operator.py for tasks to queue
[2023-08-31T19:16:10.769+0300] {logging_mixin.py:151} INFO - [2023-08-31T19:16:10.769+0300] {dagbag.py:539} INFO - Filling up the DagBag from /home/miminari/repos/airflow_project/env/lib/python3.10/site-packages/airflow/example_dags/example_short_circuit_operator.py
[2023-08-31T19:16:10.777+0300] {processor.py:839} INFO - DAG(s) dict_keys(['example_short_circuit_operator']) retrieved from /home/miminari/repos/airflow_project/env/lib/python3.10/site-packages/airflow/example_dags/example_short_circuit_operator.py
[2023-08-31T19:16:10.808+0300] {logging_mixin.py:151} INFO - [2023-08-31T19:16:10.808+0300] {dag.py:2907} INFO - Sync 1 DAGs
[2023-08-31T19:16:10.829+0300] {logging_mixin.py:151} INFO - [2023-08-31T19:16:10.829+0300] {dag.py:3677} INFO - Setting next_dagrun for example_short_circuit_operator to 2023-08-30T16:16:10.829187+00:00, run_after=2023-08-31T16:16:10.829187+00:00
[2023-08-31T19:16:10.847+0300] {processor.py:179} INFO - Processing /home/miminari/repos/airflow_project/env/lib/python3.10/site-packages/airflow/example_dags/example_short_circuit_operator.py took 0.082 seconds
[2023-08-31T19:16:41.104+0300] {processor.py:157} INFO - Started process (PID=19656) to work on /home/miminari/repos/airflow_project/env/lib/python3.10/site-packages/airflow/example_dags/example_short_circuit_operator.py
[2023-08-31T19:16:41.105+0300] {processor.py:829} INFO - Processing file /home/miminari/repos/airflow_project/env/lib/python3.10/site-packages/airflow/example_dags/example_short_circuit_operator.py for tasks to queue
[2023-08-31T19:16:41.105+0300] {logging_mixin.py:151} INFO - [2023-08-31T19:16:41.105+0300] {dagbag.py:539} INFO - Filling up the DagBag from /home/miminari/repos/airflow_project/env/lib/python3.10/site-packages/airflow/example_dags/example_short_circuit_operator.py
[2023-08-31T19:16:41.113+0300] {processor.py:839} INFO - DAG(s) dict_keys(['example_short_circuit_operator']) retrieved from /home/miminari/repos/airflow_project/env/lib/python3.10/site-packages/airflow/example_dags/example_short_circuit_operator.py
[2023-08-31T19:16:41.139+0300] {logging_mixin.py:151} INFO - [2023-08-31T19:16:41.138+0300] {dag.py:2907} INFO - Sync 1 DAGs
[2023-08-31T19:16:41.159+0300] {logging_mixin.py:151} INFO - [2023-08-31T19:16:41.159+0300] {dag.py:3677} INFO - Setting next_dagrun for example_short_circuit_operator to 2023-08-30T16:16:41.159486+00:00, run_after=2023-08-31T16:16:41.159486+00:00
[2023-08-31T19:16:41.176+0300] {processor.py:179} INFO - Processing /home/miminari/repos/airflow_project/env/lib/python3.10/site-packages/airflow/example_dags/example_short_circuit_operator.py took 0.074 seconds
[2023-08-31T19:17:11.407+0300] {processor.py:157} INFO - Started process (PID=19806) to work on /home/miminari/repos/airflow_project/env/lib/python3.10/site-packages/airflow/example_dags/example_short_circuit_operator.py
[2023-08-31T19:17:11.407+0300] {processor.py:829} INFO - Processing file /home/miminari/repos/airflow_project/env/lib/python3.10/site-packages/airflow/example_dags/example_short_circuit_operator.py for tasks to queue
[2023-08-31T19:17:11.408+0300] {logging_mixin.py:151} INFO - [2023-08-31T19:17:11.408+0300] {dagbag.py:539} INFO - Filling up the DagBag from /home/miminari/repos/airflow_project/env/lib/python3.10/site-packages/airflow/example_dags/example_short_circuit_operator.py
[2023-08-31T19:17:11.421+0300] {processor.py:839} INFO - DAG(s) dict_keys(['example_short_circuit_operator']) retrieved from /home/miminari/repos/airflow_project/env/lib/python3.10/site-packages/airflow/example_dags/example_short_circuit_operator.py
[2023-08-31T19:17:11.456+0300] {logging_mixin.py:151} INFO - [2023-08-31T19:17:11.456+0300] {dag.py:2907} INFO - Sync 1 DAGs
[2023-08-31T19:17:11.476+0300] {logging_mixin.py:151} INFO - [2023-08-31T19:17:11.476+0300] {dag.py:3677} INFO - Setting next_dagrun for example_short_circuit_operator to 2023-08-30T16:17:11.476247+00:00, run_after=2023-08-31T16:17:11.476247+00:00
[2023-08-31T19:17:11.492+0300] {processor.py:179} INFO - Processing /home/miminari/repos/airflow_project/env/lib/python3.10/site-packages/airflow/example_dags/example_short_circuit_operator.py took 0.088 seconds
[2023-08-31T19:17:41.691+0300] {processor.py:157} INFO - Started process (PID=19924) to work on /home/miminari/repos/airflow_project/env/lib/python3.10/site-packages/airflow/example_dags/example_short_circuit_operator.py
[2023-08-31T19:17:41.692+0300] {processor.py:829} INFO - Processing file /home/miminari/repos/airflow_project/env/lib/python3.10/site-packages/airflow/example_dags/example_short_circuit_operator.py for tasks to queue
[2023-08-31T19:17:41.692+0300] {logging_mixin.py:151} INFO - [2023-08-31T19:17:41.692+0300] {dagbag.py:539} INFO - Filling up the DagBag from /home/miminari/repos/airflow_project/env/lib/python3.10/site-packages/airflow/example_dags/example_short_circuit_operator.py
[2023-08-31T19:17:41.700+0300] {processor.py:839} INFO - DAG(s) dict_keys(['example_short_circuit_operator']) retrieved from /home/miminari/repos/airflow_project/env/lib/python3.10/site-packages/airflow/example_dags/example_short_circuit_operator.py
[2023-08-31T19:17:41.731+0300] {logging_mixin.py:151} INFO - [2023-08-31T19:17:41.730+0300] {dag.py:2907} INFO - Sync 1 DAGs
[2023-08-31T19:17:41.751+0300] {logging_mixin.py:151} INFO - [2023-08-31T19:17:41.750+0300] {dag.py:3677} INFO - Setting next_dagrun for example_short_circuit_operator to 2023-08-30T16:17:41.750777+00:00, run_after=2023-08-31T16:17:41.750777+00:00
[2023-08-31T19:17:41.766+0300] {processor.py:179} INFO - Processing /home/miminari/repos/airflow_project/env/lib/python3.10/site-packages/airflow/example_dags/example_short_circuit_operator.py took 0.077 seconds
[2023-08-31T19:18:11.858+0300] {processor.py:157} INFO - Started process (PID=20075) to work on /home/miminari/repos/airflow_project/env/lib/python3.10/site-packages/airflow/example_dags/example_short_circuit_operator.py
[2023-08-31T19:18:11.859+0300] {processor.py:829} INFO - Processing file /home/miminari/repos/airflow_project/env/lib/python3.10/site-packages/airflow/example_dags/example_short_circuit_operator.py for tasks to queue
[2023-08-31T19:18:11.859+0300] {logging_mixin.py:151} INFO - [2023-08-31T19:18:11.859+0300] {dagbag.py:539} INFO - Filling up the DagBag from /home/miminari/repos/airflow_project/env/lib/python3.10/site-packages/airflow/example_dags/example_short_circuit_operator.py
[2023-08-31T19:18:11.866+0300] {processor.py:839} INFO - DAG(s) dict_keys(['example_short_circuit_operator']) retrieved from /home/miminari/repos/airflow_project/env/lib/python3.10/site-packages/airflow/example_dags/example_short_circuit_operator.py
[2023-08-31T19:18:11.893+0300] {logging_mixin.py:151} INFO - [2023-08-31T19:18:11.893+0300] {dag.py:2907} INFO - Sync 1 DAGs
[2023-08-31T19:18:11.913+0300] {logging_mixin.py:151} INFO - [2023-08-31T19:18:11.913+0300] {dag.py:3677} INFO - Setting next_dagrun for example_short_circuit_operator to 2023-08-30T16:18:11.913065+00:00, run_after=2023-08-31T16:18:11.913065+00:00
[2023-08-31T19:18:11.926+0300] {processor.py:179} INFO - Processing /home/miminari/repos/airflow_project/env/lib/python3.10/site-packages/airflow/example_dags/example_short_circuit_operator.py took 0.071 seconds
[2023-08-31T19:18:41.986+0300] {processor.py:157} INFO - Started process (PID=20170) to work on /home/miminari/repos/airflow_project/env/lib/python3.10/site-packages/airflow/example_dags/example_short_circuit_operator.py
[2023-08-31T19:18:41.986+0300] {processor.py:829} INFO - Processing file /home/miminari/repos/airflow_project/env/lib/python3.10/site-packages/airflow/example_dags/example_short_circuit_operator.py for tasks to queue
[2023-08-31T19:18:41.987+0300] {logging_mixin.py:151} INFO - [2023-08-31T19:18:41.987+0300] {dagbag.py:539} INFO - Filling up the DagBag from /home/miminari/repos/airflow_project/env/lib/python3.10/site-packages/airflow/example_dags/example_short_circuit_operator.py
[2023-08-31T19:18:41.998+0300] {processor.py:839} INFO - DAG(s) dict_keys(['example_short_circuit_operator']) retrieved from /home/miminari/repos/airflow_project/env/lib/python3.10/site-packages/airflow/example_dags/example_short_circuit_operator.py
[2023-08-31T19:18:42.026+0300] {logging_mixin.py:151} INFO - [2023-08-31T19:18:42.026+0300] {dag.py:2907} INFO - Sync 1 DAGs
[2023-08-31T19:18:42.057+0300] {logging_mixin.py:151} INFO - [2023-08-31T19:18:42.057+0300] {dag.py:3677} INFO - Setting next_dagrun for example_short_circuit_operator to 2023-08-30T16:18:42.056909+00:00, run_after=2023-08-31T16:18:42.056909+00:00
[2023-08-31T19:18:42.073+0300] {processor.py:179} INFO - Processing /home/miminari/repos/airflow_project/env/lib/python3.10/site-packages/airflow/example_dags/example_short_circuit_operator.py took 0.090 seconds
[2023-08-31T19:19:12.363+0300] {processor.py:157} INFO - Started process (PID=20273) to work on /home/miminari/repos/airflow_project/env/lib/python3.10/site-packages/airflow/example_dags/example_short_circuit_operator.py
[2023-08-31T19:19:12.365+0300] {processor.py:829} INFO - Processing file /home/miminari/repos/airflow_project/env/lib/python3.10/site-packages/airflow/example_dags/example_short_circuit_operator.py for tasks to queue
[2023-08-31T19:19:12.365+0300] {logging_mixin.py:151} INFO - [2023-08-31T19:19:12.365+0300] {dagbag.py:539} INFO - Filling up the DagBag from /home/miminari/repos/airflow_project/env/lib/python3.10/site-packages/airflow/example_dags/example_short_circuit_operator.py
[2023-08-31T19:19:12.372+0300] {processor.py:839} INFO - DAG(s) dict_keys(['example_short_circuit_operator']) retrieved from /home/miminari/repos/airflow_project/env/lib/python3.10/site-packages/airflow/example_dags/example_short_circuit_operator.py
[2023-08-31T19:19:12.403+0300] {logging_mixin.py:151} INFO - [2023-08-31T19:19:12.402+0300] {dag.py:2907} INFO - Sync 1 DAGs
[2023-08-31T19:19:12.423+0300] {logging_mixin.py:151} INFO - [2023-08-31T19:19:12.423+0300] {dag.py:3677} INFO - Setting next_dagrun for example_short_circuit_operator to 2023-08-30T16:19:12.422867+00:00, run_after=2023-08-31T16:19:12.422867+00:00
[2023-08-31T19:19:12.437+0300] {processor.py:179} INFO - Processing /home/miminari/repos/airflow_project/env/lib/python3.10/site-packages/airflow/example_dags/example_short_circuit_operator.py took 0.076 seconds
[2023-08-31T19:19:42.840+0300] {processor.py:157} INFO - Started process (PID=20372) to work on /home/miminari/repos/airflow_project/env/lib/python3.10/site-packages/airflow/example_dags/example_short_circuit_operator.py
[2023-08-31T19:19:42.841+0300] {processor.py:829} INFO - Processing file /home/miminari/repos/airflow_project/env/lib/python3.10/site-packages/airflow/example_dags/example_short_circuit_operator.py for tasks to queue
[2023-08-31T19:19:42.842+0300] {logging_mixin.py:151} INFO - [2023-08-31T19:19:42.842+0300] {dagbag.py:539} INFO - Filling up the DagBag from /home/miminari/repos/airflow_project/env/lib/python3.10/site-packages/airflow/example_dags/example_short_circuit_operator.py
[2023-08-31T19:19:42.848+0300] {processor.py:839} INFO - DAG(s) dict_keys(['example_short_circuit_operator']) retrieved from /home/miminari/repos/airflow_project/env/lib/python3.10/site-packages/airflow/example_dags/example_short_circuit_operator.py
[2023-08-31T19:19:42.873+0300] {logging_mixin.py:151} INFO - [2023-08-31T19:19:42.873+0300] {dag.py:2907} INFO - Sync 1 DAGs
[2023-08-31T19:19:42.892+0300] {logging_mixin.py:151} INFO - [2023-08-31T19:19:42.891+0300] {dag.py:3677} INFO - Setting next_dagrun for example_short_circuit_operator to 2023-08-30T16:19:42.891567+00:00, run_after=2023-08-31T16:19:42.891567+00:00
[2023-08-31T19:19:42.905+0300] {processor.py:179} INFO - Processing /home/miminari/repos/airflow_project/env/lib/python3.10/site-packages/airflow/example_dags/example_short_circuit_operator.py took 0.068 seconds
