[2023-08-31T19:12:08.624+0300] {processor.py:157} INFO - Started process (PID=18609) to work on /home/miminari/repos/airflow_project/env/lib/python3.10/site-packages/airflow/example_dags/example_latest_only.py
[2023-08-31T19:12:08.624+0300] {processor.py:829} INFO - Processing file /home/miminari/repos/airflow_project/env/lib/python3.10/site-packages/airflow/example_dags/example_latest_only.py for tasks to queue
[2023-08-31T19:12:08.625+0300] {logging_mixin.py:151} INFO - [2023-08-31T19:12:08.625+0300] {dagbag.py:539} INFO - Filling up the DagBag from /home/miminari/repos/airflow_project/env/lib/python3.10/site-packages/airflow/example_dags/example_latest_only.py
[2023-08-31T19:12:08.630+0300] {processor.py:839} INFO - DAG(s) dict_keys(['latest_only']) retrieved from /home/miminari/repos/airflow_project/env/lib/python3.10/site-packages/airflow/example_dags/example_latest_only.py
[2023-08-31T19:12:08.719+0300] {logging_mixin.py:151} INFO - [2023-08-31T19:12:08.719+0300] {manager.py:501} INFO - Created Permission View: can read on DAG:latest_only
[2023-08-31T19:12:08.727+0300] {logging_mixin.py:151} INFO - [2023-08-31T19:12:08.726+0300] {manager.py:501} INFO - Created Permission View: can delete on DAG:latest_only
[2023-08-31T19:12:08.731+0300] {logging_mixin.py:151} INFO - [2023-08-31T19:12:08.731+0300] {manager.py:501} INFO - Created Permission View: can edit on DAG:latest_only
[2023-08-31T19:12:08.742+0300] {logging_mixin.py:151} INFO - [2023-08-31T19:12:08.741+0300] {dag.py:2907} INFO - Sync 1 DAGs
[2023-08-31T19:12:08.750+0300] {logging_mixin.py:151} INFO - [2023-08-31T19:12:08.750+0300] {dag.py:2929} INFO - Creating ORM DAG for latest_only
[2023-08-31T19:12:08.758+0300] {logging_mixin.py:151} INFO - [2023-08-31T19:12:08.758+0300] {dag.py:3677} INFO - Setting next_dagrun for latest_only to 2023-08-31T12:12:08.757908+00:00, run_after=2023-08-31T16:12:08.757908+00:00
[2023-08-31T19:12:08.773+0300] {processor.py:179} INFO - Processing /home/miminari/repos/airflow_project/env/lib/python3.10/site-packages/airflow/example_dags/example_latest_only.py took 0.152 seconds
[2023-08-31T19:12:39.632+0300] {processor.py:157} INFO - Started process (PID=18718) to work on /home/miminari/repos/airflow_project/env/lib/python3.10/site-packages/airflow/example_dags/example_latest_only.py
[2023-08-31T19:12:39.633+0300] {processor.py:829} INFO - Processing file /home/miminari/repos/airflow_project/env/lib/python3.10/site-packages/airflow/example_dags/example_latest_only.py for tasks to queue
[2023-08-31T19:12:39.633+0300] {logging_mixin.py:151} INFO - [2023-08-31T19:12:39.633+0300] {dagbag.py:539} INFO - Filling up the DagBag from /home/miminari/repos/airflow_project/env/lib/python3.10/site-packages/airflow/example_dags/example_latest_only.py
[2023-08-31T19:12:39.638+0300] {processor.py:839} INFO - DAG(s) dict_keys(['latest_only']) retrieved from /home/miminari/repos/airflow_project/env/lib/python3.10/site-packages/airflow/example_dags/example_latest_only.py
[2023-08-31T19:12:39.661+0300] {logging_mixin.py:151} INFO - [2023-08-31T19:12:39.661+0300] {dag.py:2907} INFO - Sync 1 DAGs
[2023-08-31T19:12:39.685+0300] {logging_mixin.py:151} INFO - [2023-08-31T19:12:39.685+0300] {dag.py:3677} INFO - Setting next_dagrun for latest_only to 2023-08-31T12:12:39.685273+00:00, run_after=2023-08-31T16:12:39.685273+00:00
[2023-08-31T19:12:39.702+0300] {processor.py:179} INFO - Processing /home/miminari/repos/airflow_project/env/lib/python3.10/site-packages/airflow/example_dags/example_latest_only.py took 0.074 seconds
[2023-08-31T19:13:09.805+0300] {processor.py:157} INFO - Started process (PID=18818) to work on /home/miminari/repos/airflow_project/env/lib/python3.10/site-packages/airflow/example_dags/example_latest_only.py
[2023-08-31T19:13:09.806+0300] {processor.py:829} INFO - Processing file /home/miminari/repos/airflow_project/env/lib/python3.10/site-packages/airflow/example_dags/example_latest_only.py for tasks to queue
[2023-08-31T19:13:09.807+0300] {logging_mixin.py:151} INFO - [2023-08-31T19:13:09.806+0300] {dagbag.py:539} INFO - Filling up the DagBag from /home/miminari/repos/airflow_project/env/lib/python3.10/site-packages/airflow/example_dags/example_latest_only.py
[2023-08-31T19:13:09.812+0300] {processor.py:839} INFO - DAG(s) dict_keys(['latest_only']) retrieved from /home/miminari/repos/airflow_project/env/lib/python3.10/site-packages/airflow/example_dags/example_latest_only.py
[2023-08-31T19:13:09.833+0300] {logging_mixin.py:151} INFO - [2023-08-31T19:13:09.833+0300] {dag.py:2907} INFO - Sync 1 DAGs
[2023-08-31T19:13:09.854+0300] {logging_mixin.py:151} INFO - [2023-08-31T19:13:09.854+0300] {dag.py:3677} INFO - Setting next_dagrun for latest_only to 2023-08-31T12:13:09.854280+00:00, run_after=2023-08-31T16:13:09.854280+00:00
[2023-08-31T19:13:09.867+0300] {processor.py:179} INFO - Processing /home/miminari/repos/airflow_project/env/lib/python3.10/site-packages/airflow/example_dags/example_latest_only.py took 0.064 seconds
[2023-08-31T19:13:39.916+0300] {processor.py:157} INFO - Started process (PID=18926) to work on /home/miminari/repos/airflow_project/env/lib/python3.10/site-packages/airflow/example_dags/example_latest_only.py
[2023-08-31T19:13:39.917+0300] {processor.py:829} INFO - Processing file /home/miminari/repos/airflow_project/env/lib/python3.10/site-packages/airflow/example_dags/example_latest_only.py for tasks to queue
[2023-08-31T19:13:39.917+0300] {logging_mixin.py:151} INFO - [2023-08-31T19:13:39.917+0300] {dagbag.py:539} INFO - Filling up the DagBag from /home/miminari/repos/airflow_project/env/lib/python3.10/site-packages/airflow/example_dags/example_latest_only.py
[2023-08-31T19:13:39.923+0300] {processor.py:839} INFO - DAG(s) dict_keys(['latest_only']) retrieved from /home/miminari/repos/airflow_project/env/lib/python3.10/site-packages/airflow/example_dags/example_latest_only.py
[2023-08-31T19:13:39.948+0300] {logging_mixin.py:151} INFO - [2023-08-31T19:13:39.948+0300] {dag.py:2907} INFO - Sync 1 DAGs
[2023-08-31T19:13:39.967+0300] {logging_mixin.py:151} INFO - [2023-08-31T19:13:39.966+0300] {dag.py:3677} INFO - Setting next_dagrun for latest_only to 2023-08-31T12:13:39.966781+00:00, run_after=2023-08-31T16:13:39.966781+00:00
[2023-08-31T19:13:39.981+0300] {processor.py:179} INFO - Processing /home/miminari/repos/airflow_project/env/lib/python3.10/site-packages/airflow/example_dags/example_latest_only.py took 0.068 seconds
[2023-08-31T19:14:10.097+0300] {processor.py:157} INFO - Started process (PID=19024) to work on /home/miminari/repos/airflow_project/env/lib/python3.10/site-packages/airflow/example_dags/example_latest_only.py
[2023-08-31T19:14:10.098+0300] {processor.py:829} INFO - Processing file /home/miminari/repos/airflow_project/env/lib/python3.10/site-packages/airflow/example_dags/example_latest_only.py for tasks to queue
[2023-08-31T19:14:10.099+0300] {logging_mixin.py:151} INFO - [2023-08-31T19:14:10.098+0300] {dagbag.py:539} INFO - Filling up the DagBag from /home/miminari/repos/airflow_project/env/lib/python3.10/site-packages/airflow/example_dags/example_latest_only.py
[2023-08-31T19:14:10.104+0300] {processor.py:839} INFO - DAG(s) dict_keys(['latest_only']) retrieved from /home/miminari/repos/airflow_project/env/lib/python3.10/site-packages/airflow/example_dags/example_latest_only.py
[2023-08-31T19:14:10.135+0300] {logging_mixin.py:151} INFO - [2023-08-31T19:14:10.135+0300] {dag.py:2907} INFO - Sync 1 DAGs
[2023-08-31T19:14:10.156+0300] {logging_mixin.py:151} INFO - [2023-08-31T19:14:10.155+0300] {dag.py:3677} INFO - Setting next_dagrun for latest_only to 2023-08-31T12:14:10.155725+00:00, run_after=2023-08-31T16:14:10.155725+00:00
[2023-08-31T19:14:10.174+0300] {processor.py:179} INFO - Processing /home/miminari/repos/airflow_project/env/lib/python3.10/site-packages/airflow/example_dags/example_latest_only.py took 0.080 seconds
[2023-08-31T19:14:40.196+0300] {processor.py:157} INFO - Started process (PID=19118) to work on /home/miminari/repos/airflow_project/env/lib/python3.10/site-packages/airflow/example_dags/example_latest_only.py
[2023-08-31T19:14:40.197+0300] {processor.py:829} INFO - Processing file /home/miminari/repos/airflow_project/env/lib/python3.10/site-packages/airflow/example_dags/example_latest_only.py for tasks to queue
[2023-08-31T19:14:40.197+0300] {logging_mixin.py:151} INFO - [2023-08-31T19:14:40.197+0300] {dagbag.py:539} INFO - Filling up the DagBag from /home/miminari/repos/airflow_project/env/lib/python3.10/site-packages/airflow/example_dags/example_latest_only.py
[2023-08-31T19:14:40.201+0300] {processor.py:839} INFO - DAG(s) dict_keys(['latest_only']) retrieved from /home/miminari/repos/airflow_project/env/lib/python3.10/site-packages/airflow/example_dags/example_latest_only.py
[2023-08-31T19:14:40.223+0300] {logging_mixin.py:151} INFO - [2023-08-31T19:14:40.223+0300] {dag.py:2907} INFO - Sync 1 DAGs
[2023-08-31T19:14:40.244+0300] {logging_mixin.py:151} INFO - [2023-08-31T19:14:40.244+0300] {dag.py:3677} INFO - Setting next_dagrun for latest_only to 2023-08-31T12:14:40.244310+00:00, run_after=2023-08-31T16:14:40.244310+00:00
[2023-08-31T19:14:40.259+0300] {processor.py:179} INFO - Processing /home/miminari/repos/airflow_project/env/lib/python3.10/site-packages/airflow/example_dags/example_latest_only.py took 0.066 seconds
[2023-08-31T19:15:10.526+0300] {processor.py:157} INFO - Started process (PID=19320) to work on /home/miminari/repos/airflow_project/env/lib/python3.10/site-packages/airflow/example_dags/example_latest_only.py
[2023-08-31T19:15:10.526+0300] {processor.py:829} INFO - Processing file /home/miminari/repos/airflow_project/env/lib/python3.10/site-packages/airflow/example_dags/example_latest_only.py for tasks to queue
[2023-08-31T19:15:10.527+0300] {logging_mixin.py:151} INFO - [2023-08-31T19:15:10.527+0300] {dagbag.py:539} INFO - Filling up the DagBag from /home/miminari/repos/airflow_project/env/lib/python3.10/site-packages/airflow/example_dags/example_latest_only.py
[2023-08-31T19:15:10.532+0300] {processor.py:839} INFO - DAG(s) dict_keys(['latest_only']) retrieved from /home/miminari/repos/airflow_project/env/lib/python3.10/site-packages/airflow/example_dags/example_latest_only.py
[2023-08-31T19:15:10.558+0300] {logging_mixin.py:151} INFO - [2023-08-31T19:15:10.558+0300] {dag.py:2907} INFO - Sync 1 DAGs
[2023-08-31T19:15:10.577+0300] {logging_mixin.py:151} INFO - [2023-08-31T19:15:10.577+0300] {dag.py:3677} INFO - Setting next_dagrun for latest_only to 2023-08-31T12:15:10.576976+00:00, run_after=2023-08-31T16:15:10.576976+00:00
[2023-08-31T19:15:10.612+0300] {processor.py:179} INFO - Processing /home/miminari/repos/airflow_project/env/lib/python3.10/site-packages/airflow/example_dags/example_latest_only.py took 0.089 seconds
[2023-08-31T19:15:40.816+0300] {processor.py:157} INFO - Started process (PID=19418) to work on /home/miminari/repos/airflow_project/env/lib/python3.10/site-packages/airflow/example_dags/example_latest_only.py
[2023-08-31T19:15:40.817+0300] {processor.py:829} INFO - Processing file /home/miminari/repos/airflow_project/env/lib/python3.10/site-packages/airflow/example_dags/example_latest_only.py for tasks to queue
[2023-08-31T19:15:40.817+0300] {logging_mixin.py:151} INFO - [2023-08-31T19:15:40.817+0300] {dagbag.py:539} INFO - Filling up the DagBag from /home/miminari/repos/airflow_project/env/lib/python3.10/site-packages/airflow/example_dags/example_latest_only.py
[2023-08-31T19:15:40.822+0300] {processor.py:839} INFO - DAG(s) dict_keys(['latest_only']) retrieved from /home/miminari/repos/airflow_project/env/lib/python3.10/site-packages/airflow/example_dags/example_latest_only.py
[2023-08-31T19:15:40.847+0300] {logging_mixin.py:151} INFO - [2023-08-31T19:15:40.846+0300] {dag.py:2907} INFO - Sync 1 DAGs
[2023-08-31T19:15:40.875+0300] {logging_mixin.py:151} INFO - [2023-08-31T19:15:40.875+0300] {dag.py:3677} INFO - Setting next_dagrun for latest_only to 2023-08-31T12:15:40.875012+00:00, run_after=2023-08-31T16:15:40.875012+00:00
[2023-08-31T19:15:40.889+0300] {processor.py:179} INFO - Processing /home/miminari/repos/airflow_project/env/lib/python3.10/site-packages/airflow/example_dags/example_latest_only.py took 0.075 seconds
[2023-08-31T19:16:11.130+0300] {processor.py:157} INFO - Started process (PID=19573) to work on /home/miminari/repos/airflow_project/env/lib/python3.10/site-packages/airflow/example_dags/example_latest_only.py
[2023-08-31T19:16:11.131+0300] {processor.py:829} INFO - Processing file /home/miminari/repos/airflow_project/env/lib/python3.10/site-packages/airflow/example_dags/example_latest_only.py for tasks to queue
[2023-08-31T19:16:11.131+0300] {logging_mixin.py:151} INFO - [2023-08-31T19:16:11.131+0300] {dagbag.py:539} INFO - Filling up the DagBag from /home/miminari/repos/airflow_project/env/lib/python3.10/site-packages/airflow/example_dags/example_latest_only.py
[2023-08-31T19:16:11.137+0300] {processor.py:839} INFO - DAG(s) dict_keys(['latest_only']) retrieved from /home/miminari/repos/airflow_project/env/lib/python3.10/site-packages/airflow/example_dags/example_latest_only.py
[2023-08-31T19:16:11.172+0300] {logging_mixin.py:151} INFO - [2023-08-31T19:16:11.172+0300] {dag.py:2907} INFO - Sync 1 DAGs
[2023-08-31T19:16:11.201+0300] {logging_mixin.py:151} INFO - [2023-08-31T19:16:11.201+0300] {dag.py:3677} INFO - Setting next_dagrun for latest_only to 2023-08-31T12:16:11.201341+00:00, run_after=2023-08-31T16:16:11.201341+00:00
[2023-08-31T19:16:11.227+0300] {processor.py:179} INFO - Processing /home/miminari/repos/airflow_project/env/lib/python3.10/site-packages/airflow/example_dags/example_latest_only.py took 0.100 seconds
[2023-08-31T19:16:41.443+0300] {processor.py:157} INFO - Started process (PID=19673) to work on /home/miminari/repos/airflow_project/env/lib/python3.10/site-packages/airflow/example_dags/example_latest_only.py
[2023-08-31T19:16:41.444+0300] {processor.py:829} INFO - Processing file /home/miminari/repos/airflow_project/env/lib/python3.10/site-packages/airflow/example_dags/example_latest_only.py for tasks to queue
[2023-08-31T19:16:41.445+0300] {logging_mixin.py:151} INFO - [2023-08-31T19:16:41.445+0300] {dagbag.py:539} INFO - Filling up the DagBag from /home/miminari/repos/airflow_project/env/lib/python3.10/site-packages/airflow/example_dags/example_latest_only.py
[2023-08-31T19:16:41.450+0300] {processor.py:839} INFO - DAG(s) dict_keys(['latest_only']) retrieved from /home/miminari/repos/airflow_project/env/lib/python3.10/site-packages/airflow/example_dags/example_latest_only.py
[2023-08-31T19:16:41.477+0300] {logging_mixin.py:151} INFO - [2023-08-31T19:16:41.477+0300] {dag.py:2907} INFO - Sync 1 DAGs
[2023-08-31T19:16:41.509+0300] {logging_mixin.py:151} INFO - [2023-08-31T19:16:41.508+0300] {dag.py:3677} INFO - Setting next_dagrun for latest_only to 2023-08-31T12:16:41.508560+00:00, run_after=2023-08-31T16:16:41.508560+00:00
[2023-08-31T19:16:41.527+0300] {processor.py:179} INFO - Processing /home/miminari/repos/airflow_project/env/lib/python3.10/site-packages/airflow/example_dags/example_latest_only.py took 0.087 seconds
[2023-08-31T19:17:11.691+0300] {processor.py:157} INFO - Started process (PID=19822) to work on /home/miminari/repos/airflow_project/env/lib/python3.10/site-packages/airflow/example_dags/example_latest_only.py
[2023-08-31T19:17:11.692+0300] {processor.py:829} INFO - Processing file /home/miminari/repos/airflow_project/env/lib/python3.10/site-packages/airflow/example_dags/example_latest_only.py for tasks to queue
[2023-08-31T19:17:11.693+0300] {logging_mixin.py:151} INFO - [2023-08-31T19:17:11.692+0300] {dagbag.py:539} INFO - Filling up the DagBag from /home/miminari/repos/airflow_project/env/lib/python3.10/site-packages/airflow/example_dags/example_latest_only.py
[2023-08-31T19:17:11.698+0300] {processor.py:839} INFO - DAG(s) dict_keys(['latest_only']) retrieved from /home/miminari/repos/airflow_project/env/lib/python3.10/site-packages/airflow/example_dags/example_latest_only.py
[2023-08-31T19:17:11.720+0300] {logging_mixin.py:151} INFO - [2023-08-31T19:17:11.720+0300] {dag.py:2907} INFO - Sync 1 DAGs
[2023-08-31T19:17:11.742+0300] {logging_mixin.py:151} INFO - [2023-08-31T19:17:11.742+0300] {dag.py:3677} INFO - Setting next_dagrun for latest_only to 2023-08-31T12:17:11.742364+00:00, run_after=2023-08-31T16:17:11.742364+00:00
[2023-08-31T19:17:11.759+0300] {processor.py:179} INFO - Processing /home/miminari/repos/airflow_project/env/lib/python3.10/site-packages/airflow/example_dags/example_latest_only.py took 0.071 seconds
[2023-08-31T19:17:41.969+0300] {processor.py:157} INFO - Started process (PID=19939) to work on /home/miminari/repos/airflow_project/env/lib/python3.10/site-packages/airflow/example_dags/example_latest_only.py
[2023-08-31T19:17:41.970+0300] {processor.py:829} INFO - Processing file /home/miminari/repos/airflow_project/env/lib/python3.10/site-packages/airflow/example_dags/example_latest_only.py for tasks to queue
[2023-08-31T19:17:41.970+0300] {logging_mixin.py:151} INFO - [2023-08-31T19:17:41.970+0300] {dagbag.py:539} INFO - Filling up the DagBag from /home/miminari/repos/airflow_project/env/lib/python3.10/site-packages/airflow/example_dags/example_latest_only.py
[2023-08-31T19:17:41.975+0300] {processor.py:839} INFO - DAG(s) dict_keys(['latest_only']) retrieved from /home/miminari/repos/airflow_project/env/lib/python3.10/site-packages/airflow/example_dags/example_latest_only.py
[2023-08-31T19:17:42.000+0300] {logging_mixin.py:151} INFO - [2023-08-31T19:17:42.000+0300] {dag.py:2907} INFO - Sync 1 DAGs
[2023-08-31T19:17:42.024+0300] {logging_mixin.py:151} INFO - [2023-08-31T19:17:42.024+0300] {dag.py:3677} INFO - Setting next_dagrun for latest_only to 2023-08-31T12:17:42.024355+00:00, run_after=2023-08-31T16:17:42.024355+00:00
[2023-08-31T19:17:42.038+0300] {processor.py:179} INFO - Processing /home/miminari/repos/airflow_project/env/lib/python3.10/site-packages/airflow/example_dags/example_latest_only.py took 0.076 seconds
[2023-08-31T19:18:12.105+0300] {processor.py:157} INFO - Started process (PID=20089) to work on /home/miminari/repos/airflow_project/env/lib/python3.10/site-packages/airflow/example_dags/example_latest_only.py
[2023-08-31T19:18:12.106+0300] {processor.py:829} INFO - Processing file /home/miminari/repos/airflow_project/env/lib/python3.10/site-packages/airflow/example_dags/example_latest_only.py for tasks to queue
[2023-08-31T19:18:12.106+0300] {logging_mixin.py:151} INFO - [2023-08-31T19:18:12.106+0300] {dagbag.py:539} INFO - Filling up the DagBag from /home/miminari/repos/airflow_project/env/lib/python3.10/site-packages/airflow/example_dags/example_latest_only.py
[2023-08-31T19:18:12.110+0300] {processor.py:839} INFO - DAG(s) dict_keys(['latest_only']) retrieved from /home/miminari/repos/airflow_project/env/lib/python3.10/site-packages/airflow/example_dags/example_latest_only.py
[2023-08-31T19:18:12.134+0300] {logging_mixin.py:151} INFO - [2023-08-31T19:18:12.134+0300] {dag.py:2907} INFO - Sync 1 DAGs
[2023-08-31T19:18:12.154+0300] {logging_mixin.py:151} INFO - [2023-08-31T19:18:12.154+0300] {dag.py:3677} INFO - Setting next_dagrun for latest_only to 2023-08-31T12:18:12.153814+00:00, run_after=2023-08-31T16:18:12.153814+00:00
[2023-08-31T19:18:12.167+0300] {processor.py:179} INFO - Processing /home/miminari/repos/airflow_project/env/lib/python3.10/site-packages/airflow/example_dags/example_latest_only.py took 0.064 seconds
[2023-08-31T19:18:42.242+0300] {processor.py:157} INFO - Started process (PID=20184) to work on /home/miminari/repos/airflow_project/env/lib/python3.10/site-packages/airflow/example_dags/example_latest_only.py
[2023-08-31T19:18:42.243+0300] {processor.py:829} INFO - Processing file /home/miminari/repos/airflow_project/env/lib/python3.10/site-packages/airflow/example_dags/example_latest_only.py for tasks to queue
[2023-08-31T19:18:42.243+0300] {logging_mixin.py:151} INFO - [2023-08-31T19:18:42.243+0300] {dagbag.py:539} INFO - Filling up the DagBag from /home/miminari/repos/airflow_project/env/lib/python3.10/site-packages/airflow/example_dags/example_latest_only.py
[2023-08-31T19:18:42.247+0300] {processor.py:839} INFO - DAG(s) dict_keys(['latest_only']) retrieved from /home/miminari/repos/airflow_project/env/lib/python3.10/site-packages/airflow/example_dags/example_latest_only.py
[2023-08-31T19:18:42.271+0300] {logging_mixin.py:151} INFO - [2023-08-31T19:18:42.270+0300] {dag.py:2907} INFO - Sync 1 DAGs
[2023-08-31T19:18:42.289+0300] {logging_mixin.py:151} INFO - [2023-08-31T19:18:42.288+0300] {dag.py:3677} INFO - Setting next_dagrun for latest_only to 2023-08-31T12:18:42.288763+00:00, run_after=2023-08-31T16:18:42.288763+00:00
[2023-08-31T19:18:42.305+0300] {processor.py:179} INFO - Processing /home/miminari/repos/airflow_project/env/lib/python3.10/site-packages/airflow/example_dags/example_latest_only.py took 0.065 seconds
[2023-08-31T19:19:12.711+0300] {processor.py:157} INFO - Started process (PID=20289) to work on /home/miminari/repos/airflow_project/env/lib/python3.10/site-packages/airflow/example_dags/example_latest_only.py
[2023-08-31T19:19:12.712+0300] {processor.py:829} INFO - Processing file /home/miminari/repos/airflow_project/env/lib/python3.10/site-packages/airflow/example_dags/example_latest_only.py for tasks to queue
[2023-08-31T19:19:12.712+0300] {logging_mixin.py:151} INFO - [2023-08-31T19:19:12.712+0300] {dagbag.py:539} INFO - Filling up the DagBag from /home/miminari/repos/airflow_project/env/lib/python3.10/site-packages/airflow/example_dags/example_latest_only.py
[2023-08-31T19:19:12.716+0300] {processor.py:839} INFO - DAG(s) dict_keys(['latest_only']) retrieved from /home/miminari/repos/airflow_project/env/lib/python3.10/site-packages/airflow/example_dags/example_latest_only.py
[2023-08-31T19:19:12.739+0300] {logging_mixin.py:151} INFO - [2023-08-31T19:19:12.738+0300] {dag.py:2907} INFO - Sync 1 DAGs
[2023-08-31T19:19:12.756+0300] {logging_mixin.py:151} INFO - [2023-08-31T19:19:12.756+0300] {dag.py:3677} INFO - Setting next_dagrun for latest_only to 2023-08-31T12:19:12.756043+00:00, run_after=2023-08-31T16:19:12.756043+00:00
[2023-08-31T19:19:12.770+0300] {processor.py:179} INFO - Processing /home/miminari/repos/airflow_project/env/lib/python3.10/site-packages/airflow/example_dags/example_latest_only.py took 0.061 seconds
[2023-08-31T19:19:43.145+0300] {processor.py:157} INFO - Started process (PID=20388) to work on /home/miminari/repos/airflow_project/env/lib/python3.10/site-packages/airflow/example_dags/example_latest_only.py
[2023-08-31T19:19:43.146+0300] {processor.py:829} INFO - Processing file /home/miminari/repos/airflow_project/env/lib/python3.10/site-packages/airflow/example_dags/example_latest_only.py for tasks to queue
[2023-08-31T19:19:43.146+0300] {logging_mixin.py:151} INFO - [2023-08-31T19:19:43.146+0300] {dagbag.py:539} INFO - Filling up the DagBag from /home/miminari/repos/airflow_project/env/lib/python3.10/site-packages/airflow/example_dags/example_latest_only.py
[2023-08-31T19:19:43.151+0300] {processor.py:839} INFO - DAG(s) dict_keys(['latest_only']) retrieved from /home/miminari/repos/airflow_project/env/lib/python3.10/site-packages/airflow/example_dags/example_latest_only.py
[2023-08-31T19:19:43.176+0300] {logging_mixin.py:151} INFO - [2023-08-31T19:19:43.176+0300] {dag.py:2907} INFO - Sync 1 DAGs
[2023-08-31T19:19:43.195+0300] {logging_mixin.py:151} INFO - [2023-08-31T19:19:43.195+0300] {dag.py:3677} INFO - Setting next_dagrun for latest_only to 2023-08-31T12:19:43.195485+00:00, run_after=2023-08-31T16:19:43.195485+00:00
[2023-08-31T19:19:43.209+0300] {processor.py:179} INFO - Processing /home/miminari/repos/airflow_project/env/lib/python3.10/site-packages/airflow/example_dags/example_latest_only.py took 0.066 seconds
