[2023-08-31T19:12:09.209+0300] {processor.py:157} INFO - Started process (PID=18623) to work on /home/miminari/repos/airflow_project/env/lib/python3.10/site-packages/airflow/example_dags/example_sensor_decorator.py
[2023-08-31T19:12:09.210+0300] {processor.py:829} INFO - Processing file /home/miminari/repos/airflow_project/env/lib/python3.10/site-packages/airflow/example_dags/example_sensor_decorator.py for tasks to queue
[2023-08-31T19:12:09.211+0300] {logging_mixin.py:151} INFO - [2023-08-31T19:12:09.210+0300] {dagbag.py:539} INFO - Filling up the DagBag from /home/miminari/repos/airflow_project/env/lib/python3.10/site-packages/airflow/example_dags/example_sensor_decorator.py
[2023-08-31T19:12:09.215+0300] {processor.py:839} INFO - DAG(s) dict_keys(['example_sensor_decorator']) retrieved from /home/miminari/repos/airflow_project/env/lib/python3.10/site-packages/airflow/example_dags/example_sensor_decorator.py
[2023-08-31T19:12:09.303+0300] {logging_mixin.py:151} INFO - [2023-08-31T19:12:09.303+0300] {manager.py:501} INFO - Created Permission View: can read on DAG:example_sensor_decorator
[2023-08-31T19:12:09.311+0300] {logging_mixin.py:151} INFO - [2023-08-31T19:12:09.310+0300] {manager.py:501} INFO - Created Permission View: can delete on DAG:example_sensor_decorator
[2023-08-31T19:12:09.316+0300] {logging_mixin.py:151} INFO - [2023-08-31T19:12:09.316+0300] {manager.py:501} INFO - Created Permission View: can edit on DAG:example_sensor_decorator
[2023-08-31T19:12:09.327+0300] {logging_mixin.py:151} INFO - [2023-08-31T19:12:09.327+0300] {dag.py:2907} INFO - Sync 1 DAGs
[2023-08-31T19:12:09.337+0300] {logging_mixin.py:151} INFO - [2023-08-31T19:12:09.336+0300] {dag.py:2929} INFO - Creating ORM DAG for example_sensor_decorator
[2023-08-31T19:12:09.337+0300] {logging_mixin.py:151} INFO - [2023-08-31T19:12:09.337+0300] {dag.py:3677} INFO - Setting next_dagrun for example_sensor_decorator to None, run_after=None
[2023-08-31T19:12:09.351+0300] {processor.py:179} INFO - Processing /home/miminari/repos/airflow_project/env/lib/python3.10/site-packages/airflow/example_dags/example_sensor_decorator.py took 0.144 seconds
[2023-08-31T19:12:39.998+0300] {processor.py:157} INFO - Started process (PID=18732) to work on /home/miminari/repos/airflow_project/env/lib/python3.10/site-packages/airflow/example_dags/example_sensor_decorator.py
[2023-08-31T19:12:39.998+0300] {processor.py:829} INFO - Processing file /home/miminari/repos/airflow_project/env/lib/python3.10/site-packages/airflow/example_dags/example_sensor_decorator.py for tasks to queue
[2023-08-31T19:12:39.999+0300] {logging_mixin.py:151} INFO - [2023-08-31T19:12:39.999+0300] {dagbag.py:539} INFO - Filling up the DagBag from /home/miminari/repos/airflow_project/env/lib/python3.10/site-packages/airflow/example_dags/example_sensor_decorator.py
[2023-08-31T19:12:40.004+0300] {processor.py:839} INFO - DAG(s) dict_keys(['example_sensor_decorator']) retrieved from /home/miminari/repos/airflow_project/env/lib/python3.10/site-packages/airflow/example_dags/example_sensor_decorator.py
[2023-08-31T19:12:40.033+0300] {logging_mixin.py:151} INFO - [2023-08-31T19:12:40.033+0300] {dag.py:2907} INFO - Sync 1 DAGs
[2023-08-31T19:12:40.049+0300] {logging_mixin.py:151} INFO - [2023-08-31T19:12:40.049+0300] {dag.py:3677} INFO - Setting next_dagrun for example_sensor_decorator to None, run_after=None
[2023-08-31T19:12:40.066+0300] {processor.py:179} INFO - Processing /home/miminari/repos/airflow_project/env/lib/python3.10/site-packages/airflow/example_dags/example_sensor_decorator.py took 0.071 seconds
[2023-08-31T19:13:10.170+0300] {processor.py:157} INFO - Started process (PID=18832) to work on /home/miminari/repos/airflow_project/env/lib/python3.10/site-packages/airflow/example_dags/example_sensor_decorator.py
[2023-08-31T19:13:10.171+0300] {processor.py:829} INFO - Processing file /home/miminari/repos/airflow_project/env/lib/python3.10/site-packages/airflow/example_dags/example_sensor_decorator.py for tasks to queue
[2023-08-31T19:13:10.171+0300] {logging_mixin.py:151} INFO - [2023-08-31T19:13:10.171+0300] {dagbag.py:539} INFO - Filling up the DagBag from /home/miminari/repos/airflow_project/env/lib/python3.10/site-packages/airflow/example_dags/example_sensor_decorator.py
[2023-08-31T19:13:10.176+0300] {processor.py:839} INFO - DAG(s) dict_keys(['example_sensor_decorator']) retrieved from /home/miminari/repos/airflow_project/env/lib/python3.10/site-packages/airflow/example_dags/example_sensor_decorator.py
[2023-08-31T19:13:10.197+0300] {logging_mixin.py:151} INFO - [2023-08-31T19:13:10.197+0300] {dag.py:2907} INFO - Sync 1 DAGs
[2023-08-31T19:13:10.208+0300] {logging_mixin.py:151} INFO - [2023-08-31T19:13:10.208+0300] {dag.py:3677} INFO - Setting next_dagrun for example_sensor_decorator to None, run_after=None
[2023-08-31T19:13:10.221+0300] {processor.py:179} INFO - Processing /home/miminari/repos/airflow_project/env/lib/python3.10/site-packages/airflow/example_dags/example_sensor_decorator.py took 0.054 seconds
[2023-08-31T19:13:40.329+0300] {processor.py:157} INFO - Started process (PID=18940) to work on /home/miminari/repos/airflow_project/env/lib/python3.10/site-packages/airflow/example_dags/example_sensor_decorator.py
[2023-08-31T19:13:40.330+0300] {processor.py:829} INFO - Processing file /home/miminari/repos/airflow_project/env/lib/python3.10/site-packages/airflow/example_dags/example_sensor_decorator.py for tasks to queue
[2023-08-31T19:13:40.331+0300] {logging_mixin.py:151} INFO - [2023-08-31T19:13:40.331+0300] {dagbag.py:539} INFO - Filling up the DagBag from /home/miminari/repos/airflow_project/env/lib/python3.10/site-packages/airflow/example_dags/example_sensor_decorator.py
[2023-08-31T19:13:40.336+0300] {processor.py:839} INFO - DAG(s) dict_keys(['example_sensor_decorator']) retrieved from /home/miminari/repos/airflow_project/env/lib/python3.10/site-packages/airflow/example_dags/example_sensor_decorator.py
[2023-08-31T19:13:40.359+0300] {logging_mixin.py:151} INFO - [2023-08-31T19:13:40.359+0300] {dag.py:2907} INFO - Sync 1 DAGs
[2023-08-31T19:13:40.371+0300] {logging_mixin.py:151} INFO - [2023-08-31T19:13:40.370+0300] {dag.py:3677} INFO - Setting next_dagrun for example_sensor_decorator to None, run_after=None
[2023-08-31T19:13:40.386+0300] {processor.py:179} INFO - Processing /home/miminari/repos/airflow_project/env/lib/python3.10/site-packages/airflow/example_dags/example_sensor_decorator.py took 0.059 seconds
[2023-08-31T19:14:10.450+0300] {processor.py:157} INFO - Started process (PID=19037) to work on /home/miminari/repos/airflow_project/env/lib/python3.10/site-packages/airflow/example_dags/example_sensor_decorator.py
[2023-08-31T19:14:10.450+0300] {processor.py:829} INFO - Processing file /home/miminari/repos/airflow_project/env/lib/python3.10/site-packages/airflow/example_dags/example_sensor_decorator.py for tasks to queue
[2023-08-31T19:14:10.451+0300] {logging_mixin.py:151} INFO - [2023-08-31T19:14:10.451+0300] {dagbag.py:539} INFO - Filling up the DagBag from /home/miminari/repos/airflow_project/env/lib/python3.10/site-packages/airflow/example_dags/example_sensor_decorator.py
[2023-08-31T19:14:10.456+0300] {processor.py:839} INFO - DAG(s) dict_keys(['example_sensor_decorator']) retrieved from /home/miminari/repos/airflow_project/env/lib/python3.10/site-packages/airflow/example_dags/example_sensor_decorator.py
[2023-08-31T19:14:10.478+0300] {logging_mixin.py:151} INFO - [2023-08-31T19:14:10.478+0300] {dag.py:2907} INFO - Sync 1 DAGs
[2023-08-31T19:14:10.488+0300] {logging_mixin.py:151} INFO - [2023-08-31T19:14:10.488+0300] {dag.py:3677} INFO - Setting next_dagrun for example_sensor_decorator to None, run_after=None
[2023-08-31T19:14:10.504+0300] {processor.py:179} INFO - Processing /home/miminari/repos/airflow_project/env/lib/python3.10/site-packages/airflow/example_dags/example_sensor_decorator.py took 0.057 seconds
[2023-08-31T19:14:40.558+0300] {processor.py:157} INFO - Started process (PID=19131) to work on /home/miminari/repos/airflow_project/env/lib/python3.10/site-packages/airflow/example_dags/example_sensor_decorator.py
[2023-08-31T19:14:40.559+0300] {processor.py:829} INFO - Processing file /home/miminari/repos/airflow_project/env/lib/python3.10/site-packages/airflow/example_dags/example_sensor_decorator.py for tasks to queue
[2023-08-31T19:14:40.559+0300] {logging_mixin.py:151} INFO - [2023-08-31T19:14:40.559+0300] {dagbag.py:539} INFO - Filling up the DagBag from /home/miminari/repos/airflow_project/env/lib/python3.10/site-packages/airflow/example_dags/example_sensor_decorator.py
[2023-08-31T19:14:40.563+0300] {processor.py:839} INFO - DAG(s) dict_keys(['example_sensor_decorator']) retrieved from /home/miminari/repos/airflow_project/env/lib/python3.10/site-packages/airflow/example_dags/example_sensor_decorator.py
[2023-08-31T19:14:40.583+0300] {logging_mixin.py:151} INFO - [2023-08-31T19:14:40.583+0300] {dag.py:2907} INFO - Sync 1 DAGs
[2023-08-31T19:14:40.592+0300] {logging_mixin.py:151} INFO - [2023-08-31T19:14:40.592+0300] {dag.py:3677} INFO - Setting next_dagrun for example_sensor_decorator to None, run_after=None
[2023-08-31T19:14:40.605+0300] {processor.py:179} INFO - Processing /home/miminari/repos/airflow_project/env/lib/python3.10/site-packages/airflow/example_dags/example_sensor_decorator.py took 0.049 seconds
[2023-08-31T19:15:10.884+0300] {processor.py:157} INFO - Started process (PID=19332) to work on /home/miminari/repos/airflow_project/env/lib/python3.10/site-packages/airflow/example_dags/example_sensor_decorator.py
[2023-08-31T19:15:10.885+0300] {processor.py:829} INFO - Processing file /home/miminari/repos/airflow_project/env/lib/python3.10/site-packages/airflow/example_dags/example_sensor_decorator.py for tasks to queue
[2023-08-31T19:15:10.885+0300] {logging_mixin.py:151} INFO - [2023-08-31T19:15:10.885+0300] {dagbag.py:539} INFO - Filling up the DagBag from /home/miminari/repos/airflow_project/env/lib/python3.10/site-packages/airflow/example_dags/example_sensor_decorator.py
[2023-08-31T19:15:10.890+0300] {processor.py:839} INFO - DAG(s) dict_keys(['example_sensor_decorator']) retrieved from /home/miminari/repos/airflow_project/env/lib/python3.10/site-packages/airflow/example_dags/example_sensor_decorator.py
[2023-08-31T19:15:10.913+0300] {logging_mixin.py:151} INFO - [2023-08-31T19:15:10.913+0300] {dag.py:2907} INFO - Sync 1 DAGs
[2023-08-31T19:15:10.924+0300] {logging_mixin.py:151} INFO - [2023-08-31T19:15:10.924+0300] {dag.py:3677} INFO - Setting next_dagrun for example_sensor_decorator to None, run_after=None
[2023-08-31T19:15:10.942+0300] {processor.py:179} INFO - Processing /home/miminari/repos/airflow_project/env/lib/python3.10/site-packages/airflow/example_dags/example_sensor_decorator.py took 0.062 seconds
[2023-08-31T19:15:41.094+0300] {processor.py:157} INFO - Started process (PID=19430) to work on /home/miminari/repos/airflow_project/env/lib/python3.10/site-packages/airflow/example_dags/example_sensor_decorator.py
[2023-08-31T19:15:41.095+0300] {processor.py:829} INFO - Processing file /home/miminari/repos/airflow_project/env/lib/python3.10/site-packages/airflow/example_dags/example_sensor_decorator.py for tasks to queue
[2023-08-31T19:15:41.095+0300] {logging_mixin.py:151} INFO - [2023-08-31T19:15:41.095+0300] {dagbag.py:539} INFO - Filling up the DagBag from /home/miminari/repos/airflow_project/env/lib/python3.10/site-packages/airflow/example_dags/example_sensor_decorator.py
[2023-08-31T19:15:41.101+0300] {processor.py:839} INFO - DAG(s) dict_keys(['example_sensor_decorator']) retrieved from /home/miminari/repos/airflow_project/env/lib/python3.10/site-packages/airflow/example_dags/example_sensor_decorator.py
[2023-08-31T19:15:41.136+0300] {logging_mixin.py:151} INFO - [2023-08-31T19:15:41.136+0300] {dag.py:2907} INFO - Sync 1 DAGs
[2023-08-31T19:15:41.147+0300] {logging_mixin.py:151} INFO - [2023-08-31T19:15:41.147+0300] {dag.py:3677} INFO - Setting next_dagrun for example_sensor_decorator to None, run_after=None
[2023-08-31T19:15:41.161+0300] {processor.py:179} INFO - Processing /home/miminari/repos/airflow_project/env/lib/python3.10/site-packages/airflow/example_dags/example_sensor_decorator.py took 0.070 seconds
[2023-08-31T19:16:11.409+0300] {processor.py:157} INFO - Started process (PID=19584) to work on /home/miminari/repos/airflow_project/env/lib/python3.10/site-packages/airflow/example_dags/example_sensor_decorator.py
[2023-08-31T19:16:11.410+0300] {processor.py:829} INFO - Processing file /home/miminari/repos/airflow_project/env/lib/python3.10/site-packages/airflow/example_dags/example_sensor_decorator.py for tasks to queue
[2023-08-31T19:16:11.411+0300] {logging_mixin.py:151} INFO - [2023-08-31T19:16:11.410+0300] {dagbag.py:539} INFO - Filling up the DagBag from /home/miminari/repos/airflow_project/env/lib/python3.10/site-packages/airflow/example_dags/example_sensor_decorator.py
[2023-08-31T19:16:11.418+0300] {processor.py:839} INFO - DAG(s) dict_keys(['example_sensor_decorator']) retrieved from /home/miminari/repos/airflow_project/env/lib/python3.10/site-packages/airflow/example_dags/example_sensor_decorator.py
[2023-08-31T19:16:11.449+0300] {logging_mixin.py:151} INFO - [2023-08-31T19:16:11.449+0300] {dag.py:2907} INFO - Sync 1 DAGs
[2023-08-31T19:16:11.462+0300] {logging_mixin.py:151} INFO - [2023-08-31T19:16:11.462+0300] {dag.py:3677} INFO - Setting next_dagrun for example_sensor_decorator to None, run_after=None
[2023-08-31T19:16:11.480+0300] {processor.py:179} INFO - Processing /home/miminari/repos/airflow_project/env/lib/python3.10/site-packages/airflow/example_dags/example_sensor_decorator.py took 0.073 seconds
[2023-08-31T19:16:41.761+0300] {processor.py:157} INFO - Started process (PID=19686) to work on /home/miminari/repos/airflow_project/env/lib/python3.10/site-packages/airflow/example_dags/example_sensor_decorator.py
[2023-08-31T19:16:41.766+0300] {processor.py:829} INFO - Processing file /home/miminari/repos/airflow_project/env/lib/python3.10/site-packages/airflow/example_dags/example_sensor_decorator.py for tasks to queue
[2023-08-31T19:16:41.767+0300] {logging_mixin.py:151} INFO - [2023-08-31T19:16:41.766+0300] {dagbag.py:539} INFO - Filling up the DagBag from /home/miminari/repos/airflow_project/env/lib/python3.10/site-packages/airflow/example_dags/example_sensor_decorator.py
[2023-08-31T19:16:41.775+0300] {processor.py:839} INFO - DAG(s) dict_keys(['example_sensor_decorator']) retrieved from /home/miminari/repos/airflow_project/env/lib/python3.10/site-packages/airflow/example_dags/example_sensor_decorator.py
[2023-08-31T19:16:41.801+0300] {logging_mixin.py:151} INFO - [2023-08-31T19:16:41.801+0300] {dag.py:2907} INFO - Sync 1 DAGs
[2023-08-31T19:16:41.812+0300] {logging_mixin.py:151} INFO - [2023-08-31T19:16:41.812+0300] {dag.py:3677} INFO - Setting next_dagrun for example_sensor_decorator to None, run_after=None
[2023-08-31T19:16:41.836+0300] {processor.py:179} INFO - Processing /home/miminari/repos/airflow_project/env/lib/python3.10/site-packages/airflow/example_dags/example_sensor_decorator.py took 0.077 seconds
[2023-08-31T19:17:11.963+0300] {processor.py:157} INFO - Started process (PID=19835) to work on /home/miminari/repos/airflow_project/env/lib/python3.10/site-packages/airflow/example_dags/example_sensor_decorator.py
[2023-08-31T19:17:11.964+0300] {processor.py:829} INFO - Processing file /home/miminari/repos/airflow_project/env/lib/python3.10/site-packages/airflow/example_dags/example_sensor_decorator.py for tasks to queue
[2023-08-31T19:17:11.965+0300] {logging_mixin.py:151} INFO - [2023-08-31T19:17:11.964+0300] {dagbag.py:539} INFO - Filling up the DagBag from /home/miminari/repos/airflow_project/env/lib/python3.10/site-packages/airflow/example_dags/example_sensor_decorator.py
[2023-08-31T19:17:11.969+0300] {processor.py:839} INFO - DAG(s) dict_keys(['example_sensor_decorator']) retrieved from /home/miminari/repos/airflow_project/env/lib/python3.10/site-packages/airflow/example_dags/example_sensor_decorator.py
[2023-08-31T19:17:11.992+0300] {logging_mixin.py:151} INFO - [2023-08-31T19:17:11.992+0300] {dag.py:2907} INFO - Sync 1 DAGs
[2023-08-31T19:17:12.007+0300] {logging_mixin.py:151} INFO - [2023-08-31T19:17:12.006+0300] {dag.py:3677} INFO - Setting next_dagrun for example_sensor_decorator to None, run_after=None
[2023-08-31T19:17:12.033+0300] {processor.py:179} INFO - Processing /home/miminari/repos/airflow_project/env/lib/python3.10/site-packages/airflow/example_dags/example_sensor_decorator.py took 0.072 seconds
