[2023-08-31T19:12:06.892+0300] {processor.py:157} INFO - Started process (PID=18564) to work on /home/miminari/repos/airflow_project/env/lib/python3.10/site-packages/airflow/example_dags/example_task_group_decorator.py
[2023-08-31T19:12:06.892+0300] {processor.py:829} INFO - Processing file /home/miminari/repos/airflow_project/env/lib/python3.10/site-packages/airflow/example_dags/example_task_group_decorator.py for tasks to queue
[2023-08-31T19:12:06.893+0300] {logging_mixin.py:151} INFO - [2023-08-31T19:12:06.892+0300] {dagbag.py:539} INFO - Filling up the DagBag from /home/miminari/repos/airflow_project/env/lib/python3.10/site-packages/airflow/example_dags/example_task_group_decorator.py
[2023-08-31T19:12:06.908+0300] {processor.py:839} INFO - DAG(s) dict_keys(['example_task_group_decorator']) retrieved from /home/miminari/repos/airflow_project/env/lib/python3.10/site-packages/airflow/example_dags/example_task_group_decorator.py
[2023-08-31T19:12:07.146+0300] {logging_mixin.py:151} INFO - [2023-08-31T19:12:07.146+0300] {manager.py:501} INFO - Created Permission View: can read on DAG:example_task_group_decorator
[2023-08-31T19:12:07.153+0300] {logging_mixin.py:151} INFO - [2023-08-31T19:12:07.153+0300] {manager.py:501} INFO - Created Permission View: can delete on DAG:example_task_group_decorator
[2023-08-31T19:12:07.157+0300] {logging_mixin.py:151} INFO - [2023-08-31T19:12:07.157+0300] {manager.py:501} INFO - Created Permission View: can edit on DAG:example_task_group_decorator
[2023-08-31T19:12:07.168+0300] {logging_mixin.py:151} INFO - [2023-08-31T19:12:07.167+0300] {dag.py:2907} INFO - Sync 1 DAGs
[2023-08-31T19:12:07.177+0300] {logging_mixin.py:151} INFO - [2023-08-31T19:12:07.177+0300] {dag.py:2929} INFO - Creating ORM DAG for example_task_group_decorator
[2023-08-31T19:12:07.184+0300] {logging_mixin.py:151} INFO - [2023-08-31T19:12:07.184+0300] {dag.py:3677} INFO - Setting next_dagrun for example_task_group_decorator to 2023-08-30T16:12:07.184434+00:00, run_after=2023-08-31T16:12:07.184434+00:00
[2023-08-31T19:12:07.196+0300] {processor.py:179} INFO - Processing /home/miminari/repos/airflow_project/env/lib/python3.10/site-packages/airflow/example_dags/example_task_group_decorator.py took 0.307 seconds
[2023-08-31T19:12:38.035+0300] {processor.py:157} INFO - Started process (PID=18688) to work on /home/miminari/repos/airflow_project/env/lib/python3.10/site-packages/airflow/example_dags/example_task_group_decorator.py
[2023-08-31T19:12:38.035+0300] {processor.py:829} INFO - Processing file /home/miminari/repos/airflow_project/env/lib/python3.10/site-packages/airflow/example_dags/example_task_group_decorator.py for tasks to queue
[2023-08-31T19:12:38.036+0300] {logging_mixin.py:151} INFO - [2023-08-31T19:12:38.036+0300] {dagbag.py:539} INFO - Filling up the DagBag from /home/miminari/repos/airflow_project/env/lib/python3.10/site-packages/airflow/example_dags/example_task_group_decorator.py
[2023-08-31T19:12:38.049+0300] {processor.py:839} INFO - DAG(s) dict_keys(['example_task_group_decorator']) retrieved from /home/miminari/repos/airflow_project/env/lib/python3.10/site-packages/airflow/example_dags/example_task_group_decorator.py
[2023-08-31T19:12:38.077+0300] {logging_mixin.py:151} INFO - [2023-08-31T19:12:38.076+0300] {dag.py:2907} INFO - Sync 1 DAGs
[2023-08-31T19:12:38.094+0300] {logging_mixin.py:151} INFO - [2023-08-31T19:12:38.094+0300] {dag.py:3677} INFO - Setting next_dagrun for example_task_group_decorator to 2023-08-30T16:12:38.094146+00:00, run_after=2023-08-31T16:12:38.094146+00:00
[2023-08-31T19:12:38.109+0300] {processor.py:179} INFO - Processing /home/miminari/repos/airflow_project/env/lib/python3.10/site-packages/airflow/example_dags/example_task_group_decorator.py took 0.077 seconds
[2023-08-31T19:13:08.206+0300] {processor.py:157} INFO - Started process (PID=18788) to work on /home/miminari/repos/airflow_project/env/lib/python3.10/site-packages/airflow/example_dags/example_task_group_decorator.py
[2023-08-31T19:13:08.207+0300] {processor.py:829} INFO - Processing file /home/miminari/repos/airflow_project/env/lib/python3.10/site-packages/airflow/example_dags/example_task_group_decorator.py for tasks to queue
[2023-08-31T19:13:08.207+0300] {logging_mixin.py:151} INFO - [2023-08-31T19:13:08.207+0300] {dagbag.py:539} INFO - Filling up the DagBag from /home/miminari/repos/airflow_project/env/lib/python3.10/site-packages/airflow/example_dags/example_task_group_decorator.py
[2023-08-31T19:13:08.220+0300] {processor.py:839} INFO - DAG(s) dict_keys(['example_task_group_decorator']) retrieved from /home/miminari/repos/airflow_project/env/lib/python3.10/site-packages/airflow/example_dags/example_task_group_decorator.py
[2023-08-31T19:13:08.247+0300] {logging_mixin.py:151} INFO - [2023-08-31T19:13:08.246+0300] {dag.py:2907} INFO - Sync 1 DAGs
[2023-08-31T19:13:08.265+0300] {logging_mixin.py:151} INFO - [2023-08-31T19:13:08.264+0300] {dag.py:3677} INFO - Setting next_dagrun for example_task_group_decorator to 2023-08-30T16:13:08.264649+00:00, run_after=2023-08-31T16:13:08.264649+00:00
[2023-08-31T19:13:08.280+0300] {processor.py:179} INFO - Processing /home/miminari/repos/airflow_project/env/lib/python3.10/site-packages/airflow/example_dags/example_task_group_decorator.py took 0.076 seconds
[2023-08-31T19:13:39.183+0300] {processor.py:157} INFO - Started process (PID=18896) to work on /home/miminari/repos/airflow_project/env/lib/python3.10/site-packages/airflow/example_dags/example_task_group_decorator.py
[2023-08-31T19:13:39.183+0300] {processor.py:829} INFO - Processing file /home/miminari/repos/airflow_project/env/lib/python3.10/site-packages/airflow/example_dags/example_task_group_decorator.py for tasks to queue
[2023-08-31T19:13:39.184+0300] {logging_mixin.py:151} INFO - [2023-08-31T19:13:39.184+0300] {dagbag.py:539} INFO - Filling up the DagBag from /home/miminari/repos/airflow_project/env/lib/python3.10/site-packages/airflow/example_dags/example_task_group_decorator.py
[2023-08-31T19:13:39.197+0300] {processor.py:839} INFO - DAG(s) dict_keys(['example_task_group_decorator']) retrieved from /home/miminari/repos/airflow_project/env/lib/python3.10/site-packages/airflow/example_dags/example_task_group_decorator.py
[2023-08-31T19:13:39.233+0300] {logging_mixin.py:151} INFO - [2023-08-31T19:13:39.232+0300] {dag.py:2907} INFO - Sync 1 DAGs
[2023-08-31T19:13:39.257+0300] {logging_mixin.py:151} INFO - [2023-08-31T19:13:39.257+0300] {dag.py:3677} INFO - Setting next_dagrun for example_task_group_decorator to 2023-08-30T16:13:39.257115+00:00, run_after=2023-08-31T16:13:39.257115+00:00
[2023-08-31T19:13:39.275+0300] {processor.py:179} INFO - Processing /home/miminari/repos/airflow_project/env/lib/python3.10/site-packages/airflow/example_dags/example_task_group_decorator.py took 0.095 seconds
[2023-08-31T19:14:09.440+0300] {processor.py:157} INFO - Started process (PID=18994) to work on /home/miminari/repos/airflow_project/env/lib/python3.10/site-packages/airflow/example_dags/example_task_group_decorator.py
[2023-08-31T19:14:09.440+0300] {processor.py:829} INFO - Processing file /home/miminari/repos/airflow_project/env/lib/python3.10/site-packages/airflow/example_dags/example_task_group_decorator.py for tasks to queue
[2023-08-31T19:14:09.441+0300] {logging_mixin.py:151} INFO - [2023-08-31T19:14:09.441+0300] {dagbag.py:539} INFO - Filling up the DagBag from /home/miminari/repos/airflow_project/env/lib/python3.10/site-packages/airflow/example_dags/example_task_group_decorator.py
[2023-08-31T19:14:09.453+0300] {processor.py:839} INFO - DAG(s) dict_keys(['example_task_group_decorator']) retrieved from /home/miminari/repos/airflow_project/env/lib/python3.10/site-packages/airflow/example_dags/example_task_group_decorator.py
[2023-08-31T19:14:09.484+0300] {logging_mixin.py:151} INFO - [2023-08-31T19:14:09.483+0300] {dag.py:2907} INFO - Sync 1 DAGs
[2023-08-31T19:14:09.506+0300] {logging_mixin.py:151} INFO - [2023-08-31T19:14:09.506+0300] {dag.py:3677} INFO - Setting next_dagrun for example_task_group_decorator to 2023-08-30T16:14:09.506578+00:00, run_after=2023-08-31T16:14:09.506578+00:00
[2023-08-31T19:14:09.528+0300] {processor.py:179} INFO - Processing /home/miminari/repos/airflow_project/env/lib/python3.10/site-packages/airflow/example_dags/example_task_group_decorator.py took 0.091 seconds
[2023-08-31T19:14:39.589+0300] {processor.py:157} INFO - Started process (PID=19089) to work on /home/miminari/repos/airflow_project/env/lib/python3.10/site-packages/airflow/example_dags/example_task_group_decorator.py
[2023-08-31T19:14:39.590+0300] {processor.py:829} INFO - Processing file /home/miminari/repos/airflow_project/env/lib/python3.10/site-packages/airflow/example_dags/example_task_group_decorator.py for tasks to queue
[2023-08-31T19:14:39.590+0300] {logging_mixin.py:151} INFO - [2023-08-31T19:14:39.590+0300] {dagbag.py:539} INFO - Filling up the DagBag from /home/miminari/repos/airflow_project/env/lib/python3.10/site-packages/airflow/example_dags/example_task_group_decorator.py
[2023-08-31T19:14:39.603+0300] {processor.py:839} INFO - DAG(s) dict_keys(['example_task_group_decorator']) retrieved from /home/miminari/repos/airflow_project/env/lib/python3.10/site-packages/airflow/example_dags/example_task_group_decorator.py
[2023-08-31T19:14:39.633+0300] {logging_mixin.py:151} INFO - [2023-08-31T19:14:39.632+0300] {dag.py:2907} INFO - Sync 1 DAGs
[2023-08-31T19:14:39.654+0300] {logging_mixin.py:151} INFO - [2023-08-31T19:14:39.654+0300] {dag.py:3677} INFO - Setting next_dagrun for example_task_group_decorator to 2023-08-30T16:14:39.654094+00:00, run_after=2023-08-31T16:14:39.654094+00:00
[2023-08-31T19:14:39.667+0300] {processor.py:179} INFO - Processing /home/miminari/repos/airflow_project/env/lib/python3.10/site-packages/airflow/example_dags/example_task_group_decorator.py took 0.081 seconds
[2023-08-31T19:15:09.865+0300] {processor.py:157} INFO - Started process (PID=19290) to work on /home/miminari/repos/airflow_project/env/lib/python3.10/site-packages/airflow/example_dags/example_task_group_decorator.py
[2023-08-31T19:15:09.866+0300] {processor.py:829} INFO - Processing file /home/miminari/repos/airflow_project/env/lib/python3.10/site-packages/airflow/example_dags/example_task_group_decorator.py for tasks to queue
[2023-08-31T19:15:09.867+0300] {logging_mixin.py:151} INFO - [2023-08-31T19:15:09.866+0300] {dagbag.py:539} INFO - Filling up the DagBag from /home/miminari/repos/airflow_project/env/lib/python3.10/site-packages/airflow/example_dags/example_task_group_decorator.py
[2023-08-31T19:15:09.879+0300] {processor.py:839} INFO - DAG(s) dict_keys(['example_task_group_decorator']) retrieved from /home/miminari/repos/airflow_project/env/lib/python3.10/site-packages/airflow/example_dags/example_task_group_decorator.py
[2023-08-31T19:15:09.907+0300] {logging_mixin.py:151} INFO - [2023-08-31T19:15:09.907+0300] {dag.py:2907} INFO - Sync 1 DAGs
[2023-08-31T19:15:09.927+0300] {logging_mixin.py:151} INFO - [2023-08-31T19:15:09.926+0300] {dag.py:3677} INFO - Setting next_dagrun for example_task_group_decorator to 2023-08-30T16:15:09.926597+00:00, run_after=2023-08-31T16:15:09.926597+00:00
[2023-08-31T19:15:09.944+0300] {processor.py:179} INFO - Processing /home/miminari/repos/airflow_project/env/lib/python3.10/site-packages/airflow/example_dags/example_task_group_decorator.py took 0.081 seconds
[2023-08-31T19:15:40.144+0300] {processor.py:157} INFO - Started process (PID=19388) to work on /home/miminari/repos/airflow_project/env/lib/python3.10/site-packages/airflow/example_dags/example_task_group_decorator.py
[2023-08-31T19:15:40.147+0300] {processor.py:829} INFO - Processing file /home/miminari/repos/airflow_project/env/lib/python3.10/site-packages/airflow/example_dags/example_task_group_decorator.py for tasks to queue
[2023-08-31T19:15:40.147+0300] {logging_mixin.py:151} INFO - [2023-08-31T19:15:40.147+0300] {dagbag.py:539} INFO - Filling up the DagBag from /home/miminari/repos/airflow_project/env/lib/python3.10/site-packages/airflow/example_dags/example_task_group_decorator.py
[2023-08-31T19:15:40.160+0300] {processor.py:839} INFO - DAG(s) dict_keys(['example_task_group_decorator']) retrieved from /home/miminari/repos/airflow_project/env/lib/python3.10/site-packages/airflow/example_dags/example_task_group_decorator.py
[2023-08-31T19:15:40.192+0300] {logging_mixin.py:151} INFO - [2023-08-31T19:15:40.191+0300] {dag.py:2907} INFO - Sync 1 DAGs
[2023-08-31T19:15:40.215+0300] {logging_mixin.py:151} INFO - [2023-08-31T19:15:40.214+0300] {dag.py:3677} INFO - Setting next_dagrun for example_task_group_decorator to 2023-08-30T16:15:40.214715+00:00, run_after=2023-08-31T16:15:40.214715+00:00
[2023-08-31T19:15:40.233+0300] {processor.py:179} INFO - Processing /home/miminari/repos/airflow_project/env/lib/python3.10/site-packages/airflow/example_dags/example_task_group_decorator.py took 0.092 seconds
[2023-08-31T19:16:10.381+0300] {processor.py:157} INFO - Started process (PID=19543) to work on /home/miminari/repos/airflow_project/env/lib/python3.10/site-packages/airflow/example_dags/example_task_group_decorator.py
[2023-08-31T19:16:10.383+0300] {processor.py:829} INFO - Processing file /home/miminari/repos/airflow_project/env/lib/python3.10/site-packages/airflow/example_dags/example_task_group_decorator.py for tasks to queue
[2023-08-31T19:16:10.384+0300] {logging_mixin.py:151} INFO - [2023-08-31T19:16:10.383+0300] {dagbag.py:539} INFO - Filling up the DagBag from /home/miminari/repos/airflow_project/env/lib/python3.10/site-packages/airflow/example_dags/example_task_group_decorator.py
[2023-08-31T19:16:10.404+0300] {processor.py:839} INFO - DAG(s) dict_keys(['example_task_group_decorator']) retrieved from /home/miminari/repos/airflow_project/env/lib/python3.10/site-packages/airflow/example_dags/example_task_group_decorator.py
[2023-08-31T19:16:10.438+0300] {logging_mixin.py:151} INFO - [2023-08-31T19:16:10.437+0300] {dag.py:2907} INFO - Sync 1 DAGs
[2023-08-31T19:16:10.471+0300] {logging_mixin.py:151} INFO - [2023-08-31T19:16:10.471+0300] {dag.py:3677} INFO - Setting next_dagrun for example_task_group_decorator to 2023-08-30T16:16:10.471392+00:00, run_after=2023-08-31T16:16:10.471392+00:00
[2023-08-31T19:16:10.495+0300] {processor.py:179} INFO - Processing /home/miminari/repos/airflow_project/env/lib/python3.10/site-packages/airflow/example_dags/example_task_group_decorator.py took 0.117 seconds
[2023-08-31T19:16:40.759+0300] {processor.py:157} INFO - Started process (PID=19643) to work on /home/miminari/repos/airflow_project/env/lib/python3.10/site-packages/airflow/example_dags/example_task_group_decorator.py
[2023-08-31T19:16:40.760+0300] {processor.py:829} INFO - Processing file /home/miminari/repos/airflow_project/env/lib/python3.10/site-packages/airflow/example_dags/example_task_group_decorator.py for tasks to queue
[2023-08-31T19:16:40.761+0300] {logging_mixin.py:151} INFO - [2023-08-31T19:16:40.760+0300] {dagbag.py:539} INFO - Filling up the DagBag from /home/miminari/repos/airflow_project/env/lib/python3.10/site-packages/airflow/example_dags/example_task_group_decorator.py
[2023-08-31T19:16:40.775+0300] {processor.py:839} INFO - DAG(s) dict_keys(['example_task_group_decorator']) retrieved from /home/miminari/repos/airflow_project/env/lib/python3.10/site-packages/airflow/example_dags/example_task_group_decorator.py
[2023-08-31T19:16:40.808+0300] {logging_mixin.py:151} INFO - [2023-08-31T19:16:40.808+0300] {dag.py:2907} INFO - Sync 1 DAGs
[2023-08-31T19:16:40.829+0300] {logging_mixin.py:151} INFO - [2023-08-31T19:16:40.829+0300] {dag.py:3677} INFO - Setting next_dagrun for example_task_group_decorator to 2023-08-30T16:16:40.829502+00:00, run_after=2023-08-31T16:16:40.829502+00:00
[2023-08-31T19:16:40.844+0300] {processor.py:179} INFO - Processing /home/miminari/repos/airflow_project/env/lib/python3.10/site-packages/airflow/example_dags/example_task_group_decorator.py took 0.087 seconds
[2023-08-31T19:17:11.007+0300] {processor.py:157} INFO - Started process (PID=19792) to work on /home/miminari/repos/airflow_project/env/lib/python3.10/site-packages/airflow/example_dags/example_task_group_decorator.py
[2023-08-31T19:17:11.008+0300] {processor.py:829} INFO - Processing file /home/miminari/repos/airflow_project/env/lib/python3.10/site-packages/airflow/example_dags/example_task_group_decorator.py for tasks to queue
[2023-08-31T19:17:11.009+0300] {logging_mixin.py:151} INFO - [2023-08-31T19:17:11.008+0300] {dagbag.py:539} INFO - Filling up the DagBag from /home/miminari/repos/airflow_project/env/lib/python3.10/site-packages/airflow/example_dags/example_task_group_decorator.py
[2023-08-31T19:17:11.022+0300] {processor.py:839} INFO - DAG(s) dict_keys(['example_task_group_decorator']) retrieved from /home/miminari/repos/airflow_project/env/lib/python3.10/site-packages/airflow/example_dags/example_task_group_decorator.py
[2023-08-31T19:17:11.050+0300] {logging_mixin.py:151} INFO - [2023-08-31T19:17:11.050+0300] {dag.py:2907} INFO - Sync 1 DAGs
[2023-08-31T19:17:11.070+0300] {logging_mixin.py:151} INFO - [2023-08-31T19:17:11.070+0300] {dag.py:3677} INFO - Setting next_dagrun for example_task_group_decorator to 2023-08-30T16:17:11.070186+00:00, run_after=2023-08-31T16:17:11.070186+00:00
[2023-08-31T19:17:11.089+0300] {processor.py:179} INFO - Processing /home/miminari/repos/airflow_project/env/lib/python3.10/site-packages/airflow/example_dags/example_task_group_decorator.py took 0.084 seconds
