[2023-08-31T19:12:06.349+0300] {processor.py:157} INFO - Started process (PID=18558) to work on /home/miminari/repos/airflow_project/env/lib/python3.10/site-packages/airflow/example_dags/example_xcomargs.py
[2023-08-31T19:12:06.350+0300] {processor.py:829} INFO - Processing file /home/miminari/repos/airflow_project/env/lib/python3.10/site-packages/airflow/example_dags/example_xcomargs.py for tasks to queue
[2023-08-31T19:12:06.351+0300] {logging_mixin.py:151} INFO - [2023-08-31T19:12:06.351+0300] {dagbag.py:539} INFO - Filling up the DagBag from /home/miminari/repos/airflow_project/env/lib/python3.10/site-packages/airflow/example_dags/example_xcomargs.py
[2023-08-31T19:12:06.363+0300] {processor.py:839} INFO - DAG(s) dict_keys(['example_xcom_args', 'example_xcom_args_with_operators']) retrieved from /home/miminari/repos/airflow_project/env/lib/python3.10/site-packages/airflow/example_dags/example_xcomargs.py
[2023-08-31T19:12:06.588+0300] {logging_mixin.py:151} INFO - [2023-08-31T19:12:06.588+0300] {manager.py:501} INFO - Created Permission View: can read on DAG:example_xcom_args
[2023-08-31T19:12:06.596+0300] {logging_mixin.py:151} INFO - [2023-08-31T19:12:06.596+0300] {manager.py:501} INFO - Created Permission View: can delete on DAG:example_xcom_args
[2023-08-31T19:12:06.604+0300] {logging_mixin.py:151} INFO - [2023-08-31T19:12:06.602+0300] {manager.py:501} INFO - Created Permission View: can edit on DAG:example_xcom_args
[2023-08-31T19:12:06.630+0300] {logging_mixin.py:151} INFO - [2023-08-31T19:12:06.630+0300] {manager.py:501} INFO - Created Permission View: can read on DAG:example_xcom_args_with_operators
[2023-08-31T19:12:06.634+0300] {logging_mixin.py:151} INFO - [2023-08-31T19:12:06.634+0300] {manager.py:501} INFO - Created Permission View: can delete on DAG:example_xcom_args_with_operators
[2023-08-31T19:12:06.638+0300] {logging_mixin.py:151} INFO - [2023-08-31T19:12:06.638+0300] {manager.py:501} INFO - Created Permission View: can edit on DAG:example_xcom_args_with_operators
[2023-08-31T19:12:06.643+0300] {logging_mixin.py:151} INFO - [2023-08-31T19:12:06.642+0300] {dag.py:2907} INFO - Sync 2 DAGs
[2023-08-31T19:12:06.652+0300] {logging_mixin.py:151} INFO - [2023-08-31T19:12:06.652+0300] {dag.py:2929} INFO - Creating ORM DAG for example_xcom_args_with_operators
[2023-08-31T19:12:06.652+0300] {logging_mixin.py:151} INFO - [2023-08-31T19:12:06.652+0300] {dag.py:2929} INFO - Creating ORM DAG for example_xcom_args
[2023-08-31T19:12:06.653+0300] {logging_mixin.py:151} INFO - [2023-08-31T19:12:06.653+0300] {dag.py:3677} INFO - Setting next_dagrun for example_xcom_args to None, run_after=None
[2023-08-31T19:12:06.653+0300] {logging_mixin.py:151} INFO - [2023-08-31T19:12:06.653+0300] {dag.py:3677} INFO - Setting next_dagrun for example_xcom_args_with_operators to None, run_after=None
[2023-08-31T19:12:06.667+0300] {processor.py:179} INFO - Processing /home/miminari/repos/airflow_project/env/lib/python3.10/site-packages/airflow/example_dags/example_xcomargs.py took 0.322 seconds
[2023-08-31T19:12:36.886+0300] {processor.py:157} INFO - Started process (PID=18681) to work on /home/miminari/repos/airflow_project/env/lib/python3.10/site-packages/airflow/example_dags/example_xcomargs.py
[2023-08-31T19:12:36.887+0300] {processor.py:829} INFO - Processing file /home/miminari/repos/airflow_project/env/lib/python3.10/site-packages/airflow/example_dags/example_xcomargs.py for tasks to queue
[2023-08-31T19:12:36.888+0300] {logging_mixin.py:151} INFO - [2023-08-31T19:12:36.887+0300] {dagbag.py:539} INFO - Filling up the DagBag from /home/miminari/repos/airflow_project/env/lib/python3.10/site-packages/airflow/example_dags/example_xcomargs.py
[2023-08-31T19:12:36.893+0300] {processor.py:839} INFO - DAG(s) dict_keys(['example_xcom_args', 'example_xcom_args_with_operators']) retrieved from /home/miminari/repos/airflow_project/env/lib/python3.10/site-packages/airflow/example_dags/example_xcomargs.py
[2023-08-31T19:12:36.918+0300] {logging_mixin.py:151} INFO - [2023-08-31T19:12:36.918+0300] {dag.py:2907} INFO - Sync 2 DAGs
[2023-08-31T19:12:36.929+0300] {logging_mixin.py:151} INFO - [2023-08-31T19:12:36.929+0300] {dag.py:3677} INFO - Setting next_dagrun for example_xcom_args to None, run_after=None
[2023-08-31T19:12:36.932+0300] {logging_mixin.py:151} INFO - [2023-08-31T19:12:36.932+0300] {dag.py:3677} INFO - Setting next_dagrun for example_xcom_args_with_operators to None, run_after=None
[2023-08-31T19:12:36.947+0300] {processor.py:179} INFO - Processing /home/miminari/repos/airflow_project/env/lib/python3.10/site-packages/airflow/example_dags/example_xcomargs.py took 0.062 seconds
[2023-08-31T19:13:07.047+0300] {processor.py:157} INFO - Started process (PID=18781) to work on /home/miminari/repos/airflow_project/env/lib/python3.10/site-packages/airflow/example_dags/example_xcomargs.py
[2023-08-31T19:13:07.048+0300] {processor.py:829} INFO - Processing file /home/miminari/repos/airflow_project/env/lib/python3.10/site-packages/airflow/example_dags/example_xcomargs.py for tasks to queue
[2023-08-31T19:13:07.049+0300] {logging_mixin.py:151} INFO - [2023-08-31T19:13:07.048+0300] {dagbag.py:539} INFO - Filling up the DagBag from /home/miminari/repos/airflow_project/env/lib/python3.10/site-packages/airflow/example_dags/example_xcomargs.py
[2023-08-31T19:13:07.054+0300] {processor.py:839} INFO - DAG(s) dict_keys(['example_xcom_args', 'example_xcom_args_with_operators']) retrieved from /home/miminari/repos/airflow_project/env/lib/python3.10/site-packages/airflow/example_dags/example_xcomargs.py
[2023-08-31T19:13:07.082+0300] {logging_mixin.py:151} INFO - [2023-08-31T19:13:07.081+0300] {dag.py:2907} INFO - Sync 2 DAGs
[2023-08-31T19:13:07.093+0300] {logging_mixin.py:151} INFO - [2023-08-31T19:13:07.093+0300] {dag.py:3677} INFO - Setting next_dagrun for example_xcom_args to None, run_after=None
[2023-08-31T19:13:07.096+0300] {logging_mixin.py:151} INFO - [2023-08-31T19:13:07.096+0300] {dag.py:3677} INFO - Setting next_dagrun for example_xcom_args_with_operators to None, run_after=None
[2023-08-31T19:13:07.110+0300] {processor.py:179} INFO - Processing /home/miminari/repos/airflow_project/env/lib/python3.10/site-packages/airflow/example_dags/example_xcomargs.py took 0.066 seconds
[2023-08-31T19:13:38.062+0300] {processor.py:157} INFO - Started process (PID=18890) to work on /home/miminari/repos/airflow_project/env/lib/python3.10/site-packages/airflow/example_dags/example_xcomargs.py
[2023-08-31T19:13:38.062+0300] {processor.py:829} INFO - Processing file /home/miminari/repos/airflow_project/env/lib/python3.10/site-packages/airflow/example_dags/example_xcomargs.py for tasks to queue
[2023-08-31T19:13:38.063+0300] {logging_mixin.py:151} INFO - [2023-08-31T19:13:38.063+0300] {dagbag.py:539} INFO - Filling up the DagBag from /home/miminari/repos/airflow_project/env/lib/python3.10/site-packages/airflow/example_dags/example_xcomargs.py
[2023-08-31T19:13:38.069+0300] {processor.py:839} INFO - DAG(s) dict_keys(['example_xcom_args_with_operators', 'example_xcom_args']) retrieved from /home/miminari/repos/airflow_project/env/lib/python3.10/site-packages/airflow/example_dags/example_xcomargs.py
[2023-08-31T19:13:38.093+0300] {logging_mixin.py:151} INFO - [2023-08-31T19:13:38.093+0300] {dag.py:2907} INFO - Sync 2 DAGs
[2023-08-31T19:13:38.103+0300] {logging_mixin.py:151} INFO - [2023-08-31T19:13:38.103+0300] {dag.py:3677} INFO - Setting next_dagrun for example_xcom_args to None, run_after=None
[2023-08-31T19:13:38.106+0300] {logging_mixin.py:151} INFO - [2023-08-31T19:13:38.106+0300] {dag.py:3677} INFO - Setting next_dagrun for example_xcom_args_with_operators to None, run_after=None
[2023-08-31T19:13:38.117+0300] {processor.py:179} INFO - Processing /home/miminari/repos/airflow_project/env/lib/python3.10/site-packages/airflow/example_dags/example_xcomargs.py took 0.058 seconds
[2023-08-31T19:14:08.334+0300] {processor.py:157} INFO - Started process (PID=18988) to work on /home/miminari/repos/airflow_project/env/lib/python3.10/site-packages/airflow/example_dags/example_xcomargs.py
[2023-08-31T19:14:08.335+0300] {processor.py:829} INFO - Processing file /home/miminari/repos/airflow_project/env/lib/python3.10/site-packages/airflow/example_dags/example_xcomargs.py for tasks to queue
[2023-08-31T19:14:08.336+0300] {logging_mixin.py:151} INFO - [2023-08-31T19:14:08.335+0300] {dagbag.py:539} INFO - Filling up the DagBag from /home/miminari/repos/airflow_project/env/lib/python3.10/site-packages/airflow/example_dags/example_xcomargs.py
[2023-08-31T19:14:08.342+0300] {processor.py:839} INFO - DAG(s) dict_keys(['example_xcom_args', 'example_xcom_args_with_operators']) retrieved from /home/miminari/repos/airflow_project/env/lib/python3.10/site-packages/airflow/example_dags/example_xcomargs.py
[2023-08-31T19:14:08.368+0300] {logging_mixin.py:151} INFO - [2023-08-31T19:14:08.368+0300] {dag.py:2907} INFO - Sync 2 DAGs
[2023-08-31T19:14:08.380+0300] {logging_mixin.py:151} INFO - [2023-08-31T19:14:08.380+0300] {dag.py:3677} INFO - Setting next_dagrun for example_xcom_args to None, run_after=None
[2023-08-31T19:14:08.383+0300] {logging_mixin.py:151} INFO - [2023-08-31T19:14:08.383+0300] {dag.py:3677} INFO - Setting next_dagrun for example_xcom_args_with_operators to None, run_after=None
[2023-08-31T19:14:08.396+0300] {processor.py:179} INFO - Processing /home/miminari/repos/airflow_project/env/lib/python3.10/site-packages/airflow/example_dags/example_xcomargs.py took 0.064 seconds
[2023-08-31T19:14:38.487+0300] {processor.py:157} INFO - Started process (PID=19083) to work on /home/miminari/repos/airflow_project/env/lib/python3.10/site-packages/airflow/example_dags/example_xcomargs.py
[2023-08-31T19:14:38.488+0300] {processor.py:829} INFO - Processing file /home/miminari/repos/airflow_project/env/lib/python3.10/site-packages/airflow/example_dags/example_xcomargs.py for tasks to queue
[2023-08-31T19:14:38.488+0300] {logging_mixin.py:151} INFO - [2023-08-31T19:14:38.488+0300] {dagbag.py:539} INFO - Filling up the DagBag from /home/miminari/repos/airflow_project/env/lib/python3.10/site-packages/airflow/example_dags/example_xcomargs.py
[2023-08-31T19:14:38.494+0300] {processor.py:839} INFO - DAG(s) dict_keys(['example_xcom_args_with_operators', 'example_xcom_args']) retrieved from /home/miminari/repos/airflow_project/env/lib/python3.10/site-packages/airflow/example_dags/example_xcomargs.py
[2023-08-31T19:14:38.520+0300] {logging_mixin.py:151} INFO - [2023-08-31T19:14:38.520+0300] {dag.py:2907} INFO - Sync 2 DAGs
[2023-08-31T19:14:38.532+0300] {logging_mixin.py:151} INFO - [2023-08-31T19:14:38.532+0300] {dag.py:3677} INFO - Setting next_dagrun for example_xcom_args to None, run_after=None
[2023-08-31T19:14:38.536+0300] {logging_mixin.py:151} INFO - [2023-08-31T19:14:38.536+0300] {dag.py:3677} INFO - Setting next_dagrun for example_xcom_args_with_operators to None, run_after=None
[2023-08-31T19:14:38.549+0300] {processor.py:179} INFO - Processing /home/miminari/repos/airflow_project/env/lib/python3.10/site-packages/airflow/example_dags/example_xcomargs.py took 0.067 seconds
[2023-08-31T19:15:08.757+0300] {processor.py:157} INFO - Started process (PID=19284) to work on /home/miminari/repos/airflow_project/env/lib/python3.10/site-packages/airflow/example_dags/example_xcomargs.py
[2023-08-31T19:15:08.758+0300] {processor.py:829} INFO - Processing file /home/miminari/repos/airflow_project/env/lib/python3.10/site-packages/airflow/example_dags/example_xcomargs.py for tasks to queue
[2023-08-31T19:15:08.759+0300] {logging_mixin.py:151} INFO - [2023-08-31T19:15:08.758+0300] {dagbag.py:539} INFO - Filling up the DagBag from /home/miminari/repos/airflow_project/env/lib/python3.10/site-packages/airflow/example_dags/example_xcomargs.py
[2023-08-31T19:15:08.766+0300] {processor.py:839} INFO - DAG(s) dict_keys(['example_xcom_args_with_operators', 'example_xcom_args']) retrieved from /home/miminari/repos/airflow_project/env/lib/python3.10/site-packages/airflow/example_dags/example_xcomargs.py
[2023-08-31T19:15:08.793+0300] {logging_mixin.py:151} INFO - [2023-08-31T19:15:08.793+0300] {dag.py:2907} INFO - Sync 2 DAGs
[2023-08-31T19:15:08.805+0300] {logging_mixin.py:151} INFO - [2023-08-31T19:15:08.805+0300] {dag.py:3677} INFO - Setting next_dagrun for example_xcom_args to None, run_after=None
[2023-08-31T19:15:08.808+0300] {logging_mixin.py:151} INFO - [2023-08-31T19:15:08.808+0300] {dag.py:3677} INFO - Setting next_dagrun for example_xcom_args_with_operators to None, run_after=None
[2023-08-31T19:15:08.824+0300] {processor.py:179} INFO - Processing /home/miminari/repos/airflow_project/env/lib/python3.10/site-packages/airflow/example_dags/example_xcomargs.py took 0.069 seconds
[2023-08-31T19:15:39.027+0300] {processor.py:157} INFO - Started process (PID=19382) to work on /home/miminari/repos/airflow_project/env/lib/python3.10/site-packages/airflow/example_dags/example_xcomargs.py
[2023-08-31T19:15:39.028+0300] {processor.py:829} INFO - Processing file /home/miminari/repos/airflow_project/env/lib/python3.10/site-packages/airflow/example_dags/example_xcomargs.py for tasks to queue
[2023-08-31T19:15:39.029+0300] {logging_mixin.py:151} INFO - [2023-08-31T19:15:39.028+0300] {dagbag.py:539} INFO - Filling up the DagBag from /home/miminari/repos/airflow_project/env/lib/python3.10/site-packages/airflow/example_dags/example_xcomargs.py
[2023-08-31T19:15:39.035+0300] {processor.py:839} INFO - DAG(s) dict_keys(['example_xcom_args', 'example_xcom_args_with_operators']) retrieved from /home/miminari/repos/airflow_project/env/lib/python3.10/site-packages/airflow/example_dags/example_xcomargs.py
[2023-08-31T19:15:39.065+0300] {logging_mixin.py:151} INFO - [2023-08-31T19:15:39.065+0300] {dag.py:2907} INFO - Sync 2 DAGs
[2023-08-31T19:15:39.075+0300] {logging_mixin.py:151} INFO - [2023-08-31T19:15:39.075+0300] {dag.py:3677} INFO - Setting next_dagrun for example_xcom_args to None, run_after=None
[2023-08-31T19:15:39.078+0300] {logging_mixin.py:151} INFO - [2023-08-31T19:15:39.078+0300] {dag.py:3677} INFO - Setting next_dagrun for example_xcom_args_with_operators to None, run_after=None
[2023-08-31T19:15:39.091+0300] {processor.py:179} INFO - Processing /home/miminari/repos/airflow_project/env/lib/python3.10/site-packages/airflow/example_dags/example_xcomargs.py took 0.066 seconds
[2023-08-31T19:16:09.240+0300] {processor.py:157} INFO - Started process (PID=19537) to work on /home/miminari/repos/airflow_project/env/lib/python3.10/site-packages/airflow/example_dags/example_xcomargs.py
[2023-08-31T19:16:09.241+0300] {processor.py:829} INFO - Processing file /home/miminari/repos/airflow_project/env/lib/python3.10/site-packages/airflow/example_dags/example_xcomargs.py for tasks to queue
[2023-08-31T19:16:09.241+0300] {logging_mixin.py:151} INFO - [2023-08-31T19:16:09.241+0300] {dagbag.py:539} INFO - Filling up the DagBag from /home/miminari/repos/airflow_project/env/lib/python3.10/site-packages/airflow/example_dags/example_xcomargs.py
[2023-08-31T19:16:09.248+0300] {processor.py:839} INFO - DAG(s) dict_keys(['example_xcom_args', 'example_xcom_args_with_operators']) retrieved from /home/miminari/repos/airflow_project/env/lib/python3.10/site-packages/airflow/example_dags/example_xcomargs.py
[2023-08-31T19:16:09.281+0300] {logging_mixin.py:151} INFO - [2023-08-31T19:16:09.281+0300] {dag.py:2907} INFO - Sync 2 DAGs
[2023-08-31T19:16:09.293+0300] {logging_mixin.py:151} INFO - [2023-08-31T19:16:09.293+0300] {dag.py:3677} INFO - Setting next_dagrun for example_xcom_args to None, run_after=None
[2023-08-31T19:16:09.296+0300] {logging_mixin.py:151} INFO - [2023-08-31T19:16:09.296+0300] {dag.py:3677} INFO - Setting next_dagrun for example_xcom_args_with_operators to None, run_after=None
[2023-08-31T19:16:09.307+0300] {processor.py:179} INFO - Processing /home/miminari/repos/airflow_project/env/lib/python3.10/site-packages/airflow/example_dags/example_xcomargs.py took 0.069 seconds
[2023-08-31T19:16:39.665+0300] {processor.py:157} INFO - Started process (PID=19637) to work on /home/miminari/repos/airflow_project/env/lib/python3.10/site-packages/airflow/example_dags/example_xcomargs.py
[2023-08-31T19:16:39.665+0300] {processor.py:829} INFO - Processing file /home/miminari/repos/airflow_project/env/lib/python3.10/site-packages/airflow/example_dags/example_xcomargs.py for tasks to queue
[2023-08-31T19:16:39.666+0300] {logging_mixin.py:151} INFO - [2023-08-31T19:16:39.666+0300] {dagbag.py:539} INFO - Filling up the DagBag from /home/miminari/repos/airflow_project/env/lib/python3.10/site-packages/airflow/example_dags/example_xcomargs.py
[2023-08-31T19:16:39.672+0300] {processor.py:839} INFO - DAG(s) dict_keys(['example_xcom_args_with_operators', 'example_xcom_args']) retrieved from /home/miminari/repos/airflow_project/env/lib/python3.10/site-packages/airflow/example_dags/example_xcomargs.py
[2023-08-31T19:16:39.698+0300] {logging_mixin.py:151} INFO - [2023-08-31T19:16:39.698+0300] {dag.py:2907} INFO - Sync 2 DAGs
[2023-08-31T19:16:39.710+0300] {logging_mixin.py:151} INFO - [2023-08-31T19:16:39.709+0300] {dag.py:3677} INFO - Setting next_dagrun for example_xcom_args to None, run_after=None
[2023-08-31T19:16:39.712+0300] {logging_mixin.py:151} INFO - [2023-08-31T19:16:39.712+0300] {dag.py:3677} INFO - Setting next_dagrun for example_xcom_args_with_operators to None, run_after=None
[2023-08-31T19:16:39.725+0300] {processor.py:179} INFO - Processing /home/miminari/repos/airflow_project/env/lib/python3.10/site-packages/airflow/example_dags/example_xcomargs.py took 0.062 seconds
[2023-08-31T19:17:09.900+0300] {processor.py:157} INFO - Started process (PID=19786) to work on /home/miminari/repos/airflow_project/env/lib/python3.10/site-packages/airflow/example_dags/example_xcomargs.py
[2023-08-31T19:17:09.900+0300] {processor.py:829} INFO - Processing file /home/miminari/repos/airflow_project/env/lib/python3.10/site-packages/airflow/example_dags/example_xcomargs.py for tasks to queue
[2023-08-31T19:17:09.901+0300] {logging_mixin.py:151} INFO - [2023-08-31T19:17:09.900+0300] {dagbag.py:539} INFO - Filling up the DagBag from /home/miminari/repos/airflow_project/env/lib/python3.10/site-packages/airflow/example_dags/example_xcomargs.py
[2023-08-31T19:17:09.907+0300] {processor.py:839} INFO - DAG(s) dict_keys(['example_xcom_args_with_operators', 'example_xcom_args']) retrieved from /home/miminari/repos/airflow_project/env/lib/python3.10/site-packages/airflow/example_dags/example_xcomargs.py
[2023-08-31T19:17:09.936+0300] {logging_mixin.py:151} INFO - [2023-08-31T19:17:09.936+0300] {dag.py:2907} INFO - Sync 2 DAGs
[2023-08-31T19:17:09.948+0300] {logging_mixin.py:151} INFO - [2023-08-31T19:17:09.948+0300] {dag.py:3677} INFO - Setting next_dagrun for example_xcom_args to None, run_after=None
[2023-08-31T19:17:09.951+0300] {logging_mixin.py:151} INFO - [2023-08-31T19:17:09.951+0300] {dag.py:3677} INFO - Setting next_dagrun for example_xcom_args_with_operators to None, run_after=None
[2023-08-31T19:17:09.964+0300] {processor.py:179} INFO - Processing /home/miminari/repos/airflow_project/env/lib/python3.10/site-packages/airflow/example_dags/example_xcomargs.py took 0.067 seconds
[2023-08-31T19:17:40.165+0300] {processor.py:157} INFO - Started process (PID=19902) to work on /home/miminari/repos/airflow_project/env/lib/python3.10/site-packages/airflow/example_dags/example_xcomargs.py
[2023-08-31T19:17:40.167+0300] {processor.py:829} INFO - Processing file /home/miminari/repos/airflow_project/env/lib/python3.10/site-packages/airflow/example_dags/example_xcomargs.py for tasks to queue
[2023-08-31T19:17:40.167+0300] {logging_mixin.py:151} INFO - [2023-08-31T19:17:40.167+0300] {dagbag.py:539} INFO - Filling up the DagBag from /home/miminari/repos/airflow_project/env/lib/python3.10/site-packages/airflow/example_dags/example_xcomargs.py
[2023-08-31T19:17:40.174+0300] {processor.py:839} INFO - DAG(s) dict_keys(['example_xcom_args_with_operators', 'example_xcom_args']) retrieved from /home/miminari/repos/airflow_project/env/lib/python3.10/site-packages/airflow/example_dags/example_xcomargs.py
[2023-08-31T19:17:40.208+0300] {logging_mixin.py:151} INFO - [2023-08-31T19:17:40.208+0300] {dag.py:2907} INFO - Sync 2 DAGs
[2023-08-31T19:17:40.222+0300] {logging_mixin.py:151} INFO - [2023-08-31T19:17:40.222+0300] {dag.py:3677} INFO - Setting next_dagrun for example_xcom_args to None, run_after=None
[2023-08-31T19:17:40.224+0300] {logging_mixin.py:151} INFO - [2023-08-31T19:17:40.224+0300] {dag.py:3677} INFO - Setting next_dagrun for example_xcom_args_with_operators to None, run_after=None
[2023-08-31T19:17:40.239+0300] {processor.py:179} INFO - Processing /home/miminari/repos/airflow_project/env/lib/python3.10/site-packages/airflow/example_dags/example_xcomargs.py took 0.076 seconds
[2023-08-31T19:18:10.299+0300] {processor.py:157} INFO - Started process (PID=20052) to work on /home/miminari/repos/airflow_project/env/lib/python3.10/site-packages/airflow/example_dags/example_xcomargs.py
[2023-08-31T19:18:10.300+0300] {processor.py:829} INFO - Processing file /home/miminari/repos/airflow_project/env/lib/python3.10/site-packages/airflow/example_dags/example_xcomargs.py for tasks to queue
[2023-08-31T19:18:10.301+0300] {logging_mixin.py:151} INFO - [2023-08-31T19:18:10.301+0300] {dagbag.py:539} INFO - Filling up the DagBag from /home/miminari/repos/airflow_project/env/lib/python3.10/site-packages/airflow/example_dags/example_xcomargs.py
[2023-08-31T19:18:10.307+0300] {processor.py:839} INFO - DAG(s) dict_keys(['example_xcom_args_with_operators', 'example_xcom_args']) retrieved from /home/miminari/repos/airflow_project/env/lib/python3.10/site-packages/airflow/example_dags/example_xcomargs.py
[2023-08-31T19:18:10.333+0300] {logging_mixin.py:151} INFO - [2023-08-31T19:18:10.333+0300] {dag.py:2907} INFO - Sync 2 DAGs
[2023-08-31T19:18:10.345+0300] {logging_mixin.py:151} INFO - [2023-08-31T19:18:10.345+0300] {dag.py:3677} INFO - Setting next_dagrun for example_xcom_args to None, run_after=None
[2023-08-31T19:18:10.349+0300] {logging_mixin.py:151} INFO - [2023-08-31T19:18:10.349+0300] {dag.py:3677} INFO - Setting next_dagrun for example_xcom_args_with_operators to None, run_after=None
[2023-08-31T19:18:10.362+0300] {processor.py:179} INFO - Processing /home/miminari/repos/airflow_project/env/lib/python3.10/site-packages/airflow/example_dags/example_xcomargs.py took 0.067 seconds
[2023-08-31T19:18:40.476+0300] {processor.py:157} INFO - Started process (PID=20147) to work on /home/miminari/repos/airflow_project/env/lib/python3.10/site-packages/airflow/example_dags/example_xcomargs.py
[2023-08-31T19:18:40.476+0300] {processor.py:829} INFO - Processing file /home/miminari/repos/airflow_project/env/lib/python3.10/site-packages/airflow/example_dags/example_xcomargs.py for tasks to queue
[2023-08-31T19:18:40.480+0300] {logging_mixin.py:151} INFO - [2023-08-31T19:18:40.477+0300] {dagbag.py:539} INFO - Filling up the DagBag from /home/miminari/repos/airflow_project/env/lib/python3.10/site-packages/airflow/example_dags/example_xcomargs.py
[2023-08-31T19:18:40.487+0300] {processor.py:839} INFO - DAG(s) dict_keys(['example_xcom_args', 'example_xcom_args_with_operators']) retrieved from /home/miminari/repos/airflow_project/env/lib/python3.10/site-packages/airflow/example_dags/example_xcomargs.py
[2023-08-31T19:18:40.519+0300] {logging_mixin.py:151} INFO - [2023-08-31T19:18:40.519+0300] {dag.py:2907} INFO - Sync 2 DAGs
[2023-08-31T19:18:40.532+0300] {logging_mixin.py:151} INFO - [2023-08-31T19:18:40.532+0300] {dag.py:3677} INFO - Setting next_dagrun for example_xcom_args to None, run_after=None
[2023-08-31T19:18:40.535+0300] {logging_mixin.py:151} INFO - [2023-08-31T19:18:40.535+0300] {dag.py:3677} INFO - Setting next_dagrun for example_xcom_args_with_operators to None, run_after=None
[2023-08-31T19:18:40.548+0300] {processor.py:179} INFO - Processing /home/miminari/repos/airflow_project/env/lib/python3.10/site-packages/airflow/example_dags/example_xcomargs.py took 0.078 seconds
[2023-08-31T19:19:10.751+0300] {processor.py:157} INFO - Started process (PID=20252) to work on /home/miminari/repos/airflow_project/env/lib/python3.10/site-packages/airflow/example_dags/example_xcomargs.py
[2023-08-31T19:19:10.752+0300] {processor.py:829} INFO - Processing file /home/miminari/repos/airflow_project/env/lib/python3.10/site-packages/airflow/example_dags/example_xcomargs.py for tasks to queue
[2023-08-31T19:19:10.754+0300] {logging_mixin.py:151} INFO - [2023-08-31T19:19:10.753+0300] {dagbag.py:539} INFO - Filling up the DagBag from /home/miminari/repos/airflow_project/env/lib/python3.10/site-packages/airflow/example_dags/example_xcomargs.py
[2023-08-31T19:19:10.764+0300] {processor.py:839} INFO - DAG(s) dict_keys(['example_xcom_args', 'example_xcom_args_with_operators']) retrieved from /home/miminari/repos/airflow_project/env/lib/python3.10/site-packages/airflow/example_dags/example_xcomargs.py
[2023-08-31T19:19:10.804+0300] {logging_mixin.py:151} INFO - [2023-08-31T19:19:10.803+0300] {dag.py:2907} INFO - Sync 2 DAGs
[2023-08-31T19:19:10.816+0300] {logging_mixin.py:151} INFO - [2023-08-31T19:19:10.816+0300] {dag.py:3677} INFO - Setting next_dagrun for example_xcom_args to None, run_after=None
[2023-08-31T19:19:10.818+0300] {logging_mixin.py:151} INFO - [2023-08-31T19:19:10.818+0300] {dag.py:3677} INFO - Setting next_dagrun for example_xcom_args_with_operators to None, run_after=None
[2023-08-31T19:19:10.832+0300] {processor.py:179} INFO - Processing /home/miminari/repos/airflow_project/env/lib/python3.10/site-packages/airflow/example_dags/example_xcomargs.py took 0.086 seconds
[2023-08-31T19:19:41.351+0300] {processor.py:157} INFO - Started process (PID=20351) to work on /home/miminari/repos/airflow_project/env/lib/python3.10/site-packages/airflow/example_dags/example_xcomargs.py
[2023-08-31T19:19:41.352+0300] {processor.py:829} INFO - Processing file /home/miminari/repos/airflow_project/env/lib/python3.10/site-packages/airflow/example_dags/example_xcomargs.py for tasks to queue
[2023-08-31T19:19:41.353+0300] {logging_mixin.py:151} INFO - [2023-08-31T19:19:41.353+0300] {dagbag.py:539} INFO - Filling up the DagBag from /home/miminari/repos/airflow_project/env/lib/python3.10/site-packages/airflow/example_dags/example_xcomargs.py
[2023-08-31T19:19:41.359+0300] {processor.py:839} INFO - DAG(s) dict_keys(['example_xcom_args_with_operators', 'example_xcom_args']) retrieved from /home/miminari/repos/airflow_project/env/lib/python3.10/site-packages/airflow/example_dags/example_xcomargs.py
[2023-08-31T19:19:41.396+0300] {logging_mixin.py:151} INFO - [2023-08-31T19:19:41.396+0300] {dag.py:2907} INFO - Sync 2 DAGs
[2023-08-31T19:19:41.408+0300] {logging_mixin.py:151} INFO - [2023-08-31T19:19:41.408+0300] {dag.py:3677} INFO - Setting next_dagrun for example_xcom_args to None, run_after=None
[2023-08-31T19:19:41.412+0300] {logging_mixin.py:151} INFO - [2023-08-31T19:19:41.412+0300] {dag.py:3677} INFO - Setting next_dagrun for example_xcom_args_with_operators to None, run_after=None
[2023-08-31T19:19:41.428+0300] {processor.py:179} INFO - Processing /home/miminari/repos/airflow_project/env/lib/python3.10/site-packages/airflow/example_dags/example_xcomargs.py took 0.079 seconds
