[2023-08-31T19:12:08.489+0300] {processor.py:157} INFO - Started process (PID=18605) to work on /home/miminari/repos/airflow_project/env/lib/python3.10/site-packages/airflow/example_dags/example_kubernetes_executor.py
[2023-08-31T19:12:08.490+0300] {processor.py:829} INFO - Processing file /home/miminari/repos/airflow_project/env/lib/python3.10/site-packages/airflow/example_dags/example_kubernetes_executor.py for tasks to queue
[2023-08-31T19:12:08.490+0300] {logging_mixin.py:151} INFO - [2023-08-31T19:12:08.490+0300] {dagbag.py:539} INFO - Filling up the DagBag from /home/miminari/repos/airflow_project/env/lib/python3.10/site-packages/airflow/example_dags/example_kubernetes_executor.py
[2023-08-31T19:12:08.493+0300] {logging_mixin.py:151} INFO - [2023-08-31T19:12:08.492+0300] {example_kubernetes_executor.py:38} WARNING - The example_kubernetes_executor example DAG requires the kubernetes provider. Please install it with: pip install apache-airflow[cncf.kubernetes]
[2023-08-31T19:12:08.493+0300] {processor.py:841} WARNING - No viable dags retrieved from /home/miminari/repos/airflow_project/env/lib/python3.10/site-packages/airflow/example_dags/example_kubernetes_executor.py
[2023-08-31T19:12:08.509+0300] {processor.py:179} INFO - Processing /home/miminari/repos/airflow_project/env/lib/python3.10/site-packages/airflow/example_dags/example_kubernetes_executor.py took 0.023 seconds
[2023-08-31T19:12:38.527+0300] {processor.py:157} INFO - Started process (PID=18712) to work on /home/miminari/repos/airflow_project/env/lib/python3.10/site-packages/airflow/example_dags/example_kubernetes_executor.py
[2023-08-31T19:12:38.528+0300] {processor.py:829} INFO - Processing file /home/miminari/repos/airflow_project/env/lib/python3.10/site-packages/airflow/example_dags/example_kubernetes_executor.py for tasks to queue
[2023-08-31T19:12:38.528+0300] {logging_mixin.py:151} INFO - [2023-08-31T19:12:38.528+0300] {dagbag.py:539} INFO - Filling up the DagBag from /home/miminari/repos/airflow_project/env/lib/python3.10/site-packages/airflow/example_dags/example_kubernetes_executor.py
[2023-08-31T19:12:38.530+0300] {logging_mixin.py:151} INFO - [2023-08-31T19:12:38.530+0300] {example_kubernetes_executor.py:38} WARNING - The example_kubernetes_executor example DAG requires the kubernetes provider. Please install it with: pip install apache-airflow[cncf.kubernetes]
[2023-08-31T19:12:38.530+0300] {processor.py:841} WARNING - No viable dags retrieved from /home/miminari/repos/airflow_project/env/lib/python3.10/site-packages/airflow/example_dags/example_kubernetes_executor.py
[2023-08-31T19:12:38.545+0300] {processor.py:179} INFO - Processing /home/miminari/repos/airflow_project/env/lib/python3.10/site-packages/airflow/example_dags/example_kubernetes_executor.py took 0.021 seconds
[2023-08-31T19:13:08.694+0300] {processor.py:157} INFO - Started process (PID=18812) to work on /home/miminari/repos/airflow_project/env/lib/python3.10/site-packages/airflow/example_dags/example_kubernetes_executor.py
[2023-08-31T19:13:08.695+0300] {processor.py:829} INFO - Processing file /home/miminari/repos/airflow_project/env/lib/python3.10/site-packages/airflow/example_dags/example_kubernetes_executor.py for tasks to queue
[2023-08-31T19:13:08.696+0300] {logging_mixin.py:151} INFO - [2023-08-31T19:13:08.695+0300] {dagbag.py:539} INFO - Filling up the DagBag from /home/miminari/repos/airflow_project/env/lib/python3.10/site-packages/airflow/example_dags/example_kubernetes_executor.py
[2023-08-31T19:13:08.697+0300] {logging_mixin.py:151} INFO - [2023-08-31T19:13:08.697+0300] {example_kubernetes_executor.py:38} WARNING - The example_kubernetes_executor example DAG requires the kubernetes provider. Please install it with: pip install apache-airflow[cncf.kubernetes]
[2023-08-31T19:13:08.698+0300] {processor.py:841} WARNING - No viable dags retrieved from /home/miminari/repos/airflow_project/env/lib/python3.10/site-packages/airflow/example_dags/example_kubernetes_executor.py
[2023-08-31T19:13:08.714+0300] {processor.py:179} INFO - Processing /home/miminari/repos/airflow_project/env/lib/python3.10/site-packages/airflow/example_dags/example_kubernetes_executor.py took 0.022 seconds
[2023-08-31T19:13:39.804+0300] {processor.py:157} INFO - Started process (PID=18919) to work on /home/miminari/repos/airflow_project/env/lib/python3.10/site-packages/airflow/example_dags/example_kubernetes_executor.py
[2023-08-31T19:13:39.805+0300] {processor.py:829} INFO - Processing file /home/miminari/repos/airflow_project/env/lib/python3.10/site-packages/airflow/example_dags/example_kubernetes_executor.py for tasks to queue
[2023-08-31T19:13:39.805+0300] {logging_mixin.py:151} INFO - [2023-08-31T19:13:39.805+0300] {dagbag.py:539} INFO - Filling up the DagBag from /home/miminari/repos/airflow_project/env/lib/python3.10/site-packages/airflow/example_dags/example_kubernetes_executor.py
[2023-08-31T19:13:39.807+0300] {logging_mixin.py:151} INFO - [2023-08-31T19:13:39.807+0300] {example_kubernetes_executor.py:38} WARNING - The example_kubernetes_executor example DAG requires the kubernetes provider. Please install it with: pip install apache-airflow[cncf.kubernetes]
[2023-08-31T19:13:39.807+0300] {processor.py:841} WARNING - No viable dags retrieved from /home/miminari/repos/airflow_project/env/lib/python3.10/site-packages/airflow/example_dags/example_kubernetes_executor.py
[2023-08-31T19:13:39.822+0300] {processor.py:179} INFO - Processing /home/miminari/repos/airflow_project/env/lib/python3.10/site-packages/airflow/example_dags/example_kubernetes_executor.py took 0.021 seconds
[2023-08-31T19:14:09.977+0300] {processor.py:157} INFO - Started process (PID=19018) to work on /home/miminari/repos/airflow_project/env/lib/python3.10/site-packages/airflow/example_dags/example_kubernetes_executor.py
[2023-08-31T19:14:09.978+0300] {processor.py:829} INFO - Processing file /home/miminari/repos/airflow_project/env/lib/python3.10/site-packages/airflow/example_dags/example_kubernetes_executor.py for tasks to queue
[2023-08-31T19:14:09.978+0300] {logging_mixin.py:151} INFO - [2023-08-31T19:14:09.978+0300] {dagbag.py:539} INFO - Filling up the DagBag from /home/miminari/repos/airflow_project/env/lib/python3.10/site-packages/airflow/example_dags/example_kubernetes_executor.py
[2023-08-31T19:14:09.980+0300] {logging_mixin.py:151} INFO - [2023-08-31T19:14:09.980+0300] {example_kubernetes_executor.py:38} WARNING - The example_kubernetes_executor example DAG requires the kubernetes provider. Please install it with: pip install apache-airflow[cncf.kubernetes]
[2023-08-31T19:14:09.981+0300] {processor.py:841} WARNING - No viable dags retrieved from /home/miminari/repos/airflow_project/env/lib/python3.10/site-packages/airflow/example_dags/example_kubernetes_executor.py
[2023-08-31T19:14:10.000+0300] {processor.py:179} INFO - Processing /home/miminari/repos/airflow_project/env/lib/python3.10/site-packages/airflow/example_dags/example_kubernetes_executor.py took 0.025 seconds
[2023-08-31T19:14:40.079+0300] {processor.py:157} INFO - Started process (PID=19113) to work on /home/miminari/repos/airflow_project/env/lib/python3.10/site-packages/airflow/example_dags/example_kubernetes_executor.py
[2023-08-31T19:14:40.079+0300] {processor.py:829} INFO - Processing file /home/miminari/repos/airflow_project/env/lib/python3.10/site-packages/airflow/example_dags/example_kubernetes_executor.py for tasks to queue
[2023-08-31T19:14:40.080+0300] {logging_mixin.py:151} INFO - [2023-08-31T19:14:40.080+0300] {dagbag.py:539} INFO - Filling up the DagBag from /home/miminari/repos/airflow_project/env/lib/python3.10/site-packages/airflow/example_dags/example_kubernetes_executor.py
[2023-08-31T19:14:40.081+0300] {logging_mixin.py:151} INFO - [2023-08-31T19:14:40.081+0300] {example_kubernetes_executor.py:38} WARNING - The example_kubernetes_executor example DAG requires the kubernetes provider. Please install it with: pip install apache-airflow[cncf.kubernetes]
[2023-08-31T19:14:40.082+0300] {processor.py:841} WARNING - No viable dags retrieved from /home/miminari/repos/airflow_project/env/lib/python3.10/site-packages/airflow/example_dags/example_kubernetes_executor.py
[2023-08-31T19:14:40.096+0300] {processor.py:179} INFO - Processing /home/miminari/repos/airflow_project/env/lib/python3.10/site-packages/airflow/example_dags/example_kubernetes_executor.py took 0.020 seconds
[2023-08-31T19:15:10.387+0300] {processor.py:157} INFO - Started process (PID=19314) to work on /home/miminari/repos/airflow_project/env/lib/python3.10/site-packages/airflow/example_dags/example_kubernetes_executor.py
[2023-08-31T19:15:10.387+0300] {processor.py:829} INFO - Processing file /home/miminari/repos/airflow_project/env/lib/python3.10/site-packages/airflow/example_dags/example_kubernetes_executor.py for tasks to queue
[2023-08-31T19:15:10.388+0300] {logging_mixin.py:151} INFO - [2023-08-31T19:15:10.388+0300] {dagbag.py:539} INFO - Filling up the DagBag from /home/miminari/repos/airflow_project/env/lib/python3.10/site-packages/airflow/example_dags/example_kubernetes_executor.py
[2023-08-31T19:15:10.391+0300] {logging_mixin.py:151} INFO - [2023-08-31T19:15:10.390+0300] {example_kubernetes_executor.py:38} WARNING - The example_kubernetes_executor example DAG requires the kubernetes provider. Please install it with: pip install apache-airflow[cncf.kubernetes]
[2023-08-31T19:15:10.391+0300] {processor.py:841} WARNING - No viable dags retrieved from /home/miminari/repos/airflow_project/env/lib/python3.10/site-packages/airflow/example_dags/example_kubernetes_executor.py
[2023-08-31T19:15:10.408+0300] {processor.py:179} INFO - Processing /home/miminari/repos/airflow_project/env/lib/python3.10/site-packages/airflow/example_dags/example_kubernetes_executor.py took 0.024 seconds
[2023-08-31T19:15:40.694+0300] {processor.py:157} INFO - Started process (PID=19413) to work on /home/miminari/repos/airflow_project/env/lib/python3.10/site-packages/airflow/example_dags/example_kubernetes_executor.py
[2023-08-31T19:15:40.696+0300] {processor.py:829} INFO - Processing file /home/miminari/repos/airflow_project/env/lib/python3.10/site-packages/airflow/example_dags/example_kubernetes_executor.py for tasks to queue
[2023-08-31T19:15:40.698+0300] {logging_mixin.py:151} INFO - [2023-08-31T19:15:40.697+0300] {dagbag.py:539} INFO - Filling up the DagBag from /home/miminari/repos/airflow_project/env/lib/python3.10/site-packages/airflow/example_dags/example_kubernetes_executor.py
[2023-08-31T19:15:40.701+0300] {logging_mixin.py:151} INFO - [2023-08-31T19:15:40.701+0300] {example_kubernetes_executor.py:38} WARNING - The example_kubernetes_executor example DAG requires the kubernetes provider. Please install it with: pip install apache-airflow[cncf.kubernetes]
[2023-08-31T19:15:40.701+0300] {processor.py:841} WARNING - No viable dags retrieved from /home/miminari/repos/airflow_project/env/lib/python3.10/site-packages/airflow/example_dags/example_kubernetes_executor.py
[2023-08-31T19:15:40.719+0300] {processor.py:179} INFO - Processing /home/miminari/repos/airflow_project/env/lib/python3.10/site-packages/airflow/example_dags/example_kubernetes_executor.py took 0.031 seconds
[2023-08-31T19:16:10.998+0300] {processor.py:157} INFO - Started process (PID=19568) to work on /home/miminari/repos/airflow_project/env/lib/python3.10/site-packages/airflow/example_dags/example_kubernetes_executor.py
[2023-08-31T19:16:10.999+0300] {processor.py:829} INFO - Processing file /home/miminari/repos/airflow_project/env/lib/python3.10/site-packages/airflow/example_dags/example_kubernetes_executor.py for tasks to queue
[2023-08-31T19:16:11.000+0300] {logging_mixin.py:151} INFO - [2023-08-31T19:16:11.000+0300] {dagbag.py:539} INFO - Filling up the DagBag from /home/miminari/repos/airflow_project/env/lib/python3.10/site-packages/airflow/example_dags/example_kubernetes_executor.py
[2023-08-31T19:16:11.003+0300] {logging_mixin.py:151} INFO - [2023-08-31T19:16:11.002+0300] {example_kubernetes_executor.py:38} WARNING - The example_kubernetes_executor example DAG requires the kubernetes provider. Please install it with: pip install apache-airflow[cncf.kubernetes]
[2023-08-31T19:16:11.003+0300] {processor.py:841} WARNING - No viable dags retrieved from /home/miminari/repos/airflow_project/env/lib/python3.10/site-packages/airflow/example_dags/example_kubernetes_executor.py
[2023-08-31T19:16:11.024+0300] {processor.py:179} INFO - Processing /home/miminari/repos/airflow_project/env/lib/python3.10/site-packages/airflow/example_dags/example_kubernetes_executor.py took 0.029 seconds
[2023-08-31T19:16:41.294+0300] {processor.py:157} INFO - Started process (PID=19667) to work on /home/miminari/repos/airflow_project/env/lib/python3.10/site-packages/airflow/example_dags/example_kubernetes_executor.py
[2023-08-31T19:16:41.295+0300] {processor.py:829} INFO - Processing file /home/miminari/repos/airflow_project/env/lib/python3.10/site-packages/airflow/example_dags/example_kubernetes_executor.py for tasks to queue
[2023-08-31T19:16:41.295+0300] {logging_mixin.py:151} INFO - [2023-08-31T19:16:41.295+0300] {dagbag.py:539} INFO - Filling up the DagBag from /home/miminari/repos/airflow_project/env/lib/python3.10/site-packages/airflow/example_dags/example_kubernetes_executor.py
[2023-08-31T19:16:41.297+0300] {logging_mixin.py:151} INFO - [2023-08-31T19:16:41.297+0300] {example_kubernetes_executor.py:38} WARNING - The example_kubernetes_executor example DAG requires the kubernetes provider. Please install it with: pip install apache-airflow[cncf.kubernetes]
[2023-08-31T19:16:41.297+0300] {processor.py:841} WARNING - No viable dags retrieved from /home/miminari/repos/airflow_project/env/lib/python3.10/site-packages/airflow/example_dags/example_kubernetes_executor.py
[2023-08-31T19:16:41.314+0300] {processor.py:179} INFO - Processing /home/miminari/repos/airflow_project/env/lib/python3.10/site-packages/airflow/example_dags/example_kubernetes_executor.py took 0.024 seconds
[2023-08-31T19:17:11.565+0300] {processor.py:157} INFO - Started process (PID=19816) to work on /home/miminari/repos/airflow_project/env/lib/python3.10/site-packages/airflow/example_dags/example_kubernetes_executor.py
[2023-08-31T19:17:11.565+0300] {processor.py:829} INFO - Processing file /home/miminari/repos/airflow_project/env/lib/python3.10/site-packages/airflow/example_dags/example_kubernetes_executor.py for tasks to queue
[2023-08-31T19:17:11.566+0300] {logging_mixin.py:151} INFO - [2023-08-31T19:17:11.566+0300] {dagbag.py:539} INFO - Filling up the DagBag from /home/miminari/repos/airflow_project/env/lib/python3.10/site-packages/airflow/example_dags/example_kubernetes_executor.py
[2023-08-31T19:17:11.568+0300] {logging_mixin.py:151} INFO - [2023-08-31T19:17:11.568+0300] {example_kubernetes_executor.py:38} WARNING - The example_kubernetes_executor example DAG requires the kubernetes provider. Please install it with: pip install apache-airflow[cncf.kubernetes]
[2023-08-31T19:17:11.568+0300] {processor.py:841} WARNING - No viable dags retrieved from /home/miminari/repos/airflow_project/env/lib/python3.10/site-packages/airflow/example_dags/example_kubernetes_executor.py
[2023-08-31T19:17:11.591+0300] {processor.py:179} INFO - Processing /home/miminari/repos/airflow_project/env/lib/python3.10/site-packages/airflow/example_dags/example_kubernetes_executor.py took 0.030 seconds
[2023-08-31T19:17:41.828+0300] {processor.py:157} INFO - Started process (PID=19932) to work on /home/miminari/repos/airflow_project/env/lib/python3.10/site-packages/airflow/example_dags/example_kubernetes_executor.py
[2023-08-31T19:17:41.829+0300] {processor.py:829} INFO - Processing file /home/miminari/repos/airflow_project/env/lib/python3.10/site-packages/airflow/example_dags/example_kubernetes_executor.py for tasks to queue
[2023-08-31T19:17:41.829+0300] {logging_mixin.py:151} INFO - [2023-08-31T19:17:41.829+0300] {dagbag.py:539} INFO - Filling up the DagBag from /home/miminari/repos/airflow_project/env/lib/python3.10/site-packages/airflow/example_dags/example_kubernetes_executor.py
[2023-08-31T19:17:41.831+0300] {logging_mixin.py:151} INFO - [2023-08-31T19:17:41.831+0300] {example_kubernetes_executor.py:38} WARNING - The example_kubernetes_executor example DAG requires the kubernetes provider. Please install it with: pip install apache-airflow[cncf.kubernetes]
[2023-08-31T19:17:41.832+0300] {processor.py:841} WARNING - No viable dags retrieved from /home/miminari/repos/airflow_project/env/lib/python3.10/site-packages/airflow/example_dags/example_kubernetes_executor.py
[2023-08-31T19:17:41.855+0300] {processor.py:179} INFO - Processing /home/miminari/repos/airflow_project/env/lib/python3.10/site-packages/airflow/example_dags/example_kubernetes_executor.py took 0.030 seconds
[2023-08-31T19:18:11.989+0300] {processor.py:157} INFO - Started process (PID=20082) to work on /home/miminari/repos/airflow_project/env/lib/python3.10/site-packages/airflow/example_dags/example_kubernetes_executor.py
[2023-08-31T19:18:11.990+0300] {processor.py:829} INFO - Processing file /home/miminari/repos/airflow_project/env/lib/python3.10/site-packages/airflow/example_dags/example_kubernetes_executor.py for tasks to queue
[2023-08-31T19:18:11.991+0300] {logging_mixin.py:151} INFO - [2023-08-31T19:18:11.991+0300] {dagbag.py:539} INFO - Filling up the DagBag from /home/miminari/repos/airflow_project/env/lib/python3.10/site-packages/airflow/example_dags/example_kubernetes_executor.py
[2023-08-31T19:18:11.993+0300] {logging_mixin.py:151} INFO - [2023-08-31T19:18:11.993+0300] {example_kubernetes_executor.py:38} WARNING - The example_kubernetes_executor example DAG requires the kubernetes provider. Please install it with: pip install apache-airflow[cncf.kubernetes]
[2023-08-31T19:18:11.993+0300] {processor.py:841} WARNING - No viable dags retrieved from /home/miminari/repos/airflow_project/env/lib/python3.10/site-packages/airflow/example_dags/example_kubernetes_executor.py
[2023-08-31T19:18:12.013+0300] {processor.py:179} INFO - Processing /home/miminari/repos/airflow_project/env/lib/python3.10/site-packages/airflow/example_dags/example_kubernetes_executor.py took 0.026 seconds
[2023-08-31T19:18:42.150+0300] {processor.py:157} INFO - Started process (PID=20178) to work on /home/miminari/repos/airflow_project/env/lib/python3.10/site-packages/airflow/example_dags/example_kubernetes_executor.py
[2023-08-31T19:18:42.151+0300] {processor.py:829} INFO - Processing file /home/miminari/repos/airflow_project/env/lib/python3.10/site-packages/airflow/example_dags/example_kubernetes_executor.py for tasks to queue
[2023-08-31T19:18:42.152+0300] {logging_mixin.py:151} INFO - [2023-08-31T19:18:42.151+0300] {dagbag.py:539} INFO - Filling up the DagBag from /home/miminari/repos/airflow_project/env/lib/python3.10/site-packages/airflow/example_dags/example_kubernetes_executor.py
[2023-08-31T19:18:42.153+0300] {logging_mixin.py:151} INFO - [2023-08-31T19:18:42.153+0300] {example_kubernetes_executor.py:38} WARNING - The example_kubernetes_executor example DAG requires the kubernetes provider. Please install it with: pip install apache-airflow[cncf.kubernetes]
[2023-08-31T19:18:42.154+0300] {processor.py:841} WARNING - No viable dags retrieved from /home/miminari/repos/airflow_project/env/lib/python3.10/site-packages/airflow/example_dags/example_kubernetes_executor.py
[2023-08-31T19:18:42.171+0300] {processor.py:179} INFO - Processing /home/miminari/repos/airflow_project/env/lib/python3.10/site-packages/airflow/example_dags/example_kubernetes_executor.py took 0.023 seconds
[2023-08-31T19:19:12.574+0300] {processor.py:157} INFO - Started process (PID=20283) to work on /home/miminari/repos/airflow_project/env/lib/python3.10/site-packages/airflow/example_dags/example_kubernetes_executor.py
[2023-08-31T19:19:12.577+0300] {processor.py:829} INFO - Processing file /home/miminari/repos/airflow_project/env/lib/python3.10/site-packages/airflow/example_dags/example_kubernetes_executor.py for tasks to queue
[2023-08-31T19:19:12.577+0300] {logging_mixin.py:151} INFO - [2023-08-31T19:19:12.577+0300] {dagbag.py:539} INFO - Filling up the DagBag from /home/miminari/repos/airflow_project/env/lib/python3.10/site-packages/airflow/example_dags/example_kubernetes_executor.py
[2023-08-31T19:19:12.579+0300] {logging_mixin.py:151} INFO - [2023-08-31T19:19:12.579+0300] {example_kubernetes_executor.py:38} WARNING - The example_kubernetes_executor example DAG requires the kubernetes provider. Please install it with: pip install apache-airflow[cncf.kubernetes]
[2023-08-31T19:19:12.580+0300] {processor.py:841} WARNING - No viable dags retrieved from /home/miminari/repos/airflow_project/env/lib/python3.10/site-packages/airflow/example_dags/example_kubernetes_executor.py
[2023-08-31T19:19:12.608+0300] {processor.py:179} INFO - Processing /home/miminari/repos/airflow_project/env/lib/python3.10/site-packages/airflow/example_dags/example_kubernetes_executor.py took 0.039 seconds
[2023-08-31T19:19:43.037+0300] {processor.py:157} INFO - Started process (PID=20383) to work on /home/miminari/repos/airflow_project/env/lib/python3.10/site-packages/airflow/example_dags/example_kubernetes_executor.py
[2023-08-31T19:19:43.038+0300] {processor.py:829} INFO - Processing file /home/miminari/repos/airflow_project/env/lib/python3.10/site-packages/airflow/example_dags/example_kubernetes_executor.py for tasks to queue
[2023-08-31T19:19:43.039+0300] {logging_mixin.py:151} INFO - [2023-08-31T19:19:43.038+0300] {dagbag.py:539} INFO - Filling up the DagBag from /home/miminari/repos/airflow_project/env/lib/python3.10/site-packages/airflow/example_dags/example_kubernetes_executor.py
[2023-08-31T19:19:43.042+0300] {logging_mixin.py:151} INFO - [2023-08-31T19:19:43.041+0300] {example_kubernetes_executor.py:38} WARNING - The example_kubernetes_executor example DAG requires the kubernetes provider. Please install it with: pip install apache-airflow[cncf.kubernetes]
[2023-08-31T19:19:43.042+0300] {processor.py:841} WARNING - No viable dags retrieved from /home/miminari/repos/airflow_project/env/lib/python3.10/site-packages/airflow/example_dags/example_kubernetes_executor.py
[2023-08-31T19:19:43.059+0300] {processor.py:179} INFO - Processing /home/miminari/repos/airflow_project/env/lib/python3.10/site-packages/airflow/example_dags/example_kubernetes_executor.py took 0.026 seconds
