[2023-08-31T19:12:08.211+0300] {processor.py:157} INFO - Started process (PID=18588) to work on /home/miminari/repos/airflow_project/env/lib/python3.10/site-packages/airflow/example_dags/example_datasets.py
[2023-08-31T19:12:08.211+0300] {processor.py:829} INFO - Processing file /home/miminari/repos/airflow_project/env/lib/python3.10/site-packages/airflow/example_dags/example_datasets.py for tasks to queue
[2023-08-31T19:12:08.212+0300] {logging_mixin.py:151} INFO - [2023-08-31T19:12:08.212+0300] {dagbag.py:539} INFO - Filling up the DagBag from /home/miminari/repos/airflow_project/env/lib/python3.10/site-packages/airflow/example_dags/example_datasets.py
[2023-08-31T19:12:08.334+0300] {processor.py:839} INFO - DAG(s) dict_keys(['dataset_produces_1', 'dataset_consumes_1', 'dataset_produces_2', 'dataset_consumes_1_never_scheduled', 'dataset_consumes_1_and_2', 'dataset_consumes_unknown_never_scheduled']) retrieved from /home/miminari/repos/airflow_project/env/lib/python3.10/site-packages/airflow/example_dags/example_datasets.py
[2023-08-31T19:12:08.417+0300] {logging_mixin.py:151} INFO - [2023-08-31T19:12:08.417+0300] {manager.py:501} INFO - Created Permission View: can read on DAG:dataset_produces_1
[2023-08-31T19:12:08.426+0300] {logging_mixin.py:151} INFO - [2023-08-31T19:12:08.425+0300] {manager.py:501} INFO - Created Permission View: can delete on DAG:dataset_produces_1
[2023-08-31T19:12:08.431+0300] {logging_mixin.py:151} INFO - [2023-08-31T19:12:08.430+0300] {manager.py:501} INFO - Created Permission View: can edit on DAG:dataset_produces_1
[2023-08-31T19:12:08.450+0300] {logging_mixin.py:151} INFO - [2023-08-31T19:12:08.450+0300] {manager.py:501} INFO - Created Permission View: can read on DAG:dataset_consumes_1
[2023-08-31T19:12:08.455+0300] {logging_mixin.py:151} INFO - [2023-08-31T19:12:08.454+0300] {manager.py:501} INFO - Created Permission View: can delete on DAG:dataset_consumes_1
[2023-08-31T19:12:08.460+0300] {logging_mixin.py:151} INFO - [2023-08-31T19:12:08.460+0300] {manager.py:501} INFO - Created Permission View: can edit on DAG:dataset_consumes_1
[2023-08-31T19:12:08.473+0300] {logging_mixin.py:151} INFO - [2023-08-31T19:12:08.473+0300] {manager.py:501} INFO - Created Permission View: can read on DAG:dataset_produces_2
[2023-08-31T19:12:08.477+0300] {logging_mixin.py:151} INFO - [2023-08-31T19:12:08.477+0300] {manager.py:501} INFO - Created Permission View: can delete on DAG:dataset_produces_2
[2023-08-31T19:12:08.481+0300] {logging_mixin.py:151} INFO - [2023-08-31T19:12:08.481+0300] {manager.py:501} INFO - Created Permission View: can edit on DAG:dataset_produces_2
[2023-08-31T19:12:08.496+0300] {logging_mixin.py:151} INFO - [2023-08-31T19:12:08.495+0300] {manager.py:501} INFO - Created Permission View: can read on DAG:dataset_consumes_1_never_scheduled
[2023-08-31T19:12:08.500+0300] {logging_mixin.py:151} INFO - [2023-08-31T19:12:08.500+0300] {manager.py:501} INFO - Created Permission View: can delete on DAG:dataset_consumes_1_never_scheduled
[2023-08-31T19:12:08.504+0300] {logging_mixin.py:151} INFO - [2023-08-31T19:12:08.504+0300] {manager.py:501} INFO - Created Permission View: can edit on DAG:dataset_consumes_1_never_scheduled
[2023-08-31T19:12:08.517+0300] {logging_mixin.py:151} INFO - [2023-08-31T19:12:08.517+0300] {manager.py:501} INFO - Created Permission View: can read on DAG:dataset_consumes_1_and_2
[2023-08-31T19:12:08.521+0300] {logging_mixin.py:151} INFO - [2023-08-31T19:12:08.521+0300] {manager.py:501} INFO - Created Permission View: can delete on DAG:dataset_consumes_1_and_2
[2023-08-31T19:12:08.526+0300] {logging_mixin.py:151} INFO - [2023-08-31T19:12:08.526+0300] {manager.py:501} INFO - Created Permission View: can edit on DAG:dataset_consumes_1_and_2
[2023-08-31T19:12:08.539+0300] {logging_mixin.py:151} INFO - [2023-08-31T19:12:08.539+0300] {manager.py:501} INFO - Created Permission View: can read on DAG:dataset_consumes_unknown_never_scheduled
[2023-08-31T19:12:08.544+0300] {logging_mixin.py:151} INFO - [2023-08-31T19:12:08.543+0300] {manager.py:501} INFO - Created Permission View: can delete on DAG:dataset_consumes_unknown_never_scheduled
[2023-08-31T19:12:08.548+0300] {logging_mixin.py:151} INFO - [2023-08-31T19:12:08.548+0300] {manager.py:501} INFO - Created Permission View: can edit on DAG:dataset_consumes_unknown_never_scheduled
[2023-08-31T19:12:08.553+0300] {logging_mixin.py:151} INFO - [2023-08-31T19:12:08.553+0300] {dag.py:2907} INFO - Sync 6 DAGs
[2023-08-31T19:12:08.562+0300] {logging_mixin.py:151} INFO - [2023-08-31T19:12:08.562+0300] {dag.py:2929} INFO - Creating ORM DAG for dataset_consumes_1_never_scheduled
[2023-08-31T19:12:08.562+0300] {logging_mixin.py:151} INFO - [2023-08-31T19:12:08.562+0300] {dag.py:2929} INFO - Creating ORM DAG for dataset_produces_1
[2023-08-31T19:12:08.563+0300] {logging_mixin.py:151} INFO - [2023-08-31T19:12:08.563+0300] {dag.py:2929} INFO - Creating ORM DAG for dataset_produces_2
[2023-08-31T19:12:08.563+0300] {logging_mixin.py:151} INFO - [2023-08-31T19:12:08.563+0300] {dag.py:2929} INFO - Creating ORM DAG for dataset_consumes_unknown_never_scheduled
[2023-08-31T19:12:08.563+0300] {logging_mixin.py:151} INFO - [2023-08-31T19:12:08.563+0300] {dag.py:2929} INFO - Creating ORM DAG for dataset_consumes_1
[2023-08-31T19:12:08.564+0300] {logging_mixin.py:151} INFO - [2023-08-31T19:12:08.564+0300] {dag.py:2929} INFO - Creating ORM DAG for dataset_consumes_1_and_2
[2023-08-31T19:12:08.571+0300] {logging_mixin.py:151} INFO - [2023-08-31T19:12:08.571+0300] {dag.py:3677} INFO - Setting next_dagrun for dataset_consumes_1 to None, run_after=None
[2023-08-31T19:12:08.571+0300] {logging_mixin.py:151} INFO - [2023-08-31T19:12:08.571+0300] {dag.py:3677} INFO - Setting next_dagrun for dataset_consumes_1_and_2 to None, run_after=None
[2023-08-31T19:12:08.572+0300] {logging_mixin.py:151} INFO - [2023-08-31T19:12:08.572+0300] {dag.py:3677} INFO - Setting next_dagrun for dataset_consumes_1_never_scheduled to None, run_after=None
[2023-08-31T19:12:08.572+0300] {logging_mixin.py:151} INFO - [2023-08-31T19:12:08.572+0300] {dag.py:3677} INFO - Setting next_dagrun for dataset_consumes_unknown_never_scheduled to None, run_after=None
[2023-08-31T19:12:08.574+0300] {logging_mixin.py:151} INFO - [2023-08-31T19:12:08.574+0300] {dag.py:3677} INFO - Setting next_dagrun for dataset_produces_1 to 2023-08-30T00:00:00+00:00, run_after=2023-08-31T00:00:00+00:00
[2023-08-31T19:12:08.574+0300] {logging_mixin.py:151} INFO - [2023-08-31T19:12:08.574+0300] {dag.py:3677} INFO - Setting next_dagrun for dataset_produces_2 to None, run_after=None
[2023-08-31T19:12:08.602+0300] {processor.py:179} INFO - Processing /home/miminari/repos/airflow_project/env/lib/python3.10/site-packages/airflow/example_dags/example_datasets.py took 0.395 seconds
[2023-08-31T19:12:39.535+0300] {processor.py:157} INFO - Started process (PID=18714) to work on /home/miminari/repos/airflow_project/env/lib/python3.10/site-packages/airflow/example_dags/example_datasets.py
[2023-08-31T19:12:39.536+0300] {processor.py:829} INFO - Processing file /home/miminari/repos/airflow_project/env/lib/python3.10/site-packages/airflow/example_dags/example_datasets.py for tasks to queue
[2023-08-31T19:12:39.536+0300] {logging_mixin.py:151} INFO - [2023-08-31T19:12:39.536+0300] {dagbag.py:539} INFO - Filling up the DagBag from /home/miminari/repos/airflow_project/env/lib/python3.10/site-packages/airflow/example_dags/example_datasets.py
[2023-08-31T19:12:39.543+0300] {processor.py:839} INFO - DAG(s) dict_keys(['dataset_produces_1', 'dataset_consumes_1_and_2', 'dataset_consumes_1', 'dataset_consumes_unknown_never_scheduled', 'dataset_produces_2', 'dataset_consumes_1_never_scheduled']) retrieved from /home/miminari/repos/airflow_project/env/lib/python3.10/site-packages/airflow/example_dags/example_datasets.py
[2023-08-31T19:12:39.581+0300] {logging_mixin.py:151} INFO - [2023-08-31T19:12:39.580+0300] {dag.py:2907} INFO - Sync 6 DAGs
[2023-08-31T19:12:39.601+0300] {logging_mixin.py:151} INFO - [2023-08-31T19:12:39.601+0300] {dag.py:3677} INFO - Setting next_dagrun for dataset_consumes_1 to None, run_after=None
[2023-08-31T19:12:39.604+0300] {logging_mixin.py:151} INFO - [2023-08-31T19:12:39.604+0300] {dag.py:3677} INFO - Setting next_dagrun for dataset_consumes_1_and_2 to None, run_after=None
[2023-08-31T19:12:39.605+0300] {logging_mixin.py:151} INFO - [2023-08-31T19:12:39.605+0300] {dag.py:3677} INFO - Setting next_dagrun for dataset_consumes_1_never_scheduled to None, run_after=None
[2023-08-31T19:12:39.606+0300] {logging_mixin.py:151} INFO - [2023-08-31T19:12:39.606+0300] {dag.py:3677} INFO - Setting next_dagrun for dataset_consumes_unknown_never_scheduled to None, run_after=None
[2023-08-31T19:12:39.608+0300] {logging_mixin.py:151} INFO - [2023-08-31T19:12:39.608+0300] {dag.py:3677} INFO - Setting next_dagrun for dataset_produces_1 to 2023-08-30T00:00:00+00:00, run_after=2023-08-31T00:00:00+00:00
[2023-08-31T19:12:39.609+0300] {logging_mixin.py:151} INFO - [2023-08-31T19:12:39.609+0300] {dag.py:3677} INFO - Setting next_dagrun for dataset_produces_2 to None, run_after=None
[2023-08-31T19:12:39.637+0300] {processor.py:179} INFO - Processing /home/miminari/repos/airflow_project/env/lib/python3.10/site-packages/airflow/example_dags/example_datasets.py took 0.105 seconds
[2023-08-31T19:13:09.717+0300] {processor.py:157} INFO - Started process (PID=18814) to work on /home/miminari/repos/airflow_project/env/lib/python3.10/site-packages/airflow/example_dags/example_datasets.py
[2023-08-31T19:13:09.718+0300] {processor.py:829} INFO - Processing file /home/miminari/repos/airflow_project/env/lib/python3.10/site-packages/airflow/example_dags/example_datasets.py for tasks to queue
[2023-08-31T19:13:09.718+0300] {logging_mixin.py:151} INFO - [2023-08-31T19:13:09.718+0300] {dagbag.py:539} INFO - Filling up the DagBag from /home/miminari/repos/airflow_project/env/lib/python3.10/site-packages/airflow/example_dags/example_datasets.py
[2023-08-31T19:13:09.725+0300] {processor.py:839} INFO - DAG(s) dict_keys(['dataset_produces_2', 'dataset_consumes_1_and_2', 'dataset_consumes_unknown_never_scheduled', 'dataset_consumes_1_never_scheduled', 'dataset_produces_1', 'dataset_consumes_1']) retrieved from /home/miminari/repos/airflow_project/env/lib/python3.10/site-packages/airflow/example_dags/example_datasets.py
[2023-08-31T19:13:09.764+0300] {logging_mixin.py:151} INFO - [2023-08-31T19:13:09.764+0300] {dag.py:2907} INFO - Sync 6 DAGs
[2023-08-31T19:13:09.783+0300] {logging_mixin.py:151} INFO - [2023-08-31T19:13:09.782+0300] {dag.py:3677} INFO - Setting next_dagrun for dataset_consumes_1 to None, run_after=None
[2023-08-31T19:13:09.787+0300] {logging_mixin.py:151} INFO - [2023-08-31T19:13:09.787+0300] {dag.py:3677} INFO - Setting next_dagrun for dataset_consumes_1_and_2 to None, run_after=None
[2023-08-31T19:13:09.788+0300] {logging_mixin.py:151} INFO - [2023-08-31T19:13:09.788+0300] {dag.py:3677} INFO - Setting next_dagrun for dataset_consumes_1_never_scheduled to None, run_after=None
[2023-08-31T19:13:09.789+0300] {logging_mixin.py:151} INFO - [2023-08-31T19:13:09.789+0300] {dag.py:3677} INFO - Setting next_dagrun for dataset_consumes_unknown_never_scheduled to None, run_after=None
[2023-08-31T19:13:09.791+0300] {logging_mixin.py:151} INFO - [2023-08-31T19:13:09.791+0300] {dag.py:3677} INFO - Setting next_dagrun for dataset_produces_1 to 2023-08-30T00:00:00+00:00, run_after=2023-08-31T00:00:00+00:00
[2023-08-31T19:13:09.794+0300] {logging_mixin.py:151} INFO - [2023-08-31T19:13:09.794+0300] {dag.py:3677} INFO - Setting next_dagrun for dataset_produces_2 to None, run_after=None
[2023-08-31T19:13:09.819+0300] {processor.py:179} INFO - Processing /home/miminari/repos/airflow_project/env/lib/python3.10/site-packages/airflow/example_dags/example_datasets.py took 0.104 seconds
[2023-08-31T19:13:39.842+0300] {processor.py:157} INFO - Started process (PID=18923) to work on /home/miminari/repos/airflow_project/env/lib/python3.10/site-packages/airflow/example_dags/example_datasets.py
[2023-08-31T19:13:39.843+0300] {processor.py:829} INFO - Processing file /home/miminari/repos/airflow_project/env/lib/python3.10/site-packages/airflow/example_dags/example_datasets.py for tasks to queue
[2023-08-31T19:13:39.843+0300] {logging_mixin.py:151} INFO - [2023-08-31T19:13:39.843+0300] {dagbag.py:539} INFO - Filling up the DagBag from /home/miminari/repos/airflow_project/env/lib/python3.10/site-packages/airflow/example_dags/example_datasets.py
[2023-08-31T19:13:39.851+0300] {processor.py:839} INFO - DAG(s) dict_keys(['dataset_produces_2', 'dataset_consumes_1_never_scheduled', 'dataset_consumes_1', 'dataset_produces_1', 'dataset_consumes_unknown_never_scheduled', 'dataset_consumes_1_and_2']) retrieved from /home/miminari/repos/airflow_project/env/lib/python3.10/site-packages/airflow/example_dags/example_datasets.py
[2023-08-31T19:13:39.884+0300] {logging_mixin.py:151} INFO - [2023-08-31T19:13:39.884+0300] {dag.py:2907} INFO - Sync 6 DAGs
[2023-08-31T19:13:39.904+0300] {logging_mixin.py:151} INFO - [2023-08-31T19:13:39.904+0300] {dag.py:3677} INFO - Setting next_dagrun for dataset_consumes_1 to None, run_after=None
[2023-08-31T19:13:39.906+0300] {logging_mixin.py:151} INFO - [2023-08-31T19:13:39.906+0300] {dag.py:3677} INFO - Setting next_dagrun for dataset_consumes_1_and_2 to None, run_after=None
[2023-08-31T19:13:39.907+0300] {logging_mixin.py:151} INFO - [2023-08-31T19:13:39.907+0300] {dag.py:3677} INFO - Setting next_dagrun for dataset_consumes_1_never_scheduled to None, run_after=None
[2023-08-31T19:13:39.908+0300] {logging_mixin.py:151} INFO - [2023-08-31T19:13:39.908+0300] {dag.py:3677} INFO - Setting next_dagrun for dataset_consumes_unknown_never_scheduled to None, run_after=None
[2023-08-31T19:13:39.910+0300] {logging_mixin.py:151} INFO - [2023-08-31T19:13:39.910+0300] {dag.py:3677} INFO - Setting next_dagrun for dataset_produces_1 to 2023-08-30T00:00:00+00:00, run_after=2023-08-31T00:00:00+00:00
[2023-08-31T19:13:39.911+0300] {logging_mixin.py:151} INFO - [2023-08-31T19:13:39.911+0300] {dag.py:3677} INFO - Setting next_dagrun for dataset_produces_2 to None, run_after=None
[2023-08-31T19:13:39.937+0300] {processor.py:179} INFO - Processing /home/miminari/repos/airflow_project/env/lib/python3.10/site-packages/airflow/example_dags/example_datasets.py took 0.097 seconds
[2023-08-31T19:14:10.022+0300] {processor.py:157} INFO - Started process (PID=19022) to work on /home/miminari/repos/airflow_project/env/lib/python3.10/site-packages/airflow/example_dags/example_datasets.py
[2023-08-31T19:14:10.023+0300] {processor.py:829} INFO - Processing file /home/miminari/repos/airflow_project/env/lib/python3.10/site-packages/airflow/example_dags/example_datasets.py for tasks to queue
[2023-08-31T19:14:10.023+0300] {logging_mixin.py:151} INFO - [2023-08-31T19:14:10.023+0300] {dagbag.py:539} INFO - Filling up the DagBag from /home/miminari/repos/airflow_project/env/lib/python3.10/site-packages/airflow/example_dags/example_datasets.py
[2023-08-31T19:14:10.031+0300] {processor.py:839} INFO - DAG(s) dict_keys(['dataset_produces_1', 'dataset_produces_2', 'dataset_consumes_1_and_2', 'dataset_consumes_unknown_never_scheduled', 'dataset_consumes_1', 'dataset_consumes_1_never_scheduled']) retrieved from /home/miminari/repos/airflow_project/env/lib/python3.10/site-packages/airflow/example_dags/example_datasets.py
[2023-08-31T19:14:10.073+0300] {logging_mixin.py:151} INFO - [2023-08-31T19:14:10.073+0300] {dag.py:2907} INFO - Sync 6 DAGs
[2023-08-31T19:14:10.100+0300] {logging_mixin.py:151} INFO - [2023-08-31T19:14:10.099+0300] {dag.py:3677} INFO - Setting next_dagrun for dataset_consumes_1 to None, run_after=None
[2023-08-31T19:14:10.103+0300] {logging_mixin.py:151} INFO - [2023-08-31T19:14:10.103+0300] {dag.py:3677} INFO - Setting next_dagrun for dataset_consumes_1_and_2 to None, run_after=None
[2023-08-31T19:14:10.104+0300] {logging_mixin.py:151} INFO - [2023-08-31T19:14:10.104+0300] {dag.py:3677} INFO - Setting next_dagrun for dataset_consumes_1_never_scheduled to None, run_after=None
[2023-08-31T19:14:10.105+0300] {logging_mixin.py:151} INFO - [2023-08-31T19:14:10.105+0300] {dag.py:3677} INFO - Setting next_dagrun for dataset_consumes_unknown_never_scheduled to None, run_after=None
[2023-08-31T19:14:10.108+0300] {logging_mixin.py:151} INFO - [2023-08-31T19:14:10.108+0300] {dag.py:3677} INFO - Setting next_dagrun for dataset_produces_1 to 2023-08-30T00:00:00+00:00, run_after=2023-08-31T00:00:00+00:00
[2023-08-31T19:14:10.110+0300] {logging_mixin.py:151} INFO - [2023-08-31T19:14:10.110+0300] {dag.py:3677} INFO - Setting next_dagrun for dataset_produces_2 to None, run_after=None
[2023-08-31T19:14:10.146+0300] {processor.py:179} INFO - Processing /home/miminari/repos/airflow_project/env/lib/python3.10/site-packages/airflow/example_dags/example_datasets.py took 0.127 seconds
[2023-08-31T19:14:40.192+0300] {processor.py:157} INFO - Started process (PID=19117) to work on /home/miminari/repos/airflow_project/env/lib/python3.10/site-packages/airflow/example_dags/example_datasets.py
[2023-08-31T19:14:40.193+0300] {processor.py:829} INFO - Processing file /home/miminari/repos/airflow_project/env/lib/python3.10/site-packages/airflow/example_dags/example_datasets.py for tasks to queue
[2023-08-31T19:14:40.193+0300] {logging_mixin.py:151} INFO - [2023-08-31T19:14:40.193+0300] {dagbag.py:539} INFO - Filling up the DagBag from /home/miminari/repos/airflow_project/env/lib/python3.10/site-packages/airflow/example_dags/example_datasets.py
[2023-08-31T19:14:40.201+0300] {processor.py:839} INFO - DAG(s) dict_keys(['dataset_consumes_1_and_2', 'dataset_produces_1', 'dataset_consumes_1_never_scheduled', 'dataset_produces_2', 'dataset_consumes_1', 'dataset_consumes_unknown_never_scheduled']) retrieved from /home/miminari/repos/airflow_project/env/lib/python3.10/site-packages/airflow/example_dags/example_datasets.py
[2023-08-31T19:14:40.238+0300] {logging_mixin.py:151} INFO - [2023-08-31T19:14:40.237+0300] {dag.py:2907} INFO - Sync 6 DAGs
[2023-08-31T19:14:40.259+0300] {logging_mixin.py:151} INFO - [2023-08-31T19:14:40.259+0300] {dag.py:3677} INFO - Setting next_dagrun for dataset_consumes_1 to None, run_after=None
[2023-08-31T19:14:40.261+0300] {logging_mixin.py:151} INFO - [2023-08-31T19:14:40.261+0300] {dag.py:3677} INFO - Setting next_dagrun for dataset_consumes_1_and_2 to None, run_after=None
[2023-08-31T19:14:40.262+0300] {logging_mixin.py:151} INFO - [2023-08-31T19:14:40.262+0300] {dag.py:3677} INFO - Setting next_dagrun for dataset_consumes_1_never_scheduled to None, run_after=None
[2023-08-31T19:14:40.263+0300] {logging_mixin.py:151} INFO - [2023-08-31T19:14:40.263+0300] {dag.py:3677} INFO - Setting next_dagrun for dataset_consumes_unknown_never_scheduled to None, run_after=None
[2023-08-31T19:14:40.265+0300] {logging_mixin.py:151} INFO - [2023-08-31T19:14:40.265+0300] {dag.py:3677} INFO - Setting next_dagrun for dataset_produces_1 to 2023-08-30T00:00:00+00:00, run_after=2023-08-31T00:00:00+00:00
[2023-08-31T19:14:40.266+0300] {logging_mixin.py:151} INFO - [2023-08-31T19:14:40.266+0300] {dag.py:3677} INFO - Setting next_dagrun for dataset_produces_2 to None, run_after=None
[2023-08-31T19:14:40.290+0300] {processor.py:179} INFO - Processing /home/miminari/repos/airflow_project/env/lib/python3.10/site-packages/airflow/example_dags/example_datasets.py took 0.101 seconds
[2023-08-31T19:15:10.403+0300] {processor.py:157} INFO - Started process (PID=19316) to work on /home/miminari/repos/airflow_project/env/lib/python3.10/site-packages/airflow/example_dags/example_datasets.py
[2023-08-31T19:15:10.403+0300] {processor.py:829} INFO - Processing file /home/miminari/repos/airflow_project/env/lib/python3.10/site-packages/airflow/example_dags/example_datasets.py for tasks to queue
[2023-08-31T19:15:10.404+0300] {logging_mixin.py:151} INFO - [2023-08-31T19:15:10.404+0300] {dagbag.py:539} INFO - Filling up the DagBag from /home/miminari/repos/airflow_project/env/lib/python3.10/site-packages/airflow/example_dags/example_datasets.py
[2023-08-31T19:15:10.411+0300] {processor.py:839} INFO - DAG(s) dict_keys(['dataset_consumes_1_never_scheduled', 'dataset_produces_1', 'dataset_consumes_unknown_never_scheduled', 'dataset_produces_2', 'dataset_consumes_1', 'dataset_consumes_1_and_2']) retrieved from /home/miminari/repos/airflow_project/env/lib/python3.10/site-packages/airflow/example_dags/example_datasets.py
[2023-08-31T19:15:10.451+0300] {logging_mixin.py:151} INFO - [2023-08-31T19:15:10.451+0300] {dag.py:2907} INFO - Sync 6 DAGs
[2023-08-31T19:15:10.477+0300] {logging_mixin.py:151} INFO - [2023-08-31T19:15:10.477+0300] {dag.py:3677} INFO - Setting next_dagrun for dataset_consumes_1 to None, run_after=None
[2023-08-31T19:15:10.481+0300] {logging_mixin.py:151} INFO - [2023-08-31T19:15:10.480+0300] {dag.py:3677} INFO - Setting next_dagrun for dataset_consumes_1_and_2 to None, run_after=None
[2023-08-31T19:15:10.482+0300] {logging_mixin.py:151} INFO - [2023-08-31T19:15:10.481+0300] {dag.py:3677} INFO - Setting next_dagrun for dataset_consumes_1_never_scheduled to None, run_after=None
[2023-08-31T19:15:10.482+0300] {logging_mixin.py:151} INFO - [2023-08-31T19:15:10.482+0300] {dag.py:3677} INFO - Setting next_dagrun for dataset_consumes_unknown_never_scheduled to None, run_after=None
[2023-08-31T19:15:10.486+0300] {logging_mixin.py:151} INFO - [2023-08-31T19:15:10.486+0300] {dag.py:3677} INFO - Setting next_dagrun for dataset_produces_1 to 2023-08-30T00:00:00+00:00, run_after=2023-08-31T00:00:00+00:00
[2023-08-31T19:15:10.487+0300] {logging_mixin.py:151} INFO - [2023-08-31T19:15:10.487+0300] {dag.py:3677} INFO - Setting next_dagrun for dataset_produces_2 to None, run_after=None
[2023-08-31T19:15:10.516+0300] {processor.py:179} INFO - Processing /home/miminari/repos/airflow_project/env/lib/python3.10/site-packages/airflow/example_dags/example_datasets.py took 0.116 seconds
[2023-08-31T19:15:40.682+0300] {processor.py:157} INFO - Started process (PID=19412) to work on /home/miminari/repos/airflow_project/env/lib/python3.10/site-packages/airflow/example_dags/example_datasets.py
[2023-08-31T19:15:40.686+0300] {processor.py:829} INFO - Processing file /home/miminari/repos/airflow_project/env/lib/python3.10/site-packages/airflow/example_dags/example_datasets.py for tasks to queue
[2023-08-31T19:15:40.687+0300] {logging_mixin.py:151} INFO - [2023-08-31T19:15:40.687+0300] {dagbag.py:539} INFO - Filling up the DagBag from /home/miminari/repos/airflow_project/env/lib/python3.10/site-packages/airflow/example_dags/example_datasets.py
[2023-08-31T19:15:40.700+0300] {processor.py:839} INFO - DAG(s) dict_keys(['dataset_consumes_1', 'dataset_produces_2', 'dataset_consumes_unknown_never_scheduled', 'dataset_produces_1', 'dataset_consumes_1_and_2', 'dataset_consumes_1_never_scheduled']) retrieved from /home/miminari/repos/airflow_project/env/lib/python3.10/site-packages/airflow/example_dags/example_datasets.py
[2023-08-31T19:15:40.739+0300] {logging_mixin.py:151} INFO - [2023-08-31T19:15:40.739+0300] {dag.py:2907} INFO - Sync 6 DAGs
[2023-08-31T19:15:40.763+0300] {logging_mixin.py:151} INFO - [2023-08-31T19:15:40.763+0300] {dag.py:3677} INFO - Setting next_dagrun for dataset_consumes_1 to None, run_after=None
[2023-08-31T19:15:40.766+0300] {logging_mixin.py:151} INFO - [2023-08-31T19:15:40.766+0300] {dag.py:3677} INFO - Setting next_dagrun for dataset_consumes_1_and_2 to None, run_after=None
[2023-08-31T19:15:40.767+0300] {logging_mixin.py:151} INFO - [2023-08-31T19:15:40.767+0300] {dag.py:3677} INFO - Setting next_dagrun for dataset_consumes_1_never_scheduled to None, run_after=None
[2023-08-31T19:15:40.768+0300] {logging_mixin.py:151} INFO - [2023-08-31T19:15:40.768+0300] {dag.py:3677} INFO - Setting next_dagrun for dataset_consumes_unknown_never_scheduled to None, run_after=None
[2023-08-31T19:15:40.770+0300] {logging_mixin.py:151} INFO - [2023-08-31T19:15:40.770+0300] {dag.py:3677} INFO - Setting next_dagrun for dataset_produces_1 to 2023-08-30T00:00:00+00:00, run_after=2023-08-31T00:00:00+00:00
[2023-08-31T19:15:40.771+0300] {logging_mixin.py:151} INFO - [2023-08-31T19:15:40.771+0300] {dag.py:3677} INFO - Setting next_dagrun for dataset_produces_2 to None, run_after=None
[2023-08-31T19:15:40.797+0300] {processor.py:179} INFO - Processing /home/miminari/repos/airflow_project/env/lib/python3.10/site-packages/airflow/example_dags/example_datasets.py took 0.118 seconds
[2023-08-31T19:16:10.977+0300] {processor.py:157} INFO - Started process (PID=19567) to work on /home/miminari/repos/airflow_project/env/lib/python3.10/site-packages/airflow/example_dags/example_datasets.py
[2023-08-31T19:16:10.978+0300] {processor.py:829} INFO - Processing file /home/miminari/repos/airflow_project/env/lib/python3.10/site-packages/airflow/example_dags/example_datasets.py for tasks to queue
[2023-08-31T19:16:10.979+0300] {logging_mixin.py:151} INFO - [2023-08-31T19:16:10.979+0300] {dagbag.py:539} INFO - Filling up the DagBag from /home/miminari/repos/airflow_project/env/lib/python3.10/site-packages/airflow/example_dags/example_datasets.py
[2023-08-31T19:16:10.990+0300] {processor.py:839} INFO - DAG(s) dict_keys(['dataset_consumes_1', 'dataset_consumes_unknown_never_scheduled', 'dataset_consumes_1_and_2', 'dataset_produces_1', 'dataset_produces_2', 'dataset_consumes_1_never_scheduled']) retrieved from /home/miminari/repos/airflow_project/env/lib/python3.10/site-packages/airflow/example_dags/example_datasets.py
[2023-08-31T19:16:11.048+0300] {logging_mixin.py:151} INFO - [2023-08-31T19:16:11.048+0300] {dag.py:2907} INFO - Sync 6 DAGs
[2023-08-31T19:16:11.073+0300] {logging_mixin.py:151} INFO - [2023-08-31T19:16:11.073+0300] {dag.py:3677} INFO - Setting next_dagrun for dataset_consumes_1 to None, run_after=None
[2023-08-31T19:16:11.076+0300] {logging_mixin.py:151} INFO - [2023-08-31T19:16:11.076+0300] {dag.py:3677} INFO - Setting next_dagrun for dataset_consumes_1_and_2 to None, run_after=None
[2023-08-31T19:16:11.077+0300] {logging_mixin.py:151} INFO - [2023-08-31T19:16:11.077+0300] {dag.py:3677} INFO - Setting next_dagrun for dataset_consumes_1_never_scheduled to None, run_after=None
[2023-08-31T19:16:11.078+0300] {logging_mixin.py:151} INFO - [2023-08-31T19:16:11.078+0300] {dag.py:3677} INFO - Setting next_dagrun for dataset_consumes_unknown_never_scheduled to None, run_after=None
[2023-08-31T19:16:11.080+0300] {logging_mixin.py:151} INFO - [2023-08-31T19:16:11.080+0300] {dag.py:3677} INFO - Setting next_dagrun for dataset_produces_1 to 2023-08-30T00:00:00+00:00, run_after=2023-08-31T00:00:00+00:00
[2023-08-31T19:16:11.081+0300] {logging_mixin.py:151} INFO - [2023-08-31T19:16:11.081+0300] {dag.py:3677} INFO - Setting next_dagrun for dataset_produces_2 to None, run_after=None
[2023-08-31T19:16:11.111+0300] {processor.py:179} INFO - Processing /home/miminari/repos/airflow_project/env/lib/python3.10/site-packages/airflow/example_dags/example_datasets.py took 0.137 seconds
[2023-08-31T19:16:41.314+0300] {processor.py:157} INFO - Started process (PID=19669) to work on /home/miminari/repos/airflow_project/env/lib/python3.10/site-packages/airflow/example_dags/example_datasets.py
[2023-08-31T19:16:41.315+0300] {processor.py:829} INFO - Processing file /home/miminari/repos/airflow_project/env/lib/python3.10/site-packages/airflow/example_dags/example_datasets.py for tasks to queue
[2023-08-31T19:16:41.316+0300] {logging_mixin.py:151} INFO - [2023-08-31T19:16:41.316+0300] {dagbag.py:539} INFO - Filling up the DagBag from /home/miminari/repos/airflow_project/env/lib/python3.10/site-packages/airflow/example_dags/example_datasets.py
[2023-08-31T19:16:41.326+0300] {processor.py:839} INFO - DAG(s) dict_keys(['dataset_consumes_1_never_scheduled', 'dataset_consumes_1_and_2', 'dataset_produces_2', 'dataset_consumes_unknown_never_scheduled', 'dataset_consumes_1', 'dataset_produces_1']) retrieved from /home/miminari/repos/airflow_project/env/lib/python3.10/site-packages/airflow/example_dags/example_datasets.py
[2023-08-31T19:16:41.365+0300] {logging_mixin.py:151} INFO - [2023-08-31T19:16:41.365+0300] {dag.py:2907} INFO - Sync 6 DAGs
[2023-08-31T19:16:41.387+0300] {logging_mixin.py:151} INFO - [2023-08-31T19:16:41.387+0300] {dag.py:3677} INFO - Setting next_dagrun for dataset_consumes_1 to None, run_after=None
[2023-08-31T19:16:41.390+0300] {logging_mixin.py:151} INFO - [2023-08-31T19:16:41.389+0300] {dag.py:3677} INFO - Setting next_dagrun for dataset_consumes_1_and_2 to None, run_after=None
[2023-08-31T19:16:41.390+0300] {logging_mixin.py:151} INFO - [2023-08-31T19:16:41.390+0300] {dag.py:3677} INFO - Setting next_dagrun for dataset_consumes_1_never_scheduled to None, run_after=None
[2023-08-31T19:16:41.391+0300] {logging_mixin.py:151} INFO - [2023-08-31T19:16:41.391+0300] {dag.py:3677} INFO - Setting next_dagrun for dataset_consumes_unknown_never_scheduled to None, run_after=None
[2023-08-31T19:16:41.393+0300] {logging_mixin.py:151} INFO - [2023-08-31T19:16:41.393+0300] {dag.py:3677} INFO - Setting next_dagrun for dataset_produces_1 to 2023-08-30T00:00:00+00:00, run_after=2023-08-31T00:00:00+00:00
[2023-08-31T19:16:41.403+0300] {logging_mixin.py:151} INFO - [2023-08-31T19:16:41.403+0300] {dag.py:3677} INFO - Setting next_dagrun for dataset_produces_2 to None, run_after=None
[2023-08-31T19:16:41.462+0300] {processor.py:179} INFO - Processing /home/miminari/repos/airflow_project/env/lib/python3.10/site-packages/airflow/example_dags/example_datasets.py took 0.150 seconds
[2023-08-31T19:17:11.609+0300] {processor.py:157} INFO - Started process (PID=19819) to work on /home/miminari/repos/airflow_project/env/lib/python3.10/site-packages/airflow/example_dags/example_datasets.py
[2023-08-31T19:17:11.610+0300] {processor.py:829} INFO - Processing file /home/miminari/repos/airflow_project/env/lib/python3.10/site-packages/airflow/example_dags/example_datasets.py for tasks to queue
[2023-08-31T19:17:11.610+0300] {logging_mixin.py:151} INFO - [2023-08-31T19:17:11.610+0300] {dagbag.py:539} INFO - Filling up the DagBag from /home/miminari/repos/airflow_project/env/lib/python3.10/site-packages/airflow/example_dags/example_datasets.py
[2023-08-31T19:17:11.617+0300] {processor.py:839} INFO - DAG(s) dict_keys(['dataset_consumes_1', 'dataset_produces_1', 'dataset_consumes_1_never_scheduled', 'dataset_consumes_unknown_never_scheduled', 'dataset_consumes_1_and_2', 'dataset_produces_2']) retrieved from /home/miminari/repos/airflow_project/env/lib/python3.10/site-packages/airflow/example_dags/example_datasets.py
[2023-08-31T19:17:11.654+0300] {logging_mixin.py:151} INFO - [2023-08-31T19:17:11.654+0300] {dag.py:2907} INFO - Sync 6 DAGs
[2023-08-31T19:17:11.679+0300] {logging_mixin.py:151} INFO - [2023-08-31T19:17:11.679+0300] {dag.py:3677} INFO - Setting next_dagrun for dataset_consumes_1 to None, run_after=None
[2023-08-31T19:17:11.682+0300] {logging_mixin.py:151} INFO - [2023-08-31T19:17:11.682+0300] {dag.py:3677} INFO - Setting next_dagrun for dataset_consumes_1_and_2 to None, run_after=None
[2023-08-31T19:17:11.683+0300] {logging_mixin.py:151} INFO - [2023-08-31T19:17:11.683+0300] {dag.py:3677} INFO - Setting next_dagrun for dataset_consumes_1_never_scheduled to None, run_after=None
[2023-08-31T19:17:11.684+0300] {logging_mixin.py:151} INFO - [2023-08-31T19:17:11.684+0300] {dag.py:3677} INFO - Setting next_dagrun for dataset_consumes_unknown_never_scheduled to None, run_after=None
[2023-08-31T19:17:11.686+0300] {logging_mixin.py:151} INFO - [2023-08-31T19:17:11.686+0300] {dag.py:3677} INFO - Setting next_dagrun for dataset_produces_1 to 2023-08-30T00:00:00+00:00, run_after=2023-08-31T00:00:00+00:00
[2023-08-31T19:17:11.687+0300] {logging_mixin.py:151} INFO - [2023-08-31T19:17:11.687+0300] {dag.py:3677} INFO - Setting next_dagrun for dataset_produces_2 to None, run_after=None
[2023-08-31T19:17:11.712+0300] {processor.py:179} INFO - Processing /home/miminari/repos/airflow_project/env/lib/python3.10/site-packages/airflow/example_dags/example_datasets.py took 0.106 seconds
[2023-08-31T19:17:41.877+0300] {processor.py:157} INFO - Started process (PID=19936) to work on /home/miminari/repos/airflow_project/env/lib/python3.10/site-packages/airflow/example_dags/example_datasets.py
[2023-08-31T19:17:41.877+0300] {processor.py:829} INFO - Processing file /home/miminari/repos/airflow_project/env/lib/python3.10/site-packages/airflow/example_dags/example_datasets.py for tasks to queue
[2023-08-31T19:17:41.878+0300] {logging_mixin.py:151} INFO - [2023-08-31T19:17:41.878+0300] {dagbag.py:539} INFO - Filling up the DagBag from /home/miminari/repos/airflow_project/env/lib/python3.10/site-packages/airflow/example_dags/example_datasets.py
[2023-08-31T19:17:41.885+0300] {processor.py:839} INFO - DAG(s) dict_keys(['dataset_produces_2', 'dataset_produces_1', 'dataset_consumes_1_and_2', 'dataset_consumes_unknown_never_scheduled', 'dataset_consumes_1', 'dataset_consumes_1_never_scheduled']) retrieved from /home/miminari/repos/airflow_project/env/lib/python3.10/site-packages/airflow/example_dags/example_datasets.py
[2023-08-31T19:17:41.925+0300] {logging_mixin.py:151} INFO - [2023-08-31T19:17:41.925+0300] {dag.py:2907} INFO - Sync 6 DAGs
[2023-08-31T19:17:41.945+0300] {logging_mixin.py:151} INFO - [2023-08-31T19:17:41.944+0300] {dag.py:3677} INFO - Setting next_dagrun for dataset_consumes_1 to None, run_after=None
[2023-08-31T19:17:41.948+0300] {logging_mixin.py:151} INFO - [2023-08-31T19:17:41.947+0300] {dag.py:3677} INFO - Setting next_dagrun for dataset_consumes_1_and_2 to None, run_after=None
[2023-08-31T19:17:41.949+0300] {logging_mixin.py:151} INFO - [2023-08-31T19:17:41.948+0300] {dag.py:3677} INFO - Setting next_dagrun for dataset_consumes_1_never_scheduled to None, run_after=None
[2023-08-31T19:17:41.949+0300] {logging_mixin.py:151} INFO - [2023-08-31T19:17:41.949+0300] {dag.py:3677} INFO - Setting next_dagrun for dataset_consumes_unknown_never_scheduled to None, run_after=None
[2023-08-31T19:17:41.952+0300] {logging_mixin.py:151} INFO - [2023-08-31T19:17:41.951+0300] {dag.py:3677} INFO - Setting next_dagrun for dataset_produces_1 to 2023-08-30T00:00:00+00:00, run_after=2023-08-31T00:00:00+00:00
[2023-08-31T19:17:41.953+0300] {logging_mixin.py:151} INFO - [2023-08-31T19:17:41.953+0300] {dag.py:3677} INFO - Setting next_dagrun for dataset_produces_2 to None, run_after=None
[2023-08-31T19:17:41.976+0300] {processor.py:179} INFO - Processing /home/miminari/repos/airflow_project/env/lib/python3.10/site-packages/airflow/example_dags/example_datasets.py took 0.103 seconds
[2023-08-31T19:18:12.035+0300] {processor.py:157} INFO - Started process (PID=20086) to work on /home/miminari/repos/airflow_project/env/lib/python3.10/site-packages/airflow/example_dags/example_datasets.py
[2023-08-31T19:18:12.036+0300] {processor.py:829} INFO - Processing file /home/miminari/repos/airflow_project/env/lib/python3.10/site-packages/airflow/example_dags/example_datasets.py for tasks to queue
[2023-08-31T19:18:12.037+0300] {logging_mixin.py:151} INFO - [2023-08-31T19:18:12.037+0300] {dagbag.py:539} INFO - Filling up the DagBag from /home/miminari/repos/airflow_project/env/lib/python3.10/site-packages/airflow/example_dags/example_datasets.py
[2023-08-31T19:18:12.045+0300] {processor.py:839} INFO - DAG(s) dict_keys(['dataset_produces_2', 'dataset_consumes_unknown_never_scheduled', 'dataset_consumes_1', 'dataset_consumes_1_never_scheduled', 'dataset_produces_1', 'dataset_consumes_1_and_2']) retrieved from /home/miminari/repos/airflow_project/env/lib/python3.10/site-packages/airflow/example_dags/example_datasets.py
[2023-08-31T19:18:12.080+0300] {logging_mixin.py:151} INFO - [2023-08-31T19:18:12.080+0300] {dag.py:2907} INFO - Sync 6 DAGs
[2023-08-31T19:18:12.105+0300] {logging_mixin.py:151} INFO - [2023-08-31T19:18:12.104+0300] {dag.py:3677} INFO - Setting next_dagrun for dataset_consumes_1 to None, run_after=None
[2023-08-31T19:18:12.108+0300] {logging_mixin.py:151} INFO - [2023-08-31T19:18:12.107+0300] {dag.py:3677} INFO - Setting next_dagrun for dataset_consumes_1_and_2 to None, run_after=None
[2023-08-31T19:18:12.108+0300] {logging_mixin.py:151} INFO - [2023-08-31T19:18:12.108+0300] {dag.py:3677} INFO - Setting next_dagrun for dataset_consumes_1_never_scheduled to None, run_after=None
[2023-08-31T19:18:12.109+0300] {logging_mixin.py:151} INFO - [2023-08-31T19:18:12.109+0300] {dag.py:3677} INFO - Setting next_dagrun for dataset_consumes_unknown_never_scheduled to None, run_after=None
[2023-08-31T19:18:12.111+0300] {logging_mixin.py:151} INFO - [2023-08-31T19:18:12.111+0300] {dag.py:3677} INFO - Setting next_dagrun for dataset_produces_1 to 2023-08-30T00:00:00+00:00, run_after=2023-08-31T00:00:00+00:00
[2023-08-31T19:18:12.112+0300] {logging_mixin.py:151} INFO - [2023-08-31T19:18:12.112+0300] {dag.py:3677} INFO - Setting next_dagrun for dataset_produces_2 to None, run_after=None
[2023-08-31T19:18:12.133+0300] {processor.py:179} INFO - Processing /home/miminari/repos/airflow_project/env/lib/python3.10/site-packages/airflow/example_dags/example_datasets.py took 0.100 seconds
[2023-08-31T19:18:42.187+0300] {processor.py:157} INFO - Started process (PID=20182) to work on /home/miminari/repos/airflow_project/env/lib/python3.10/site-packages/airflow/example_dags/example_datasets.py
[2023-08-31T19:18:42.188+0300] {processor.py:829} INFO - Processing file /home/miminari/repos/airflow_project/env/lib/python3.10/site-packages/airflow/example_dags/example_datasets.py for tasks to queue
[2023-08-31T19:18:42.188+0300] {logging_mixin.py:151} INFO - [2023-08-31T19:18:42.188+0300] {dagbag.py:539} INFO - Filling up the DagBag from /home/miminari/repos/airflow_project/env/lib/python3.10/site-packages/airflow/example_dags/example_datasets.py
[2023-08-31T19:18:42.196+0300] {processor.py:839} INFO - DAG(s) dict_keys(['dataset_produces_2', 'dataset_consumes_unknown_never_scheduled', 'dataset_produces_1', 'dataset_consumes_1_never_scheduled', 'dataset_consumes_1_and_2', 'dataset_consumes_1']) retrieved from /home/miminari/repos/airflow_project/env/lib/python3.10/site-packages/airflow/example_dags/example_datasets.py
[2023-08-31T19:18:42.234+0300] {logging_mixin.py:151} INFO - [2023-08-31T19:18:42.234+0300] {dag.py:2907} INFO - Sync 6 DAGs
[2023-08-31T19:18:42.256+0300] {logging_mixin.py:151} INFO - [2023-08-31T19:18:42.256+0300] {dag.py:3677} INFO - Setting next_dagrun for dataset_consumes_1 to None, run_after=None
[2023-08-31T19:18:42.259+0300] {logging_mixin.py:151} INFO - [2023-08-31T19:18:42.259+0300] {dag.py:3677} INFO - Setting next_dagrun for dataset_consumes_1_and_2 to None, run_after=None
[2023-08-31T19:18:42.260+0300] {logging_mixin.py:151} INFO - [2023-08-31T19:18:42.260+0300] {dag.py:3677} INFO - Setting next_dagrun for dataset_consumes_1_never_scheduled to None, run_after=None
[2023-08-31T19:18:42.261+0300] {logging_mixin.py:151} INFO - [2023-08-31T19:18:42.261+0300] {dag.py:3677} INFO - Setting next_dagrun for dataset_consumes_unknown_never_scheduled to None, run_after=None
[2023-08-31T19:18:42.263+0300] {logging_mixin.py:151} INFO - [2023-08-31T19:18:42.263+0300] {dag.py:3677} INFO - Setting next_dagrun for dataset_produces_1 to 2023-08-30T00:00:00+00:00, run_after=2023-08-31T00:00:00+00:00
[2023-08-31T19:18:42.264+0300] {logging_mixin.py:151} INFO - [2023-08-31T19:18:42.264+0300] {dag.py:3677} INFO - Setting next_dagrun for dataset_produces_2 to None, run_after=None
[2023-08-31T19:18:42.287+0300] {processor.py:179} INFO - Processing /home/miminari/repos/airflow_project/env/lib/python3.10/site-packages/airflow/example_dags/example_datasets.py took 0.103 seconds
[2023-08-31T19:19:12.611+0300] {processor.py:157} INFO - Started process (PID=20285) to work on /home/miminari/repos/airflow_project/env/lib/python3.10/site-packages/airflow/example_dags/example_datasets.py
[2023-08-31T19:19:12.612+0300] {processor.py:829} INFO - Processing file /home/miminari/repos/airflow_project/env/lib/python3.10/site-packages/airflow/example_dags/example_datasets.py for tasks to queue
[2023-08-31T19:19:12.612+0300] {logging_mixin.py:151} INFO - [2023-08-31T19:19:12.612+0300] {dagbag.py:539} INFO - Filling up the DagBag from /home/miminari/repos/airflow_project/env/lib/python3.10/site-packages/airflow/example_dags/example_datasets.py
[2023-08-31T19:19:12.619+0300] {processor.py:839} INFO - DAG(s) dict_keys(['dataset_consumes_unknown_never_scheduled', 'dataset_consumes_1_and_2', 'dataset_consumes_1', 'dataset_produces_1', 'dataset_produces_2', 'dataset_consumes_1_never_scheduled']) retrieved from /home/miminari/repos/airflow_project/env/lib/python3.10/site-packages/airflow/example_dags/example_datasets.py
[2023-08-31T19:19:12.657+0300] {logging_mixin.py:151} INFO - [2023-08-31T19:19:12.657+0300] {dag.py:2907} INFO - Sync 6 DAGs
[2023-08-31T19:19:12.682+0300] {logging_mixin.py:151} INFO - [2023-08-31T19:19:12.681+0300] {dag.py:3677} INFO - Setting next_dagrun for dataset_consumes_1 to None, run_after=None
[2023-08-31T19:19:12.684+0300] {logging_mixin.py:151} INFO - [2023-08-31T19:19:12.684+0300] {dag.py:3677} INFO - Setting next_dagrun for dataset_consumes_1_and_2 to None, run_after=None
[2023-08-31T19:19:12.685+0300] {logging_mixin.py:151} INFO - [2023-08-31T19:19:12.685+0300] {dag.py:3677} INFO - Setting next_dagrun for dataset_consumes_1_never_scheduled to None, run_after=None
[2023-08-31T19:19:12.686+0300] {logging_mixin.py:151} INFO - [2023-08-31T19:19:12.686+0300] {dag.py:3677} INFO - Setting next_dagrun for dataset_consumes_unknown_never_scheduled to None, run_after=None
[2023-08-31T19:19:12.688+0300] {logging_mixin.py:151} INFO - [2023-08-31T19:19:12.688+0300] {dag.py:3677} INFO - Setting next_dagrun for dataset_produces_1 to 2023-08-30T00:00:00+00:00, run_after=2023-08-31T00:00:00+00:00
[2023-08-31T19:19:12.689+0300] {logging_mixin.py:151} INFO - [2023-08-31T19:19:12.689+0300] {dag.py:3677} INFO - Setting next_dagrun for dataset_produces_2 to None, run_after=None
[2023-08-31T19:19:12.714+0300] {processor.py:179} INFO - Processing /home/miminari/repos/airflow_project/env/lib/python3.10/site-packages/airflow/example_dags/example_datasets.py took 0.105 seconds
[2023-08-31T19:19:43.029+0300] {processor.py:157} INFO - Started process (PID=20382) to work on /home/miminari/repos/airflow_project/env/lib/python3.10/site-packages/airflow/example_dags/example_datasets.py
[2023-08-31T19:19:43.030+0300] {processor.py:829} INFO - Processing file /home/miminari/repos/airflow_project/env/lib/python3.10/site-packages/airflow/example_dags/example_datasets.py for tasks to queue
[2023-08-31T19:19:43.031+0300] {logging_mixin.py:151} INFO - [2023-08-31T19:19:43.030+0300] {dagbag.py:539} INFO - Filling up the DagBag from /home/miminari/repos/airflow_project/env/lib/python3.10/site-packages/airflow/example_dags/example_datasets.py
[2023-08-31T19:19:43.039+0300] {processor.py:839} INFO - DAG(s) dict_keys(['dataset_produces_2', 'dataset_produces_1', 'dataset_consumes_1_never_scheduled', 'dataset_consumes_unknown_never_scheduled', 'dataset_consumes_1_and_2', 'dataset_consumes_1']) retrieved from /home/miminari/repos/airflow_project/env/lib/python3.10/site-packages/airflow/example_dags/example_datasets.py
[2023-08-31T19:19:43.076+0300] {logging_mixin.py:151} INFO - [2023-08-31T19:19:43.076+0300] {dag.py:2907} INFO - Sync 6 DAGs
[2023-08-31T19:19:43.097+0300] {logging_mixin.py:151} INFO - [2023-08-31T19:19:43.097+0300] {dag.py:3677} INFO - Setting next_dagrun for dataset_consumes_1 to None, run_after=None
[2023-08-31T19:19:43.099+0300] {logging_mixin.py:151} INFO - [2023-08-31T19:19:43.099+0300] {dag.py:3677} INFO - Setting next_dagrun for dataset_consumes_1_and_2 to None, run_after=None
[2023-08-31T19:19:43.101+0300] {logging_mixin.py:151} INFO - [2023-08-31T19:19:43.100+0300] {dag.py:3677} INFO - Setting next_dagrun for dataset_consumes_1_never_scheduled to None, run_after=None
[2023-08-31T19:19:43.101+0300] {logging_mixin.py:151} INFO - [2023-08-31T19:19:43.101+0300] {dag.py:3677} INFO - Setting next_dagrun for dataset_consumes_unknown_never_scheduled to None, run_after=None
[2023-08-31T19:19:43.104+0300] {logging_mixin.py:151} INFO - [2023-08-31T19:19:43.104+0300] {dag.py:3677} INFO - Setting next_dagrun for dataset_produces_1 to 2023-08-30T00:00:00+00:00, run_after=2023-08-31T00:00:00+00:00
[2023-08-31T19:19:43.105+0300] {logging_mixin.py:151} INFO - [2023-08-31T19:19:43.105+0300] {dag.py:3677} INFO - Setting next_dagrun for dataset_produces_2 to None, run_after=None
[2023-08-31T19:19:43.128+0300] {processor.py:179} INFO - Processing /home/miminari/repos/airflow_project/env/lib/python3.10/site-packages/airflow/example_dags/example_datasets.py took 0.102 seconds
