[2023-08-31T19:12:08.866+0300] {processor.py:157} INFO - Started process (PID=18614) to work on /home/miminari/repos/airflow_project/env/lib/python3.10/site-packages/airflow/example_dags/example_dynamic_task_mapping_with_no_taskflow_operators.py
[2023-08-31T19:12:08.867+0300] {processor.py:829} INFO - Processing file /home/miminari/repos/airflow_project/env/lib/python3.10/site-packages/airflow/example_dags/example_dynamic_task_mapping_with_no_taskflow_operators.py for tasks to queue
[2023-08-31T19:12:08.867+0300] {logging_mixin.py:151} INFO - [2023-08-31T19:12:08.867+0300] {dagbag.py:539} INFO - Filling up the DagBag from /home/miminari/repos/airflow_project/env/lib/python3.10/site-packages/airflow/example_dags/example_dynamic_task_mapping_with_no_taskflow_operators.py
[2023-08-31T19:12:08.872+0300] {processor.py:839} INFO - DAG(s) dict_keys(['example_dynamic_task_mapping_with_no_taskflow_operators']) retrieved from /home/miminari/repos/airflow_project/env/lib/python3.10/site-packages/airflow/example_dags/example_dynamic_task_mapping_with_no_taskflow_operators.py
[2023-08-31T19:12:08.957+0300] {logging_mixin.py:151} INFO - [2023-08-31T19:12:08.957+0300] {manager.py:501} INFO - Created Permission View: can read on DAG:example_dynamic_task_mapping_with_no_taskflow_operators
[2023-08-31T19:12:08.965+0300] {logging_mixin.py:151} INFO - [2023-08-31T19:12:08.965+0300] {manager.py:501} INFO - Created Permission View: can delete on DAG:example_dynamic_task_mapping_with_no_taskflow_operators
[2023-08-31T19:12:08.970+0300] {logging_mixin.py:151} INFO - [2023-08-31T19:12:08.970+0300] {manager.py:501} INFO - Created Permission View: can edit on DAG:example_dynamic_task_mapping_with_no_taskflow_operators
[2023-08-31T19:12:08.980+0300] {logging_mixin.py:151} INFO - [2023-08-31T19:12:08.980+0300] {dag.py:2907} INFO - Sync 1 DAGs
[2023-08-31T19:12:08.989+0300] {logging_mixin.py:151} INFO - [2023-08-31T19:12:08.989+0300] {dag.py:2929} INFO - Creating ORM DAG for example_dynamic_task_mapping_with_no_taskflow_operators
[2023-08-31T19:12:08.998+0300] {logging_mixin.py:151} INFO - [2023-08-31T19:12:08.998+0300] {dag.py:3677} INFO - Setting next_dagrun for example_dynamic_task_mapping_with_no_taskflow_operators to 2023-08-30T16:12:08.998392+00:00, run_after=2023-08-31T16:12:08.998392+00:00
[2023-08-31T19:12:09.012+0300] {processor.py:179} INFO - Processing /home/miminari/repos/airflow_project/env/lib/python3.10/site-packages/airflow/example_dags/example_dynamic_task_mapping_with_no_taskflow_operators.py took 0.148 seconds
[2023-08-31T19:12:39.750+0300] {processor.py:157} INFO - Started process (PID=18723) to work on /home/miminari/repos/airflow_project/env/lib/python3.10/site-packages/airflow/example_dags/example_dynamic_task_mapping_with_no_taskflow_operators.py
[2023-08-31T19:12:39.750+0300] {processor.py:829} INFO - Processing file /home/miminari/repos/airflow_project/env/lib/python3.10/site-packages/airflow/example_dags/example_dynamic_task_mapping_with_no_taskflow_operators.py for tasks to queue
[2023-08-31T19:12:39.751+0300] {logging_mixin.py:151} INFO - [2023-08-31T19:12:39.751+0300] {dagbag.py:539} INFO - Filling up the DagBag from /home/miminari/repos/airflow_project/env/lib/python3.10/site-packages/airflow/example_dags/example_dynamic_task_mapping_with_no_taskflow_operators.py
[2023-08-31T19:12:39.756+0300] {processor.py:839} INFO - DAG(s) dict_keys(['example_dynamic_task_mapping_with_no_taskflow_operators']) retrieved from /home/miminari/repos/airflow_project/env/lib/python3.10/site-packages/airflow/example_dags/example_dynamic_task_mapping_with_no_taskflow_operators.py
[2023-08-31T19:12:39.781+0300] {logging_mixin.py:151} INFO - [2023-08-31T19:12:39.780+0300] {dag.py:2907} INFO - Sync 1 DAGs
[2023-08-31T19:12:39.803+0300] {logging_mixin.py:151} INFO - [2023-08-31T19:12:39.803+0300] {dag.py:3677} INFO - Setting next_dagrun for example_dynamic_task_mapping_with_no_taskflow_operators to 2023-08-30T16:12:39.803294+00:00, run_after=2023-08-31T16:12:39.803294+00:00
[2023-08-31T19:12:39.818+0300] {processor.py:179} INFO - Processing /home/miminari/repos/airflow_project/env/lib/python3.10/site-packages/airflow/example_dags/example_dynamic_task_mapping_with_no_taskflow_operators.py took 0.070 seconds
[2023-08-31T19:13:09.882+0300] {processor.py:157} INFO - Started process (PID=18822) to work on /home/miminari/repos/airflow_project/env/lib/python3.10/site-packages/airflow/example_dags/example_dynamic_task_mapping_with_no_taskflow_operators.py
[2023-08-31T19:13:09.883+0300] {processor.py:829} INFO - Processing file /home/miminari/repos/airflow_project/env/lib/python3.10/site-packages/airflow/example_dags/example_dynamic_task_mapping_with_no_taskflow_operators.py for tasks to queue
[2023-08-31T19:13:09.884+0300] {logging_mixin.py:151} INFO - [2023-08-31T19:13:09.883+0300] {dagbag.py:539} INFO - Filling up the DagBag from /home/miminari/repos/airflow_project/env/lib/python3.10/site-packages/airflow/example_dags/example_dynamic_task_mapping_with_no_taskflow_operators.py
[2023-08-31T19:13:09.889+0300] {processor.py:839} INFO - DAG(s) dict_keys(['example_dynamic_task_mapping_with_no_taskflow_operators']) retrieved from /home/miminari/repos/airflow_project/env/lib/python3.10/site-packages/airflow/example_dags/example_dynamic_task_mapping_with_no_taskflow_operators.py
[2023-08-31T19:13:09.914+0300] {logging_mixin.py:151} INFO - [2023-08-31T19:13:09.914+0300] {dag.py:2907} INFO - Sync 1 DAGs
[2023-08-31T19:13:09.932+0300] {logging_mixin.py:151} INFO - [2023-08-31T19:13:09.932+0300] {dag.py:3677} INFO - Setting next_dagrun for example_dynamic_task_mapping_with_no_taskflow_operators to 2023-08-30T16:13:09.932278+00:00, run_after=2023-08-31T16:13:09.932278+00:00
[2023-08-31T19:13:09.944+0300] {processor.py:179} INFO - Processing /home/miminari/repos/airflow_project/env/lib/python3.10/site-packages/airflow/example_dags/example_dynamic_task_mapping_with_no_taskflow_operators.py took 0.064 seconds
[2023-08-31T19:13:39.997+0300] {processor.py:157} INFO - Started process (PID=18930) to work on /home/miminari/repos/airflow_project/env/lib/python3.10/site-packages/airflow/example_dags/example_dynamic_task_mapping_with_no_taskflow_operators.py
[2023-08-31T19:13:39.998+0300] {processor.py:829} INFO - Processing file /home/miminari/repos/airflow_project/env/lib/python3.10/site-packages/airflow/example_dags/example_dynamic_task_mapping_with_no_taskflow_operators.py for tasks to queue
[2023-08-31T19:13:39.998+0300] {logging_mixin.py:151} INFO - [2023-08-31T19:13:39.998+0300] {dagbag.py:539} INFO - Filling up the DagBag from /home/miminari/repos/airflow_project/env/lib/python3.10/site-packages/airflow/example_dags/example_dynamic_task_mapping_with_no_taskflow_operators.py
[2023-08-31T19:13:40.004+0300] {processor.py:839} INFO - DAG(s) dict_keys(['example_dynamic_task_mapping_with_no_taskflow_operators']) retrieved from /home/miminari/repos/airflow_project/env/lib/python3.10/site-packages/airflow/example_dags/example_dynamic_task_mapping_with_no_taskflow_operators.py
[2023-08-31T19:13:40.026+0300] {logging_mixin.py:151} INFO - [2023-08-31T19:13:40.025+0300] {dag.py:2907} INFO - Sync 1 DAGs
[2023-08-31T19:13:40.044+0300] {logging_mixin.py:151} INFO - [2023-08-31T19:13:40.044+0300] {dag.py:3677} INFO - Setting next_dagrun for example_dynamic_task_mapping_with_no_taskflow_operators to 2023-08-30T16:13:40.044089+00:00, run_after=2023-08-31T16:13:40.044089+00:00
[2023-08-31T19:13:40.059+0300] {processor.py:179} INFO - Processing /home/miminari/repos/airflow_project/env/lib/python3.10/site-packages/airflow/example_dags/example_dynamic_task_mapping_with_no_taskflow_operators.py took 0.064 seconds
[2023-08-31T19:14:10.192+0300] {processor.py:157} INFO - Started process (PID=19028) to work on /home/miminari/repos/airflow_project/env/lib/python3.10/site-packages/airflow/example_dags/example_dynamic_task_mapping_with_no_taskflow_operators.py
[2023-08-31T19:14:10.193+0300] {processor.py:829} INFO - Processing file /home/miminari/repos/airflow_project/env/lib/python3.10/site-packages/airflow/example_dags/example_dynamic_task_mapping_with_no_taskflow_operators.py for tasks to queue
[2023-08-31T19:14:10.193+0300] {logging_mixin.py:151} INFO - [2023-08-31T19:14:10.193+0300] {dagbag.py:539} INFO - Filling up the DagBag from /home/miminari/repos/airflow_project/env/lib/python3.10/site-packages/airflow/example_dags/example_dynamic_task_mapping_with_no_taskflow_operators.py
[2023-08-31T19:14:10.198+0300] {processor.py:839} INFO - DAG(s) dict_keys(['example_dynamic_task_mapping_with_no_taskflow_operators']) retrieved from /home/miminari/repos/airflow_project/env/lib/python3.10/site-packages/airflow/example_dags/example_dynamic_task_mapping_with_no_taskflow_operators.py
[2023-08-31T19:14:10.221+0300] {logging_mixin.py:151} INFO - [2023-08-31T19:14:10.221+0300] {dag.py:2907} INFO - Sync 1 DAGs
[2023-08-31T19:14:10.244+0300] {logging_mixin.py:151} INFO - [2023-08-31T19:14:10.244+0300] {dag.py:3677} INFO - Setting next_dagrun for example_dynamic_task_mapping_with_no_taskflow_operators to 2023-08-30T16:14:10.244485+00:00, run_after=2023-08-31T16:14:10.244485+00:00
[2023-08-31T19:14:10.259+0300] {processor.py:179} INFO - Processing /home/miminari/repos/airflow_project/env/lib/python3.10/site-packages/airflow/example_dags/example_dynamic_task_mapping_with_no_taskflow_operators.py took 0.069 seconds
[2023-08-31T19:14:40.308+0300] {processor.py:157} INFO - Started process (PID=19123) to work on /home/miminari/repos/airflow_project/env/lib/python3.10/site-packages/airflow/example_dags/example_dynamic_task_mapping_with_no_taskflow_operators.py
[2023-08-31T19:14:40.309+0300] {processor.py:829} INFO - Processing file /home/miminari/repos/airflow_project/env/lib/python3.10/site-packages/airflow/example_dags/example_dynamic_task_mapping_with_no_taskflow_operators.py for tasks to queue
[2023-08-31T19:14:40.310+0300] {logging_mixin.py:151} INFO - [2023-08-31T19:14:40.309+0300] {dagbag.py:539} INFO - Filling up the DagBag from /home/miminari/repos/airflow_project/env/lib/python3.10/site-packages/airflow/example_dags/example_dynamic_task_mapping_with_no_taskflow_operators.py
[2023-08-31T19:14:40.315+0300] {processor.py:839} INFO - DAG(s) dict_keys(['example_dynamic_task_mapping_with_no_taskflow_operators']) retrieved from /home/miminari/repos/airflow_project/env/lib/python3.10/site-packages/airflow/example_dags/example_dynamic_task_mapping_with_no_taskflow_operators.py
[2023-08-31T19:14:40.337+0300] {logging_mixin.py:151} INFO - [2023-08-31T19:14:40.337+0300] {dag.py:2907} INFO - Sync 1 DAGs
[2023-08-31T19:14:40.356+0300] {logging_mixin.py:151} INFO - [2023-08-31T19:14:40.355+0300] {dag.py:3677} INFO - Setting next_dagrun for example_dynamic_task_mapping_with_no_taskflow_operators to 2023-08-30T16:14:40.355709+00:00, run_after=2023-08-31T16:14:40.355709+00:00
[2023-08-31T19:14:40.369+0300] {processor.py:179} INFO - Processing /home/miminari/repos/airflow_project/env/lib/python3.10/site-packages/airflow/example_dags/example_dynamic_task_mapping_with_no_taskflow_operators.py took 0.063 seconds
[2023-08-31T19:15:10.643+0300] {processor.py:157} INFO - Started process (PID=19323) to work on /home/miminari/repos/airflow_project/env/lib/python3.10/site-packages/airflow/example_dags/example_dynamic_task_mapping_with_no_taskflow_operators.py
[2023-08-31T19:15:10.644+0300] {processor.py:829} INFO - Processing file /home/miminari/repos/airflow_project/env/lib/python3.10/site-packages/airflow/example_dags/example_dynamic_task_mapping_with_no_taskflow_operators.py for tasks to queue
[2023-08-31T19:15:10.645+0300] {logging_mixin.py:151} INFO - [2023-08-31T19:15:10.645+0300] {dagbag.py:539} INFO - Filling up the DagBag from /home/miminari/repos/airflow_project/env/lib/python3.10/site-packages/airflow/example_dags/example_dynamic_task_mapping_with_no_taskflow_operators.py
[2023-08-31T19:15:10.651+0300] {processor.py:839} INFO - DAG(s) dict_keys(['example_dynamic_task_mapping_with_no_taskflow_operators']) retrieved from /home/miminari/repos/airflow_project/env/lib/python3.10/site-packages/airflow/example_dags/example_dynamic_task_mapping_with_no_taskflow_operators.py
[2023-08-31T19:15:10.676+0300] {logging_mixin.py:151} INFO - [2023-08-31T19:15:10.676+0300] {dag.py:2907} INFO - Sync 1 DAGs
[2023-08-31T19:15:10.696+0300] {logging_mixin.py:151} INFO - [2023-08-31T19:15:10.696+0300] {dag.py:3677} INFO - Setting next_dagrun for example_dynamic_task_mapping_with_no_taskflow_operators to 2023-08-30T16:15:10.696130+00:00, run_after=2023-08-31T16:15:10.696130+00:00
[2023-08-31T19:15:10.713+0300] {processor.py:179} INFO - Processing /home/miminari/repos/airflow_project/env/lib/python3.10/site-packages/airflow/example_dags/example_dynamic_task_mapping_with_no_taskflow_operators.py took 0.075 seconds
[2023-08-31T19:15:40.907+0300] {processor.py:157} INFO - Started process (PID=19422) to work on /home/miminari/repos/airflow_project/env/lib/python3.10/site-packages/airflow/example_dags/example_dynamic_task_mapping_with_no_taskflow_operators.py
[2023-08-31T19:15:40.908+0300] {processor.py:829} INFO - Processing file /home/miminari/repos/airflow_project/env/lib/python3.10/site-packages/airflow/example_dags/example_dynamic_task_mapping_with_no_taskflow_operators.py for tasks to queue
[2023-08-31T19:15:40.908+0300] {logging_mixin.py:151} INFO - [2023-08-31T19:15:40.908+0300] {dagbag.py:539} INFO - Filling up the DagBag from /home/miminari/repos/airflow_project/env/lib/python3.10/site-packages/airflow/example_dags/example_dynamic_task_mapping_with_no_taskflow_operators.py
[2023-08-31T19:15:40.913+0300] {processor.py:839} INFO - DAG(s) dict_keys(['example_dynamic_task_mapping_with_no_taskflow_operators']) retrieved from /home/miminari/repos/airflow_project/env/lib/python3.10/site-packages/airflow/example_dags/example_dynamic_task_mapping_with_no_taskflow_operators.py
[2023-08-31T19:15:40.937+0300] {logging_mixin.py:151} INFO - [2023-08-31T19:15:40.937+0300] {dag.py:2907} INFO - Sync 1 DAGs
[2023-08-31T19:15:40.956+0300] {logging_mixin.py:151} INFO - [2023-08-31T19:15:40.955+0300] {dag.py:3677} INFO - Setting next_dagrun for example_dynamic_task_mapping_with_no_taskflow_operators to 2023-08-30T16:15:40.955734+00:00, run_after=2023-08-31T16:15:40.955734+00:00
[2023-08-31T19:15:40.973+0300] {processor.py:179} INFO - Processing /home/miminari/repos/airflow_project/env/lib/python3.10/site-packages/airflow/example_dags/example_dynamic_task_mapping_with_no_taskflow_operators.py took 0.068 seconds
[2023-08-31T19:16:11.246+0300] {processor.py:157} INFO - Started process (PID=19577) to work on /home/miminari/repos/airflow_project/env/lib/python3.10/site-packages/airflow/example_dags/example_dynamic_task_mapping_with_no_taskflow_operators.py
[2023-08-31T19:16:11.247+0300] {processor.py:829} INFO - Processing file /home/miminari/repos/airflow_project/env/lib/python3.10/site-packages/airflow/example_dags/example_dynamic_task_mapping_with_no_taskflow_operators.py for tasks to queue
[2023-08-31T19:16:11.248+0300] {logging_mixin.py:151} INFO - [2023-08-31T19:16:11.247+0300] {dagbag.py:539} INFO - Filling up the DagBag from /home/miminari/repos/airflow_project/env/lib/python3.10/site-packages/airflow/example_dags/example_dynamic_task_mapping_with_no_taskflow_operators.py
[2023-08-31T19:16:11.253+0300] {processor.py:839} INFO - DAG(s) dict_keys(['example_dynamic_task_mapping_with_no_taskflow_operators']) retrieved from /home/miminari/repos/airflow_project/env/lib/python3.10/site-packages/airflow/example_dags/example_dynamic_task_mapping_with_no_taskflow_operators.py
[2023-08-31T19:16:11.281+0300] {logging_mixin.py:151} INFO - [2023-08-31T19:16:11.281+0300] {dag.py:2907} INFO - Sync 1 DAGs
[2023-08-31T19:16:11.307+0300] {logging_mixin.py:151} INFO - [2023-08-31T19:16:11.307+0300] {dag.py:3677} INFO - Setting next_dagrun for example_dynamic_task_mapping_with_no_taskflow_operators to 2023-08-30T16:16:11.307417+00:00, run_after=2023-08-31T16:16:11.307417+00:00
[2023-08-31T19:16:11.321+0300] {processor.py:179} INFO - Processing /home/miminari/repos/airflow_project/env/lib/python3.10/site-packages/airflow/example_dags/example_dynamic_task_mapping_with_no_taskflow_operators.py took 0.078 seconds
[2023-08-31T19:16:41.549+0300] {processor.py:157} INFO - Started process (PID=19677) to work on /home/miminari/repos/airflow_project/env/lib/python3.10/site-packages/airflow/example_dags/example_dynamic_task_mapping_with_no_taskflow_operators.py
[2023-08-31T19:16:41.555+0300] {processor.py:829} INFO - Processing file /home/miminari/repos/airflow_project/env/lib/python3.10/site-packages/airflow/example_dags/example_dynamic_task_mapping_with_no_taskflow_operators.py for tasks to queue
[2023-08-31T19:16:41.556+0300] {logging_mixin.py:151} INFO - [2023-08-31T19:16:41.555+0300] {dagbag.py:539} INFO - Filling up the DagBag from /home/miminari/repos/airflow_project/env/lib/python3.10/site-packages/airflow/example_dags/example_dynamic_task_mapping_with_no_taskflow_operators.py
[2023-08-31T19:16:41.568+0300] {processor.py:839} INFO - DAG(s) dict_keys(['example_dynamic_task_mapping_with_no_taskflow_operators']) retrieved from /home/miminari/repos/airflow_project/env/lib/python3.10/site-packages/airflow/example_dags/example_dynamic_task_mapping_with_no_taskflow_operators.py
[2023-08-31T19:16:41.603+0300] {logging_mixin.py:151} INFO - [2023-08-31T19:16:41.603+0300] {dag.py:2907} INFO - Sync 1 DAGs
[2023-08-31T19:16:41.626+0300] {logging_mixin.py:151} INFO - [2023-08-31T19:16:41.626+0300] {dag.py:3677} INFO - Setting next_dagrun for example_dynamic_task_mapping_with_no_taskflow_operators to 2023-08-30T16:16:41.626232+00:00, run_after=2023-08-31T16:16:41.626232+00:00
[2023-08-31T19:16:41.655+0300] {processor.py:179} INFO - Processing /home/miminari/repos/airflow_project/env/lib/python3.10/site-packages/airflow/example_dags/example_dynamic_task_mapping_with_no_taskflow_operators.py took 0.108 seconds
[2023-08-31T19:17:11.793+0300] {processor.py:157} INFO - Started process (PID=19827) to work on /home/miminari/repos/airflow_project/env/lib/python3.10/site-packages/airflow/example_dags/example_dynamic_task_mapping_with_no_taskflow_operators.py
[2023-08-31T19:17:11.794+0300] {processor.py:829} INFO - Processing file /home/miminari/repos/airflow_project/env/lib/python3.10/site-packages/airflow/example_dags/example_dynamic_task_mapping_with_no_taskflow_operators.py for tasks to queue
[2023-08-31T19:17:11.794+0300] {logging_mixin.py:151} INFO - [2023-08-31T19:17:11.794+0300] {dagbag.py:539} INFO - Filling up the DagBag from /home/miminari/repos/airflow_project/env/lib/python3.10/site-packages/airflow/example_dags/example_dynamic_task_mapping_with_no_taskflow_operators.py
[2023-08-31T19:17:11.800+0300] {processor.py:839} INFO - DAG(s) dict_keys(['example_dynamic_task_mapping_with_no_taskflow_operators']) retrieved from /home/miminari/repos/airflow_project/env/lib/python3.10/site-packages/airflow/example_dags/example_dynamic_task_mapping_with_no_taskflow_operators.py
[2023-08-31T19:17:11.825+0300] {logging_mixin.py:151} INFO - [2023-08-31T19:17:11.825+0300] {dag.py:2907} INFO - Sync 1 DAGs
[2023-08-31T19:17:11.845+0300] {logging_mixin.py:151} INFO - [2023-08-31T19:17:11.844+0300] {dag.py:3677} INFO - Setting next_dagrun for example_dynamic_task_mapping_with_no_taskflow_operators to 2023-08-30T16:17:11.844560+00:00, run_after=2023-08-31T16:17:11.844560+00:00
[2023-08-31T19:17:11.861+0300] {processor.py:179} INFO - Processing /home/miminari/repos/airflow_project/env/lib/python3.10/site-packages/airflow/example_dags/example_dynamic_task_mapping_with_no_taskflow_operators.py took 0.074 seconds
[2023-08-31T19:17:42.055+0300] {processor.py:157} INFO - Started process (PID=19943) to work on /home/miminari/repos/airflow_project/env/lib/python3.10/site-packages/airflow/example_dags/example_dynamic_task_mapping_with_no_taskflow_operators.py
[2023-08-31T19:17:42.056+0300] {processor.py:829} INFO - Processing file /home/miminari/repos/airflow_project/env/lib/python3.10/site-packages/airflow/example_dags/example_dynamic_task_mapping_with_no_taskflow_operators.py for tasks to queue
[2023-08-31T19:17:42.056+0300] {logging_mixin.py:151} INFO - [2023-08-31T19:17:42.056+0300] {dagbag.py:539} INFO - Filling up the DagBag from /home/miminari/repos/airflow_project/env/lib/python3.10/site-packages/airflow/example_dags/example_dynamic_task_mapping_with_no_taskflow_operators.py
[2023-08-31T19:17:42.061+0300] {processor.py:839} INFO - DAG(s) dict_keys(['example_dynamic_task_mapping_with_no_taskflow_operators']) retrieved from /home/miminari/repos/airflow_project/env/lib/python3.10/site-packages/airflow/example_dags/example_dynamic_task_mapping_with_no_taskflow_operators.py
[2023-08-31T19:17:42.090+0300] {logging_mixin.py:151} INFO - [2023-08-31T19:17:42.089+0300] {dag.py:2907} INFO - Sync 1 DAGs
[2023-08-31T19:17:42.108+0300] {logging_mixin.py:151} INFO - [2023-08-31T19:17:42.107+0300] {dag.py:3677} INFO - Setting next_dagrun for example_dynamic_task_mapping_with_no_taskflow_operators to 2023-08-30T16:17:42.107662+00:00, run_after=2023-08-31T16:17:42.107662+00:00
[2023-08-31T19:17:42.122+0300] {processor.py:179} INFO - Processing /home/miminari/repos/airflow_project/env/lib/python3.10/site-packages/airflow/example_dags/example_dynamic_task_mapping_with_no_taskflow_operators.py took 0.069 seconds
[2023-08-31T19:18:12.182+0300] {processor.py:157} INFO - Started process (PID=20093) to work on /home/miminari/repos/airflow_project/env/lib/python3.10/site-packages/airflow/example_dags/example_dynamic_task_mapping_with_no_taskflow_operators.py
[2023-08-31T19:18:12.183+0300] {processor.py:829} INFO - Processing file /home/miminari/repos/airflow_project/env/lib/python3.10/site-packages/airflow/example_dags/example_dynamic_task_mapping_with_no_taskflow_operators.py for tasks to queue
[2023-08-31T19:18:12.183+0300] {logging_mixin.py:151} INFO - [2023-08-31T19:18:12.183+0300] {dagbag.py:539} INFO - Filling up the DagBag from /home/miminari/repos/airflow_project/env/lib/python3.10/site-packages/airflow/example_dags/example_dynamic_task_mapping_with_no_taskflow_operators.py
[2023-08-31T19:18:12.189+0300] {processor.py:839} INFO - DAG(s) dict_keys(['example_dynamic_task_mapping_with_no_taskflow_operators']) retrieved from /home/miminari/repos/airflow_project/env/lib/python3.10/site-packages/airflow/example_dags/example_dynamic_task_mapping_with_no_taskflow_operators.py
[2023-08-31T19:18:12.211+0300] {logging_mixin.py:151} INFO - [2023-08-31T19:18:12.211+0300] {dag.py:2907} INFO - Sync 1 DAGs
[2023-08-31T19:18:12.230+0300] {logging_mixin.py:151} INFO - [2023-08-31T19:18:12.230+0300] {dag.py:3677} INFO - Setting next_dagrun for example_dynamic_task_mapping_with_no_taskflow_operators to 2023-08-30T16:18:12.230269+00:00, run_after=2023-08-31T16:18:12.230269+00:00
[2023-08-31T19:18:12.243+0300] {processor.py:179} INFO - Processing /home/miminari/repos/airflow_project/env/lib/python3.10/site-packages/airflow/example_dags/example_dynamic_task_mapping_with_no_taskflow_operators.py took 0.064 seconds
[2023-08-31T19:18:42.322+0300] {processor.py:157} INFO - Started process (PID=20187) to work on /home/miminari/repos/airflow_project/env/lib/python3.10/site-packages/airflow/example_dags/example_dynamic_task_mapping_with_no_taskflow_operators.py
[2023-08-31T19:18:42.323+0300] {processor.py:829} INFO - Processing file /home/miminari/repos/airflow_project/env/lib/python3.10/site-packages/airflow/example_dags/example_dynamic_task_mapping_with_no_taskflow_operators.py for tasks to queue
[2023-08-31T19:18:42.323+0300] {logging_mixin.py:151} INFO - [2023-08-31T19:18:42.323+0300] {dagbag.py:539} INFO - Filling up the DagBag from /home/miminari/repos/airflow_project/env/lib/python3.10/site-packages/airflow/example_dags/example_dynamic_task_mapping_with_no_taskflow_operators.py
[2023-08-31T19:18:42.329+0300] {processor.py:839} INFO - DAG(s) dict_keys(['example_dynamic_task_mapping_with_no_taskflow_operators']) retrieved from /home/miminari/repos/airflow_project/env/lib/python3.10/site-packages/airflow/example_dags/example_dynamic_task_mapping_with_no_taskflow_operators.py
[2023-08-31T19:18:42.353+0300] {logging_mixin.py:151} INFO - [2023-08-31T19:18:42.353+0300] {dag.py:2907} INFO - Sync 1 DAGs
[2023-08-31T19:18:42.371+0300] {logging_mixin.py:151} INFO - [2023-08-31T19:18:42.371+0300] {dag.py:3677} INFO - Setting next_dagrun for example_dynamic_task_mapping_with_no_taskflow_operators to 2023-08-30T16:18:42.371487+00:00, run_after=2023-08-31T16:18:42.371487+00:00
[2023-08-31T19:18:42.391+0300] {processor.py:179} INFO - Processing /home/miminari/repos/airflow_project/env/lib/python3.10/site-packages/airflow/example_dags/example_dynamic_task_mapping_with_no_taskflow_operators.py took 0.072 seconds
[2023-08-31T19:19:12.787+0300] {processor.py:157} INFO - Started process (PID=20293) to work on /home/miminari/repos/airflow_project/env/lib/python3.10/site-packages/airflow/example_dags/example_dynamic_task_mapping_with_no_taskflow_operators.py
[2023-08-31T19:19:12.788+0300] {processor.py:829} INFO - Processing file /home/miminari/repos/airflow_project/env/lib/python3.10/site-packages/airflow/example_dags/example_dynamic_task_mapping_with_no_taskflow_operators.py for tasks to queue
[2023-08-31T19:19:12.789+0300] {logging_mixin.py:151} INFO - [2023-08-31T19:19:12.788+0300] {dagbag.py:539} INFO - Filling up the DagBag from /home/miminari/repos/airflow_project/env/lib/python3.10/site-packages/airflow/example_dags/example_dynamic_task_mapping_with_no_taskflow_operators.py
[2023-08-31T19:19:12.794+0300] {processor.py:839} INFO - DAG(s) dict_keys(['example_dynamic_task_mapping_with_no_taskflow_operators']) retrieved from /home/miminari/repos/airflow_project/env/lib/python3.10/site-packages/airflow/example_dags/example_dynamic_task_mapping_with_no_taskflow_operators.py
[2023-08-31T19:19:12.840+0300] {logging_mixin.py:151} INFO - [2023-08-31T19:19:12.840+0300] {dag.py:2907} INFO - Sync 1 DAGs
[2023-08-31T19:19:12.861+0300] {logging_mixin.py:151} INFO - [2023-08-31T19:19:12.861+0300] {dag.py:3677} INFO - Setting next_dagrun for example_dynamic_task_mapping_with_no_taskflow_operators to 2023-08-30T16:19:12.861459+00:00, run_after=2023-08-31T16:19:12.861459+00:00
[2023-08-31T19:19:12.874+0300] {processor.py:179} INFO - Processing /home/miminari/repos/airflow_project/env/lib/python3.10/site-packages/airflow/example_dags/example_dynamic_task_mapping_with_no_taskflow_operators.py took 0.089 seconds
[2023-08-31T19:19:43.225+0300] {processor.py:157} INFO - Started process (PID=20392) to work on /home/miminari/repos/airflow_project/env/lib/python3.10/site-packages/airflow/example_dags/example_dynamic_task_mapping_with_no_taskflow_operators.py
[2023-08-31T19:19:43.226+0300] {processor.py:829} INFO - Processing file /home/miminari/repos/airflow_project/env/lib/python3.10/site-packages/airflow/example_dags/example_dynamic_task_mapping_with_no_taskflow_operators.py for tasks to queue
[2023-08-31T19:19:43.227+0300] {logging_mixin.py:151} INFO - [2023-08-31T19:19:43.227+0300] {dagbag.py:539} INFO - Filling up the DagBag from /home/miminari/repos/airflow_project/env/lib/python3.10/site-packages/airflow/example_dags/example_dynamic_task_mapping_with_no_taskflow_operators.py
[2023-08-31T19:19:43.234+0300] {processor.py:839} INFO - DAG(s) dict_keys(['example_dynamic_task_mapping_with_no_taskflow_operators']) retrieved from /home/miminari/repos/airflow_project/env/lib/python3.10/site-packages/airflow/example_dags/example_dynamic_task_mapping_with_no_taskflow_operators.py
[2023-08-31T19:19:43.258+0300] {logging_mixin.py:151} INFO - [2023-08-31T19:19:43.257+0300] {dag.py:2907} INFO - Sync 1 DAGs
[2023-08-31T19:19:43.280+0300] {logging_mixin.py:151} INFO - [2023-08-31T19:19:43.280+0300] {dag.py:3677} INFO - Setting next_dagrun for example_dynamic_task_mapping_with_no_taskflow_operators to 2023-08-30T16:19:43.280014+00:00, run_after=2023-08-31T16:19:43.280014+00:00
[2023-08-31T19:19:43.299+0300] {processor.py:179} INFO - Processing /home/miminari/repos/airflow_project/env/lib/python3.10/site-packages/airflow/example_dags/example_dynamic_task_mapping_with_no_taskflow_operators.py took 0.076 seconds
