[2023-08-31T19:12:09.019+0300] {processor.py:157} INFO - Started process (PID=18617) to work on /home/miminari/repos/airflow_project/env/lib/python3.10/site-packages/airflow/example_dags/example_params_trigger_ui.py
[2023-08-31T19:12:09.020+0300] {processor.py:829} INFO - Processing file /home/miminari/repos/airflow_project/env/lib/python3.10/site-packages/airflow/example_dags/example_params_trigger_ui.py for tasks to queue
[2023-08-31T19:12:09.020+0300] {logging_mixin.py:151} INFO - [2023-08-31T19:12:09.020+0300] {dagbag.py:539} INFO - Filling up the DagBag from /home/miminari/repos/airflow_project/env/lib/python3.10/site-packages/airflow/example_dags/example_params_trigger_ui.py
[2023-08-31T19:12:09.033+0300] {processor.py:839} INFO - DAG(s) dict_keys(['example_params_trigger_ui']) retrieved from /home/miminari/repos/airflow_project/env/lib/python3.10/site-packages/airflow/example_dags/example_params_trigger_ui.py
[2023-08-31T19:12:09.149+0300] {logging_mixin.py:151} INFO - [2023-08-31T19:12:09.149+0300] {manager.py:501} INFO - Created Permission View: can read on DAG:example_params_trigger_ui
[2023-08-31T19:12:09.157+0300] {logging_mixin.py:151} INFO - [2023-08-31T19:12:09.157+0300] {manager.py:501} INFO - Created Permission View: can delete on DAG:example_params_trigger_ui
[2023-08-31T19:12:09.162+0300] {logging_mixin.py:151} INFO - [2023-08-31T19:12:09.162+0300] {manager.py:501} INFO - Created Permission View: can edit on DAG:example_params_trigger_ui
[2023-08-31T19:12:09.172+0300] {logging_mixin.py:151} INFO - [2023-08-31T19:12:09.172+0300] {dag.py:2907} INFO - Sync 1 DAGs
[2023-08-31T19:12:09.181+0300] {logging_mixin.py:151} INFO - [2023-08-31T19:12:09.181+0300] {dag.py:2929} INFO - Creating ORM DAG for example_params_trigger_ui
[2023-08-31T19:12:09.182+0300] {logging_mixin.py:151} INFO - [2023-08-31T19:12:09.182+0300] {dag.py:3677} INFO - Setting next_dagrun for example_params_trigger_ui to None, run_after=None
[2023-08-31T19:12:09.195+0300] {processor.py:179} INFO - Processing /home/miminari/repos/airflow_project/env/lib/python3.10/site-packages/airflow/example_dags/example_params_trigger_ui.py took 0.178 seconds
[2023-08-31T19:12:39.838+0300] {processor.py:157} INFO - Started process (PID=18726) to work on /home/miminari/repos/airflow_project/env/lib/python3.10/site-packages/airflow/example_dags/example_params_trigger_ui.py
[2023-08-31T19:12:39.839+0300] {processor.py:829} INFO - Processing file /home/miminari/repos/airflow_project/env/lib/python3.10/site-packages/airflow/example_dags/example_params_trigger_ui.py for tasks to queue
[2023-08-31T19:12:39.839+0300] {logging_mixin.py:151} INFO - [2023-08-31T19:12:39.839+0300] {dagbag.py:539} INFO - Filling up the DagBag from /home/miminari/repos/airflow_project/env/lib/python3.10/site-packages/airflow/example_dags/example_params_trigger_ui.py
[2023-08-31T19:12:39.854+0300] {processor.py:839} INFO - DAG(s) dict_keys(['example_params_trigger_ui']) retrieved from /home/miminari/repos/airflow_project/env/lib/python3.10/site-packages/airflow/example_dags/example_params_trigger_ui.py
[2023-08-31T19:12:39.906+0300] {logging_mixin.py:151} INFO - [2023-08-31T19:12:39.906+0300] {dag.py:2907} INFO - Sync 1 DAGs
[2023-08-31T19:12:39.918+0300] {logging_mixin.py:151} INFO - [2023-08-31T19:12:39.918+0300] {dag.py:3677} INFO - Setting next_dagrun for example_params_trigger_ui to None, run_after=None
[2023-08-31T19:12:39.936+0300] {processor.py:179} INFO - Processing /home/miminari/repos/airflow_project/env/lib/python3.10/site-packages/airflow/example_dags/example_params_trigger_ui.py took 0.102 seconds
[2023-08-31T19:13:09.963+0300] {processor.py:157} INFO - Started process (PID=18825) to work on /home/miminari/repos/airflow_project/env/lib/python3.10/site-packages/airflow/example_dags/example_params_trigger_ui.py
[2023-08-31T19:13:09.964+0300] {processor.py:829} INFO - Processing file /home/miminari/repos/airflow_project/env/lib/python3.10/site-packages/airflow/example_dags/example_params_trigger_ui.py for tasks to queue
[2023-08-31T19:13:09.964+0300] {logging_mixin.py:151} INFO - [2023-08-31T19:13:09.964+0300] {dagbag.py:539} INFO - Filling up the DagBag from /home/miminari/repos/airflow_project/env/lib/python3.10/site-packages/airflow/example_dags/example_params_trigger_ui.py
[2023-08-31T19:13:09.977+0300] {processor.py:839} INFO - DAG(s) dict_keys(['example_params_trigger_ui']) retrieved from /home/miminari/repos/airflow_project/env/lib/python3.10/site-packages/airflow/example_dags/example_params_trigger_ui.py
[2023-08-31T19:13:10.028+0300] {logging_mixin.py:151} INFO - [2023-08-31T19:13:10.028+0300] {dag.py:2907} INFO - Sync 1 DAGs
[2023-08-31T19:13:10.039+0300] {logging_mixin.py:151} INFO - [2023-08-31T19:13:10.039+0300] {dag.py:3677} INFO - Setting next_dagrun for example_params_trigger_ui to None, run_after=None
[2023-08-31T19:13:10.052+0300] {processor.py:179} INFO - Processing /home/miminari/repos/airflow_project/env/lib/python3.10/site-packages/airflow/example_dags/example_params_trigger_ui.py took 0.091 seconds
[2023-08-31T19:13:40.073+0300] {processor.py:157} INFO - Started process (PID=18932) to work on /home/miminari/repos/airflow_project/env/lib/python3.10/site-packages/airflow/example_dags/example_params_trigger_ui.py
[2023-08-31T19:13:40.073+0300] {processor.py:829} INFO - Processing file /home/miminari/repos/airflow_project/env/lib/python3.10/site-packages/airflow/example_dags/example_params_trigger_ui.py for tasks to queue
[2023-08-31T19:13:40.074+0300] {logging_mixin.py:151} INFO - [2023-08-31T19:13:40.074+0300] {dagbag.py:539} INFO - Filling up the DagBag from /home/miminari/repos/airflow_project/env/lib/python3.10/site-packages/airflow/example_dags/example_params_trigger_ui.py
[2023-08-31T19:13:40.086+0300] {processor.py:839} INFO - DAG(s) dict_keys(['example_params_trigger_ui']) retrieved from /home/miminari/repos/airflow_project/env/lib/python3.10/site-packages/airflow/example_dags/example_params_trigger_ui.py
[2023-08-31T19:13:40.136+0300] {logging_mixin.py:151} INFO - [2023-08-31T19:13:40.136+0300] {dag.py:2907} INFO - Sync 1 DAGs
[2023-08-31T19:13:40.147+0300] {logging_mixin.py:151} INFO - [2023-08-31T19:13:40.147+0300] {dag.py:3677} INFO - Setting next_dagrun for example_params_trigger_ui to None, run_after=None
[2023-08-31T19:13:40.176+0300] {processor.py:179} INFO - Processing /home/miminari/repos/airflow_project/env/lib/python3.10/site-packages/airflow/example_dags/example_params_trigger_ui.py took 0.106 seconds
[2023-08-31T19:14:10.267+0300] {processor.py:157} INFO - Started process (PID=19030) to work on /home/miminari/repos/airflow_project/env/lib/python3.10/site-packages/airflow/example_dags/example_params_trigger_ui.py
[2023-08-31T19:14:10.267+0300] {processor.py:829} INFO - Processing file /home/miminari/repos/airflow_project/env/lib/python3.10/site-packages/airflow/example_dags/example_params_trigger_ui.py for tasks to queue
[2023-08-31T19:14:10.268+0300] {logging_mixin.py:151} INFO - [2023-08-31T19:14:10.268+0300] {dagbag.py:539} INFO - Filling up the DagBag from /home/miminari/repos/airflow_project/env/lib/python3.10/site-packages/airflow/example_dags/example_params_trigger_ui.py
[2023-08-31T19:14:10.282+0300] {processor.py:839} INFO - DAG(s) dict_keys(['example_params_trigger_ui']) retrieved from /home/miminari/repos/airflow_project/env/lib/python3.10/site-packages/airflow/example_dags/example_params_trigger_ui.py
[2023-08-31T19:14:10.332+0300] {logging_mixin.py:151} INFO - [2023-08-31T19:14:10.332+0300] {dag.py:2907} INFO - Sync 1 DAGs
[2023-08-31T19:14:10.343+0300] {logging_mixin.py:151} INFO - [2023-08-31T19:14:10.342+0300] {dag.py:3677} INFO - Setting next_dagrun for example_params_trigger_ui to None, run_after=None
[2023-08-31T19:14:10.356+0300] {processor.py:179} INFO - Processing /home/miminari/repos/airflow_project/env/lib/python3.10/site-packages/airflow/example_dags/example_params_trigger_ui.py took 0.092 seconds
[2023-08-31T19:14:40.389+0300] {processor.py:157} INFO - Started process (PID=19127) to work on /home/miminari/repos/airflow_project/env/lib/python3.10/site-packages/airflow/example_dags/example_params_trigger_ui.py
[2023-08-31T19:14:40.390+0300] {processor.py:829} INFO - Processing file /home/miminari/repos/airflow_project/env/lib/python3.10/site-packages/airflow/example_dags/example_params_trigger_ui.py for tasks to queue
[2023-08-31T19:14:40.391+0300] {logging_mixin.py:151} INFO - [2023-08-31T19:14:40.390+0300] {dagbag.py:539} INFO - Filling up the DagBag from /home/miminari/repos/airflow_project/env/lib/python3.10/site-packages/airflow/example_dags/example_params_trigger_ui.py
[2023-08-31T19:14:40.406+0300] {processor.py:839} INFO - DAG(s) dict_keys(['example_params_trigger_ui']) retrieved from /home/miminari/repos/airflow_project/env/lib/python3.10/site-packages/airflow/example_dags/example_params_trigger_ui.py
[2023-08-31T19:14:40.452+0300] {logging_mixin.py:151} INFO - [2023-08-31T19:14:40.452+0300] {dag.py:2907} INFO - Sync 1 DAGs
[2023-08-31T19:14:40.461+0300] {logging_mixin.py:151} INFO - [2023-08-31T19:14:40.461+0300] {dag.py:3677} INFO - Setting next_dagrun for example_params_trigger_ui to None, run_after=None
[2023-08-31T19:14:40.475+0300] {processor.py:179} INFO - Processing /home/miminari/repos/airflow_project/env/lib/python3.10/site-packages/airflow/example_dags/example_params_trigger_ui.py took 0.092 seconds
[2023-08-31T19:15:10.776+0300] {processor.py:157} INFO - Started process (PID=19328) to work on /home/miminari/repos/airflow_project/env/lib/python3.10/site-packages/airflow/example_dags/example_params_trigger_ui.py
[2023-08-31T19:15:10.777+0300] {processor.py:829} INFO - Processing file /home/miminari/repos/airflow_project/env/lib/python3.10/site-packages/airflow/example_dags/example_params_trigger_ui.py for tasks to queue
[2023-08-31T19:15:10.778+0300] {logging_mixin.py:151} INFO - [2023-08-31T19:15:10.777+0300] {dagbag.py:539} INFO - Filling up the DagBag from /home/miminari/repos/airflow_project/env/lib/python3.10/site-packages/airflow/example_dags/example_params_trigger_ui.py
[2023-08-31T19:15:10.796+0300] {processor.py:839} INFO - DAG(s) dict_keys(['example_params_trigger_ui']) retrieved from /home/miminari/repos/airflow_project/env/lib/python3.10/site-packages/airflow/example_dags/example_params_trigger_ui.py
[2023-08-31T19:15:10.852+0300] {logging_mixin.py:151} INFO - [2023-08-31T19:15:10.852+0300] {dag.py:2907} INFO - Sync 1 DAGs
[2023-08-31T19:15:10.864+0300] {logging_mixin.py:151} INFO - [2023-08-31T19:15:10.864+0300] {dag.py:3677} INFO - Setting next_dagrun for example_params_trigger_ui to None, run_after=None
[2023-08-31T19:15:10.882+0300] {processor.py:179} INFO - Processing /home/miminari/repos/airflow_project/env/lib/python3.10/site-packages/airflow/example_dags/example_params_trigger_ui.py took 0.110 seconds
[2023-08-31T19:15:40.975+0300] {processor.py:157} INFO - Started process (PID=19426) to work on /home/miminari/repos/airflow_project/env/lib/python3.10/site-packages/airflow/example_dags/example_params_trigger_ui.py
[2023-08-31T19:15:40.976+0300] {processor.py:829} INFO - Processing file /home/miminari/repos/airflow_project/env/lib/python3.10/site-packages/airflow/example_dags/example_params_trigger_ui.py for tasks to queue
[2023-08-31T19:15:40.976+0300] {logging_mixin.py:151} INFO - [2023-08-31T19:15:40.976+0300] {dagbag.py:539} INFO - Filling up the DagBag from /home/miminari/repos/airflow_project/env/lib/python3.10/site-packages/airflow/example_dags/example_params_trigger_ui.py
[2023-08-31T19:15:40.990+0300] {processor.py:839} INFO - DAG(s) dict_keys(['example_params_trigger_ui']) retrieved from /home/miminari/repos/airflow_project/env/lib/python3.10/site-packages/airflow/example_dags/example_params_trigger_ui.py
[2023-08-31T19:15:41.042+0300] {logging_mixin.py:151} INFO - [2023-08-31T19:15:41.042+0300] {dag.py:2907} INFO - Sync 1 DAGs
[2023-08-31T19:15:41.052+0300] {logging_mixin.py:151} INFO - [2023-08-31T19:15:41.052+0300] {dag.py:3677} INFO - Setting next_dagrun for example_params_trigger_ui to None, run_after=None
[2023-08-31T19:15:41.084+0300] {processor.py:179} INFO - Processing /home/miminari/repos/airflow_project/env/lib/python3.10/site-packages/airflow/example_dags/example_params_trigger_ui.py took 0.112 seconds
[2023-08-31T19:16:11.274+0300] {processor.py:157} INFO - Started process (PID=19579) to work on /home/miminari/repos/airflow_project/env/lib/python3.10/site-packages/airflow/example_dags/example_params_trigger_ui.py
[2023-08-31T19:16:11.275+0300] {processor.py:829} INFO - Processing file /home/miminari/repos/airflow_project/env/lib/python3.10/site-packages/airflow/example_dags/example_params_trigger_ui.py for tasks to queue
[2023-08-31T19:16:11.276+0300] {logging_mixin.py:151} INFO - [2023-08-31T19:16:11.276+0300] {dagbag.py:539} INFO - Filling up the DagBag from /home/miminari/repos/airflow_project/env/lib/python3.10/site-packages/airflow/example_dags/example_params_trigger_ui.py
[2023-08-31T19:16:11.291+0300] {processor.py:839} INFO - DAG(s) dict_keys(['example_params_trigger_ui']) retrieved from /home/miminari/repos/airflow_project/env/lib/python3.10/site-packages/airflow/example_dags/example_params_trigger_ui.py
[2023-08-31T19:16:11.355+0300] {logging_mixin.py:151} INFO - [2023-08-31T19:16:11.354+0300] {dag.py:2907} INFO - Sync 1 DAGs
[2023-08-31T19:16:11.366+0300] {logging_mixin.py:151} INFO - [2023-08-31T19:16:11.366+0300] {dag.py:3677} INFO - Setting next_dagrun for example_params_trigger_ui to None, run_after=None
[2023-08-31T19:16:11.386+0300] {processor.py:179} INFO - Processing /home/miminari/repos/airflow_project/env/lib/python3.10/site-packages/airflow/example_dags/example_params_trigger_ui.py took 0.114 seconds
[2023-08-31T19:16:41.620+0300] {processor.py:157} INFO - Started process (PID=19679) to work on /home/miminari/repos/airflow_project/env/lib/python3.10/site-packages/airflow/example_dags/example_params_trigger_ui.py
[2023-08-31T19:16:41.624+0300] {processor.py:829} INFO - Processing file /home/miminari/repos/airflow_project/env/lib/python3.10/site-packages/airflow/example_dags/example_params_trigger_ui.py for tasks to queue
[2023-08-31T19:16:41.625+0300] {logging_mixin.py:151} INFO - [2023-08-31T19:16:41.624+0300] {dagbag.py:539} INFO - Filling up the DagBag from /home/miminari/repos/airflow_project/env/lib/python3.10/site-packages/airflow/example_dags/example_params_trigger_ui.py
[2023-08-31T19:16:41.644+0300] {processor.py:839} INFO - DAG(s) dict_keys(['example_params_trigger_ui']) retrieved from /home/miminari/repos/airflow_project/env/lib/python3.10/site-packages/airflow/example_dags/example_params_trigger_ui.py
[2023-08-31T19:16:41.695+0300] {logging_mixin.py:151} INFO - [2023-08-31T19:16:41.695+0300] {dag.py:2907} INFO - Sync 1 DAGs
[2023-08-31T19:16:41.708+0300] {logging_mixin.py:151} INFO - [2023-08-31T19:16:41.707+0300] {dag.py:3677} INFO - Setting next_dagrun for example_params_trigger_ui to None, run_after=None
[2023-08-31T19:16:41.733+0300] {processor.py:179} INFO - Processing /home/miminari/repos/airflow_project/env/lib/python3.10/site-packages/airflow/example_dags/example_params_trigger_ui.py took 0.115 seconds
[2023-08-31T19:17:11.843+0300] {processor.py:157} INFO - Started process (PID=19829) to work on /home/miminari/repos/airflow_project/env/lib/python3.10/site-packages/airflow/example_dags/example_params_trigger_ui.py
[2023-08-31T19:17:11.843+0300] {processor.py:829} INFO - Processing file /home/miminari/repos/airflow_project/env/lib/python3.10/site-packages/airflow/example_dags/example_params_trigger_ui.py for tasks to queue
[2023-08-31T19:17:11.845+0300] {logging_mixin.py:151} INFO - [2023-08-31T19:17:11.845+0300] {dagbag.py:539} INFO - Filling up the DagBag from /home/miminari/repos/airflow_project/env/lib/python3.10/site-packages/airflow/example_dags/example_params_trigger_ui.py
[2023-08-31T19:17:11.859+0300] {processor.py:839} INFO - DAG(s) dict_keys(['example_params_trigger_ui']) retrieved from /home/miminari/repos/airflow_project/env/lib/python3.10/site-packages/airflow/example_dags/example_params_trigger_ui.py
[2023-08-31T19:17:11.912+0300] {logging_mixin.py:151} INFO - [2023-08-31T19:17:11.912+0300] {dag.py:2907} INFO - Sync 1 DAGs
[2023-08-31T19:17:11.924+0300] {logging_mixin.py:151} INFO - [2023-08-31T19:17:11.923+0300] {dag.py:3677} INFO - Setting next_dagrun for example_params_trigger_ui to None, run_after=None
[2023-08-31T19:17:11.940+0300] {processor.py:179} INFO - Processing /home/miminari/repos/airflow_project/env/lib/python3.10/site-packages/airflow/example_dags/example_params_trigger_ui.py took 0.099 seconds
