[2023-08-31T19:12:06.279+0300] {processor.py:157} INFO - Started process (PID=18556) to work on /home/miminari/repos/airflow_project/env/lib/python3.10/site-packages/airflow/example_dags/example_task_group.py
[2023-08-31T19:12:06.279+0300] {processor.py:829} INFO - Processing file /home/miminari/repos/airflow_project/env/lib/python3.10/site-packages/airflow/example_dags/example_task_group.py for tasks to queue
[2023-08-31T19:12:06.280+0300] {logging_mixin.py:151} INFO - [2023-08-31T19:12:06.280+0300] {dagbag.py:539} INFO - Filling up the DagBag from /home/miminari/repos/airflow_project/env/lib/python3.10/site-packages/airflow/example_dags/example_task_group.py
[2023-08-31T19:12:06.286+0300] {processor.py:839} INFO - DAG(s) dict_keys(['example_task_group']) retrieved from /home/miminari/repos/airflow_project/env/lib/python3.10/site-packages/airflow/example_dags/example_task_group.py
[2023-08-31T19:12:06.530+0300] {logging_mixin.py:151} INFO - [2023-08-31T19:12:06.530+0300] {manager.py:501} INFO - Created Permission View: can read on DAG:example_task_group
[2023-08-31T19:12:06.537+0300] {logging_mixin.py:151} INFO - [2023-08-31T19:12:06.537+0300] {manager.py:501} INFO - Created Permission View: can delete on DAG:example_task_group
[2023-08-31T19:12:06.542+0300] {logging_mixin.py:151} INFO - [2023-08-31T19:12:06.541+0300] {manager.py:501} INFO - Created Permission View: can edit on DAG:example_task_group
[2023-08-31T19:12:06.552+0300] {logging_mixin.py:151} INFO - [2023-08-31T19:12:06.552+0300] {dag.py:2907} INFO - Sync 1 DAGs
[2023-08-31T19:12:06.560+0300] {logging_mixin.py:151} INFO - [2023-08-31T19:12:06.560+0300] {dag.py:2929} INFO - Creating ORM DAG for example_task_group
[2023-08-31T19:12:06.567+0300] {logging_mixin.py:151} INFO - [2023-08-31T19:12:06.567+0300] {dag.py:3677} INFO - Setting next_dagrun for example_task_group to 2023-08-30T16:12:06.567425+00:00, run_after=2023-08-31T16:12:06.567425+00:00
[2023-08-31T19:12:06.578+0300] {processor.py:179} INFO - Processing /home/miminari/repos/airflow_project/env/lib/python3.10/site-packages/airflow/example_dags/example_task_group.py took 0.302 seconds
[2023-08-31T19:12:36.879+0300] {processor.py:157} INFO - Started process (PID=18680) to work on /home/miminari/repos/airflow_project/env/lib/python3.10/site-packages/airflow/example_dags/example_task_group.py
[2023-08-31T19:12:36.879+0300] {processor.py:829} INFO - Processing file /home/miminari/repos/airflow_project/env/lib/python3.10/site-packages/airflow/example_dags/example_task_group.py for tasks to queue
[2023-08-31T19:12:36.879+0300] {logging_mixin.py:151} INFO - [2023-08-31T19:12:36.879+0300] {dagbag.py:539} INFO - Filling up the DagBag from /home/miminari/repos/airflow_project/env/lib/python3.10/site-packages/airflow/example_dags/example_task_group.py
[2023-08-31T19:12:36.885+0300] {processor.py:839} INFO - DAG(s) dict_keys(['example_task_group']) retrieved from /home/miminari/repos/airflow_project/env/lib/python3.10/site-packages/airflow/example_dags/example_task_group.py
[2023-08-31T19:12:36.911+0300] {logging_mixin.py:151} INFO - [2023-08-31T19:12:36.910+0300] {dag.py:2907} INFO - Sync 1 DAGs
[2023-08-31T19:12:36.929+0300] {logging_mixin.py:151} INFO - [2023-08-31T19:12:36.929+0300] {dag.py:3677} INFO - Setting next_dagrun for example_task_group to 2023-08-30T16:12:36.929016+00:00, run_after=2023-08-31T16:12:36.929016+00:00
[2023-08-31T19:12:36.943+0300] {processor.py:179} INFO - Processing /home/miminari/repos/airflow_project/env/lib/python3.10/site-packages/airflow/example_dags/example_task_group.py took 0.067 seconds
[2023-08-31T19:13:07.042+0300] {processor.py:157} INFO - Started process (PID=18780) to work on /home/miminari/repos/airflow_project/env/lib/python3.10/site-packages/airflow/example_dags/example_task_group.py
[2023-08-31T19:13:07.043+0300] {processor.py:829} INFO - Processing file /home/miminari/repos/airflow_project/env/lib/python3.10/site-packages/airflow/example_dags/example_task_group.py for tasks to queue
[2023-08-31T19:13:07.044+0300] {logging_mixin.py:151} INFO - [2023-08-31T19:13:07.044+0300] {dagbag.py:539} INFO - Filling up the DagBag from /home/miminari/repos/airflow_project/env/lib/python3.10/site-packages/airflow/example_dags/example_task_group.py
[2023-08-31T19:13:07.051+0300] {processor.py:839} INFO - DAG(s) dict_keys(['example_task_group']) retrieved from /home/miminari/repos/airflow_project/env/lib/python3.10/site-packages/airflow/example_dags/example_task_group.py
[2023-08-31T19:13:07.074+0300] {logging_mixin.py:151} INFO - [2023-08-31T19:13:07.074+0300] {dag.py:2907} INFO - Sync 1 DAGs
[2023-08-31T19:13:07.092+0300] {logging_mixin.py:151} INFO - [2023-08-31T19:13:07.092+0300] {dag.py:3677} INFO - Setting next_dagrun for example_task_group to 2023-08-30T16:13:07.092505+00:00, run_after=2023-08-31T16:13:07.092505+00:00
[2023-08-31T19:13:07.107+0300] {processor.py:179} INFO - Processing /home/miminari/repos/airflow_project/env/lib/python3.10/site-packages/airflow/example_dags/example_task_group.py took 0.067 seconds
[2023-08-31T19:13:37.983+0300] {processor.py:157} INFO - Started process (PID=18887) to work on /home/miminari/repos/airflow_project/env/lib/python3.10/site-packages/airflow/example_dags/example_task_group.py
[2023-08-31T19:13:37.984+0300] {processor.py:829} INFO - Processing file /home/miminari/repos/airflow_project/env/lib/python3.10/site-packages/airflow/example_dags/example_task_group.py for tasks to queue
[2023-08-31T19:13:37.984+0300] {logging_mixin.py:151} INFO - [2023-08-31T19:13:37.984+0300] {dagbag.py:539} INFO - Filling up the DagBag from /home/miminari/repos/airflow_project/env/lib/python3.10/site-packages/airflow/example_dags/example_task_group.py
[2023-08-31T19:13:37.990+0300] {processor.py:839} INFO - DAG(s) dict_keys(['example_task_group']) retrieved from /home/miminari/repos/airflow_project/env/lib/python3.10/site-packages/airflow/example_dags/example_task_group.py
[2023-08-31T19:13:38.012+0300] {logging_mixin.py:151} INFO - [2023-08-31T19:13:38.012+0300] {dag.py:2907} INFO - Sync 1 DAGs
[2023-08-31T19:13:38.029+0300] {logging_mixin.py:151} INFO - [2023-08-31T19:13:38.029+0300] {dag.py:3677} INFO - Setting next_dagrun for example_task_group to 2023-08-30T16:13:38.029153+00:00, run_after=2023-08-31T16:13:38.029153+00:00
[2023-08-31T19:13:38.046+0300] {processor.py:179} INFO - Processing /home/miminari/repos/airflow_project/env/lib/python3.10/site-packages/airflow/example_dags/example_task_group.py took 0.065 seconds
[2023-08-31T19:14:08.246+0300] {processor.py:157} INFO - Started process (PID=18985) to work on /home/miminari/repos/airflow_project/env/lib/python3.10/site-packages/airflow/example_dags/example_task_group.py
[2023-08-31T19:14:08.247+0300] {processor.py:829} INFO - Processing file /home/miminari/repos/airflow_project/env/lib/python3.10/site-packages/airflow/example_dags/example_task_group.py for tasks to queue
[2023-08-31T19:14:08.247+0300] {logging_mixin.py:151} INFO - [2023-08-31T19:14:08.247+0300] {dagbag.py:539} INFO - Filling up the DagBag from /home/miminari/repos/airflow_project/env/lib/python3.10/site-packages/airflow/example_dags/example_task_group.py
[2023-08-31T19:14:08.253+0300] {processor.py:839} INFO - DAG(s) dict_keys(['example_task_group']) retrieved from /home/miminari/repos/airflow_project/env/lib/python3.10/site-packages/airflow/example_dags/example_task_group.py
[2023-08-31T19:14:08.278+0300] {logging_mixin.py:151} INFO - [2023-08-31T19:14:08.278+0300] {dag.py:2907} INFO - Sync 1 DAGs
[2023-08-31T19:14:08.303+0300] {logging_mixin.py:151} INFO - [2023-08-31T19:14:08.303+0300] {dag.py:3677} INFO - Setting next_dagrun for example_task_group to 2023-08-30T16:14:08.302863+00:00, run_after=2023-08-31T16:14:08.302863+00:00
[2023-08-31T19:14:08.320+0300] {processor.py:179} INFO - Processing /home/miminari/repos/airflow_project/env/lib/python3.10/site-packages/airflow/example_dags/example_task_group.py took 0.076 seconds
[2023-08-31T19:14:38.407+0300] {processor.py:157} INFO - Started process (PID=19080) to work on /home/miminari/repos/airflow_project/env/lib/python3.10/site-packages/airflow/example_dags/example_task_group.py
[2023-08-31T19:14:38.407+0300] {processor.py:829} INFO - Processing file /home/miminari/repos/airflow_project/env/lib/python3.10/site-packages/airflow/example_dags/example_task_group.py for tasks to queue
[2023-08-31T19:14:38.408+0300] {logging_mixin.py:151} INFO - [2023-08-31T19:14:38.408+0300] {dagbag.py:539} INFO - Filling up the DagBag from /home/miminari/repos/airflow_project/env/lib/python3.10/site-packages/airflow/example_dags/example_task_group.py
[2023-08-31T19:14:38.414+0300] {processor.py:839} INFO - DAG(s) dict_keys(['example_task_group']) retrieved from /home/miminari/repos/airflow_project/env/lib/python3.10/site-packages/airflow/example_dags/example_task_group.py
[2023-08-31T19:14:38.437+0300] {logging_mixin.py:151} INFO - [2023-08-31T19:14:38.437+0300] {dag.py:2907} INFO - Sync 1 DAGs
[2023-08-31T19:14:38.454+0300] {logging_mixin.py:151} INFO - [2023-08-31T19:14:38.454+0300] {dag.py:3677} INFO - Setting next_dagrun for example_task_group to 2023-08-30T16:14:38.454478+00:00, run_after=2023-08-31T16:14:38.454478+00:00
[2023-08-31T19:14:38.470+0300] {processor.py:179} INFO - Processing /home/miminari/repos/airflow_project/env/lib/python3.10/site-packages/airflow/example_dags/example_task_group.py took 0.065 seconds
[2023-08-31T19:15:08.671+0300] {processor.py:157} INFO - Started process (PID=19281) to work on /home/miminari/repos/airflow_project/env/lib/python3.10/site-packages/airflow/example_dags/example_task_group.py
[2023-08-31T19:15:08.671+0300] {processor.py:829} INFO - Processing file /home/miminari/repos/airflow_project/env/lib/python3.10/site-packages/airflow/example_dags/example_task_group.py for tasks to queue
[2023-08-31T19:15:08.672+0300] {logging_mixin.py:151} INFO - [2023-08-31T19:15:08.672+0300] {dagbag.py:539} INFO - Filling up the DagBag from /home/miminari/repos/airflow_project/env/lib/python3.10/site-packages/airflow/example_dags/example_task_group.py
[2023-08-31T19:15:08.679+0300] {processor.py:839} INFO - DAG(s) dict_keys(['example_task_group']) retrieved from /home/miminari/repos/airflow_project/env/lib/python3.10/site-packages/airflow/example_dags/example_task_group.py
[2023-08-31T19:15:08.702+0300] {logging_mixin.py:151} INFO - [2023-08-31T19:15:08.702+0300] {dag.py:2907} INFO - Sync 1 DAGs
[2023-08-31T19:15:08.722+0300] {logging_mixin.py:151} INFO - [2023-08-31T19:15:08.721+0300] {dag.py:3677} INFO - Setting next_dagrun for example_task_group to 2023-08-30T16:15:08.721669+00:00, run_after=2023-08-31T16:15:08.721669+00:00
[2023-08-31T19:15:08.737+0300] {processor.py:179} INFO - Processing /home/miminari/repos/airflow_project/env/lib/python3.10/site-packages/airflow/example_dags/example_task_group.py took 0.069 seconds
[2023-08-31T19:15:38.947+0300] {processor.py:157} INFO - Started process (PID=19379) to work on /home/miminari/repos/airflow_project/env/lib/python3.10/site-packages/airflow/example_dags/example_task_group.py
[2023-08-31T19:15:38.948+0300] {processor.py:829} INFO - Processing file /home/miminari/repos/airflow_project/env/lib/python3.10/site-packages/airflow/example_dags/example_task_group.py for tasks to queue
[2023-08-31T19:15:38.948+0300] {logging_mixin.py:151} INFO - [2023-08-31T19:15:38.948+0300] {dagbag.py:539} INFO - Filling up the DagBag from /home/miminari/repos/airflow_project/env/lib/python3.10/site-packages/airflow/example_dags/example_task_group.py
[2023-08-31T19:15:38.954+0300] {processor.py:839} INFO - DAG(s) dict_keys(['example_task_group']) retrieved from /home/miminari/repos/airflow_project/env/lib/python3.10/site-packages/airflow/example_dags/example_task_group.py
[2023-08-31T19:15:38.979+0300] {logging_mixin.py:151} INFO - [2023-08-31T19:15:38.978+0300] {dag.py:2907} INFO - Sync 1 DAGs
[2023-08-31T19:15:38.997+0300] {logging_mixin.py:151} INFO - [2023-08-31T19:15:38.996+0300] {dag.py:3677} INFO - Setting next_dagrun for example_task_group to 2023-08-30T16:15:38.996637+00:00, run_after=2023-08-31T16:15:38.996637+00:00
[2023-08-31T19:15:39.010+0300] {processor.py:179} INFO - Processing /home/miminari/repos/airflow_project/env/lib/python3.10/site-packages/airflow/example_dags/example_task_group.py took 0.066 seconds
[2023-08-31T19:16:09.158+0300] {processor.py:157} INFO - Started process (PID=19534) to work on /home/miminari/repos/airflow_project/env/lib/python3.10/site-packages/airflow/example_dags/example_task_group.py
[2023-08-31T19:16:09.159+0300] {processor.py:829} INFO - Processing file /home/miminari/repos/airflow_project/env/lib/python3.10/site-packages/airflow/example_dags/example_task_group.py for tasks to queue
[2023-08-31T19:16:09.160+0300] {logging_mixin.py:151} INFO - [2023-08-31T19:16:09.160+0300] {dagbag.py:539} INFO - Filling up the DagBag from /home/miminari/repos/airflow_project/env/lib/python3.10/site-packages/airflow/example_dags/example_task_group.py
[2023-08-31T19:16:09.166+0300] {processor.py:839} INFO - DAG(s) dict_keys(['example_task_group']) retrieved from /home/miminari/repos/airflow_project/env/lib/python3.10/site-packages/airflow/example_dags/example_task_group.py
[2023-08-31T19:16:09.189+0300] {logging_mixin.py:151} INFO - [2023-08-31T19:16:09.189+0300] {dag.py:2907} INFO - Sync 1 DAGs
[2023-08-31T19:16:09.210+0300] {logging_mixin.py:151} INFO - [2023-08-31T19:16:09.210+0300] {dag.py:3677} INFO - Setting next_dagrun for example_task_group to 2023-08-30T16:16:09.209857+00:00, run_after=2023-08-31T16:16:09.209857+00:00
[2023-08-31T19:16:09.223+0300] {processor.py:179} INFO - Processing /home/miminari/repos/airflow_project/env/lib/python3.10/site-packages/airflow/example_dags/example_task_group.py took 0.067 seconds
[2023-08-31T19:16:39.584+0300] {processor.py:157} INFO - Started process (PID=19634) to work on /home/miminari/repos/airflow_project/env/lib/python3.10/site-packages/airflow/example_dags/example_task_group.py
[2023-08-31T19:16:39.585+0300] {processor.py:829} INFO - Processing file /home/miminari/repos/airflow_project/env/lib/python3.10/site-packages/airflow/example_dags/example_task_group.py for tasks to queue
[2023-08-31T19:16:39.585+0300] {logging_mixin.py:151} INFO - [2023-08-31T19:16:39.585+0300] {dagbag.py:539} INFO - Filling up the DagBag from /home/miminari/repos/airflow_project/env/lib/python3.10/site-packages/airflow/example_dags/example_task_group.py
[2023-08-31T19:16:39.591+0300] {processor.py:839} INFO - DAG(s) dict_keys(['example_task_group']) retrieved from /home/miminari/repos/airflow_project/env/lib/python3.10/site-packages/airflow/example_dags/example_task_group.py
[2023-08-31T19:16:39.615+0300] {logging_mixin.py:151} INFO - [2023-08-31T19:16:39.615+0300] {dag.py:2907} INFO - Sync 1 DAGs
[2023-08-31T19:16:39.634+0300] {logging_mixin.py:151} INFO - [2023-08-31T19:16:39.634+0300] {dag.py:3677} INFO - Setting next_dagrun for example_task_group to 2023-08-30T16:16:39.633940+00:00, run_after=2023-08-31T16:16:39.633940+00:00
[2023-08-31T19:16:39.648+0300] {processor.py:179} INFO - Processing /home/miminari/repos/airflow_project/env/lib/python3.10/site-packages/airflow/example_dags/example_task_group.py took 0.066 seconds
[2023-08-31T19:17:09.820+0300] {processor.py:157} INFO - Started process (PID=19783) to work on /home/miminari/repos/airflow_project/env/lib/python3.10/site-packages/airflow/example_dags/example_task_group.py
[2023-08-31T19:17:09.820+0300] {processor.py:829} INFO - Processing file /home/miminari/repos/airflow_project/env/lib/python3.10/site-packages/airflow/example_dags/example_task_group.py for tasks to queue
[2023-08-31T19:17:09.821+0300] {logging_mixin.py:151} INFO - [2023-08-31T19:17:09.821+0300] {dagbag.py:539} INFO - Filling up the DagBag from /home/miminari/repos/airflow_project/env/lib/python3.10/site-packages/airflow/example_dags/example_task_group.py
[2023-08-31T19:17:09.827+0300] {processor.py:839} INFO - DAG(s) dict_keys(['example_task_group']) retrieved from /home/miminari/repos/airflow_project/env/lib/python3.10/site-packages/airflow/example_dags/example_task_group.py
[2023-08-31T19:17:09.849+0300] {logging_mixin.py:151} INFO - [2023-08-31T19:17:09.849+0300] {dag.py:2907} INFO - Sync 1 DAGs
[2023-08-31T19:17:09.867+0300] {logging_mixin.py:151} INFO - [2023-08-31T19:17:09.867+0300] {dag.py:3677} INFO - Setting next_dagrun for example_task_group to 2023-08-30T16:17:09.867009+00:00, run_after=2023-08-31T16:17:09.867009+00:00
[2023-08-31T19:17:09.885+0300] {processor.py:179} INFO - Processing /home/miminari/repos/airflow_project/env/lib/python3.10/site-packages/airflow/example_dags/example_task_group.py took 0.068 seconds
[2023-08-31T19:17:40.078+0300] {processor.py:157} INFO - Started process (PID=19899) to work on /home/miminari/repos/airflow_project/env/lib/python3.10/site-packages/airflow/example_dags/example_task_group.py
[2023-08-31T19:17:40.080+0300] {processor.py:829} INFO - Processing file /home/miminari/repos/airflow_project/env/lib/python3.10/site-packages/airflow/example_dags/example_task_group.py for tasks to queue
[2023-08-31T19:17:40.081+0300] {logging_mixin.py:151} INFO - [2023-08-31T19:17:40.080+0300] {dagbag.py:539} INFO - Filling up the DagBag from /home/miminari/repos/airflow_project/env/lib/python3.10/site-packages/airflow/example_dags/example_task_group.py
[2023-08-31T19:17:40.087+0300] {processor.py:839} INFO - DAG(s) dict_keys(['example_task_group']) retrieved from /home/miminari/repos/airflow_project/env/lib/python3.10/site-packages/airflow/example_dags/example_task_group.py
[2023-08-31T19:17:40.111+0300] {logging_mixin.py:151} INFO - [2023-08-31T19:17:40.111+0300] {dag.py:2907} INFO - Sync 1 DAGs
[2023-08-31T19:17:40.132+0300] {logging_mixin.py:151} INFO - [2023-08-31T19:17:40.132+0300] {dag.py:3677} INFO - Setting next_dagrun for example_task_group to 2023-08-30T16:17:40.131906+00:00, run_after=2023-08-31T16:17:40.131906+00:00
[2023-08-31T19:17:40.149+0300] {processor.py:179} INFO - Processing /home/miminari/repos/airflow_project/env/lib/python3.10/site-packages/airflow/example_dags/example_task_group.py took 0.073 seconds
[2023-08-31T19:18:10.204+0300] {processor.py:157} INFO - Started process (PID=20049) to work on /home/miminari/repos/airflow_project/env/lib/python3.10/site-packages/airflow/example_dags/example_task_group.py
[2023-08-31T19:18:10.205+0300] {processor.py:829} INFO - Processing file /home/miminari/repos/airflow_project/env/lib/python3.10/site-packages/airflow/example_dags/example_task_group.py for tasks to queue
[2023-08-31T19:18:10.205+0300] {logging_mixin.py:151} INFO - [2023-08-31T19:18:10.205+0300] {dagbag.py:539} INFO - Filling up the DagBag from /home/miminari/repos/airflow_project/env/lib/python3.10/site-packages/airflow/example_dags/example_task_group.py
[2023-08-31T19:18:10.213+0300] {processor.py:839} INFO - DAG(s) dict_keys(['example_task_group']) retrieved from /home/miminari/repos/airflow_project/env/lib/python3.10/site-packages/airflow/example_dags/example_task_group.py
[2023-08-31T19:18:10.242+0300] {logging_mixin.py:151} INFO - [2023-08-31T19:18:10.242+0300] {dag.py:2907} INFO - Sync 1 DAGs
[2023-08-31T19:18:10.265+0300] {logging_mixin.py:151} INFO - [2023-08-31T19:18:10.265+0300] {dag.py:3677} INFO - Setting next_dagrun for example_task_group to 2023-08-30T16:18:10.265286+00:00, run_after=2023-08-31T16:18:10.265286+00:00
[2023-08-31T19:18:10.280+0300] {processor.py:179} INFO - Processing /home/miminari/repos/airflow_project/env/lib/python3.10/site-packages/airflow/example_dags/example_task_group.py took 0.078 seconds
[2023-08-31T19:18:40.374+0300] {processor.py:157} INFO - Started process (PID=20144) to work on /home/miminari/repos/airflow_project/env/lib/python3.10/site-packages/airflow/example_dags/example_task_group.py
[2023-08-31T19:18:40.375+0300] {processor.py:829} INFO - Processing file /home/miminari/repos/airflow_project/env/lib/python3.10/site-packages/airflow/example_dags/example_task_group.py for tasks to queue
[2023-08-31T19:18:40.377+0300] {logging_mixin.py:151} INFO - [2023-08-31T19:18:40.377+0300] {dagbag.py:539} INFO - Filling up the DagBag from /home/miminari/repos/airflow_project/env/lib/python3.10/site-packages/airflow/example_dags/example_task_group.py
[2023-08-31T19:18:40.384+0300] {processor.py:839} INFO - DAG(s) dict_keys(['example_task_group']) retrieved from /home/miminari/repos/airflow_project/env/lib/python3.10/site-packages/airflow/example_dags/example_task_group.py
[2023-08-31T19:18:40.415+0300] {logging_mixin.py:151} INFO - [2023-08-31T19:18:40.415+0300] {dag.py:2907} INFO - Sync 1 DAGs
[2023-08-31T19:18:40.434+0300] {logging_mixin.py:151} INFO - [2023-08-31T19:18:40.434+0300] {dag.py:3677} INFO - Setting next_dagrun for example_task_group to 2023-08-30T16:18:40.434171+00:00, run_after=2023-08-31T16:18:40.434171+00:00
[2023-08-31T19:18:40.449+0300] {processor.py:179} INFO - Processing /home/miminari/repos/airflow_project/env/lib/python3.10/site-packages/airflow/example_dags/example_task_group.py took 0.082 seconds
[2023-08-31T19:19:10.612+0300] {processor.py:157} INFO - Started process (PID=20249) to work on /home/miminari/repos/airflow_project/env/lib/python3.10/site-packages/airflow/example_dags/example_task_group.py
[2023-08-31T19:19:10.613+0300] {processor.py:829} INFO - Processing file /home/miminari/repos/airflow_project/env/lib/python3.10/site-packages/airflow/example_dags/example_task_group.py for tasks to queue
[2023-08-31T19:19:10.614+0300] {logging_mixin.py:151} INFO - [2023-08-31T19:19:10.613+0300] {dagbag.py:539} INFO - Filling up the DagBag from /home/miminari/repos/airflow_project/env/lib/python3.10/site-packages/airflow/example_dags/example_task_group.py
[2023-08-31T19:19:10.624+0300] {processor.py:839} INFO - DAG(s) dict_keys(['example_task_group']) retrieved from /home/miminari/repos/airflow_project/env/lib/python3.10/site-packages/airflow/example_dags/example_task_group.py
[2023-08-31T19:19:10.664+0300] {logging_mixin.py:151} INFO - [2023-08-31T19:19:10.664+0300] {dag.py:2907} INFO - Sync 1 DAGs
[2023-08-31T19:19:10.694+0300] {logging_mixin.py:151} INFO - [2023-08-31T19:19:10.694+0300] {dag.py:3677} INFO - Setting next_dagrun for example_task_group to 2023-08-30T16:19:10.694044+00:00, run_after=2023-08-31T16:19:10.694044+00:00
[2023-08-31T19:19:10.725+0300] {processor.py:179} INFO - Processing /home/miminari/repos/airflow_project/env/lib/python3.10/site-packages/airflow/example_dags/example_task_group.py took 0.115 seconds
[2023-08-31T19:19:41.225+0300] {processor.py:157} INFO - Started process (PID=20348) to work on /home/miminari/repos/airflow_project/env/lib/python3.10/site-packages/airflow/example_dags/example_task_group.py
[2023-08-31T19:19:41.232+0300] {processor.py:829} INFO - Processing file /home/miminari/repos/airflow_project/env/lib/python3.10/site-packages/airflow/example_dags/example_task_group.py for tasks to queue
[2023-08-31T19:19:41.233+0300] {logging_mixin.py:151} INFO - [2023-08-31T19:19:41.233+0300] {dagbag.py:539} INFO - Filling up the DagBag from /home/miminari/repos/airflow_project/env/lib/python3.10/site-packages/airflow/example_dags/example_task_group.py
[2023-08-31T19:19:41.244+0300] {processor.py:839} INFO - DAG(s) dict_keys(['example_task_group']) retrieved from /home/miminari/repos/airflow_project/env/lib/python3.10/site-packages/airflow/example_dags/example_task_group.py
[2023-08-31T19:19:41.284+0300] {logging_mixin.py:151} INFO - [2023-08-31T19:19:41.283+0300] {dag.py:2907} INFO - Sync 1 DAGs
[2023-08-31T19:19:41.315+0300] {logging_mixin.py:151} INFO - [2023-08-31T19:19:41.315+0300] {dag.py:3677} INFO - Setting next_dagrun for example_task_group to 2023-08-30T16:19:41.315430+00:00, run_after=2023-08-31T16:19:41.315430+00:00
[2023-08-31T19:19:41.333+0300] {processor.py:179} INFO - Processing /home/miminari/repos/airflow_project/env/lib/python3.10/site-packages/airflow/example_dags/example_task_group.py took 0.111 seconds
