[2023-08-31T19:12:05.564+0300] {processor.py:157} INFO - Started process (PID=18542) to work on /home/miminari/repos/airflow_project/env/lib/python3.10/site-packages/airflow/example_dags/example_time_delta_sensor_async.py
[2023-08-31T19:12:05.565+0300] {processor.py:829} INFO - Processing file /home/miminari/repos/airflow_project/env/lib/python3.10/site-packages/airflow/example_dags/example_time_delta_sensor_async.py for tasks to queue
[2023-08-31T19:12:05.565+0300] {logging_mixin.py:151} INFO - [2023-08-31T19:12:05.565+0300] {dagbag.py:539} INFO - Filling up the DagBag from /home/miminari/repos/airflow_project/env/lib/python3.10/site-packages/airflow/example_dags/example_time_delta_sensor_async.py
[2023-08-31T19:12:05.586+0300] {processor.py:839} INFO - DAG(s) dict_keys(['example_time_delta_sensor_async']) retrieved from /home/miminari/repos/airflow_project/env/lib/python3.10/site-packages/airflow/example_dags/example_time_delta_sensor_async.py
[2023-08-31T19:12:05.887+0300] {logging_mixin.py:151} INFO - [2023-08-31T19:12:05.887+0300] {manager.py:501} INFO - Created Permission View: can read on DAG:example_time_delta_sensor_async
[2023-08-31T19:12:05.894+0300] {logging_mixin.py:151} INFO - [2023-08-31T19:12:05.894+0300] {manager.py:501} INFO - Created Permission View: can delete on DAG:example_time_delta_sensor_async
[2023-08-31T19:12:05.899+0300] {logging_mixin.py:151} INFO - [2023-08-31T19:12:05.899+0300] {manager.py:501} INFO - Created Permission View: can edit on DAG:example_time_delta_sensor_async
[2023-08-31T19:12:05.908+0300] {logging_mixin.py:151} INFO - [2023-08-31T19:12:05.908+0300] {dag.py:2907} INFO - Sync 1 DAGs
[2023-08-31T19:12:05.918+0300] {logging_mixin.py:151} INFO - [2023-08-31T19:12:05.918+0300] {dag.py:2929} INFO - Creating ORM DAG for example_time_delta_sensor_async
[2023-08-31T19:12:05.918+0300] {logging_mixin.py:151} INFO - [2023-08-31T19:12:05.918+0300] {dag.py:3677} INFO - Setting next_dagrun for example_time_delta_sensor_async to None, run_after=None
[2023-08-31T19:12:05.931+0300] {processor.py:179} INFO - Processing /home/miminari/repos/airflow_project/env/lib/python3.10/site-packages/airflow/example_dags/example_time_delta_sensor_async.py took 0.369 seconds
[2023-08-31T19:12:36.704+0300] {processor.py:157} INFO - Started process (PID=18672) to work on /home/miminari/repos/airflow_project/env/lib/python3.10/site-packages/airflow/example_dags/example_time_delta_sensor_async.py
[2023-08-31T19:12:36.705+0300] {processor.py:829} INFO - Processing file /home/miminari/repos/airflow_project/env/lib/python3.10/site-packages/airflow/example_dags/example_time_delta_sensor_async.py for tasks to queue
[2023-08-31T19:12:36.705+0300] {logging_mixin.py:151} INFO - [2023-08-31T19:12:36.705+0300] {dagbag.py:539} INFO - Filling up the DagBag from /home/miminari/repos/airflow_project/env/lib/python3.10/site-packages/airflow/example_dags/example_time_delta_sensor_async.py
[2023-08-31T19:12:36.708+0300] {processor.py:839} INFO - DAG(s) dict_keys(['example_time_delta_sensor_async']) retrieved from /home/miminari/repos/airflow_project/env/lib/python3.10/site-packages/airflow/example_dags/example_time_delta_sensor_async.py
[2023-08-31T19:12:36.734+0300] {logging_mixin.py:151} INFO - [2023-08-31T19:12:36.734+0300] {dag.py:2907} INFO - Sync 1 DAGs
[2023-08-31T19:12:36.746+0300] {logging_mixin.py:151} INFO - [2023-08-31T19:12:36.746+0300] {dag.py:3677} INFO - Setting next_dagrun for example_time_delta_sensor_async to None, run_after=None
[2023-08-31T19:12:36.767+0300] {processor.py:179} INFO - Processing /home/miminari/repos/airflow_project/env/lib/python3.10/site-packages/airflow/example_dags/example_time_delta_sensor_async.py took 0.066 seconds
[2023-08-31T19:13:06.797+0300] {processor.py:157} INFO - Started process (PID=18772) to work on /home/miminari/repos/airflow_project/env/lib/python3.10/site-packages/airflow/example_dags/example_time_delta_sensor_async.py
[2023-08-31T19:13:06.798+0300] {processor.py:829} INFO - Processing file /home/miminari/repos/airflow_project/env/lib/python3.10/site-packages/airflow/example_dags/example_time_delta_sensor_async.py for tasks to queue
[2023-08-31T19:13:06.799+0300] {logging_mixin.py:151} INFO - [2023-08-31T19:13:06.798+0300] {dagbag.py:539} INFO - Filling up the DagBag from /home/miminari/repos/airflow_project/env/lib/python3.10/site-packages/airflow/example_dags/example_time_delta_sensor_async.py
[2023-08-31T19:13:06.802+0300] {processor.py:839} INFO - DAG(s) dict_keys(['example_time_delta_sensor_async']) retrieved from /home/miminari/repos/airflow_project/env/lib/python3.10/site-packages/airflow/example_dags/example_time_delta_sensor_async.py
[2023-08-31T19:13:06.824+0300] {logging_mixin.py:151} INFO - [2023-08-31T19:13:06.824+0300] {dag.py:2907} INFO - Sync 1 DAGs
[2023-08-31T19:13:06.835+0300] {logging_mixin.py:151} INFO - [2023-08-31T19:13:06.835+0300] {dag.py:3677} INFO - Setting next_dagrun for example_time_delta_sensor_async to None, run_after=None
[2023-08-31T19:13:06.850+0300] {processor.py:179} INFO - Processing /home/miminari/repos/airflow_project/env/lib/python3.10/site-packages/airflow/example_dags/example_time_delta_sensor_async.py took 0.055 seconds
[2023-08-31T19:13:36.897+0300] {processor.py:157} INFO - Started process (PID=18880) to work on /home/miminari/repos/airflow_project/env/lib/python3.10/site-packages/airflow/example_dags/example_time_delta_sensor_async.py
[2023-08-31T19:13:36.898+0300] {processor.py:829} INFO - Processing file /home/miminari/repos/airflow_project/env/lib/python3.10/site-packages/airflow/example_dags/example_time_delta_sensor_async.py for tasks to queue
[2023-08-31T19:13:36.899+0300] {logging_mixin.py:151} INFO - [2023-08-31T19:13:36.898+0300] {dagbag.py:539} INFO - Filling up the DagBag from /home/miminari/repos/airflow_project/env/lib/python3.10/site-packages/airflow/example_dags/example_time_delta_sensor_async.py
[2023-08-31T19:13:36.902+0300] {processor.py:839} INFO - DAG(s) dict_keys(['example_time_delta_sensor_async']) retrieved from /home/miminari/repos/airflow_project/env/lib/python3.10/site-packages/airflow/example_dags/example_time_delta_sensor_async.py
[2023-08-31T19:13:36.923+0300] {logging_mixin.py:151} INFO - [2023-08-31T19:13:36.923+0300] {dag.py:2907} INFO - Sync 1 DAGs
[2023-08-31T19:13:36.933+0300] {logging_mixin.py:151} INFO - [2023-08-31T19:13:36.933+0300] {dag.py:3677} INFO - Setting next_dagrun for example_time_delta_sensor_async to None, run_after=None
[2023-08-31T19:13:36.950+0300] {processor.py:179} INFO - Processing /home/miminari/repos/airflow_project/env/lib/python3.10/site-packages/airflow/example_dags/example_time_delta_sensor_async.py took 0.055 seconds
[2023-08-31T19:14:07.154+0300] {processor.py:157} INFO - Started process (PID=18978) to work on /home/miminari/repos/airflow_project/env/lib/python3.10/site-packages/airflow/example_dags/example_time_delta_sensor_async.py
[2023-08-31T19:14:07.155+0300] {processor.py:829} INFO - Processing file /home/miminari/repos/airflow_project/env/lib/python3.10/site-packages/airflow/example_dags/example_time_delta_sensor_async.py for tasks to queue
[2023-08-31T19:14:07.155+0300] {logging_mixin.py:151} INFO - [2023-08-31T19:14:07.155+0300] {dagbag.py:539} INFO - Filling up the DagBag from /home/miminari/repos/airflow_project/env/lib/python3.10/site-packages/airflow/example_dags/example_time_delta_sensor_async.py
[2023-08-31T19:14:07.159+0300] {processor.py:839} INFO - DAG(s) dict_keys(['example_time_delta_sensor_async']) retrieved from /home/miminari/repos/airflow_project/env/lib/python3.10/site-packages/airflow/example_dags/example_time_delta_sensor_async.py
[2023-08-31T19:14:07.180+0300] {logging_mixin.py:151} INFO - [2023-08-31T19:14:07.180+0300] {dag.py:2907} INFO - Sync 1 DAGs
[2023-08-31T19:14:07.192+0300] {logging_mixin.py:151} INFO - [2023-08-31T19:14:07.192+0300] {dag.py:3677} INFO - Setting next_dagrun for example_time_delta_sensor_async to None, run_after=None
[2023-08-31T19:14:07.207+0300] {processor.py:179} INFO - Processing /home/miminari/repos/airflow_project/env/lib/python3.10/site-packages/airflow/example_dags/example_time_delta_sensor_async.py took 0.056 seconds
[2023-08-31T19:14:37.312+0300] {processor.py:157} INFO - Started process (PID=19073) to work on /home/miminari/repos/airflow_project/env/lib/python3.10/site-packages/airflow/example_dags/example_time_delta_sensor_async.py
[2023-08-31T19:14:37.313+0300] {processor.py:829} INFO - Processing file /home/miminari/repos/airflow_project/env/lib/python3.10/site-packages/airflow/example_dags/example_time_delta_sensor_async.py for tasks to queue
[2023-08-31T19:14:37.313+0300] {logging_mixin.py:151} INFO - [2023-08-31T19:14:37.313+0300] {dagbag.py:539} INFO - Filling up the DagBag from /home/miminari/repos/airflow_project/env/lib/python3.10/site-packages/airflow/example_dags/example_time_delta_sensor_async.py
[2023-08-31T19:14:37.316+0300] {processor.py:839} INFO - DAG(s) dict_keys(['example_time_delta_sensor_async']) retrieved from /home/miminari/repos/airflow_project/env/lib/python3.10/site-packages/airflow/example_dags/example_time_delta_sensor_async.py
[2023-08-31T19:14:37.340+0300] {logging_mixin.py:151} INFO - [2023-08-31T19:14:37.340+0300] {dag.py:2907} INFO - Sync 1 DAGs
[2023-08-31T19:14:37.351+0300] {logging_mixin.py:151} INFO - [2023-08-31T19:14:37.350+0300] {dag.py:3677} INFO - Setting next_dagrun for example_time_delta_sensor_async to None, run_after=None
[2023-08-31T19:14:37.368+0300] {processor.py:179} INFO - Processing /home/miminari/repos/airflow_project/env/lib/python3.10/site-packages/airflow/example_dags/example_time_delta_sensor_async.py took 0.059 seconds
[2023-08-31T19:15:07.546+0300] {processor.py:157} INFO - Started process (PID=19274) to work on /home/miminari/repos/airflow_project/env/lib/python3.10/site-packages/airflow/example_dags/example_time_delta_sensor_async.py
[2023-08-31T19:15:07.547+0300] {processor.py:829} INFO - Processing file /home/miminari/repos/airflow_project/env/lib/python3.10/site-packages/airflow/example_dags/example_time_delta_sensor_async.py for tasks to queue
[2023-08-31T19:15:07.548+0300] {logging_mixin.py:151} INFO - [2023-08-31T19:15:07.547+0300] {dagbag.py:539} INFO - Filling up the DagBag from /home/miminari/repos/airflow_project/env/lib/python3.10/site-packages/airflow/example_dags/example_time_delta_sensor_async.py
[2023-08-31T19:15:07.551+0300] {processor.py:839} INFO - DAG(s) dict_keys(['example_time_delta_sensor_async']) retrieved from /home/miminari/repos/airflow_project/env/lib/python3.10/site-packages/airflow/example_dags/example_time_delta_sensor_async.py
[2023-08-31T19:15:07.581+0300] {logging_mixin.py:151} INFO - [2023-08-31T19:15:07.580+0300] {dag.py:2907} INFO - Sync 1 DAGs
[2023-08-31T19:15:07.598+0300] {logging_mixin.py:151} INFO - [2023-08-31T19:15:07.598+0300] {dag.py:3677} INFO - Setting next_dagrun for example_time_delta_sensor_async to None, run_after=None
[2023-08-31T19:15:07.616+0300] {processor.py:179} INFO - Processing /home/miminari/repos/airflow_project/env/lib/python3.10/site-packages/airflow/example_dags/example_time_delta_sensor_async.py took 0.072 seconds
[2023-08-31T19:15:37.852+0300] {processor.py:157} INFO - Started process (PID=19372) to work on /home/miminari/repos/airflow_project/env/lib/python3.10/site-packages/airflow/example_dags/example_time_delta_sensor_async.py
[2023-08-31T19:15:37.854+0300] {processor.py:829} INFO - Processing file /home/miminari/repos/airflow_project/env/lib/python3.10/site-packages/airflow/example_dags/example_time_delta_sensor_async.py for tasks to queue
[2023-08-31T19:15:37.854+0300] {logging_mixin.py:151} INFO - [2023-08-31T19:15:37.854+0300] {dagbag.py:539} INFO - Filling up the DagBag from /home/miminari/repos/airflow_project/env/lib/python3.10/site-packages/airflow/example_dags/example_time_delta_sensor_async.py
[2023-08-31T19:15:37.857+0300] {processor.py:839} INFO - DAG(s) dict_keys(['example_time_delta_sensor_async']) retrieved from /home/miminari/repos/airflow_project/env/lib/python3.10/site-packages/airflow/example_dags/example_time_delta_sensor_async.py
[2023-08-31T19:15:37.880+0300] {logging_mixin.py:151} INFO - [2023-08-31T19:15:37.880+0300] {dag.py:2907} INFO - Sync 1 DAGs
[2023-08-31T19:15:37.890+0300] {logging_mixin.py:151} INFO - [2023-08-31T19:15:37.890+0300] {dag.py:3677} INFO - Setting next_dagrun for example_time_delta_sensor_async to None, run_after=None
[2023-08-31T19:15:37.908+0300] {processor.py:179} INFO - Processing /home/miminari/repos/airflow_project/env/lib/python3.10/site-packages/airflow/example_dags/example_time_delta_sensor_async.py took 0.059 seconds
[2023-08-31T19:16:08.071+0300] {processor.py:157} INFO - Started process (PID=19527) to work on /home/miminari/repos/airflow_project/env/lib/python3.10/site-packages/airflow/example_dags/example_time_delta_sensor_async.py
[2023-08-31T19:16:08.072+0300] {processor.py:829} INFO - Processing file /home/miminari/repos/airflow_project/env/lib/python3.10/site-packages/airflow/example_dags/example_time_delta_sensor_async.py for tasks to queue
[2023-08-31T19:16:08.072+0300] {logging_mixin.py:151} INFO - [2023-08-31T19:16:08.072+0300] {dagbag.py:539} INFO - Filling up the DagBag from /home/miminari/repos/airflow_project/env/lib/python3.10/site-packages/airflow/example_dags/example_time_delta_sensor_async.py
[2023-08-31T19:16:08.075+0300] {processor.py:839} INFO - DAG(s) dict_keys(['example_time_delta_sensor_async']) retrieved from /home/miminari/repos/airflow_project/env/lib/python3.10/site-packages/airflow/example_dags/example_time_delta_sensor_async.py
[2023-08-31T19:16:08.101+0300] {logging_mixin.py:151} INFO - [2023-08-31T19:16:08.101+0300] {dag.py:2907} INFO - Sync 1 DAGs
[2023-08-31T19:16:08.114+0300] {logging_mixin.py:151} INFO - [2023-08-31T19:16:08.113+0300] {dag.py:3677} INFO - Setting next_dagrun for example_time_delta_sensor_async to None, run_after=None
[2023-08-31T19:16:08.132+0300] {processor.py:179} INFO - Processing /home/miminari/repos/airflow_project/env/lib/python3.10/site-packages/airflow/example_dags/example_time_delta_sensor_async.py took 0.064 seconds
[2023-08-31T19:16:38.498+0300] {processor.py:157} INFO - Started process (PID=19627) to work on /home/miminari/repos/airflow_project/env/lib/python3.10/site-packages/airflow/example_dags/example_time_delta_sensor_async.py
[2023-08-31T19:16:38.499+0300] {processor.py:829} INFO - Processing file /home/miminari/repos/airflow_project/env/lib/python3.10/site-packages/airflow/example_dags/example_time_delta_sensor_async.py for tasks to queue
[2023-08-31T19:16:38.499+0300] {logging_mixin.py:151} INFO - [2023-08-31T19:16:38.499+0300] {dagbag.py:539} INFO - Filling up the DagBag from /home/miminari/repos/airflow_project/env/lib/python3.10/site-packages/airflow/example_dags/example_time_delta_sensor_async.py
[2023-08-31T19:16:38.502+0300] {processor.py:839} INFO - DAG(s) dict_keys(['example_time_delta_sensor_async']) retrieved from /home/miminari/repos/airflow_project/env/lib/python3.10/site-packages/airflow/example_dags/example_time_delta_sensor_async.py
[2023-08-31T19:16:38.527+0300] {logging_mixin.py:151} INFO - [2023-08-31T19:16:38.527+0300] {dag.py:2907} INFO - Sync 1 DAGs
[2023-08-31T19:16:38.538+0300] {logging_mixin.py:151} INFO - [2023-08-31T19:16:38.537+0300] {dag.py:3677} INFO - Setting next_dagrun for example_time_delta_sensor_async to None, run_after=None
[2023-08-31T19:16:38.551+0300] {processor.py:179} INFO - Processing /home/miminari/repos/airflow_project/env/lib/python3.10/site-packages/airflow/example_dags/example_time_delta_sensor_async.py took 0.055 seconds
[2023-08-31T19:17:08.728+0300] {processor.py:157} INFO - Started process (PID=19776) to work on /home/miminari/repos/airflow_project/env/lib/python3.10/site-packages/airflow/example_dags/example_time_delta_sensor_async.py
[2023-08-31T19:17:08.729+0300] {processor.py:829} INFO - Processing file /home/miminari/repos/airflow_project/env/lib/python3.10/site-packages/airflow/example_dags/example_time_delta_sensor_async.py for tasks to queue
[2023-08-31T19:17:08.729+0300] {logging_mixin.py:151} INFO - [2023-08-31T19:17:08.729+0300] {dagbag.py:539} INFO - Filling up the DagBag from /home/miminari/repos/airflow_project/env/lib/python3.10/site-packages/airflow/example_dags/example_time_delta_sensor_async.py
[2023-08-31T19:17:08.732+0300] {processor.py:839} INFO - DAG(s) dict_keys(['example_time_delta_sensor_async']) retrieved from /home/miminari/repos/airflow_project/env/lib/python3.10/site-packages/airflow/example_dags/example_time_delta_sensor_async.py
[2023-08-31T19:17:08.764+0300] {logging_mixin.py:151} INFO - [2023-08-31T19:17:08.763+0300] {dag.py:2907} INFO - Sync 1 DAGs
[2023-08-31T19:17:08.775+0300] {logging_mixin.py:151} INFO - [2023-08-31T19:17:08.775+0300] {dag.py:3677} INFO - Setting next_dagrun for example_time_delta_sensor_async to None, run_after=None
[2023-08-31T19:17:08.793+0300] {processor.py:179} INFO - Processing /home/miminari/repos/airflow_project/env/lib/python3.10/site-packages/airflow/example_dags/example_time_delta_sensor_async.py took 0.068 seconds
