[2023-08-31T19:12:09.737+0300] {processor.py:157} INFO - Started process (PID=18650) to work on /home/miminari/repos/airflow_project/env/lib/python3.10/site-packages/airflow/example_dags/example_branch_day_of_week_operator.py
[2023-08-31T19:12:09.738+0300] {processor.py:829} INFO - Processing file /home/miminari/repos/airflow_project/env/lib/python3.10/site-packages/airflow/example_dags/example_branch_day_of_week_operator.py for tasks to queue
[2023-08-31T19:12:09.738+0300] {logging_mixin.py:151} INFO - [2023-08-31T19:12:09.738+0300] {dagbag.py:539} INFO - Filling up the DagBag from /home/miminari/repos/airflow_project/env/lib/python3.10/site-packages/airflow/example_dags/example_branch_day_of_week_operator.py
[2023-08-31T19:12:09.744+0300] {processor.py:839} INFO - DAG(s) dict_keys(['example_weekday_branch_operator']) retrieved from /home/miminari/repos/airflow_project/env/lib/python3.10/site-packages/airflow/example_dags/example_branch_day_of_week_operator.py
[2023-08-31T19:12:09.830+0300] {logging_mixin.py:151} INFO - [2023-08-31T19:12:09.830+0300] {manager.py:501} INFO - Created Permission View: can read on DAG:example_weekday_branch_operator
[2023-08-31T19:12:09.837+0300] {logging_mixin.py:151} INFO - [2023-08-31T19:12:09.837+0300] {manager.py:501} INFO - Created Permission View: can delete on DAG:example_weekday_branch_operator
[2023-08-31T19:12:09.842+0300] {logging_mixin.py:151} INFO - [2023-08-31T19:12:09.841+0300] {manager.py:501} INFO - Created Permission View: can edit on DAG:example_weekday_branch_operator
[2023-08-31T19:12:09.851+0300] {logging_mixin.py:151} INFO - [2023-08-31T19:12:09.851+0300] {dag.py:2907} INFO - Sync 1 DAGs
[2023-08-31T19:12:09.861+0300] {logging_mixin.py:151} INFO - [2023-08-31T19:12:09.861+0300] {dag.py:2929} INFO - Creating ORM DAG for example_weekday_branch_operator
[2023-08-31T19:12:09.871+0300] {logging_mixin.py:151} INFO - [2023-08-31T19:12:09.871+0300] {dag.py:3677} INFO - Setting next_dagrun for example_weekday_branch_operator to 2023-08-30T00:00:00+00:00, run_after=2023-08-31T00:00:00+00:00
[2023-08-31T19:12:09.883+0300] {processor.py:179} INFO - Processing /home/miminari/repos/airflow_project/env/lib/python3.10/site-packages/airflow/example_dags/example_branch_day_of_week_operator.py took 0.148 seconds
[2023-08-31T19:12:40.316+0300] {processor.py:157} INFO - Started process (PID=18746) to work on /home/miminari/repos/airflow_project/env/lib/python3.10/site-packages/airflow/example_dags/example_branch_day_of_week_operator.py
[2023-08-31T19:12:40.317+0300] {processor.py:829} INFO - Processing file /home/miminari/repos/airflow_project/env/lib/python3.10/site-packages/airflow/example_dags/example_branch_day_of_week_operator.py for tasks to queue
[2023-08-31T19:12:40.317+0300] {logging_mixin.py:151} INFO - [2023-08-31T19:12:40.317+0300] {dagbag.py:539} INFO - Filling up the DagBag from /home/miminari/repos/airflow_project/env/lib/python3.10/site-packages/airflow/example_dags/example_branch_day_of_week_operator.py
[2023-08-31T19:12:40.324+0300] {processor.py:839} INFO - DAG(s) dict_keys(['example_weekday_branch_operator']) retrieved from /home/miminari/repos/airflow_project/env/lib/python3.10/site-packages/airflow/example_dags/example_branch_day_of_week_operator.py
[2023-08-31T19:12:40.349+0300] {logging_mixin.py:151} INFO - [2023-08-31T19:12:40.349+0300] {dag.py:2907} INFO - Sync 1 DAGs
[2023-08-31T19:12:40.372+0300] {logging_mixin.py:151} INFO - [2023-08-31T19:12:40.372+0300] {dag.py:3677} INFO - Setting next_dagrun for example_weekday_branch_operator to 2023-08-30T00:00:00+00:00, run_after=2023-08-31T00:00:00+00:00
[2023-08-31T19:12:40.387+0300] {processor.py:179} INFO - Processing /home/miminari/repos/airflow_project/env/lib/python3.10/site-packages/airflow/example_dags/example_branch_day_of_week_operator.py took 0.073 seconds
[2023-08-31T19:13:10.429+0300] {processor.py:157} INFO - Started process (PID=18846) to work on /home/miminari/repos/airflow_project/env/lib/python3.10/site-packages/airflow/example_dags/example_branch_day_of_week_operator.py
[2023-08-31T19:13:10.430+0300] {processor.py:829} INFO - Processing file /home/miminari/repos/airflow_project/env/lib/python3.10/site-packages/airflow/example_dags/example_branch_day_of_week_operator.py for tasks to queue
[2023-08-31T19:13:10.431+0300] {logging_mixin.py:151} INFO - [2023-08-31T19:13:10.430+0300] {dagbag.py:539} INFO - Filling up the DagBag from /home/miminari/repos/airflow_project/env/lib/python3.10/site-packages/airflow/example_dags/example_branch_day_of_week_operator.py
[2023-08-31T19:13:10.437+0300] {processor.py:839} INFO - DAG(s) dict_keys(['example_weekday_branch_operator']) retrieved from /home/miminari/repos/airflow_project/env/lib/python3.10/site-packages/airflow/example_dags/example_branch_day_of_week_operator.py
[2023-08-31T19:13:10.461+0300] {logging_mixin.py:151} INFO - [2023-08-31T19:13:10.460+0300] {dag.py:2907} INFO - Sync 1 DAGs
[2023-08-31T19:13:10.482+0300] {logging_mixin.py:151} INFO - [2023-08-31T19:13:10.482+0300] {dag.py:3677} INFO - Setting next_dagrun for example_weekday_branch_operator to 2023-08-30T00:00:00+00:00, run_after=2023-08-31T00:00:00+00:00
[2023-08-31T19:13:10.502+0300] {processor.py:179} INFO - Processing /home/miminari/repos/airflow_project/env/lib/python3.10/site-packages/airflow/example_dags/example_branch_day_of_week_operator.py took 0.075 seconds
[2023-08-31T19:13:40.644+0300] {processor.py:157} INFO - Started process (PID=18954) to work on /home/miminari/repos/airflow_project/env/lib/python3.10/site-packages/airflow/example_dags/example_branch_day_of_week_operator.py
[2023-08-31T19:13:40.644+0300] {processor.py:829} INFO - Processing file /home/miminari/repos/airflow_project/env/lib/python3.10/site-packages/airflow/example_dags/example_branch_day_of_week_operator.py for tasks to queue
[2023-08-31T19:13:40.645+0300] {logging_mixin.py:151} INFO - [2023-08-31T19:13:40.645+0300] {dagbag.py:539} INFO - Filling up the DagBag from /home/miminari/repos/airflow_project/env/lib/python3.10/site-packages/airflow/example_dags/example_branch_day_of_week_operator.py
[2023-08-31T19:13:40.650+0300] {processor.py:839} INFO - DAG(s) dict_keys(['example_weekday_branch_operator']) retrieved from /home/miminari/repos/airflow_project/env/lib/python3.10/site-packages/airflow/example_dags/example_branch_day_of_week_operator.py
[2023-08-31T19:13:40.676+0300] {logging_mixin.py:151} INFO - [2023-08-31T19:13:40.676+0300] {dag.py:2907} INFO - Sync 1 DAGs
[2023-08-31T19:13:40.701+0300] {logging_mixin.py:151} INFO - [2023-08-31T19:13:40.700+0300] {dag.py:3677} INFO - Setting next_dagrun for example_weekday_branch_operator to 2023-08-30T00:00:00+00:00, run_after=2023-08-31T00:00:00+00:00
[2023-08-31T19:13:40.719+0300] {processor.py:179} INFO - Processing /home/miminari/repos/airflow_project/env/lib/python3.10/site-packages/airflow/example_dags/example_branch_day_of_week_operator.py took 0.078 seconds
[2023-08-31T19:14:10.820+0300] {processor.py:157} INFO - Started process (PID=19052) to work on /home/miminari/repos/airflow_project/env/lib/python3.10/site-packages/airflow/example_dags/example_branch_day_of_week_operator.py
[2023-08-31T19:14:10.821+0300] {processor.py:829} INFO - Processing file /home/miminari/repos/airflow_project/env/lib/python3.10/site-packages/airflow/example_dags/example_branch_day_of_week_operator.py for tasks to queue
[2023-08-31T19:14:10.821+0300] {logging_mixin.py:151} INFO - [2023-08-31T19:14:10.821+0300] {dagbag.py:539} INFO - Filling up the DagBag from /home/miminari/repos/airflow_project/env/lib/python3.10/site-packages/airflow/example_dags/example_branch_day_of_week_operator.py
[2023-08-31T19:14:10.827+0300] {processor.py:839} INFO - DAG(s) dict_keys(['example_weekday_branch_operator']) retrieved from /home/miminari/repos/airflow_project/env/lib/python3.10/site-packages/airflow/example_dags/example_branch_day_of_week_operator.py
[2023-08-31T19:14:10.851+0300] {logging_mixin.py:151} INFO - [2023-08-31T19:14:10.851+0300] {dag.py:2907} INFO - Sync 1 DAGs
[2023-08-31T19:14:10.870+0300] {logging_mixin.py:151} INFO - [2023-08-31T19:14:10.870+0300] {dag.py:3677} INFO - Setting next_dagrun for example_weekday_branch_operator to 2023-08-30T00:00:00+00:00, run_after=2023-08-31T00:00:00+00:00
[2023-08-31T19:14:10.884+0300] {processor.py:179} INFO - Processing /home/miminari/repos/airflow_project/env/lib/python3.10/site-packages/airflow/example_dags/example_branch_day_of_week_operator.py took 0.066 seconds
[2023-08-31T19:14:40.992+0300] {processor.py:157} INFO - Started process (PID=19147) to work on /home/miminari/repos/airflow_project/env/lib/python3.10/site-packages/airflow/example_dags/example_branch_day_of_week_operator.py
[2023-08-31T19:14:40.993+0300] {processor.py:829} INFO - Processing file /home/miminari/repos/airflow_project/env/lib/python3.10/site-packages/airflow/example_dags/example_branch_day_of_week_operator.py for tasks to queue
[2023-08-31T19:14:40.993+0300] {logging_mixin.py:151} INFO - [2023-08-31T19:14:40.993+0300] {dagbag.py:539} INFO - Filling up the DagBag from /home/miminari/repos/airflow_project/env/lib/python3.10/site-packages/airflow/example_dags/example_branch_day_of_week_operator.py
[2023-08-31T19:14:40.999+0300] {processor.py:839} INFO - DAG(s) dict_keys(['example_weekday_branch_operator']) retrieved from /home/miminari/repos/airflow_project/env/lib/python3.10/site-packages/airflow/example_dags/example_branch_day_of_week_operator.py
[2023-08-31T19:14:41.024+0300] {logging_mixin.py:151} INFO - [2023-08-31T19:14:41.023+0300] {dag.py:2907} INFO - Sync 1 DAGs
[2023-08-31T19:14:41.047+0300] {logging_mixin.py:151} INFO - [2023-08-31T19:14:41.047+0300] {dag.py:3677} INFO - Setting next_dagrun for example_weekday_branch_operator to 2023-08-30T00:00:00+00:00, run_after=2023-08-31T00:00:00+00:00
[2023-08-31T19:14:41.060+0300] {processor.py:179} INFO - Processing /home/miminari/repos/airflow_project/env/lib/python3.10/site-packages/airflow/example_dags/example_branch_day_of_week_operator.py took 0.070 seconds
[2023-08-31T19:15:11.298+0300] {processor.py:157} INFO - Started process (PID=19347) to work on /home/miminari/repos/airflow_project/env/lib/python3.10/site-packages/airflow/example_dags/example_branch_day_of_week_operator.py
[2023-08-31T19:15:11.299+0300] {processor.py:829} INFO - Processing file /home/miminari/repos/airflow_project/env/lib/python3.10/site-packages/airflow/example_dags/example_branch_day_of_week_operator.py for tasks to queue
[2023-08-31T19:15:11.300+0300] {logging_mixin.py:151} INFO - [2023-08-31T19:15:11.300+0300] {dagbag.py:539} INFO - Filling up the DagBag from /home/miminari/repos/airflow_project/env/lib/python3.10/site-packages/airflow/example_dags/example_branch_day_of_week_operator.py
[2023-08-31T19:15:11.308+0300] {processor.py:839} INFO - DAG(s) dict_keys(['example_weekday_branch_operator']) retrieved from /home/miminari/repos/airflow_project/env/lib/python3.10/site-packages/airflow/example_dags/example_branch_day_of_week_operator.py
[2023-08-31T19:15:11.338+0300] {logging_mixin.py:151} INFO - [2023-08-31T19:15:11.338+0300] {dag.py:2907} INFO - Sync 1 DAGs
[2023-08-31T19:15:11.362+0300] {logging_mixin.py:151} INFO - [2023-08-31T19:15:11.362+0300] {dag.py:3677} INFO - Setting next_dagrun for example_weekday_branch_operator to 2023-08-30T00:00:00+00:00, run_after=2023-08-31T00:00:00+00:00
[2023-08-31T19:15:11.383+0300] {processor.py:179} INFO - Processing /home/miminari/repos/airflow_project/env/lib/python3.10/site-packages/airflow/example_dags/example_branch_day_of_week_operator.py took 0.088 seconds
[2023-08-31T19:15:41.467+0300] {processor.py:157} INFO - Started process (PID=19445) to work on /home/miminari/repos/airflow_project/env/lib/python3.10/site-packages/airflow/example_dags/example_branch_day_of_week_operator.py
[2023-08-31T19:15:41.467+0300] {processor.py:829} INFO - Processing file /home/miminari/repos/airflow_project/env/lib/python3.10/site-packages/airflow/example_dags/example_branch_day_of_week_operator.py for tasks to queue
[2023-08-31T19:15:41.468+0300] {logging_mixin.py:151} INFO - [2023-08-31T19:15:41.468+0300] {dagbag.py:539} INFO - Filling up the DagBag from /home/miminari/repos/airflow_project/env/lib/python3.10/site-packages/airflow/example_dags/example_branch_day_of_week_operator.py
[2023-08-31T19:15:41.474+0300] {processor.py:839} INFO - DAG(s) dict_keys(['example_weekday_branch_operator']) retrieved from /home/miminari/repos/airflow_project/env/lib/python3.10/site-packages/airflow/example_dags/example_branch_day_of_week_operator.py
[2023-08-31T19:15:41.495+0300] {logging_mixin.py:151} INFO - [2023-08-31T19:15:41.495+0300] {dag.py:2907} INFO - Sync 1 DAGs
[2023-08-31T19:15:41.515+0300] {logging_mixin.py:151} INFO - [2023-08-31T19:15:41.514+0300] {dag.py:3677} INFO - Setting next_dagrun for example_weekday_branch_operator to 2023-08-30T00:00:00+00:00, run_after=2023-08-31T00:00:00+00:00
[2023-08-31T19:15:41.531+0300] {processor.py:179} INFO - Processing /home/miminari/repos/airflow_project/env/lib/python3.10/site-packages/airflow/example_dags/example_branch_day_of_week_operator.py took 0.066 seconds
[2023-08-31T19:16:12.013+0300] {processor.py:157} INFO - Started process (PID=19602) to work on /home/miminari/repos/airflow_project/env/lib/python3.10/site-packages/airflow/example_dags/example_branch_day_of_week_operator.py
[2023-08-31T19:16:12.013+0300] {processor.py:829} INFO - Processing file /home/miminari/repos/airflow_project/env/lib/python3.10/site-packages/airflow/example_dags/example_branch_day_of_week_operator.py for tasks to queue
[2023-08-31T19:16:12.014+0300] {logging_mixin.py:151} INFO - [2023-08-31T19:16:12.014+0300] {dagbag.py:539} INFO - Filling up the DagBag from /home/miminari/repos/airflow_project/env/lib/python3.10/site-packages/airflow/example_dags/example_branch_day_of_week_operator.py
[2023-08-31T19:16:12.020+0300] {processor.py:839} INFO - DAG(s) dict_keys(['example_weekday_branch_operator']) retrieved from /home/miminari/repos/airflow_project/env/lib/python3.10/site-packages/airflow/example_dags/example_branch_day_of_week_operator.py
[2023-08-31T19:16:12.054+0300] {logging_mixin.py:151} INFO - [2023-08-31T19:16:12.053+0300] {dag.py:2907} INFO - Sync 1 DAGs
[2023-08-31T19:16:12.073+0300] {logging_mixin.py:151} INFO - [2023-08-31T19:16:12.073+0300] {dag.py:3677} INFO - Setting next_dagrun for example_weekday_branch_operator to 2023-08-30T00:00:00+00:00, run_after=2023-08-31T00:00:00+00:00
[2023-08-31T19:16:12.086+0300] {processor.py:179} INFO - Processing /home/miminari/repos/airflow_project/env/lib/python3.10/site-packages/airflow/example_dags/example_branch_day_of_week_operator.py took 0.076 seconds
[2023-08-31T19:16:42.163+0300] {processor.py:157} INFO - Started process (PID=19701) to work on /home/miminari/repos/airflow_project/env/lib/python3.10/site-packages/airflow/example_dags/example_branch_day_of_week_operator.py
[2023-08-31T19:16:42.163+0300] {processor.py:829} INFO - Processing file /home/miminari/repos/airflow_project/env/lib/python3.10/site-packages/airflow/example_dags/example_branch_day_of_week_operator.py for tasks to queue
[2023-08-31T19:16:42.164+0300] {logging_mixin.py:151} INFO - [2023-08-31T19:16:42.164+0300] {dagbag.py:539} INFO - Filling up the DagBag from /home/miminari/repos/airflow_project/env/lib/python3.10/site-packages/airflow/example_dags/example_branch_day_of_week_operator.py
[2023-08-31T19:16:42.169+0300] {processor.py:839} INFO - DAG(s) dict_keys(['example_weekday_branch_operator']) retrieved from /home/miminari/repos/airflow_project/env/lib/python3.10/site-packages/airflow/example_dags/example_branch_day_of_week_operator.py
[2023-08-31T19:16:42.195+0300] {logging_mixin.py:151} INFO - [2023-08-31T19:16:42.195+0300] {dag.py:2907} INFO - Sync 1 DAGs
[2023-08-31T19:16:42.214+0300] {logging_mixin.py:151} INFO - [2023-08-31T19:16:42.214+0300] {dag.py:3677} INFO - Setting next_dagrun for example_weekday_branch_operator to 2023-08-30T00:00:00+00:00, run_after=2023-08-31T00:00:00+00:00
[2023-08-31T19:16:42.228+0300] {processor.py:179} INFO - Processing /home/miminari/repos/airflow_project/env/lib/python3.10/site-packages/airflow/example_dags/example_branch_day_of_week_operator.py took 0.067 seconds
