[2023-08-31T19:12:09.926+0300] {processor.py:157} INFO - Started process (PID=18655) to work on /home/miminari/repos/airflow_project/env/lib/python3.10/site-packages/airflow/example_dags/example_branch_labels.py
[2023-08-31T19:12:09.927+0300] {processor.py:829} INFO - Processing file /home/miminari/repos/airflow_project/env/lib/python3.10/site-packages/airflow/example_dags/example_branch_labels.py for tasks to queue
[2023-08-31T19:12:09.927+0300] {logging_mixin.py:151} INFO - [2023-08-31T19:12:09.927+0300] {dagbag.py:539} INFO - Filling up the DagBag from /home/miminari/repos/airflow_project/env/lib/python3.10/site-packages/airflow/example_dags/example_branch_labels.py
[2023-08-31T19:12:09.934+0300] {processor.py:839} INFO - DAG(s) dict_keys(['example_branch_labels']) retrieved from /home/miminari/repos/airflow_project/env/lib/python3.10/site-packages/airflow/example_dags/example_branch_labels.py
[2023-08-31T19:12:10.021+0300] {logging_mixin.py:151} INFO - [2023-08-31T19:12:10.020+0300] {manager.py:501} INFO - Created Permission View: can read on DAG:example_branch_labels
[2023-08-31T19:12:10.028+0300] {logging_mixin.py:151} INFO - [2023-08-31T19:12:10.028+0300] {manager.py:501} INFO - Created Permission View: can delete on DAG:example_branch_labels
[2023-08-31T19:12:10.032+0300] {logging_mixin.py:151} INFO - [2023-08-31T19:12:10.032+0300] {manager.py:501} INFO - Created Permission View: can edit on DAG:example_branch_labels
[2023-08-31T19:12:10.043+0300] {logging_mixin.py:151} INFO - [2023-08-31T19:12:10.043+0300] {dag.py:2907} INFO - Sync 1 DAGs
[2023-08-31T19:12:10.053+0300] {logging_mixin.py:151} INFO - [2023-08-31T19:12:10.053+0300] {dag.py:2929} INFO - Creating ORM DAG for example_branch_labels
[2023-08-31T19:12:10.062+0300] {logging_mixin.py:151} INFO - [2023-08-31T19:12:10.062+0300] {dag.py:3677} INFO - Setting next_dagrun for example_branch_labels to 2023-08-30T00:00:00+00:00, run_after=2023-08-31T00:00:00+00:00
[2023-08-31T19:12:10.074+0300] {processor.py:179} INFO - Processing /home/miminari/repos/airflow_project/env/lib/python3.10/site-packages/airflow/example_dags/example_branch_labels.py took 0.149 seconds
[2023-08-31T19:12:40.404+0300] {processor.py:157} INFO - Started process (PID=18750) to work on /home/miminari/repos/airflow_project/env/lib/python3.10/site-packages/airflow/example_dags/example_branch_labels.py
[2023-08-31T19:12:40.405+0300] {processor.py:829} INFO - Processing file /home/miminari/repos/airflow_project/env/lib/python3.10/site-packages/airflow/example_dags/example_branch_labels.py for tasks to queue
[2023-08-31T19:12:40.405+0300] {logging_mixin.py:151} INFO - [2023-08-31T19:12:40.405+0300] {dagbag.py:539} INFO - Filling up the DagBag from /home/miminari/repos/airflow_project/env/lib/python3.10/site-packages/airflow/example_dags/example_branch_labels.py
[2023-08-31T19:12:40.411+0300] {processor.py:839} INFO - DAG(s) dict_keys(['example_branch_labels']) retrieved from /home/miminari/repos/airflow_project/env/lib/python3.10/site-packages/airflow/example_dags/example_branch_labels.py
[2023-08-31T19:12:40.436+0300] {logging_mixin.py:151} INFO - [2023-08-31T19:12:40.436+0300] {dag.py:2907} INFO - Sync 1 DAGs
[2023-08-31T19:12:40.456+0300] {logging_mixin.py:151} INFO - [2023-08-31T19:12:40.456+0300] {dag.py:3677} INFO - Setting next_dagrun for example_branch_labels to 2023-08-30T00:00:00+00:00, run_after=2023-08-31T00:00:00+00:00
[2023-08-31T19:12:40.471+0300] {processor.py:179} INFO - Processing /home/miminari/repos/airflow_project/env/lib/python3.10/site-packages/airflow/example_dags/example_branch_labels.py took 0.069 seconds
[2023-08-31T19:13:10.518+0300] {processor.py:157} INFO - Started process (PID=18849) to work on /home/miminari/repos/airflow_project/env/lib/python3.10/site-packages/airflow/example_dags/example_branch_labels.py
[2023-08-31T19:13:10.518+0300] {processor.py:829} INFO - Processing file /home/miminari/repos/airflow_project/env/lib/python3.10/site-packages/airflow/example_dags/example_branch_labels.py for tasks to queue
[2023-08-31T19:13:10.519+0300] {logging_mixin.py:151} INFO - [2023-08-31T19:13:10.519+0300] {dagbag.py:539} INFO - Filling up the DagBag from /home/miminari/repos/airflow_project/env/lib/python3.10/site-packages/airflow/example_dags/example_branch_labels.py
[2023-08-31T19:13:10.524+0300] {processor.py:839} INFO - DAG(s) dict_keys(['example_branch_labels']) retrieved from /home/miminari/repos/airflow_project/env/lib/python3.10/site-packages/airflow/example_dags/example_branch_labels.py
[2023-08-31T19:13:10.547+0300] {logging_mixin.py:151} INFO - [2023-08-31T19:13:10.547+0300] {dag.py:2907} INFO - Sync 1 DAGs
[2023-08-31T19:13:10.566+0300] {logging_mixin.py:151} INFO - [2023-08-31T19:13:10.566+0300] {dag.py:3677} INFO - Setting next_dagrun for example_branch_labels to 2023-08-30T00:00:00+00:00, run_after=2023-08-31T00:00:00+00:00
[2023-08-31T19:13:10.580+0300] {processor.py:179} INFO - Processing /home/miminari/repos/airflow_project/env/lib/python3.10/site-packages/airflow/example_dags/example_branch_labels.py took 0.064 seconds
[2023-08-31T19:13:40.737+0300] {processor.py:157} INFO - Started process (PID=18957) to work on /home/miminari/repos/airflow_project/env/lib/python3.10/site-packages/airflow/example_dags/example_branch_labels.py
[2023-08-31T19:13:40.737+0300] {processor.py:829} INFO - Processing file /home/miminari/repos/airflow_project/env/lib/python3.10/site-packages/airflow/example_dags/example_branch_labels.py for tasks to queue
[2023-08-31T19:13:40.738+0300] {logging_mixin.py:151} INFO - [2023-08-31T19:13:40.738+0300] {dagbag.py:539} INFO - Filling up the DagBag from /home/miminari/repos/airflow_project/env/lib/python3.10/site-packages/airflow/example_dags/example_branch_labels.py
[2023-08-31T19:13:40.744+0300] {processor.py:839} INFO - DAG(s) dict_keys(['example_branch_labels']) retrieved from /home/miminari/repos/airflow_project/env/lib/python3.10/site-packages/airflow/example_dags/example_branch_labels.py
[2023-08-31T19:13:40.769+0300] {logging_mixin.py:151} INFO - [2023-08-31T19:13:40.769+0300] {dag.py:2907} INFO - Sync 1 DAGs
[2023-08-31T19:13:40.792+0300] {logging_mixin.py:151} INFO - [2023-08-31T19:13:40.792+0300] {dag.py:3677} INFO - Setting next_dagrun for example_branch_labels to 2023-08-30T00:00:00+00:00, run_after=2023-08-31T00:00:00+00:00
[2023-08-31T19:13:40.807+0300] {processor.py:179} INFO - Processing /home/miminari/repos/airflow_project/env/lib/python3.10/site-packages/airflow/example_dags/example_branch_labels.py took 0.073 seconds
[2023-08-31T19:14:10.900+0300] {processor.py:157} INFO - Started process (PID=19056) to work on /home/miminari/repos/airflow_project/env/lib/python3.10/site-packages/airflow/example_dags/example_branch_labels.py
[2023-08-31T19:14:10.901+0300] {processor.py:829} INFO - Processing file /home/miminari/repos/airflow_project/env/lib/python3.10/site-packages/airflow/example_dags/example_branch_labels.py for tasks to queue
[2023-08-31T19:14:10.901+0300] {logging_mixin.py:151} INFO - [2023-08-31T19:14:10.901+0300] {dagbag.py:539} INFO - Filling up the DagBag from /home/miminari/repos/airflow_project/env/lib/python3.10/site-packages/airflow/example_dags/example_branch_labels.py
[2023-08-31T19:14:10.907+0300] {processor.py:839} INFO - DAG(s) dict_keys(['example_branch_labels']) retrieved from /home/miminari/repos/airflow_project/env/lib/python3.10/site-packages/airflow/example_dags/example_branch_labels.py
[2023-08-31T19:14:10.931+0300] {logging_mixin.py:151} INFO - [2023-08-31T19:14:10.931+0300] {dag.py:2907} INFO - Sync 1 DAGs
[2023-08-31T19:14:10.951+0300] {logging_mixin.py:151} INFO - [2023-08-31T19:14:10.951+0300] {dag.py:3677} INFO - Setting next_dagrun for example_branch_labels to 2023-08-30T00:00:00+00:00, run_after=2023-08-31T00:00:00+00:00
[2023-08-31T19:14:10.968+0300] {processor.py:179} INFO - Processing /home/miminari/repos/airflow_project/env/lib/python3.10/site-packages/airflow/example_dags/example_branch_labels.py took 0.071 seconds
[2023-08-31T19:14:41.080+0300] {processor.py:157} INFO - Started process (PID=19151) to work on /home/miminari/repos/airflow_project/env/lib/python3.10/site-packages/airflow/example_dags/example_branch_labels.py
[2023-08-31T19:14:41.080+0300] {processor.py:829} INFO - Processing file /home/miminari/repos/airflow_project/env/lib/python3.10/site-packages/airflow/example_dags/example_branch_labels.py for tasks to queue
[2023-08-31T19:14:41.081+0300] {logging_mixin.py:151} INFO - [2023-08-31T19:14:41.081+0300] {dagbag.py:539} INFO - Filling up the DagBag from /home/miminari/repos/airflow_project/env/lib/python3.10/site-packages/airflow/example_dags/example_branch_labels.py
[2023-08-31T19:14:41.090+0300] {processor.py:839} INFO - DAG(s) dict_keys(['example_branch_labels']) retrieved from /home/miminari/repos/airflow_project/env/lib/python3.10/site-packages/airflow/example_dags/example_branch_labels.py
[2023-08-31T19:14:41.149+0300] {logging_mixin.py:151} INFO - [2023-08-31T19:14:41.149+0300] {dag.py:2907} INFO - Sync 1 DAGs
[2023-08-31T19:14:41.177+0300] {logging_mixin.py:151} INFO - [2023-08-31T19:14:41.177+0300] {dag.py:3677} INFO - Setting next_dagrun for example_branch_labels to 2023-08-30T00:00:00+00:00, run_after=2023-08-31T00:00:00+00:00
[2023-08-31T19:14:41.191+0300] {processor.py:179} INFO - Processing /home/miminari/repos/airflow_project/env/lib/python3.10/site-packages/airflow/example_dags/example_branch_labels.py took 0.116 seconds
[2023-08-31T19:15:11.437+0300] {processor.py:157} INFO - Started process (PID=19352) to work on /home/miminari/repos/airflow_project/env/lib/python3.10/site-packages/airflow/example_dags/example_branch_labels.py
[2023-08-31T19:15:11.438+0300] {processor.py:829} INFO - Processing file /home/miminari/repos/airflow_project/env/lib/python3.10/site-packages/airflow/example_dags/example_branch_labels.py for tasks to queue
[2023-08-31T19:15:11.439+0300] {logging_mixin.py:151} INFO - [2023-08-31T19:15:11.439+0300] {dagbag.py:539} INFO - Filling up the DagBag from /home/miminari/repos/airflow_project/env/lib/python3.10/site-packages/airflow/example_dags/example_branch_labels.py
[2023-08-31T19:15:11.446+0300] {processor.py:839} INFO - DAG(s) dict_keys(['example_branch_labels']) retrieved from /home/miminari/repos/airflow_project/env/lib/python3.10/site-packages/airflow/example_dags/example_branch_labels.py
[2023-08-31T19:15:11.474+0300] {logging_mixin.py:151} INFO - [2023-08-31T19:15:11.474+0300] {dag.py:2907} INFO - Sync 1 DAGs
[2023-08-31T19:15:11.496+0300] {logging_mixin.py:151} INFO - [2023-08-31T19:15:11.496+0300] {dag.py:3677} INFO - Setting next_dagrun for example_branch_labels to 2023-08-30T00:00:00+00:00, run_after=2023-08-31T00:00:00+00:00
[2023-08-31T19:15:11.514+0300] {processor.py:179} INFO - Processing /home/miminari/repos/airflow_project/env/lib/python3.10/site-packages/airflow/example_dags/example_branch_labels.py took 0.081 seconds
[2023-08-31T19:15:41.568+0300] {processor.py:157} INFO - Started process (PID=19450) to work on /home/miminari/repos/airflow_project/env/lib/python3.10/site-packages/airflow/example_dags/example_branch_labels.py
[2023-08-31T19:15:41.568+0300] {processor.py:829} INFO - Processing file /home/miminari/repos/airflow_project/env/lib/python3.10/site-packages/airflow/example_dags/example_branch_labels.py for tasks to queue
[2023-08-31T19:15:41.569+0300] {logging_mixin.py:151} INFO - [2023-08-31T19:15:41.569+0300] {dagbag.py:539} INFO - Filling up the DagBag from /home/miminari/repos/airflow_project/env/lib/python3.10/site-packages/airflow/example_dags/example_branch_labels.py
[2023-08-31T19:15:41.575+0300] {processor.py:839} INFO - DAG(s) dict_keys(['example_branch_labels']) retrieved from /home/miminari/repos/airflow_project/env/lib/python3.10/site-packages/airflow/example_dags/example_branch_labels.py
[2023-08-31T19:15:41.601+0300] {logging_mixin.py:151} INFO - [2023-08-31T19:15:41.601+0300] {dag.py:2907} INFO - Sync 1 DAGs
[2023-08-31T19:15:41.620+0300] {logging_mixin.py:151} INFO - [2023-08-31T19:15:41.620+0300] {dag.py:3677} INFO - Setting next_dagrun for example_branch_labels to 2023-08-30T00:00:00+00:00, run_after=2023-08-31T00:00:00+00:00
[2023-08-31T19:15:41.642+0300] {processor.py:179} INFO - Processing /home/miminari/repos/airflow_project/env/lib/python3.10/site-packages/airflow/example_dags/example_branch_labels.py took 0.076 seconds
[2023-08-31T19:16:12.103+0300] {processor.py:157} INFO - Started process (PID=19606) to work on /home/miminari/repos/airflow_project/env/lib/python3.10/site-packages/airflow/example_dags/example_branch_labels.py
[2023-08-31T19:16:12.104+0300] {processor.py:829} INFO - Processing file /home/miminari/repos/airflow_project/env/lib/python3.10/site-packages/airflow/example_dags/example_branch_labels.py for tasks to queue
[2023-08-31T19:16:12.105+0300] {logging_mixin.py:151} INFO - [2023-08-31T19:16:12.105+0300] {dagbag.py:539} INFO - Filling up the DagBag from /home/miminari/repos/airflow_project/env/lib/python3.10/site-packages/airflow/example_dags/example_branch_labels.py
[2023-08-31T19:16:12.112+0300] {processor.py:839} INFO - DAG(s) dict_keys(['example_branch_labels']) retrieved from /home/miminari/repos/airflow_project/env/lib/python3.10/site-packages/airflow/example_dags/example_branch_labels.py
[2023-08-31T19:16:12.138+0300] {logging_mixin.py:151} INFO - [2023-08-31T19:16:12.137+0300] {dag.py:2907} INFO - Sync 1 DAGs
[2023-08-31T19:16:12.157+0300] {logging_mixin.py:151} INFO - [2023-08-31T19:16:12.157+0300] {dag.py:3677} INFO - Setting next_dagrun for example_branch_labels to 2023-08-30T00:00:00+00:00, run_after=2023-08-31T00:00:00+00:00
[2023-08-31T19:16:12.170+0300] {processor.py:179} INFO - Processing /home/miminari/repos/airflow_project/env/lib/python3.10/site-packages/airflow/example_dags/example_branch_labels.py took 0.069 seconds
[2023-08-31T19:16:42.318+0300] {processor.py:157} INFO - Started process (PID=19706) to work on /home/miminari/repos/airflow_project/env/lib/python3.10/site-packages/airflow/example_dags/example_branch_labels.py
[2023-08-31T19:16:42.318+0300] {processor.py:829} INFO - Processing file /home/miminari/repos/airflow_project/env/lib/python3.10/site-packages/airflow/example_dags/example_branch_labels.py for tasks to queue
[2023-08-31T19:16:42.319+0300] {logging_mixin.py:151} INFO - [2023-08-31T19:16:42.319+0300] {dagbag.py:539} INFO - Filling up the DagBag from /home/miminari/repos/airflow_project/env/lib/python3.10/site-packages/airflow/example_dags/example_branch_labels.py
[2023-08-31T19:16:42.326+0300] {processor.py:839} INFO - DAG(s) dict_keys(['example_branch_labels']) retrieved from /home/miminari/repos/airflow_project/env/lib/python3.10/site-packages/airflow/example_dags/example_branch_labels.py
[2023-08-31T19:16:42.350+0300] {logging_mixin.py:151} INFO - [2023-08-31T19:16:42.350+0300] {dag.py:2907} INFO - Sync 1 DAGs
[2023-08-31T19:16:42.370+0300] {logging_mixin.py:151} INFO - [2023-08-31T19:16:42.369+0300] {dag.py:3677} INFO - Setting next_dagrun for example_branch_labels to 2023-08-30T00:00:00+00:00, run_after=2023-08-31T00:00:00+00:00
[2023-08-31T19:16:42.383+0300] {processor.py:179} INFO - Processing /home/miminari/repos/airflow_project/env/lib/python3.10/site-packages/airflow/example_dags/example_branch_labels.py took 0.070 seconds
[2023-08-31T19:17:12.594+0300] {processor.py:157} INFO - Started process (PID=19876) to work on /home/miminari/repos/airflow_project/env/lib/python3.10/site-packages/airflow/example_dags/example_branch_labels.py
[2023-08-31T19:17:12.594+0300] {processor.py:829} INFO - Processing file /home/miminari/repos/airflow_project/env/lib/python3.10/site-packages/airflow/example_dags/example_branch_labels.py for tasks to queue
[2023-08-31T19:17:12.595+0300] {logging_mixin.py:151} INFO - [2023-08-31T19:17:12.595+0300] {dagbag.py:539} INFO - Filling up the DagBag from /home/miminari/repos/airflow_project/env/lib/python3.10/site-packages/airflow/example_dags/example_branch_labels.py
[2023-08-31T19:17:12.601+0300] {processor.py:839} INFO - DAG(s) dict_keys(['example_branch_labels']) retrieved from /home/miminari/repos/airflow_project/env/lib/python3.10/site-packages/airflow/example_dags/example_branch_labels.py
[2023-08-31T19:17:12.631+0300] {logging_mixin.py:151} INFO - [2023-08-31T19:17:12.630+0300] {dag.py:2907} INFO - Sync 1 DAGs
[2023-08-31T19:17:12.652+0300] {logging_mixin.py:151} INFO - [2023-08-31T19:17:12.651+0300] {dag.py:3677} INFO - Setting next_dagrun for example_branch_labels to 2023-08-30T00:00:00+00:00, run_after=2023-08-31T00:00:00+00:00
[2023-08-31T19:17:12.664+0300] {processor.py:179} INFO - Processing /home/miminari/repos/airflow_project/env/lib/python3.10/site-packages/airflow/example_dags/example_branch_labels.py took 0.073 seconds
[2023-08-31T19:17:43.703+0300] {processor.py:157} INFO - Started process (PID=20013) to work on /home/miminari/repos/airflow_project/env/lib/python3.10/site-packages/airflow/example_dags/example_branch_labels.py
[2023-08-31T19:17:43.707+0300] {processor.py:829} INFO - Processing file /home/miminari/repos/airflow_project/env/lib/python3.10/site-packages/airflow/example_dags/example_branch_labels.py for tasks to queue
[2023-08-31T19:17:43.708+0300] {logging_mixin.py:151} INFO - [2023-08-31T19:17:43.708+0300] {dagbag.py:539} INFO - Filling up the DagBag from /home/miminari/repos/airflow_project/env/lib/python3.10/site-packages/airflow/example_dags/example_branch_labels.py
[2023-08-31T19:17:43.714+0300] {processor.py:839} INFO - DAG(s) dict_keys(['example_branch_labels']) retrieved from /home/miminari/repos/airflow_project/env/lib/python3.10/site-packages/airflow/example_dags/example_branch_labels.py
[2023-08-31T19:17:43.747+0300] {logging_mixin.py:151} INFO - [2023-08-31T19:17:43.747+0300] {dag.py:2907} INFO - Sync 1 DAGs
[2023-08-31T19:17:43.766+0300] {logging_mixin.py:151} INFO - [2023-08-31T19:17:43.766+0300] {dag.py:3677} INFO - Setting next_dagrun for example_branch_labels to 2023-08-30T00:00:00+00:00, run_after=2023-08-31T00:00:00+00:00
[2023-08-31T19:17:43.779+0300] {processor.py:179} INFO - Processing /home/miminari/repos/airflow_project/env/lib/python3.10/site-packages/airflow/example_dags/example_branch_labels.py took 0.079 seconds
[2023-08-31T19:18:14.791+0300] {processor.py:157} INFO - Started process (PID=20120) to work on /home/miminari/repos/airflow_project/env/lib/python3.10/site-packages/airflow/example_dags/example_branch_labels.py
[2023-08-31T19:18:14.792+0300] {processor.py:829} INFO - Processing file /home/miminari/repos/airflow_project/env/lib/python3.10/site-packages/airflow/example_dags/example_branch_labels.py for tasks to queue
[2023-08-31T19:18:14.793+0300] {logging_mixin.py:151} INFO - [2023-08-31T19:18:14.792+0300] {dagbag.py:539} INFO - Filling up the DagBag from /home/miminari/repos/airflow_project/env/lib/python3.10/site-packages/airflow/example_dags/example_branch_labels.py
[2023-08-31T19:18:14.799+0300] {processor.py:839} INFO - DAG(s) dict_keys(['example_branch_labels']) retrieved from /home/miminari/repos/airflow_project/env/lib/python3.10/site-packages/airflow/example_dags/example_branch_labels.py
[2023-08-31T19:18:14.822+0300] {logging_mixin.py:151} INFO - [2023-08-31T19:18:14.821+0300] {dag.py:2907} INFO - Sync 1 DAGs
[2023-08-31T19:18:14.839+0300] {logging_mixin.py:151} INFO - [2023-08-31T19:18:14.839+0300] {dag.py:3677} INFO - Setting next_dagrun for example_branch_labels to 2023-08-30T00:00:00+00:00, run_after=2023-08-31T00:00:00+00:00
[2023-08-31T19:18:14.851+0300] {processor.py:179} INFO - Processing /home/miminari/repos/airflow_project/env/lib/python3.10/site-packages/airflow/example_dags/example_branch_labels.py took 0.062 seconds
[2023-08-31T19:18:45.036+0300] {processor.py:157} INFO - Started process (PID=20215) to work on /home/miminari/repos/airflow_project/env/lib/python3.10/site-packages/airflow/example_dags/example_branch_labels.py
[2023-08-31T19:18:45.039+0300] {processor.py:829} INFO - Processing file /home/miminari/repos/airflow_project/env/lib/python3.10/site-packages/airflow/example_dags/example_branch_labels.py for tasks to queue
[2023-08-31T19:18:45.039+0300] {logging_mixin.py:151} INFO - [2023-08-31T19:18:45.039+0300] {dagbag.py:539} INFO - Filling up the DagBag from /home/miminari/repos/airflow_project/env/lib/python3.10/site-packages/airflow/example_dags/example_branch_labels.py
[2023-08-31T19:18:45.047+0300] {processor.py:839} INFO - DAG(s) dict_keys(['example_branch_labels']) retrieved from /home/miminari/repos/airflow_project/env/lib/python3.10/site-packages/airflow/example_dags/example_branch_labels.py
[2023-08-31T19:18:45.071+0300] {logging_mixin.py:151} INFO - [2023-08-31T19:18:45.071+0300] {dag.py:2907} INFO - Sync 1 DAGs
[2023-08-31T19:18:45.093+0300] {logging_mixin.py:151} INFO - [2023-08-31T19:18:45.093+0300] {dag.py:3677} INFO - Setting next_dagrun for example_branch_labels to 2023-08-30T00:00:00+00:00, run_after=2023-08-31T00:00:00+00:00
[2023-08-31T19:18:45.110+0300] {processor.py:179} INFO - Processing /home/miminari/repos/airflow_project/env/lib/python3.10/site-packages/airflow/example_dags/example_branch_labels.py took 0.077 seconds
[2023-08-31T19:19:15.518+0300] {processor.py:157} INFO - Started process (PID=20320) to work on /home/miminari/repos/airflow_project/env/lib/python3.10/site-packages/airflow/example_dags/example_branch_labels.py
[2023-08-31T19:19:15.519+0300] {processor.py:829} INFO - Processing file /home/miminari/repos/airflow_project/env/lib/python3.10/site-packages/airflow/example_dags/example_branch_labels.py for tasks to queue
[2023-08-31T19:19:15.520+0300] {logging_mixin.py:151} INFO - [2023-08-31T19:19:15.519+0300] {dagbag.py:539} INFO - Filling up the DagBag from /home/miminari/repos/airflow_project/env/lib/python3.10/site-packages/airflow/example_dags/example_branch_labels.py
[2023-08-31T19:19:15.534+0300] {processor.py:839} INFO - DAG(s) dict_keys(['example_branch_labels']) retrieved from /home/miminari/repos/airflow_project/env/lib/python3.10/site-packages/airflow/example_dags/example_branch_labels.py
[2023-08-31T19:19:15.574+0300] {logging_mixin.py:151} INFO - [2023-08-31T19:19:15.573+0300] {dag.py:2907} INFO - Sync 1 DAGs
[2023-08-31T19:19:15.594+0300] {logging_mixin.py:151} INFO - [2023-08-31T19:19:15.594+0300] {dag.py:3677} INFO - Setting next_dagrun for example_branch_labels to 2023-08-30T00:00:00+00:00, run_after=2023-08-31T00:00:00+00:00
[2023-08-31T19:19:15.618+0300] {processor.py:179} INFO - Processing /home/miminari/repos/airflow_project/env/lib/python3.10/site-packages/airflow/example_dags/example_branch_labels.py took 0.107 seconds
[2023-08-31T19:19:45.828+0300] {processor.py:157} INFO - Started process (PID=20419) to work on /home/miminari/repos/airflow_project/env/lib/python3.10/site-packages/airflow/example_dags/example_branch_labels.py
[2023-08-31T19:19:45.829+0300] {processor.py:829} INFO - Processing file /home/miminari/repos/airflow_project/env/lib/python3.10/site-packages/airflow/example_dags/example_branch_labels.py for tasks to queue
[2023-08-31T19:19:45.830+0300] {logging_mixin.py:151} INFO - [2023-08-31T19:19:45.830+0300] {dagbag.py:539} INFO - Filling up the DagBag from /home/miminari/repos/airflow_project/env/lib/python3.10/site-packages/airflow/example_dags/example_branch_labels.py
[2023-08-31T19:19:45.842+0300] {processor.py:839} INFO - DAG(s) dict_keys(['example_branch_labels']) retrieved from /home/miminari/repos/airflow_project/env/lib/python3.10/site-packages/airflow/example_dags/example_branch_labels.py
[2023-08-31T19:19:45.873+0300] {logging_mixin.py:151} INFO - [2023-08-31T19:19:45.873+0300] {dag.py:2907} INFO - Sync 1 DAGs
[2023-08-31T19:19:45.899+0300] {logging_mixin.py:151} INFO - [2023-08-31T19:19:45.898+0300] {dag.py:3677} INFO - Setting next_dagrun for example_branch_labels to 2023-08-30T00:00:00+00:00, run_after=2023-08-31T00:00:00+00:00
[2023-08-31T19:19:45.922+0300] {processor.py:179} INFO - Processing /home/miminari/repos/airflow_project/env/lib/python3.10/site-packages/airflow/example_dags/example_branch_labels.py took 0.098 seconds
