[2023-08-31T19:12:09.369+0300] {processor.py:157} INFO - Started process (PID=18627) to work on /home/miminari/repos/airflow_project/env/lib/python3.10/site-packages/airflow/example_dags/example_external_task_marker_dag.py
[2023-08-31T19:12:09.369+0300] {processor.py:829} INFO - Processing file /home/miminari/repos/airflow_project/env/lib/python3.10/site-packages/airflow/example_dags/example_external_task_marker_dag.py for tasks to queue
[2023-08-31T19:12:09.370+0300] {logging_mixin.py:151} INFO - [2023-08-31T19:12:09.370+0300] {dagbag.py:539} INFO - Filling up the DagBag from /home/miminari/repos/airflow_project/env/lib/python3.10/site-packages/airflow/example_dags/example_external_task_marker_dag.py
[2023-08-31T19:12:09.375+0300] {processor.py:839} INFO - DAG(s) dict_keys(['example_external_task_marker_child', 'example_external_task_marker_parent']) retrieved from /home/miminari/repos/airflow_project/env/lib/python3.10/site-packages/airflow/example_dags/example_external_task_marker_dag.py
[2023-08-31T19:12:09.463+0300] {logging_mixin.py:151} INFO - [2023-08-31T19:12:09.463+0300] {manager.py:501} INFO - Created Permission View: can read on DAG:example_external_task_marker_child
[2023-08-31T19:12:09.470+0300] {logging_mixin.py:151} INFO - [2023-08-31T19:12:09.470+0300] {manager.py:501} INFO - Created Permission View: can delete on DAG:example_external_task_marker_child
[2023-08-31T19:12:09.475+0300] {logging_mixin.py:151} INFO - [2023-08-31T19:12:09.474+0300] {manager.py:501} INFO - Created Permission View: can edit on DAG:example_external_task_marker_child
[2023-08-31T19:12:09.493+0300] {logging_mixin.py:151} INFO - [2023-08-31T19:12:09.493+0300] {manager.py:501} INFO - Created Permission View: can read on DAG:example_external_task_marker_parent
[2023-08-31T19:12:09.498+0300] {logging_mixin.py:151} INFO - [2023-08-31T19:12:09.498+0300] {manager.py:501} INFO - Created Permission View: can delete on DAG:example_external_task_marker_parent
[2023-08-31T19:12:09.502+0300] {logging_mixin.py:151} INFO - [2023-08-31T19:12:09.502+0300] {manager.py:501} INFO - Created Permission View: can edit on DAG:example_external_task_marker_parent
[2023-08-31T19:12:09.507+0300] {logging_mixin.py:151} INFO - [2023-08-31T19:12:09.507+0300] {dag.py:2907} INFO - Sync 2 DAGs
[2023-08-31T19:12:09.516+0300] {logging_mixin.py:151} INFO - [2023-08-31T19:12:09.516+0300] {dag.py:2929} INFO - Creating ORM DAG for example_external_task_marker_parent
[2023-08-31T19:12:09.516+0300] {logging_mixin.py:151} INFO - [2023-08-31T19:12:09.516+0300] {dag.py:2929} INFO - Creating ORM DAG for example_external_task_marker_child
[2023-08-31T19:12:09.517+0300] {logging_mixin.py:151} INFO - [2023-08-31T19:12:09.516+0300] {dag.py:3677} INFO - Setting next_dagrun for example_external_task_marker_child to None, run_after=None
[2023-08-31T19:12:09.517+0300] {logging_mixin.py:151} INFO - [2023-08-31T19:12:09.517+0300] {dag.py:3677} INFO - Setting next_dagrun for example_external_task_marker_parent to None, run_after=None
[2023-08-31T19:12:09.535+0300] {processor.py:179} INFO - Processing /home/miminari/repos/airflow_project/env/lib/python3.10/site-packages/airflow/example_dags/example_external_task_marker_dag.py took 0.168 seconds
[2023-08-31T19:12:40.084+0300] {processor.py:157} INFO - Started process (PID=18736) to work on /home/miminari/repos/airflow_project/env/lib/python3.10/site-packages/airflow/example_dags/example_external_task_marker_dag.py
[2023-08-31T19:12:40.085+0300] {processor.py:829} INFO - Processing file /home/miminari/repos/airflow_project/env/lib/python3.10/site-packages/airflow/example_dags/example_external_task_marker_dag.py for tasks to queue
[2023-08-31T19:12:40.086+0300] {logging_mixin.py:151} INFO - [2023-08-31T19:12:40.085+0300] {dagbag.py:539} INFO - Filling up the DagBag from /home/miminari/repos/airflow_project/env/lib/python3.10/site-packages/airflow/example_dags/example_external_task_marker_dag.py
[2023-08-31T19:12:40.090+0300] {processor.py:839} INFO - DAG(s) dict_keys(['example_external_task_marker_child', 'example_external_task_marker_parent']) retrieved from /home/miminari/repos/airflow_project/env/lib/python3.10/site-packages/airflow/example_dags/example_external_task_marker_dag.py
[2023-08-31T19:12:40.119+0300] {logging_mixin.py:151} INFO - [2023-08-31T19:12:40.119+0300] {dag.py:2907} INFO - Sync 2 DAGs
[2023-08-31T19:12:40.131+0300] {logging_mixin.py:151} INFO - [2023-08-31T19:12:40.131+0300] {dag.py:3677} INFO - Setting next_dagrun for example_external_task_marker_child to None, run_after=None
[2023-08-31T19:12:40.134+0300] {logging_mixin.py:151} INFO - [2023-08-31T19:12:40.134+0300] {dag.py:3677} INFO - Setting next_dagrun for example_external_task_marker_parent to None, run_after=None
[2023-08-31T19:12:40.149+0300] {processor.py:179} INFO - Processing /home/miminari/repos/airflow_project/env/lib/python3.10/site-packages/airflow/example_dags/example_external_task_marker_dag.py took 0.067 seconds
[2023-08-31T19:13:10.237+0300] {processor.py:157} INFO - Started process (PID=18836) to work on /home/miminari/repos/airflow_project/env/lib/python3.10/site-packages/airflow/example_dags/example_external_task_marker_dag.py
[2023-08-31T19:13:10.238+0300] {processor.py:829} INFO - Processing file /home/miminari/repos/airflow_project/env/lib/python3.10/site-packages/airflow/example_dags/example_external_task_marker_dag.py for tasks to queue
[2023-08-31T19:13:10.238+0300] {logging_mixin.py:151} INFO - [2023-08-31T19:13:10.238+0300] {dagbag.py:539} INFO - Filling up the DagBag from /home/miminari/repos/airflow_project/env/lib/python3.10/site-packages/airflow/example_dags/example_external_task_marker_dag.py
[2023-08-31T19:13:10.242+0300] {processor.py:839} INFO - DAG(s) dict_keys(['example_external_task_marker_parent', 'example_external_task_marker_child']) retrieved from /home/miminari/repos/airflow_project/env/lib/python3.10/site-packages/airflow/example_dags/example_external_task_marker_dag.py
[2023-08-31T19:13:10.270+0300] {logging_mixin.py:151} INFO - [2023-08-31T19:13:10.270+0300] {dag.py:2907} INFO - Sync 2 DAGs
[2023-08-31T19:13:10.281+0300] {logging_mixin.py:151} INFO - [2023-08-31T19:13:10.281+0300] {dag.py:3677} INFO - Setting next_dagrun for example_external_task_marker_child to None, run_after=None
[2023-08-31T19:13:10.284+0300] {logging_mixin.py:151} INFO - [2023-08-31T19:13:10.284+0300] {dag.py:3677} INFO - Setting next_dagrun for example_external_task_marker_parent to None, run_after=None
[2023-08-31T19:13:10.297+0300] {processor.py:179} INFO - Processing /home/miminari/repos/airflow_project/env/lib/python3.10/site-packages/airflow/example_dags/example_external_task_marker_dag.py took 0.063 seconds
[2023-08-31T19:13:40.420+0300] {processor.py:157} INFO - Started process (PID=18943) to work on /home/miminari/repos/airflow_project/env/lib/python3.10/site-packages/airflow/example_dags/example_external_task_marker_dag.py
[2023-08-31T19:13:40.420+0300] {processor.py:829} INFO - Processing file /home/miminari/repos/airflow_project/env/lib/python3.10/site-packages/airflow/example_dags/example_external_task_marker_dag.py for tasks to queue
[2023-08-31T19:13:40.421+0300] {logging_mixin.py:151} INFO - [2023-08-31T19:13:40.421+0300] {dagbag.py:539} INFO - Filling up the DagBag from /home/miminari/repos/airflow_project/env/lib/python3.10/site-packages/airflow/example_dags/example_external_task_marker_dag.py
[2023-08-31T19:13:40.426+0300] {processor.py:839} INFO - DAG(s) dict_keys(['example_external_task_marker_parent', 'example_external_task_marker_child']) retrieved from /home/miminari/repos/airflow_project/env/lib/python3.10/site-packages/airflow/example_dags/example_external_task_marker_dag.py
[2023-08-31T19:13:40.457+0300] {logging_mixin.py:151} INFO - [2023-08-31T19:13:40.457+0300] {dag.py:2907} INFO - Sync 2 DAGs
[2023-08-31T19:13:40.470+0300] {logging_mixin.py:151} INFO - [2023-08-31T19:13:40.469+0300] {dag.py:3677} INFO - Setting next_dagrun for example_external_task_marker_child to None, run_after=None
[2023-08-31T19:13:40.473+0300] {logging_mixin.py:151} INFO - [2023-08-31T19:13:40.473+0300] {dag.py:3677} INFO - Setting next_dagrun for example_external_task_marker_parent to None, run_after=None
[2023-08-31T19:13:40.488+0300] {processor.py:179} INFO - Processing /home/miminari/repos/airflow_project/env/lib/python3.10/site-packages/airflow/example_dags/example_external_task_marker_dag.py took 0.071 seconds
[2023-08-31T19:14:10.599+0300] {processor.py:157} INFO - Started process (PID=19042) to work on /home/miminari/repos/airflow_project/env/lib/python3.10/site-packages/airflow/example_dags/example_external_task_marker_dag.py
[2023-08-31T19:14:10.599+0300] {processor.py:829} INFO - Processing file /home/miminari/repos/airflow_project/env/lib/python3.10/site-packages/airflow/example_dags/example_external_task_marker_dag.py for tasks to queue
[2023-08-31T19:14:10.600+0300] {logging_mixin.py:151} INFO - [2023-08-31T19:14:10.599+0300] {dagbag.py:539} INFO - Filling up the DagBag from /home/miminari/repos/airflow_project/env/lib/python3.10/site-packages/airflow/example_dags/example_external_task_marker_dag.py
[2023-08-31T19:14:10.605+0300] {processor.py:839} INFO - DAG(s) dict_keys(['example_external_task_marker_parent', 'example_external_task_marker_child']) retrieved from /home/miminari/repos/airflow_project/env/lib/python3.10/site-packages/airflow/example_dags/example_external_task_marker_dag.py
[2023-08-31T19:14:10.633+0300] {logging_mixin.py:151} INFO - [2023-08-31T19:14:10.633+0300] {dag.py:2907} INFO - Sync 2 DAGs
[2023-08-31T19:14:10.644+0300] {logging_mixin.py:151} INFO - [2023-08-31T19:14:10.644+0300] {dag.py:3677} INFO - Setting next_dagrun for example_external_task_marker_child to None, run_after=None
[2023-08-31T19:14:10.647+0300] {logging_mixin.py:151} INFO - [2023-08-31T19:14:10.647+0300] {dag.py:3677} INFO - Setting next_dagrun for example_external_task_marker_parent to None, run_after=None
[2023-08-31T19:14:10.659+0300] {processor.py:179} INFO - Processing /home/miminari/repos/airflow_project/env/lib/python3.10/site-packages/airflow/example_dags/example_external_task_marker_dag.py took 0.063 seconds
[2023-08-31T19:14:40.697+0300] {processor.py:157} INFO - Started process (PID=19136) to work on /home/miminari/repos/airflow_project/env/lib/python3.10/site-packages/airflow/example_dags/example_external_task_marker_dag.py
[2023-08-31T19:14:40.698+0300] {processor.py:829} INFO - Processing file /home/miminari/repos/airflow_project/env/lib/python3.10/site-packages/airflow/example_dags/example_external_task_marker_dag.py for tasks to queue
[2023-08-31T19:14:40.698+0300] {logging_mixin.py:151} INFO - [2023-08-31T19:14:40.698+0300] {dagbag.py:539} INFO - Filling up the DagBag from /home/miminari/repos/airflow_project/env/lib/python3.10/site-packages/airflow/example_dags/example_external_task_marker_dag.py
[2023-08-31T19:14:40.703+0300] {processor.py:839} INFO - DAG(s) dict_keys(['example_external_task_marker_child', 'example_external_task_marker_parent']) retrieved from /home/miminari/repos/airflow_project/env/lib/python3.10/site-packages/airflow/example_dags/example_external_task_marker_dag.py
[2023-08-31T19:14:40.727+0300] {logging_mixin.py:151} INFO - [2023-08-31T19:14:40.727+0300] {dag.py:2907} INFO - Sync 2 DAGs
[2023-08-31T19:14:40.738+0300] {logging_mixin.py:151} INFO - [2023-08-31T19:14:40.737+0300] {dag.py:3677} INFO - Setting next_dagrun for example_external_task_marker_child to None, run_after=None
[2023-08-31T19:14:40.741+0300] {logging_mixin.py:151} INFO - [2023-08-31T19:14:40.741+0300] {dag.py:3677} INFO - Setting next_dagrun for example_external_task_marker_parent to None, run_after=None
[2023-08-31T19:14:40.753+0300] {processor.py:179} INFO - Processing /home/miminari/repos/airflow_project/env/lib/python3.10/site-packages/airflow/example_dags/example_external_task_marker_dag.py took 0.058 seconds
[2023-08-31T19:15:10.961+0300] {processor.py:157} INFO - Started process (PID=19336) to work on /home/miminari/repos/airflow_project/env/lib/python3.10/site-packages/airflow/example_dags/example_external_task_marker_dag.py
[2023-08-31T19:15:10.962+0300] {processor.py:829} INFO - Processing file /home/miminari/repos/airflow_project/env/lib/python3.10/site-packages/airflow/example_dags/example_external_task_marker_dag.py for tasks to queue
[2023-08-31T19:15:10.963+0300] {logging_mixin.py:151} INFO - [2023-08-31T19:15:10.962+0300] {dagbag.py:539} INFO - Filling up the DagBag from /home/miminari/repos/airflow_project/env/lib/python3.10/site-packages/airflow/example_dags/example_external_task_marker_dag.py
[2023-08-31T19:15:10.967+0300] {processor.py:839} INFO - DAG(s) dict_keys(['example_external_task_marker_parent', 'example_external_task_marker_child']) retrieved from /home/miminari/repos/airflow_project/env/lib/python3.10/site-packages/airflow/example_dags/example_external_task_marker_dag.py
[2023-08-31T19:15:10.995+0300] {logging_mixin.py:151} INFO - [2023-08-31T19:15:10.995+0300] {dag.py:2907} INFO - Sync 2 DAGs
[2023-08-31T19:15:11.007+0300] {logging_mixin.py:151} INFO - [2023-08-31T19:15:11.007+0300] {dag.py:3677} INFO - Setting next_dagrun for example_external_task_marker_child to None, run_after=None
[2023-08-31T19:15:11.010+0300] {logging_mixin.py:151} INFO - [2023-08-31T19:15:11.010+0300] {dag.py:3677} INFO - Setting next_dagrun for example_external_task_marker_parent to None, run_after=None
[2023-08-31T19:15:11.023+0300] {processor.py:179} INFO - Processing /home/miminari/repos/airflow_project/env/lib/python3.10/site-packages/airflow/example_dags/example_external_task_marker_dag.py took 0.065 seconds
[2023-08-31T19:15:41.180+0300] {processor.py:157} INFO - Started process (PID=19434) to work on /home/miminari/repos/airflow_project/env/lib/python3.10/site-packages/airflow/example_dags/example_external_task_marker_dag.py
[2023-08-31T19:15:41.180+0300] {processor.py:829} INFO - Processing file /home/miminari/repos/airflow_project/env/lib/python3.10/site-packages/airflow/example_dags/example_external_task_marker_dag.py for tasks to queue
[2023-08-31T19:15:41.181+0300] {logging_mixin.py:151} INFO - [2023-08-31T19:15:41.181+0300] {dagbag.py:539} INFO - Filling up the DagBag from /home/miminari/repos/airflow_project/env/lib/python3.10/site-packages/airflow/example_dags/example_external_task_marker_dag.py
[2023-08-31T19:15:41.186+0300] {processor.py:839} INFO - DAG(s) dict_keys(['example_external_task_marker_parent', 'example_external_task_marker_child']) retrieved from /home/miminari/repos/airflow_project/env/lib/python3.10/site-packages/airflow/example_dags/example_external_task_marker_dag.py
[2023-08-31T19:15:41.213+0300] {logging_mixin.py:151} INFO - [2023-08-31T19:15:41.213+0300] {dag.py:2907} INFO - Sync 2 DAGs
[2023-08-31T19:15:41.224+0300] {logging_mixin.py:151} INFO - [2023-08-31T19:15:41.223+0300] {dag.py:3677} INFO - Setting next_dagrun for example_external_task_marker_child to None, run_after=None
[2023-08-31T19:15:41.226+0300] {logging_mixin.py:151} INFO - [2023-08-31T19:15:41.226+0300] {dag.py:3677} INFO - Setting next_dagrun for example_external_task_marker_parent to None, run_after=None
[2023-08-31T19:15:41.239+0300] {processor.py:179} INFO - Processing /home/miminari/repos/airflow_project/env/lib/python3.10/site-packages/airflow/example_dags/example_external_task_marker_dag.py took 0.063 seconds
[2023-08-31T19:16:11.527+0300] {processor.py:157} INFO - Started process (PID=19588) to work on /home/miminari/repos/airflow_project/env/lib/python3.10/site-packages/airflow/example_dags/example_external_task_marker_dag.py
[2023-08-31T19:16:11.528+0300] {processor.py:829} INFO - Processing file /home/miminari/repos/airflow_project/env/lib/python3.10/site-packages/airflow/example_dags/example_external_task_marker_dag.py for tasks to queue
[2023-08-31T19:16:11.529+0300] {logging_mixin.py:151} INFO - [2023-08-31T19:16:11.529+0300] {dagbag.py:539} INFO - Filling up the DagBag from /home/miminari/repos/airflow_project/env/lib/python3.10/site-packages/airflow/example_dags/example_external_task_marker_dag.py
[2023-08-31T19:16:11.533+0300] {processor.py:839} INFO - DAG(s) dict_keys(['example_external_task_marker_child', 'example_external_task_marker_parent']) retrieved from /home/miminari/repos/airflow_project/env/lib/python3.10/site-packages/airflow/example_dags/example_external_task_marker_dag.py
[2023-08-31T19:16:11.567+0300] {logging_mixin.py:151} INFO - [2023-08-31T19:16:11.567+0300] {dag.py:2907} INFO - Sync 2 DAGs
[2023-08-31T19:16:11.580+0300] {logging_mixin.py:151} INFO - [2023-08-31T19:16:11.580+0300] {dag.py:3677} INFO - Setting next_dagrun for example_external_task_marker_child to None, run_after=None
[2023-08-31T19:16:11.583+0300] {logging_mixin.py:151} INFO - [2023-08-31T19:16:11.583+0300] {dag.py:3677} INFO - Setting next_dagrun for example_external_task_marker_parent to None, run_after=None
[2023-08-31T19:16:11.601+0300] {processor.py:179} INFO - Processing /home/miminari/repos/airflow_project/env/lib/python3.10/site-packages/airflow/example_dags/example_external_task_marker_dag.py took 0.077 seconds
[2023-08-31T19:16:41.855+0300] {processor.py:157} INFO - Started process (PID=19690) to work on /home/miminari/repos/airflow_project/env/lib/python3.10/site-packages/airflow/example_dags/example_external_task_marker_dag.py
[2023-08-31T19:16:41.855+0300] {processor.py:829} INFO - Processing file /home/miminari/repos/airflow_project/env/lib/python3.10/site-packages/airflow/example_dags/example_external_task_marker_dag.py for tasks to queue
[2023-08-31T19:16:41.856+0300] {logging_mixin.py:151} INFO - [2023-08-31T19:16:41.856+0300] {dagbag.py:539} INFO - Filling up the DagBag from /home/miminari/repos/airflow_project/env/lib/python3.10/site-packages/airflow/example_dags/example_external_task_marker_dag.py
[2023-08-31T19:16:41.860+0300] {processor.py:839} INFO - DAG(s) dict_keys(['example_external_task_marker_child', 'example_external_task_marker_parent']) retrieved from /home/miminari/repos/airflow_project/env/lib/python3.10/site-packages/airflow/example_dags/example_external_task_marker_dag.py
[2023-08-31T19:16:41.888+0300] {logging_mixin.py:151} INFO - [2023-08-31T19:16:41.888+0300] {dag.py:2907} INFO - Sync 2 DAGs
[2023-08-31T19:16:41.902+0300] {logging_mixin.py:151} INFO - [2023-08-31T19:16:41.902+0300] {dag.py:3677} INFO - Setting next_dagrun for example_external_task_marker_child to None, run_after=None
[2023-08-31T19:16:41.905+0300] {logging_mixin.py:151} INFO - [2023-08-31T19:16:41.905+0300] {dag.py:3677} INFO - Setting next_dagrun for example_external_task_marker_parent to None, run_after=None
[2023-08-31T19:16:41.925+0300] {processor.py:179} INFO - Processing /home/miminari/repos/airflow_project/env/lib/python3.10/site-packages/airflow/example_dags/example_external_task_marker_dag.py took 0.073 seconds
[2023-08-31T19:17:12.054+0300] {processor.py:157} INFO - Started process (PID=19859) to work on /home/miminari/repos/airflow_project/env/lib/python3.10/site-packages/airflow/example_dags/example_external_task_marker_dag.py
[2023-08-31T19:17:12.055+0300] {processor.py:829} INFO - Processing file /home/miminari/repos/airflow_project/env/lib/python3.10/site-packages/airflow/example_dags/example_external_task_marker_dag.py for tasks to queue
[2023-08-31T19:17:12.055+0300] {logging_mixin.py:151} INFO - [2023-08-31T19:17:12.055+0300] {dagbag.py:539} INFO - Filling up the DagBag from /home/miminari/repos/airflow_project/env/lib/python3.10/site-packages/airflow/example_dags/example_external_task_marker_dag.py
[2023-08-31T19:17:12.062+0300] {processor.py:839} INFO - DAG(s) dict_keys(['example_external_task_marker_parent', 'example_external_task_marker_child']) retrieved from /home/miminari/repos/airflow_project/env/lib/python3.10/site-packages/airflow/example_dags/example_external_task_marker_dag.py
