[2023-08-31T19:12:09.061+0300] {processor.py:157} INFO - Started process (PID=18621) to work on /home/miminari/repos/airflow_project/env/lib/python3.10/site-packages/airflow/example_dags/example_setup_teardown.py
[2023-08-31T19:12:09.062+0300] {processor.py:829} INFO - Processing file /home/miminari/repos/airflow_project/env/lib/python3.10/site-packages/airflow/example_dags/example_setup_teardown.py for tasks to queue
[2023-08-31T19:12:09.063+0300] {logging_mixin.py:151} INFO - [2023-08-31T19:12:09.062+0300] {dagbag.py:539} INFO - Filling up the DagBag from /home/miminari/repos/airflow_project/env/lib/python3.10/site-packages/airflow/example_dags/example_setup_teardown.py
[2023-08-31T19:12:09.068+0300] {processor.py:839} INFO - DAG(s) dict_keys(['example_setup_teardown']) retrieved from /home/miminari/repos/airflow_project/env/lib/python3.10/site-packages/airflow/example_dags/example_setup_teardown.py
[2023-08-31T19:12:09.156+0300] {logging_mixin.py:151} INFO - [2023-08-31T19:12:09.155+0300] {manager.py:501} INFO - Created Permission View: can read on DAG:example_setup_teardown
[2023-08-31T19:12:09.163+0300] {logging_mixin.py:151} INFO - [2023-08-31T19:12:09.163+0300] {manager.py:501} INFO - Created Permission View: can delete on DAG:example_setup_teardown
[2023-08-31T19:12:09.167+0300] {logging_mixin.py:151} INFO - [2023-08-31T19:12:09.167+0300] {manager.py:501} INFO - Created Permission View: can edit on DAG:example_setup_teardown
[2023-08-31T19:12:09.179+0300] {logging_mixin.py:151} INFO - [2023-08-31T19:12:09.178+0300] {dag.py:2907} INFO - Sync 1 DAGs
[2023-08-31T19:12:09.187+0300] {logging_mixin.py:151} INFO - [2023-08-31T19:12:09.187+0300] {dag.py:2929} INFO - Creating ORM DAG for example_setup_teardown
[2023-08-31T19:12:09.199+0300] {logging_mixin.py:151} INFO - [2023-08-31T19:12:09.198+0300] {dag.py:3677} INFO - Setting next_dagrun for example_setup_teardown to 2023-08-30T16:12:09.198692+00:00, run_after=2023-08-31T16:12:09.198692+00:00
[2023-08-31T19:12:09.215+0300] {processor.py:179} INFO - Processing /home/miminari/repos/airflow_project/env/lib/python3.10/site-packages/airflow/example_dags/example_setup_teardown.py took 0.156 seconds
[2023-08-31T19:12:39.964+0300] {processor.py:157} INFO - Started process (PID=18729) to work on /home/miminari/repos/airflow_project/env/lib/python3.10/site-packages/airflow/example_dags/example_setup_teardown.py
[2023-08-31T19:12:39.964+0300] {processor.py:829} INFO - Processing file /home/miminari/repos/airflow_project/env/lib/python3.10/site-packages/airflow/example_dags/example_setup_teardown.py for tasks to queue
[2023-08-31T19:12:39.965+0300] {logging_mixin.py:151} INFO - [2023-08-31T19:12:39.965+0300] {dagbag.py:539} INFO - Filling up the DagBag from /home/miminari/repos/airflow_project/env/lib/python3.10/site-packages/airflow/example_dags/example_setup_teardown.py
[2023-08-31T19:12:39.972+0300] {processor.py:839} INFO - DAG(s) dict_keys(['example_setup_teardown']) retrieved from /home/miminari/repos/airflow_project/env/lib/python3.10/site-packages/airflow/example_dags/example_setup_teardown.py
[2023-08-31T19:12:40.000+0300] {logging_mixin.py:151} INFO - [2023-08-31T19:12:40.000+0300] {dag.py:2907} INFO - Sync 1 DAGs
[2023-08-31T19:12:40.020+0300] {logging_mixin.py:151} INFO - [2023-08-31T19:12:40.020+0300] {dag.py:3677} INFO - Setting next_dagrun for example_setup_teardown to 2023-08-30T16:12:40.019730+00:00, run_after=2023-08-31T16:12:40.019730+00:00
[2023-08-31T19:12:40.034+0300] {processor.py:179} INFO - Processing /home/miminari/repos/airflow_project/env/lib/python3.10/site-packages/airflow/example_dags/example_setup_teardown.py took 0.073 seconds
[2023-08-31T19:13:10.102+0300] {processor.py:157} INFO - Started process (PID=18830) to work on /home/miminari/repos/airflow_project/env/lib/python3.10/site-packages/airflow/example_dags/example_setup_teardown.py
[2023-08-31T19:13:10.103+0300] {processor.py:829} INFO - Processing file /home/miminari/repos/airflow_project/env/lib/python3.10/site-packages/airflow/example_dags/example_setup_teardown.py for tasks to queue
[2023-08-31T19:13:10.103+0300] {logging_mixin.py:151} INFO - [2023-08-31T19:13:10.103+0300] {dagbag.py:539} INFO - Filling up the DagBag from /home/miminari/repos/airflow_project/env/lib/python3.10/site-packages/airflow/example_dags/example_setup_teardown.py
[2023-08-31T19:13:10.109+0300] {processor.py:839} INFO - DAG(s) dict_keys(['example_setup_teardown']) retrieved from /home/miminari/repos/airflow_project/env/lib/python3.10/site-packages/airflow/example_dags/example_setup_teardown.py
[2023-08-31T19:13:10.134+0300] {logging_mixin.py:151} INFO - [2023-08-31T19:13:10.134+0300] {dag.py:2907} INFO - Sync 1 DAGs
[2023-08-31T19:13:10.155+0300] {logging_mixin.py:151} INFO - [2023-08-31T19:13:10.152+0300] {dag.py:3677} INFO - Setting next_dagrun for example_setup_teardown to 2023-08-30T16:13:10.152527+00:00, run_after=2023-08-31T16:13:10.152527+00:00
[2023-08-31T19:13:10.170+0300] {processor.py:179} INFO - Processing /home/miminari/repos/airflow_project/env/lib/python3.10/site-packages/airflow/example_dags/example_setup_teardown.py took 0.071 seconds
[2023-08-31T19:13:40.242+0300] {processor.py:157} INFO - Started process (PID=18937) to work on /home/miminari/repos/airflow_project/env/lib/python3.10/site-packages/airflow/example_dags/example_setup_teardown.py
[2023-08-31T19:13:40.243+0300] {processor.py:829} INFO - Processing file /home/miminari/repos/airflow_project/env/lib/python3.10/site-packages/airflow/example_dags/example_setup_teardown.py for tasks to queue
[2023-08-31T19:13:40.243+0300] {logging_mixin.py:151} INFO - [2023-08-31T19:13:40.243+0300] {dagbag.py:539} INFO - Filling up the DagBag from /home/miminari/repos/airflow_project/env/lib/python3.10/site-packages/airflow/example_dags/example_setup_teardown.py
[2023-08-31T19:13:40.249+0300] {processor.py:839} INFO - DAG(s) dict_keys(['example_setup_teardown']) retrieved from /home/miminari/repos/airflow_project/env/lib/python3.10/site-packages/airflow/example_dags/example_setup_teardown.py
[2023-08-31T19:13:40.276+0300] {logging_mixin.py:151} INFO - [2023-08-31T19:13:40.275+0300] {dag.py:2907} INFO - Sync 1 DAGs
[2023-08-31T19:13:40.296+0300] {logging_mixin.py:151} INFO - [2023-08-31T19:13:40.295+0300] {dag.py:3677} INFO - Setting next_dagrun for example_setup_teardown to 2023-08-30T16:13:40.295596+00:00, run_after=2023-08-31T16:13:40.295596+00:00
[2023-08-31T19:13:40.313+0300] {processor.py:179} INFO - Processing /home/miminari/repos/airflow_project/env/lib/python3.10/site-packages/airflow/example_dags/example_setup_teardown.py took 0.074 seconds
[2023-08-31T19:14:10.371+0300] {processor.py:157} INFO - Started process (PID=19034) to work on /home/miminari/repos/airflow_project/env/lib/python3.10/site-packages/airflow/example_dags/example_setup_teardown.py
[2023-08-31T19:14:10.371+0300] {processor.py:829} INFO - Processing file /home/miminari/repos/airflow_project/env/lib/python3.10/site-packages/airflow/example_dags/example_setup_teardown.py for tasks to queue
[2023-08-31T19:14:10.372+0300] {logging_mixin.py:151} INFO - [2023-08-31T19:14:10.372+0300] {dagbag.py:539} INFO - Filling up the DagBag from /home/miminari/repos/airflow_project/env/lib/python3.10/site-packages/airflow/example_dags/example_setup_teardown.py
[2023-08-31T19:14:10.377+0300] {processor.py:839} INFO - DAG(s) dict_keys(['example_setup_teardown']) retrieved from /home/miminari/repos/airflow_project/env/lib/python3.10/site-packages/airflow/example_dags/example_setup_teardown.py
[2023-08-31T19:14:10.402+0300] {logging_mixin.py:151} INFO - [2023-08-31T19:14:10.402+0300] {dag.py:2907} INFO - Sync 1 DAGs
[2023-08-31T19:14:10.419+0300] {logging_mixin.py:151} INFO - [2023-08-31T19:14:10.419+0300] {dag.py:3677} INFO - Setting next_dagrun for example_setup_teardown to 2023-08-30T16:14:10.419106+00:00, run_after=2023-08-31T16:14:10.419106+00:00
[2023-08-31T19:14:10.432+0300] {processor.py:179} INFO - Processing /home/miminari/repos/airflow_project/env/lib/python3.10/site-packages/airflow/example_dags/example_setup_teardown.py took 0.063 seconds
[2023-08-31T19:14:40.489+0300] {processor.py:157} INFO - Started process (PID=19129) to work on /home/miminari/repos/airflow_project/env/lib/python3.10/site-packages/airflow/example_dags/example_setup_teardown.py
[2023-08-31T19:14:40.490+0300] {processor.py:829} INFO - Processing file /home/miminari/repos/airflow_project/env/lib/python3.10/site-packages/airflow/example_dags/example_setup_teardown.py for tasks to queue
[2023-08-31T19:14:40.490+0300] {logging_mixin.py:151} INFO - [2023-08-31T19:14:40.490+0300] {dagbag.py:539} INFO - Filling up the DagBag from /home/miminari/repos/airflow_project/env/lib/python3.10/site-packages/airflow/example_dags/example_setup_teardown.py
[2023-08-31T19:14:40.495+0300] {processor.py:839} INFO - DAG(s) dict_keys(['example_setup_teardown']) retrieved from /home/miminari/repos/airflow_project/env/lib/python3.10/site-packages/airflow/example_dags/example_setup_teardown.py
[2023-08-31T19:14:40.516+0300] {logging_mixin.py:151} INFO - [2023-08-31T19:14:40.516+0300] {dag.py:2907} INFO - Sync 1 DAGs
[2023-08-31T19:14:40.533+0300] {logging_mixin.py:151} INFO - [2023-08-31T19:14:40.532+0300] {dag.py:3677} INFO - Setting next_dagrun for example_setup_teardown to 2023-08-30T16:14:40.532633+00:00, run_after=2023-08-31T16:14:40.532633+00:00
[2023-08-31T19:14:40.545+0300] {processor.py:179} INFO - Processing /home/miminari/repos/airflow_project/env/lib/python3.10/site-packages/airflow/example_dags/example_setup_teardown.py took 0.058 seconds
[2023-08-31T19:15:10.785+0300] {processor.py:157} INFO - Started process (PID=19329) to work on /home/miminari/repos/airflow_project/env/lib/python3.10/site-packages/airflow/example_dags/example_setup_teardown.py
[2023-08-31T19:15:10.786+0300] {processor.py:829} INFO - Processing file /home/miminari/repos/airflow_project/env/lib/python3.10/site-packages/airflow/example_dags/example_setup_teardown.py for tasks to queue
[2023-08-31T19:15:10.787+0300] {logging_mixin.py:151} INFO - [2023-08-31T19:15:10.787+0300] {dagbag.py:539} INFO - Filling up the DagBag from /home/miminari/repos/airflow_project/env/lib/python3.10/site-packages/airflow/example_dags/example_setup_teardown.py
[2023-08-31T19:15:10.795+0300] {processor.py:839} INFO - DAG(s) dict_keys(['example_setup_teardown']) retrieved from /home/miminari/repos/airflow_project/env/lib/python3.10/site-packages/airflow/example_dags/example_setup_teardown.py
[2023-08-31T19:15:10.825+0300] {logging_mixin.py:151} INFO - [2023-08-31T19:15:10.825+0300] {dag.py:2907} INFO - Sync 1 DAGs
[2023-08-31T19:15:10.846+0300] {logging_mixin.py:151} INFO - [2023-08-31T19:15:10.845+0300] {dag.py:3677} INFO - Setting next_dagrun for example_setup_teardown to 2023-08-30T16:15:10.845598+00:00, run_after=2023-08-31T16:15:10.845598+00:00
[2023-08-31T19:15:10.863+0300] {processor.py:179} INFO - Processing /home/miminari/repos/airflow_project/env/lib/python3.10/site-packages/airflow/example_dags/example_setup_teardown.py took 0.082 seconds
[2023-08-31T19:15:40.989+0300] {processor.py:157} INFO - Started process (PID=19427) to work on /home/miminari/repos/airflow_project/env/lib/python3.10/site-packages/airflow/example_dags/example_setup_teardown.py
[2023-08-31T19:15:40.990+0300] {processor.py:829} INFO - Processing file /home/miminari/repos/airflow_project/env/lib/python3.10/site-packages/airflow/example_dags/example_setup_teardown.py for tasks to queue
[2023-08-31T19:15:40.991+0300] {logging_mixin.py:151} INFO - [2023-08-31T19:15:40.991+0300] {dagbag.py:539} INFO - Filling up the DagBag from /home/miminari/repos/airflow_project/env/lib/python3.10/site-packages/airflow/example_dags/example_setup_teardown.py
[2023-08-31T19:15:40.997+0300] {processor.py:839} INFO - DAG(s) dict_keys(['example_setup_teardown']) retrieved from /home/miminari/repos/airflow_project/env/lib/python3.10/site-packages/airflow/example_dags/example_setup_teardown.py
[2023-08-31T19:15:41.020+0300] {logging_mixin.py:151} INFO - [2023-08-31T19:15:41.020+0300] {dag.py:2907} INFO - Sync 1 DAGs
[2023-08-31T19:15:41.042+0300] {logging_mixin.py:151} INFO - [2023-08-31T19:15:41.042+0300] {dag.py:3677} INFO - Setting next_dagrun for example_setup_teardown to 2023-08-30T16:15:41.042138+00:00, run_after=2023-08-31T16:15:41.042138+00:00
[2023-08-31T19:15:41.067+0300] {processor.py:179} INFO - Processing /home/miminari/repos/airflow_project/env/lib/python3.10/site-packages/airflow/example_dags/example_setup_teardown.py took 0.080 seconds
[2023-08-31T19:16:11.401+0300] {processor.py:157} INFO - Started process (PID=19583) to work on /home/miminari/repos/airflow_project/env/lib/python3.10/site-packages/airflow/example_dags/example_setup_teardown.py
[2023-08-31T19:16:11.402+0300] {processor.py:829} INFO - Processing file /home/miminari/repos/airflow_project/env/lib/python3.10/site-packages/airflow/example_dags/example_setup_teardown.py for tasks to queue
[2023-08-31T19:16:11.402+0300] {logging_mixin.py:151} INFO - [2023-08-31T19:16:11.402+0300] {dagbag.py:539} INFO - Filling up the DagBag from /home/miminari/repos/airflow_project/env/lib/python3.10/site-packages/airflow/example_dags/example_setup_teardown.py
[2023-08-31T19:16:11.408+0300] {processor.py:839} INFO - DAG(s) dict_keys(['example_setup_teardown']) retrieved from /home/miminari/repos/airflow_project/env/lib/python3.10/site-packages/airflow/example_dags/example_setup_teardown.py
[2023-08-31T19:16:11.449+0300] {logging_mixin.py:151} INFO - [2023-08-31T19:16:11.449+0300] {dag.py:2907} INFO - Sync 1 DAGs
[2023-08-31T19:16:11.479+0300] {logging_mixin.py:151} INFO - [2023-08-31T19:16:11.479+0300] {dag.py:3677} INFO - Setting next_dagrun for example_setup_teardown to 2023-08-30T16:16:11.479397+00:00, run_after=2023-08-31T16:16:11.479397+00:00
[2023-08-31T19:16:11.505+0300] {processor.py:179} INFO - Processing /home/miminari/repos/airflow_project/env/lib/python3.10/site-packages/airflow/example_dags/example_setup_teardown.py took 0.110 seconds
[2023-08-31T19:16:41.736+0300] {processor.py:157} INFO - Started process (PID=19684) to work on /home/miminari/repos/airflow_project/env/lib/python3.10/site-packages/airflow/example_dags/example_setup_teardown.py
[2023-08-31T19:16:41.741+0300] {processor.py:829} INFO - Processing file /home/miminari/repos/airflow_project/env/lib/python3.10/site-packages/airflow/example_dags/example_setup_teardown.py for tasks to queue
[2023-08-31T19:16:41.741+0300] {logging_mixin.py:151} INFO - [2023-08-31T19:16:41.741+0300] {dagbag.py:539} INFO - Filling up the DagBag from /home/miminari/repos/airflow_project/env/lib/python3.10/site-packages/airflow/example_dags/example_setup_teardown.py
[2023-08-31T19:16:41.749+0300] {processor.py:839} INFO - DAG(s) dict_keys(['example_setup_teardown']) retrieved from /home/miminari/repos/airflow_project/env/lib/python3.10/site-packages/airflow/example_dags/example_setup_teardown.py
[2023-08-31T19:16:41.777+0300] {logging_mixin.py:151} INFO - [2023-08-31T19:16:41.777+0300] {dag.py:2907} INFO - Sync 1 DAGs
[2023-08-31T19:16:41.797+0300] {logging_mixin.py:151} INFO - [2023-08-31T19:16:41.797+0300] {dag.py:3677} INFO - Setting next_dagrun for example_setup_teardown to 2023-08-30T16:16:41.797185+00:00, run_after=2023-08-31T16:16:41.797185+00:00
[2023-08-31T19:16:41.813+0300] {processor.py:179} INFO - Processing /home/miminari/repos/airflow_project/env/lib/python3.10/site-packages/airflow/example_dags/example_setup_teardown.py took 0.079 seconds
[2023-08-31T19:17:11.919+0300] {processor.py:157} INFO - Started process (PID=19833) to work on /home/miminari/repos/airflow_project/env/lib/python3.10/site-packages/airflow/example_dags/example_setup_teardown.py
[2023-08-31T19:17:11.919+0300] {processor.py:829} INFO - Processing file /home/miminari/repos/airflow_project/env/lib/python3.10/site-packages/airflow/example_dags/example_setup_teardown.py for tasks to queue
[2023-08-31T19:17:11.920+0300] {logging_mixin.py:151} INFO - [2023-08-31T19:17:11.920+0300] {dagbag.py:539} INFO - Filling up the DagBag from /home/miminari/repos/airflow_project/env/lib/python3.10/site-packages/airflow/example_dags/example_setup_teardown.py
[2023-08-31T19:17:11.925+0300] {processor.py:839} INFO - DAG(s) dict_keys(['example_setup_teardown']) retrieved from /home/miminari/repos/airflow_project/env/lib/python3.10/site-packages/airflow/example_dags/example_setup_teardown.py
[2023-08-31T19:17:11.950+0300] {logging_mixin.py:151} INFO - [2023-08-31T19:17:11.950+0300] {dag.py:2907} INFO - Sync 1 DAGs
[2023-08-31T19:17:11.975+0300] {logging_mixin.py:151} INFO - [2023-08-31T19:17:11.974+0300] {dag.py:3677} INFO - Setting next_dagrun for example_setup_teardown to 2023-08-30T16:17:11.974749+00:00, run_after=2023-08-31T16:17:11.974749+00:00
[2023-08-31T19:17:11.996+0300] {processor.py:179} INFO - Processing /home/miminari/repos/airflow_project/env/lib/python3.10/site-packages/airflow/example_dags/example_setup_teardown.py took 0.080 seconds
[2023-08-31T19:17:42.172+0300] {processor.py:157} INFO - Started process (PID=19949) to work on /home/miminari/repos/airflow_project/env/lib/python3.10/site-packages/airflow/example_dags/example_setup_teardown.py
[2023-08-31T19:17:42.172+0300] {processor.py:829} INFO - Processing file /home/miminari/repos/airflow_project/env/lib/python3.10/site-packages/airflow/example_dags/example_setup_teardown.py for tasks to queue
[2023-08-31T19:17:42.173+0300] {logging_mixin.py:151} INFO - [2023-08-31T19:17:42.173+0300] {dagbag.py:539} INFO - Filling up the DagBag from /home/miminari/repos/airflow_project/env/lib/python3.10/site-packages/airflow/example_dags/example_setup_teardown.py
[2023-08-31T19:17:42.178+0300] {processor.py:839} INFO - DAG(s) dict_keys(['example_setup_teardown']) retrieved from /home/miminari/repos/airflow_project/env/lib/python3.10/site-packages/airflow/example_dags/example_setup_teardown.py
[2023-08-31T19:17:42.204+0300] {logging_mixin.py:151} INFO - [2023-08-31T19:17:42.204+0300] {dag.py:2907} INFO - Sync 1 DAGs
[2023-08-31T19:17:42.223+0300] {logging_mixin.py:151} INFO - [2023-08-31T19:17:42.223+0300] {dag.py:3677} INFO - Setting next_dagrun for example_setup_teardown to 2023-08-30T16:17:42.222221+00:00, run_after=2023-08-31T16:17:42.222221+00:00
[2023-08-31T19:17:42.236+0300] {processor.py:179} INFO - Processing /home/miminari/repos/airflow_project/env/lib/python3.10/site-packages/airflow/example_dags/example_setup_teardown.py took 0.067 seconds
[2023-08-31T19:18:12.277+0300] {processor.py:157} INFO - Started process (PID=20098) to work on /home/miminari/repos/airflow_project/env/lib/python3.10/site-packages/airflow/example_dags/example_setup_teardown.py
[2023-08-31T19:18:12.278+0300] {processor.py:829} INFO - Processing file /home/miminari/repos/airflow_project/env/lib/python3.10/site-packages/airflow/example_dags/example_setup_teardown.py for tasks to queue
[2023-08-31T19:18:12.278+0300] {logging_mixin.py:151} INFO - [2023-08-31T19:18:12.278+0300] {dagbag.py:539} INFO - Filling up the DagBag from /home/miminari/repos/airflow_project/env/lib/python3.10/site-packages/airflow/example_dags/example_setup_teardown.py
[2023-08-31T19:18:12.284+0300] {processor.py:839} INFO - DAG(s) dict_keys(['example_setup_teardown']) retrieved from /home/miminari/repos/airflow_project/env/lib/python3.10/site-packages/airflow/example_dags/example_setup_teardown.py
[2023-08-31T19:18:12.306+0300] {logging_mixin.py:151} INFO - [2023-08-31T19:18:12.306+0300] {dag.py:2907} INFO - Sync 1 DAGs
[2023-08-31T19:18:12.323+0300] {logging_mixin.py:151} INFO - [2023-08-31T19:18:12.323+0300] {dag.py:3677} INFO - Setting next_dagrun for example_setup_teardown to 2023-08-30T16:18:12.323023+00:00, run_after=2023-08-31T16:18:12.323023+00:00
[2023-08-31T19:18:12.336+0300] {processor.py:179} INFO - Processing /home/miminari/repos/airflow_project/env/lib/python3.10/site-packages/airflow/example_dags/example_setup_teardown.py took 0.062 seconds
[2023-08-31T19:18:42.436+0300] {processor.py:157} INFO - Started process (PID=20194) to work on /home/miminari/repos/airflow_project/env/lib/python3.10/site-packages/airflow/example_dags/example_setup_teardown.py
[2023-08-31T19:18:42.437+0300] {processor.py:829} INFO - Processing file /home/miminari/repos/airflow_project/env/lib/python3.10/site-packages/airflow/example_dags/example_setup_teardown.py for tasks to queue
[2023-08-31T19:18:42.437+0300] {logging_mixin.py:151} INFO - [2023-08-31T19:18:42.437+0300] {dagbag.py:539} INFO - Filling up the DagBag from /home/miminari/repos/airflow_project/env/lib/python3.10/site-packages/airflow/example_dags/example_setup_teardown.py
[2023-08-31T19:18:42.443+0300] {processor.py:839} INFO - DAG(s) dict_keys(['example_setup_teardown']) retrieved from /home/miminari/repos/airflow_project/env/lib/python3.10/site-packages/airflow/example_dags/example_setup_teardown.py
[2023-08-31T19:18:42.469+0300] {logging_mixin.py:151} INFO - [2023-08-31T19:18:42.469+0300] {dag.py:2907} INFO - Sync 1 DAGs
[2023-08-31T19:18:42.488+0300] {logging_mixin.py:151} INFO - [2023-08-31T19:18:42.488+0300] {dag.py:3677} INFO - Setting next_dagrun for example_setup_teardown to 2023-08-30T16:18:42.488144+00:00, run_after=2023-08-31T16:18:42.488144+00:00
[2023-08-31T19:18:42.502+0300] {processor.py:179} INFO - Processing /home/miminari/repos/airflow_project/env/lib/python3.10/site-packages/airflow/example_dags/example_setup_teardown.py took 0.068 seconds
[2023-08-31T19:19:12.924+0300] {processor.py:157} INFO - Started process (PID=20299) to work on /home/miminari/repos/airflow_project/env/lib/python3.10/site-packages/airflow/example_dags/example_setup_teardown.py
[2023-08-31T19:19:12.925+0300] {processor.py:829} INFO - Processing file /home/miminari/repos/airflow_project/env/lib/python3.10/site-packages/airflow/example_dags/example_setup_teardown.py for tasks to queue
[2023-08-31T19:19:12.925+0300] {logging_mixin.py:151} INFO - [2023-08-31T19:19:12.925+0300] {dagbag.py:539} INFO - Filling up the DagBag from /home/miminari/repos/airflow_project/env/lib/python3.10/site-packages/airflow/example_dags/example_setup_teardown.py
[2023-08-31T19:19:12.931+0300] {processor.py:839} INFO - DAG(s) dict_keys(['example_setup_teardown']) retrieved from /home/miminari/repos/airflow_project/env/lib/python3.10/site-packages/airflow/example_dags/example_setup_teardown.py
[2023-08-31T19:19:12.957+0300] {logging_mixin.py:151} INFO - [2023-08-31T19:19:12.956+0300] {dag.py:2907} INFO - Sync 1 DAGs
[2023-08-31T19:19:12.974+0300] {logging_mixin.py:151} INFO - [2023-08-31T19:19:12.974+0300] {dag.py:3677} INFO - Setting next_dagrun for example_setup_teardown to 2023-08-30T16:19:12.974314+00:00, run_after=2023-08-31T16:19:12.974314+00:00
[2023-08-31T19:19:12.986+0300] {processor.py:179} INFO - Processing /home/miminari/repos/airflow_project/env/lib/python3.10/site-packages/airflow/example_dags/example_setup_teardown.py took 0.065 seconds
[2023-08-31T19:19:43.364+0300] {processor.py:157} INFO - Started process (PID=20398) to work on /home/miminari/repos/airflow_project/env/lib/python3.10/site-packages/airflow/example_dags/example_setup_teardown.py
[2023-08-31T19:19:43.365+0300] {processor.py:829} INFO - Processing file /home/miminari/repos/airflow_project/env/lib/python3.10/site-packages/airflow/example_dags/example_setup_teardown.py for tasks to queue
[2023-08-31T19:19:43.365+0300] {logging_mixin.py:151} INFO - [2023-08-31T19:19:43.365+0300] {dagbag.py:539} INFO - Filling up the DagBag from /home/miminari/repos/airflow_project/env/lib/python3.10/site-packages/airflow/example_dags/example_setup_teardown.py
[2023-08-31T19:19:43.371+0300] {processor.py:839} INFO - DAG(s) dict_keys(['example_setup_teardown']) retrieved from /home/miminari/repos/airflow_project/env/lib/python3.10/site-packages/airflow/example_dags/example_setup_teardown.py
[2023-08-31T19:19:43.404+0300] {logging_mixin.py:151} INFO - [2023-08-31T19:19:43.403+0300] {dag.py:2907} INFO - Sync 1 DAGs
[2023-08-31T19:19:43.426+0300] {logging_mixin.py:151} INFO - [2023-08-31T19:19:43.426+0300] {dag.py:3677} INFO - Setting next_dagrun for example_setup_teardown to 2023-08-30T16:19:43.426252+00:00, run_after=2023-08-31T16:19:43.426252+00:00
[2023-08-31T19:19:43.441+0300] {processor.py:179} INFO - Processing /home/miminari/repos/airflow_project/env/lib/python3.10/site-packages/airflow/example_dags/example_setup_teardown.py took 0.080 seconds
