[2023-08-31T19:12:07.513+0300] {processor.py:157} INFO - Started process (PID=18574) to work on /home/miminari/repos/airflow_project/env/lib/python3.10/site-packages/airflow/example_dags/example_trigger_target_dag.py
[2023-08-31T19:12:07.514+0300] {processor.py:829} INFO - Processing file /home/miminari/repos/airflow_project/env/lib/python3.10/site-packages/airflow/example_dags/example_trigger_target_dag.py for tasks to queue
[2023-08-31T19:12:07.514+0300] {logging_mixin.py:151} INFO - [2023-08-31T19:12:07.514+0300] {dagbag.py:539} INFO - Filling up the DagBag from /home/miminari/repos/airflow_project/env/lib/python3.10/site-packages/airflow/example_dags/example_trigger_target_dag.py
[2023-08-31T19:12:07.523+0300] {processor.py:839} INFO - DAG(s) dict_keys(['example_trigger_target_dag']) retrieved from /home/miminari/repos/airflow_project/env/lib/python3.10/site-packages/airflow/example_dags/example_trigger_target_dag.py
[2023-08-31T19:12:07.733+0300] {logging_mixin.py:151} INFO - [2023-08-31T19:12:07.733+0300] {manager.py:501} INFO - Created Permission View: can read on DAG:example_trigger_target_dag
[2023-08-31T19:12:07.741+0300] {logging_mixin.py:151} INFO - [2023-08-31T19:12:07.741+0300] {manager.py:501} INFO - Created Permission View: can delete on DAG:example_trigger_target_dag
[2023-08-31T19:12:07.746+0300] {logging_mixin.py:151} INFO - [2023-08-31T19:12:07.746+0300] {manager.py:501} INFO - Created Permission View: can edit on DAG:example_trigger_target_dag
[2023-08-31T19:12:07.757+0300] {logging_mixin.py:151} INFO - [2023-08-31T19:12:07.757+0300] {dag.py:2907} INFO - Sync 1 DAGs
[2023-08-31T19:12:07.765+0300] {logging_mixin.py:151} INFO - [2023-08-31T19:12:07.765+0300] {dag.py:2929} INFO - Creating ORM DAG for example_trigger_target_dag
[2023-08-31T19:12:07.765+0300] {logging_mixin.py:151} INFO - [2023-08-31T19:12:07.765+0300] {dag.py:3677} INFO - Setting next_dagrun for example_trigger_target_dag to None, run_after=None
[2023-08-31T19:12:07.784+0300] {processor.py:179} INFO - Processing /home/miminari/repos/airflow_project/env/lib/python3.10/site-packages/airflow/example_dags/example_trigger_target_dag.py took 0.273 seconds
[2023-08-31T19:12:38.271+0300] {processor.py:157} INFO - Started process (PID=18698) to work on /home/miminari/repos/airflow_project/env/lib/python3.10/site-packages/airflow/example_dags/example_trigger_target_dag.py
[2023-08-31T19:12:38.271+0300] {processor.py:829} INFO - Processing file /home/miminari/repos/airflow_project/env/lib/python3.10/site-packages/airflow/example_dags/example_trigger_target_dag.py for tasks to queue
[2023-08-31T19:12:38.272+0300] {logging_mixin.py:151} INFO - [2023-08-31T19:12:38.271+0300] {dagbag.py:539} INFO - Filling up the DagBag from /home/miminari/repos/airflow_project/env/lib/python3.10/site-packages/airflow/example_dags/example_trigger_target_dag.py
[2023-08-31T19:12:38.276+0300] {processor.py:839} INFO - DAG(s) dict_keys(['example_trigger_target_dag']) retrieved from /home/miminari/repos/airflow_project/env/lib/python3.10/site-packages/airflow/example_dags/example_trigger_target_dag.py
[2023-08-31T19:12:38.301+0300] {logging_mixin.py:151} INFO - [2023-08-31T19:12:38.301+0300] {dag.py:2907} INFO - Sync 1 DAGs
[2023-08-31T19:12:38.313+0300] {logging_mixin.py:151} INFO - [2023-08-31T19:12:38.312+0300] {dag.py:3677} INFO - Setting next_dagrun for example_trigger_target_dag to None, run_after=None
[2023-08-31T19:12:38.328+0300] {processor.py:179} INFO - Processing /home/miminari/repos/airflow_project/env/lib/python3.10/site-packages/airflow/example_dags/example_trigger_target_dag.py took 0.060 seconds
[2023-08-31T19:13:08.448+0300] {processor.py:157} INFO - Started process (PID=18798) to work on /home/miminari/repos/airflow_project/env/lib/python3.10/site-packages/airflow/example_dags/example_trigger_target_dag.py
[2023-08-31T19:13:08.449+0300] {processor.py:829} INFO - Processing file /home/miminari/repos/airflow_project/env/lib/python3.10/site-packages/airflow/example_dags/example_trigger_target_dag.py for tasks to queue
[2023-08-31T19:13:08.449+0300] {logging_mixin.py:151} INFO - [2023-08-31T19:13:08.449+0300] {dagbag.py:539} INFO - Filling up the DagBag from /home/miminari/repos/airflow_project/env/lib/python3.10/site-packages/airflow/example_dags/example_trigger_target_dag.py
[2023-08-31T19:13:08.453+0300] {processor.py:839} INFO - DAG(s) dict_keys(['example_trigger_target_dag']) retrieved from /home/miminari/repos/airflow_project/env/lib/python3.10/site-packages/airflow/example_dags/example_trigger_target_dag.py
[2023-08-31T19:13:08.473+0300] {logging_mixin.py:151} INFO - [2023-08-31T19:13:08.473+0300] {dag.py:2907} INFO - Sync 1 DAGs
[2023-08-31T19:13:08.482+0300] {logging_mixin.py:151} INFO - [2023-08-31T19:13:08.482+0300] {dag.py:3677} INFO - Setting next_dagrun for example_trigger_target_dag to None, run_after=None
[2023-08-31T19:13:08.495+0300] {processor.py:179} INFO - Processing /home/miminari/repos/airflow_project/env/lib/python3.10/site-packages/airflow/example_dags/example_trigger_target_dag.py took 0.049 seconds
[2023-08-31T19:13:39.496+0300] {processor.py:157} INFO - Started process (PID=18906) to work on /home/miminari/repos/airflow_project/env/lib/python3.10/site-packages/airflow/example_dags/example_trigger_target_dag.py
[2023-08-31T19:13:39.497+0300] {processor.py:829} INFO - Processing file /home/miminari/repos/airflow_project/env/lib/python3.10/site-packages/airflow/example_dags/example_trigger_target_dag.py for tasks to queue
[2023-08-31T19:13:39.497+0300] {logging_mixin.py:151} INFO - [2023-08-31T19:13:39.497+0300] {dagbag.py:539} INFO - Filling up the DagBag from /home/miminari/repos/airflow_project/env/lib/python3.10/site-packages/airflow/example_dags/example_trigger_target_dag.py
[2023-08-31T19:13:39.504+0300] {processor.py:839} INFO - DAG(s) dict_keys(['example_trigger_target_dag']) retrieved from /home/miminari/repos/airflow_project/env/lib/python3.10/site-packages/airflow/example_dags/example_trigger_target_dag.py
[2023-08-31T19:13:39.532+0300] {logging_mixin.py:151} INFO - [2023-08-31T19:13:39.532+0300] {dag.py:2907} INFO - Sync 1 DAGs
[2023-08-31T19:13:39.544+0300] {logging_mixin.py:151} INFO - [2023-08-31T19:13:39.544+0300] {dag.py:3677} INFO - Setting next_dagrun for example_trigger_target_dag to None, run_after=None
[2023-08-31T19:13:39.566+0300] {processor.py:179} INFO - Processing /home/miminari/repos/airflow_project/env/lib/python3.10/site-packages/airflow/example_dags/example_trigger_target_dag.py took 0.073 seconds
[2023-08-31T19:14:09.703+0300] {processor.py:157} INFO - Started process (PID=19004) to work on /home/miminari/repos/airflow_project/env/lib/python3.10/site-packages/airflow/example_dags/example_trigger_target_dag.py
[2023-08-31T19:14:09.704+0300] {processor.py:829} INFO - Processing file /home/miminari/repos/airflow_project/env/lib/python3.10/site-packages/airflow/example_dags/example_trigger_target_dag.py for tasks to queue
[2023-08-31T19:14:09.704+0300] {logging_mixin.py:151} INFO - [2023-08-31T19:14:09.704+0300] {dagbag.py:539} INFO - Filling up the DagBag from /home/miminari/repos/airflow_project/env/lib/python3.10/site-packages/airflow/example_dags/example_trigger_target_dag.py
[2023-08-31T19:14:09.709+0300] {processor.py:839} INFO - DAG(s) dict_keys(['example_trigger_target_dag']) retrieved from /home/miminari/repos/airflow_project/env/lib/python3.10/site-packages/airflow/example_dags/example_trigger_target_dag.py
[2023-08-31T19:14:09.735+0300] {logging_mixin.py:151} INFO - [2023-08-31T19:14:09.735+0300] {dag.py:2907} INFO - Sync 1 DAGs
[2023-08-31T19:14:09.752+0300] {logging_mixin.py:151} INFO - [2023-08-31T19:14:09.751+0300] {dag.py:3677} INFO - Setting next_dagrun for example_trigger_target_dag to None, run_after=None
[2023-08-31T19:14:09.773+0300] {processor.py:179} INFO - Processing /home/miminari/repos/airflow_project/env/lib/python3.10/site-packages/airflow/example_dags/example_trigger_target_dag.py took 0.073 seconds
[2023-08-31T19:14:39.826+0300] {processor.py:157} INFO - Started process (PID=19099) to work on /home/miminari/repos/airflow_project/env/lib/python3.10/site-packages/airflow/example_dags/example_trigger_target_dag.py
[2023-08-31T19:14:39.827+0300] {processor.py:829} INFO - Processing file /home/miminari/repos/airflow_project/env/lib/python3.10/site-packages/airflow/example_dags/example_trigger_target_dag.py for tasks to queue
[2023-08-31T19:14:39.828+0300] {logging_mixin.py:151} INFO - [2023-08-31T19:14:39.827+0300] {dagbag.py:539} INFO - Filling up the DagBag from /home/miminari/repos/airflow_project/env/lib/python3.10/site-packages/airflow/example_dags/example_trigger_target_dag.py
[2023-08-31T19:14:39.832+0300] {processor.py:839} INFO - DAG(s) dict_keys(['example_trigger_target_dag']) retrieved from /home/miminari/repos/airflow_project/env/lib/python3.10/site-packages/airflow/example_dags/example_trigger_target_dag.py
[2023-08-31T19:14:39.855+0300] {logging_mixin.py:151} INFO - [2023-08-31T19:14:39.855+0300] {dag.py:2907} INFO - Sync 1 DAGs
[2023-08-31T19:14:39.865+0300] {logging_mixin.py:151} INFO - [2023-08-31T19:14:39.865+0300] {dag.py:3677} INFO - Setting next_dagrun for example_trigger_target_dag to None, run_after=None
[2023-08-31T19:14:39.881+0300] {processor.py:179} INFO - Processing /home/miminari/repos/airflow_project/env/lib/python3.10/site-packages/airflow/example_dags/example_trigger_target_dag.py took 0.057 seconds
[2023-08-31T19:15:10.132+0300] {processor.py:157} INFO - Started process (PID=19300) to work on /home/miminari/repos/airflow_project/env/lib/python3.10/site-packages/airflow/example_dags/example_trigger_target_dag.py
[2023-08-31T19:15:10.133+0300] {processor.py:829} INFO - Processing file /home/miminari/repos/airflow_project/env/lib/python3.10/site-packages/airflow/example_dags/example_trigger_target_dag.py for tasks to queue
[2023-08-31T19:15:10.134+0300] {logging_mixin.py:151} INFO - [2023-08-31T19:15:10.133+0300] {dagbag.py:539} INFO - Filling up the DagBag from /home/miminari/repos/airflow_project/env/lib/python3.10/site-packages/airflow/example_dags/example_trigger_target_dag.py
[2023-08-31T19:15:10.138+0300] {processor.py:839} INFO - DAG(s) dict_keys(['example_trigger_target_dag']) retrieved from /home/miminari/repos/airflow_project/env/lib/python3.10/site-packages/airflow/example_dags/example_trigger_target_dag.py
[2023-08-31T19:15:10.161+0300] {logging_mixin.py:151} INFO - [2023-08-31T19:15:10.161+0300] {dag.py:2907} INFO - Sync 1 DAGs
[2023-08-31T19:15:10.171+0300] {logging_mixin.py:151} INFO - [2023-08-31T19:15:10.171+0300] {dag.py:3677} INFO - Setting next_dagrun for example_trigger_target_dag to None, run_after=None
[2023-08-31T19:15:10.186+0300] {processor.py:179} INFO - Processing /home/miminari/repos/airflow_project/env/lib/python3.10/site-packages/airflow/example_dags/example_trigger_target_dag.py took 0.056 seconds
[2023-08-31T19:15:40.406+0300] {processor.py:157} INFO - Started process (PID=19398) to work on /home/miminari/repos/airflow_project/env/lib/python3.10/site-packages/airflow/example_dags/example_trigger_target_dag.py
[2023-08-31T19:15:40.407+0300] {processor.py:829} INFO - Processing file /home/miminari/repos/airflow_project/env/lib/python3.10/site-packages/airflow/example_dags/example_trigger_target_dag.py for tasks to queue
[2023-08-31T19:15:40.407+0300] {logging_mixin.py:151} INFO - [2023-08-31T19:15:40.407+0300] {dagbag.py:539} INFO - Filling up the DagBag from /home/miminari/repos/airflow_project/env/lib/python3.10/site-packages/airflow/example_dags/example_trigger_target_dag.py
[2023-08-31T19:15:40.412+0300] {processor.py:839} INFO - DAG(s) dict_keys(['example_trigger_target_dag']) retrieved from /home/miminari/repos/airflow_project/env/lib/python3.10/site-packages/airflow/example_dags/example_trigger_target_dag.py
[2023-08-31T19:15:40.436+0300] {logging_mixin.py:151} INFO - [2023-08-31T19:15:40.436+0300] {dag.py:2907} INFO - Sync 1 DAGs
[2023-08-31T19:15:40.447+0300] {logging_mixin.py:151} INFO - [2023-08-31T19:15:40.446+0300] {dag.py:3677} INFO - Setting next_dagrun for example_trigger_target_dag to None, run_after=None
[2023-08-31T19:15:40.463+0300] {processor.py:179} INFO - Processing /home/miminari/repos/airflow_project/env/lib/python3.10/site-packages/airflow/example_dags/example_trigger_target_dag.py took 0.059 seconds
[2023-08-31T19:16:10.606+0300] {processor.py:157} INFO - Started process (PID=19552) to work on /home/miminari/repos/airflow_project/env/lib/python3.10/site-packages/airflow/example_dags/example_trigger_target_dag.py
[2023-08-31T19:16:10.607+0300] {processor.py:829} INFO - Processing file /home/miminari/repos/airflow_project/env/lib/python3.10/site-packages/airflow/example_dags/example_trigger_target_dag.py for tasks to queue
[2023-08-31T19:16:10.607+0300] {logging_mixin.py:151} INFO - [2023-08-31T19:16:10.607+0300] {dagbag.py:539} INFO - Filling up the DagBag from /home/miminari/repos/airflow_project/env/lib/python3.10/site-packages/airflow/example_dags/example_trigger_target_dag.py
[2023-08-31T19:16:10.614+0300] {processor.py:839} INFO - DAG(s) dict_keys(['example_trigger_target_dag']) retrieved from /home/miminari/repos/airflow_project/env/lib/python3.10/site-packages/airflow/example_dags/example_trigger_target_dag.py
[2023-08-31T19:16:10.639+0300] {logging_mixin.py:151} INFO - [2023-08-31T19:16:10.639+0300] {dag.py:2907} INFO - Sync 1 DAGs
[2023-08-31T19:16:10.651+0300] {logging_mixin.py:151} INFO - [2023-08-31T19:16:10.651+0300] {dag.py:3677} INFO - Setting next_dagrun for example_trigger_target_dag to None, run_after=None
[2023-08-31T19:16:10.667+0300] {processor.py:179} INFO - Processing /home/miminari/repos/airflow_project/env/lib/python3.10/site-packages/airflow/example_dags/example_trigger_target_dag.py took 0.064 seconds
[2023-08-31T19:16:41.031+0300] {processor.py:157} INFO - Started process (PID=19653) to work on /home/miminari/repos/airflow_project/env/lib/python3.10/site-packages/airflow/example_dags/example_trigger_target_dag.py
[2023-08-31T19:16:41.031+0300] {processor.py:829} INFO - Processing file /home/miminari/repos/airflow_project/env/lib/python3.10/site-packages/airflow/example_dags/example_trigger_target_dag.py for tasks to queue
[2023-08-31T19:16:41.032+0300] {logging_mixin.py:151} INFO - [2023-08-31T19:16:41.032+0300] {dagbag.py:539} INFO - Filling up the DagBag from /home/miminari/repos/airflow_project/env/lib/python3.10/site-packages/airflow/example_dags/example_trigger_target_dag.py
[2023-08-31T19:16:41.036+0300] {processor.py:839} INFO - DAG(s) dict_keys(['example_trigger_target_dag']) retrieved from /home/miminari/repos/airflow_project/env/lib/python3.10/site-packages/airflow/example_dags/example_trigger_target_dag.py
[2023-08-31T19:16:41.060+0300] {logging_mixin.py:151} INFO - [2023-08-31T19:16:41.060+0300] {dag.py:2907} INFO - Sync 1 DAGs
[2023-08-31T19:16:41.070+0300] {logging_mixin.py:151} INFO - [2023-08-31T19:16:41.070+0300] {dag.py:3677} INFO - Setting next_dagrun for example_trigger_target_dag to None, run_after=None
[2023-08-31T19:16:41.084+0300] {processor.py:179} INFO - Processing /home/miminari/repos/airflow_project/env/lib/python3.10/site-packages/airflow/example_dags/example_trigger_target_dag.py took 0.056 seconds
[2023-08-31T19:17:11.260+0300] {processor.py:157} INFO - Started process (PID=19801) to work on /home/miminari/repos/airflow_project/env/lib/python3.10/site-packages/airflow/example_dags/example_trigger_target_dag.py
[2023-08-31T19:17:11.260+0300] {processor.py:829} INFO - Processing file /home/miminari/repos/airflow_project/env/lib/python3.10/site-packages/airflow/example_dags/example_trigger_target_dag.py for tasks to queue
[2023-08-31T19:17:11.261+0300] {logging_mixin.py:151} INFO - [2023-08-31T19:17:11.260+0300] {dagbag.py:539} INFO - Filling up the DagBag from /home/miminari/repos/airflow_project/env/lib/python3.10/site-packages/airflow/example_dags/example_trigger_target_dag.py
[2023-08-31T19:17:11.265+0300] {processor.py:839} INFO - DAG(s) dict_keys(['example_trigger_target_dag']) retrieved from /home/miminari/repos/airflow_project/env/lib/python3.10/site-packages/airflow/example_dags/example_trigger_target_dag.py
[2023-08-31T19:17:11.291+0300] {logging_mixin.py:151} INFO - [2023-08-31T19:17:11.291+0300] {dag.py:2907} INFO - Sync 1 DAGs
[2023-08-31T19:17:11.304+0300] {logging_mixin.py:151} INFO - [2023-08-31T19:17:11.304+0300] {dag.py:3677} INFO - Setting next_dagrun for example_trigger_target_dag to None, run_after=None
[2023-08-31T19:17:11.319+0300] {processor.py:179} INFO - Processing /home/miminari/repos/airflow_project/env/lib/python3.10/site-packages/airflow/example_dags/example_trigger_target_dag.py took 0.061 seconds
[2023-08-31T19:17:41.570+0300] {processor.py:157} INFO - Started process (PID=19918) to work on /home/miminari/repos/airflow_project/env/lib/python3.10/site-packages/airflow/example_dags/example_trigger_target_dag.py
[2023-08-31T19:17:41.571+0300] {processor.py:829} INFO - Processing file /home/miminari/repos/airflow_project/env/lib/python3.10/site-packages/airflow/example_dags/example_trigger_target_dag.py for tasks to queue
[2023-08-31T19:17:41.572+0300] {logging_mixin.py:151} INFO - [2023-08-31T19:17:41.572+0300] {dagbag.py:539} INFO - Filling up the DagBag from /home/miminari/repos/airflow_project/env/lib/python3.10/site-packages/airflow/example_dags/example_trigger_target_dag.py
[2023-08-31T19:17:41.576+0300] {processor.py:839} INFO - DAG(s) dict_keys(['example_trigger_target_dag']) retrieved from /home/miminari/repos/airflow_project/env/lib/python3.10/site-packages/airflow/example_dags/example_trigger_target_dag.py
[2023-08-31T19:17:41.606+0300] {logging_mixin.py:151} INFO - [2023-08-31T19:17:41.606+0300] {dag.py:2907} INFO - Sync 1 DAGs
[2023-08-31T19:17:41.618+0300] {logging_mixin.py:151} INFO - [2023-08-31T19:17:41.617+0300] {dag.py:3677} INFO - Setting next_dagrun for example_trigger_target_dag to None, run_after=None
[2023-08-31T19:17:41.632+0300] {processor.py:179} INFO - Processing /home/miminari/repos/airflow_project/env/lib/python3.10/site-packages/airflow/example_dags/example_trigger_target_dag.py took 0.067 seconds
[2023-08-31T19:18:11.739+0300] {processor.py:157} INFO - Started process (PID=20068) to work on /home/miminari/repos/airflow_project/env/lib/python3.10/site-packages/airflow/example_dags/example_trigger_target_dag.py
[2023-08-31T19:18:11.740+0300] {processor.py:829} INFO - Processing file /home/miminari/repos/airflow_project/env/lib/python3.10/site-packages/airflow/example_dags/example_trigger_target_dag.py for tasks to queue
[2023-08-31T19:18:11.740+0300] {logging_mixin.py:151} INFO - [2023-08-31T19:18:11.740+0300] {dagbag.py:539} INFO - Filling up the DagBag from /home/miminari/repos/airflow_project/env/lib/python3.10/site-packages/airflow/example_dags/example_trigger_target_dag.py
[2023-08-31T19:18:11.746+0300] {processor.py:839} INFO - DAG(s) dict_keys(['example_trigger_target_dag']) retrieved from /home/miminari/repos/airflow_project/env/lib/python3.10/site-packages/airflow/example_dags/example_trigger_target_dag.py
[2023-08-31T19:18:11.769+0300] {logging_mixin.py:151} INFO - [2023-08-31T19:18:11.769+0300] {dag.py:2907} INFO - Sync 1 DAGs
[2023-08-31T19:18:11.782+0300] {logging_mixin.py:151} INFO - [2023-08-31T19:18:11.782+0300] {dag.py:3677} INFO - Setting next_dagrun for example_trigger_target_dag to None, run_after=None
[2023-08-31T19:18:11.804+0300] {processor.py:179} INFO - Processing /home/miminari/repos/airflow_project/env/lib/python3.10/site-packages/airflow/example_dags/example_trigger_target_dag.py took 0.068 seconds
[2023-08-31T19:18:41.866+0300] {processor.py:157} INFO - Started process (PID=20164) to work on /home/miminari/repos/airflow_project/env/lib/python3.10/site-packages/airflow/example_dags/example_trigger_target_dag.py
[2023-08-31T19:18:41.867+0300] {processor.py:829} INFO - Processing file /home/miminari/repos/airflow_project/env/lib/python3.10/site-packages/airflow/example_dags/example_trigger_target_dag.py for tasks to queue
[2023-08-31T19:18:41.867+0300] {logging_mixin.py:151} INFO - [2023-08-31T19:18:41.867+0300] {dagbag.py:539} INFO - Filling up the DagBag from /home/miminari/repos/airflow_project/env/lib/python3.10/site-packages/airflow/example_dags/example_trigger_target_dag.py
[2023-08-31T19:18:41.872+0300] {processor.py:839} INFO - DAG(s) dict_keys(['example_trigger_target_dag']) retrieved from /home/miminari/repos/airflow_project/env/lib/python3.10/site-packages/airflow/example_dags/example_trigger_target_dag.py
[2023-08-31T19:18:41.896+0300] {logging_mixin.py:151} INFO - [2023-08-31T19:18:41.895+0300] {dag.py:2907} INFO - Sync 1 DAGs
[2023-08-31T19:18:41.906+0300] {logging_mixin.py:151} INFO - [2023-08-31T19:18:41.906+0300] {dag.py:3677} INFO - Setting next_dagrun for example_trigger_target_dag to None, run_after=None
[2023-08-31T19:18:41.923+0300] {processor.py:179} INFO - Processing /home/miminari/repos/airflow_project/env/lib/python3.10/site-packages/airflow/example_dags/example_trigger_target_dag.py took 0.059 seconds
[2023-08-31T19:19:12.240+0300] {processor.py:157} INFO - Started process (PID=20269) to work on /home/miminari/repos/airflow_project/env/lib/python3.10/site-packages/airflow/example_dags/example_trigger_target_dag.py
[2023-08-31T19:19:12.250+0300] {processor.py:829} INFO - Processing file /home/miminari/repos/airflow_project/env/lib/python3.10/site-packages/airflow/example_dags/example_trigger_target_dag.py for tasks to queue
[2023-08-31T19:19:12.251+0300] {logging_mixin.py:151} INFO - [2023-08-31T19:19:12.251+0300] {dagbag.py:539} INFO - Filling up the DagBag from /home/miminari/repos/airflow_project/env/lib/python3.10/site-packages/airflow/example_dags/example_trigger_target_dag.py
[2023-08-31T19:19:12.255+0300] {processor.py:839} INFO - DAG(s) dict_keys(['example_trigger_target_dag']) retrieved from /home/miminari/repos/airflow_project/env/lib/python3.10/site-packages/airflow/example_dags/example_trigger_target_dag.py
[2023-08-31T19:19:12.297+0300] {logging_mixin.py:151} INFO - [2023-08-31T19:19:12.296+0300] {dag.py:2907} INFO - Sync 1 DAGs
[2023-08-31T19:19:12.324+0300] {logging_mixin.py:151} INFO - [2023-08-31T19:19:12.324+0300] {dag.py:3677} INFO - Setting next_dagrun for example_trigger_target_dag to None, run_after=None
[2023-08-31T19:19:12.346+0300] {processor.py:179} INFO - Processing /home/miminari/repos/airflow_project/env/lib/python3.10/site-packages/airflow/example_dags/example_trigger_target_dag.py took 0.108 seconds
[2023-08-31T19:19:42.761+0300] {processor.py:157} INFO - Started process (PID=20368) to work on /home/miminari/repos/airflow_project/env/lib/python3.10/site-packages/airflow/example_dags/example_trigger_target_dag.py
[2023-08-31T19:19:42.761+0300] {processor.py:829} INFO - Processing file /home/miminari/repos/airflow_project/env/lib/python3.10/site-packages/airflow/example_dags/example_trigger_target_dag.py for tasks to queue
[2023-08-31T19:19:42.762+0300] {logging_mixin.py:151} INFO - [2023-08-31T19:19:42.762+0300] {dagbag.py:539} INFO - Filling up the DagBag from /home/miminari/repos/airflow_project/env/lib/python3.10/site-packages/airflow/example_dags/example_trigger_target_dag.py
[2023-08-31T19:19:42.767+0300] {processor.py:839} INFO - DAG(s) dict_keys(['example_trigger_target_dag']) retrieved from /home/miminari/repos/airflow_project/env/lib/python3.10/site-packages/airflow/example_dags/example_trigger_target_dag.py
[2023-08-31T19:19:42.792+0300] {logging_mixin.py:151} INFO - [2023-08-31T19:19:42.792+0300] {dag.py:2907} INFO - Sync 1 DAGs
[2023-08-31T19:19:42.806+0300] {logging_mixin.py:151} INFO - [2023-08-31T19:19:42.806+0300] {dag.py:3677} INFO - Setting next_dagrun for example_trigger_target_dag to None, run_after=None
[2023-08-31T19:19:42.824+0300] {processor.py:179} INFO - Processing /home/miminari/repos/airflow_project/env/lib/python3.10/site-packages/airflow/example_dags/example_trigger_target_dag.py took 0.066 seconds
