[2023-08-31T19:12:08.524+0300] {processor.py:157} INFO - Started process (PID=18607) to work on /home/miminari/repos/airflow_project/env/lib/python3.10/site-packages/airflow/example_dags/example_nested_branch_dag.py
[2023-08-31T19:12:08.524+0300] {processor.py:829} INFO - Processing file /home/miminari/repos/airflow_project/env/lib/python3.10/site-packages/airflow/example_dags/example_nested_branch_dag.py for tasks to queue
[2023-08-31T19:12:08.525+0300] {logging_mixin.py:151} INFO - [2023-08-31T19:12:08.525+0300] {dagbag.py:539} INFO - Filling up the DagBag from /home/miminari/repos/airflow_project/env/lib/python3.10/site-packages/airflow/example_dags/example_nested_branch_dag.py
[2023-08-31T19:12:08.533+0300] {processor.py:839} INFO - DAG(s) dict_keys(['example_nested_branch_dag']) retrieved from /home/miminari/repos/airflow_project/env/lib/python3.10/site-packages/airflow/example_dags/example_nested_branch_dag.py
[2023-08-31T19:12:08.623+0300] {logging_mixin.py:151} INFO - [2023-08-31T19:12:08.622+0300] {manager.py:501} INFO - Created Permission View: can read on DAG:example_nested_branch_dag
[2023-08-31T19:12:08.631+0300] {logging_mixin.py:151} INFO - [2023-08-31T19:12:08.631+0300] {manager.py:501} INFO - Created Permission View: can delete on DAG:example_nested_branch_dag
[2023-08-31T19:12:08.636+0300] {logging_mixin.py:151} INFO - [2023-08-31T19:12:08.636+0300] {manager.py:501} INFO - Created Permission View: can edit on DAG:example_nested_branch_dag
[2023-08-31T19:12:08.646+0300] {logging_mixin.py:151} INFO - [2023-08-31T19:12:08.645+0300] {dag.py:2907} INFO - Sync 1 DAGs
[2023-08-31T19:12:08.654+0300] {logging_mixin.py:151} INFO - [2023-08-31T19:12:08.654+0300] {dag.py:2929} INFO - Creating ORM DAG for example_nested_branch_dag
[2023-08-31T19:12:08.663+0300] {logging_mixin.py:151} INFO - [2023-08-31T19:12:08.663+0300] {dag.py:3677} INFO - Setting next_dagrun for example_nested_branch_dag to 2023-08-30T00:00:00+00:00, run_after=2023-08-31T00:00:00+00:00
[2023-08-31T19:12:08.677+0300] {processor.py:179} INFO - Processing /home/miminari/repos/airflow_project/env/lib/python3.10/site-packages/airflow/example_dags/example_nested_branch_dag.py took 0.157 seconds
[2023-08-31T19:12:39.540+0300] {processor.py:157} INFO - Started process (PID=18715) to work on /home/miminari/repos/airflow_project/env/lib/python3.10/site-packages/airflow/example_dags/example_nested_branch_dag.py
[2023-08-31T19:12:39.540+0300] {processor.py:829} INFO - Processing file /home/miminari/repos/airflow_project/env/lib/python3.10/site-packages/airflow/example_dags/example_nested_branch_dag.py for tasks to queue
[2023-08-31T19:12:39.541+0300] {logging_mixin.py:151} INFO - [2023-08-31T19:12:39.540+0300] {dagbag.py:539} INFO - Filling up the DagBag from /home/miminari/repos/airflow_project/env/lib/python3.10/site-packages/airflow/example_dags/example_nested_branch_dag.py
[2023-08-31T19:12:39.549+0300] {processor.py:839} INFO - DAG(s) dict_keys(['example_nested_branch_dag']) retrieved from /home/miminari/repos/airflow_project/env/lib/python3.10/site-packages/airflow/example_dags/example_nested_branch_dag.py
[2023-08-31T19:12:39.575+0300] {logging_mixin.py:151} INFO - [2023-08-31T19:12:39.575+0300] {dag.py:2907} INFO - Sync 1 DAGs
[2023-08-31T19:12:39.601+0300] {logging_mixin.py:151} INFO - [2023-08-31T19:12:39.601+0300] {dag.py:3677} INFO - Setting next_dagrun for example_nested_branch_dag to 2023-08-30T00:00:00+00:00, run_after=2023-08-31T00:00:00+00:00
[2023-08-31T19:12:39.616+0300] {processor.py:179} INFO - Processing /home/miminari/repos/airflow_project/env/lib/python3.10/site-packages/airflow/example_dags/example_nested_branch_dag.py took 0.079 seconds
[2023-08-31T19:13:09.721+0300] {processor.py:157} INFO - Started process (PID=18815) to work on /home/miminari/repos/airflow_project/env/lib/python3.10/site-packages/airflow/example_dags/example_nested_branch_dag.py
[2023-08-31T19:13:09.722+0300] {processor.py:829} INFO - Processing file /home/miminari/repos/airflow_project/env/lib/python3.10/site-packages/airflow/example_dags/example_nested_branch_dag.py for tasks to queue
[2023-08-31T19:13:09.722+0300] {logging_mixin.py:151} INFO - [2023-08-31T19:13:09.722+0300] {dagbag.py:539} INFO - Filling up the DagBag from /home/miminari/repos/airflow_project/env/lib/python3.10/site-packages/airflow/example_dags/example_nested_branch_dag.py
[2023-08-31T19:13:09.730+0300] {processor.py:839} INFO - DAG(s) dict_keys(['example_nested_branch_dag']) retrieved from /home/miminari/repos/airflow_project/env/lib/python3.10/site-packages/airflow/example_dags/example_nested_branch_dag.py
[2023-08-31T19:13:09.753+0300] {logging_mixin.py:151} INFO - [2023-08-31T19:13:09.753+0300] {dag.py:2907} INFO - Sync 1 DAGs
[2023-08-31T19:13:09.772+0300] {logging_mixin.py:151} INFO - [2023-08-31T19:13:09.772+0300] {dag.py:3677} INFO - Setting next_dagrun for example_nested_branch_dag to 2023-08-30T00:00:00+00:00, run_after=2023-08-31T00:00:00+00:00
[2023-08-31T19:13:09.791+0300] {processor.py:179} INFO - Processing /home/miminari/repos/airflow_project/env/lib/python3.10/site-packages/airflow/example_dags/example_nested_branch_dag.py took 0.072 seconds
[2023-08-31T19:13:39.832+0300] {processor.py:157} INFO - Started process (PID=18922) to work on /home/miminari/repos/airflow_project/env/lib/python3.10/site-packages/airflow/example_dags/example_nested_branch_dag.py
[2023-08-31T19:13:39.832+0300] {processor.py:829} INFO - Processing file /home/miminari/repos/airflow_project/env/lib/python3.10/site-packages/airflow/example_dags/example_nested_branch_dag.py for tasks to queue
[2023-08-31T19:13:39.833+0300] {logging_mixin.py:151} INFO - [2023-08-31T19:13:39.833+0300] {dagbag.py:539} INFO - Filling up the DagBag from /home/miminari/repos/airflow_project/env/lib/python3.10/site-packages/airflow/example_dags/example_nested_branch_dag.py
[2023-08-31T19:13:39.842+0300] {processor.py:839} INFO - DAG(s) dict_keys(['example_nested_branch_dag']) retrieved from /home/miminari/repos/airflow_project/env/lib/python3.10/site-packages/airflow/example_dags/example_nested_branch_dag.py
[2023-08-31T19:13:39.867+0300] {logging_mixin.py:151} INFO - [2023-08-31T19:13:39.867+0300] {dag.py:2907} INFO - Sync 1 DAGs
[2023-08-31T19:13:39.885+0300] {logging_mixin.py:151} INFO - [2023-08-31T19:13:39.885+0300] {dag.py:3677} INFO - Setting next_dagrun for example_nested_branch_dag to 2023-08-30T00:00:00+00:00, run_after=2023-08-31T00:00:00+00:00
[2023-08-31T19:13:39.899+0300] {processor.py:179} INFO - Processing /home/miminari/repos/airflow_project/env/lib/python3.10/site-packages/airflow/example_dags/example_nested_branch_dag.py took 0.070 seconds
[2023-08-31T19:14:10.000+0300] {processor.py:157} INFO - Started process (PID=19020) to work on /home/miminari/repos/airflow_project/env/lib/python3.10/site-packages/airflow/example_dags/example_nested_branch_dag.py
[2023-08-31T19:14:10.000+0300] {processor.py:829} INFO - Processing file /home/miminari/repos/airflow_project/env/lib/python3.10/site-packages/airflow/example_dags/example_nested_branch_dag.py for tasks to queue
[2023-08-31T19:14:10.001+0300] {logging_mixin.py:151} INFO - [2023-08-31T19:14:10.001+0300] {dagbag.py:539} INFO - Filling up the DagBag from /home/miminari/repos/airflow_project/env/lib/python3.10/site-packages/airflow/example_dags/example_nested_branch_dag.py
[2023-08-31T19:14:10.009+0300] {processor.py:839} INFO - DAG(s) dict_keys(['example_nested_branch_dag']) retrieved from /home/miminari/repos/airflow_project/env/lib/python3.10/site-packages/airflow/example_dags/example_nested_branch_dag.py
[2023-08-31T19:14:10.036+0300] {logging_mixin.py:151} INFO - [2023-08-31T19:14:10.036+0300] {dag.py:2907} INFO - Sync 1 DAGs
[2023-08-31T19:14:10.059+0300] {logging_mixin.py:151} INFO - [2023-08-31T19:14:10.059+0300] {dag.py:3677} INFO - Setting next_dagrun for example_nested_branch_dag to 2023-08-30T00:00:00+00:00, run_after=2023-08-31T00:00:00+00:00
[2023-08-31T19:14:10.077+0300] {processor.py:179} INFO - Processing /home/miminari/repos/airflow_project/env/lib/python3.10/site-packages/airflow/example_dags/example_nested_branch_dag.py took 0.080 seconds
[2023-08-31T19:14:40.109+0300] {processor.py:157} INFO - Started process (PID=19115) to work on /home/miminari/repos/airflow_project/env/lib/python3.10/site-packages/airflow/example_dags/example_nested_branch_dag.py
[2023-08-31T19:14:40.110+0300] {processor.py:829} INFO - Processing file /home/miminari/repos/airflow_project/env/lib/python3.10/site-packages/airflow/example_dags/example_nested_branch_dag.py for tasks to queue
[2023-08-31T19:14:40.110+0300] {logging_mixin.py:151} INFO - [2023-08-31T19:14:40.110+0300] {dagbag.py:539} INFO - Filling up the DagBag from /home/miminari/repos/airflow_project/env/lib/python3.10/site-packages/airflow/example_dags/example_nested_branch_dag.py
[2023-08-31T19:14:40.118+0300] {processor.py:839} INFO - DAG(s) dict_keys(['example_nested_branch_dag']) retrieved from /home/miminari/repos/airflow_project/env/lib/python3.10/site-packages/airflow/example_dags/example_nested_branch_dag.py
[2023-08-31T19:14:40.144+0300] {logging_mixin.py:151} INFO - [2023-08-31T19:14:40.144+0300] {dag.py:2907} INFO - Sync 1 DAGs
[2023-08-31T19:14:40.163+0300] {logging_mixin.py:151} INFO - [2023-08-31T19:14:40.162+0300] {dag.py:3677} INFO - Setting next_dagrun for example_nested_branch_dag to 2023-08-30T00:00:00+00:00, run_after=2023-08-31T00:00:00+00:00
[2023-08-31T19:14:40.176+0300] {processor.py:179} INFO - Processing /home/miminari/repos/airflow_project/env/lib/python3.10/site-packages/airflow/example_dags/example_nested_branch_dag.py took 0.069 seconds
[2023-08-31T19:15:10.431+0300] {processor.py:157} INFO - Started process (PID=19318) to work on /home/miminari/repos/airflow_project/env/lib/python3.10/site-packages/airflow/example_dags/example_nested_branch_dag.py
[2023-08-31T19:15:10.432+0300] {processor.py:829} INFO - Processing file /home/miminari/repos/airflow_project/env/lib/python3.10/site-packages/airflow/example_dags/example_nested_branch_dag.py for tasks to queue
[2023-08-31T19:15:10.432+0300] {logging_mixin.py:151} INFO - [2023-08-31T19:15:10.432+0300] {dagbag.py:539} INFO - Filling up the DagBag from /home/miminari/repos/airflow_project/env/lib/python3.10/site-packages/airflow/example_dags/example_nested_branch_dag.py
[2023-08-31T19:15:10.440+0300] {processor.py:839} INFO - DAG(s) dict_keys(['example_nested_branch_dag']) retrieved from /home/miminari/repos/airflow_project/env/lib/python3.10/site-packages/airflow/example_dags/example_nested_branch_dag.py
[2023-08-31T19:15:10.469+0300] {logging_mixin.py:151} INFO - [2023-08-31T19:15:10.468+0300] {dag.py:2907} INFO - Sync 1 DAGs
[2023-08-31T19:15:10.489+0300] {logging_mixin.py:151} INFO - [2023-08-31T19:15:10.489+0300] {dag.py:3677} INFO - Setting next_dagrun for example_nested_branch_dag to 2023-08-30T00:00:00+00:00, run_after=2023-08-31T00:00:00+00:00
[2023-08-31T19:15:10.505+0300] {processor.py:179} INFO - Processing /home/miminari/repos/airflow_project/env/lib/python3.10/site-packages/airflow/example_dags/example_nested_branch_dag.py took 0.077 seconds
[2023-08-31T19:15:40.735+0300] {processor.py:157} INFO - Started process (PID=19416) to work on /home/miminari/repos/airflow_project/env/lib/python3.10/site-packages/airflow/example_dags/example_nested_branch_dag.py
[2023-08-31T19:15:40.736+0300] {processor.py:829} INFO - Processing file /home/miminari/repos/airflow_project/env/lib/python3.10/site-packages/airflow/example_dags/example_nested_branch_dag.py for tasks to queue
[2023-08-31T19:15:40.736+0300] {logging_mixin.py:151} INFO - [2023-08-31T19:15:40.736+0300] {dagbag.py:539} INFO - Filling up the DagBag from /home/miminari/repos/airflow_project/env/lib/python3.10/site-packages/airflow/example_dags/example_nested_branch_dag.py
[2023-08-31T19:15:40.745+0300] {processor.py:839} INFO - DAG(s) dict_keys(['example_nested_branch_dag']) retrieved from /home/miminari/repos/airflow_project/env/lib/python3.10/site-packages/airflow/example_dags/example_nested_branch_dag.py
[2023-08-31T19:15:40.772+0300] {logging_mixin.py:151} INFO - [2023-08-31T19:15:40.772+0300] {dag.py:2907} INFO - Sync 1 DAGs
[2023-08-31T19:15:40.803+0300] {logging_mixin.py:151} INFO - [2023-08-31T19:15:40.803+0300] {dag.py:3677} INFO - Setting next_dagrun for example_nested_branch_dag to 2023-08-30T00:00:00+00:00, run_after=2023-08-31T00:00:00+00:00
[2023-08-31T19:15:40.821+0300] {processor.py:179} INFO - Processing /home/miminari/repos/airflow_project/env/lib/python3.10/site-packages/airflow/example_dags/example_nested_branch_dag.py took 0.089 seconds
[2023-08-31T19:16:11.046+0300] {processor.py:157} INFO - Started process (PID=19571) to work on /home/miminari/repos/airflow_project/env/lib/python3.10/site-packages/airflow/example_dags/example_nested_branch_dag.py
[2023-08-31T19:16:11.048+0300] {processor.py:829} INFO - Processing file /home/miminari/repos/airflow_project/env/lib/python3.10/site-packages/airflow/example_dags/example_nested_branch_dag.py for tasks to queue
[2023-08-31T19:16:11.048+0300] {logging_mixin.py:151} INFO - [2023-08-31T19:16:11.048+0300] {dagbag.py:539} INFO - Filling up the DagBag from /home/miminari/repos/airflow_project/env/lib/python3.10/site-packages/airflow/example_dags/example_nested_branch_dag.py
[2023-08-31T19:16:11.060+0300] {processor.py:839} INFO - DAG(s) dict_keys(['example_nested_branch_dag']) retrieved from /home/miminari/repos/airflow_project/env/lib/python3.10/site-packages/airflow/example_dags/example_nested_branch_dag.py
[2023-08-31T19:16:11.093+0300] {logging_mixin.py:151} INFO - [2023-08-31T19:16:11.093+0300] {dag.py:2907} INFO - Sync 1 DAGs
[2023-08-31T19:16:11.116+0300] {logging_mixin.py:151} INFO - [2023-08-31T19:16:11.115+0300] {dag.py:3677} INFO - Setting next_dagrun for example_nested_branch_dag to 2023-08-30T00:00:00+00:00, run_after=2023-08-31T00:00:00+00:00
[2023-08-31T19:16:11.142+0300] {processor.py:179} INFO - Processing /home/miminari/repos/airflow_project/env/lib/python3.10/site-packages/airflow/example_dags/example_nested_branch_dag.py took 0.101 seconds
[2023-08-31T19:16:41.334+0300] {processor.py:157} INFO - Started process (PID=19670) to work on /home/miminari/repos/airflow_project/env/lib/python3.10/site-packages/airflow/example_dags/example_nested_branch_dag.py
[2023-08-31T19:16:41.335+0300] {processor.py:829} INFO - Processing file /home/miminari/repos/airflow_project/env/lib/python3.10/site-packages/airflow/example_dags/example_nested_branch_dag.py for tasks to queue
[2023-08-31T19:16:41.335+0300] {logging_mixin.py:151} INFO - [2023-08-31T19:16:41.335+0300] {dagbag.py:539} INFO - Filling up the DagBag from /home/miminari/repos/airflow_project/env/lib/python3.10/site-packages/airflow/example_dags/example_nested_branch_dag.py
[2023-08-31T19:16:41.348+0300] {processor.py:839} INFO - DAG(s) dict_keys(['example_nested_branch_dag']) retrieved from /home/miminari/repos/airflow_project/env/lib/python3.10/site-packages/airflow/example_dags/example_nested_branch_dag.py
[2023-08-31T19:16:41.375+0300] {logging_mixin.py:151} INFO - [2023-08-31T19:16:41.375+0300] {dag.py:2907} INFO - Sync 1 DAGs
[2023-08-31T19:16:41.398+0300] {logging_mixin.py:151} INFO - [2023-08-31T19:16:41.398+0300] {dag.py:3677} INFO - Setting next_dagrun for example_nested_branch_dag to 2023-08-30T00:00:00+00:00, run_after=2023-08-31T00:00:00+00:00
[2023-08-31T19:16:41.420+0300] {processor.py:179} INFO - Processing /home/miminari/repos/airflow_project/env/lib/python3.10/site-packages/airflow/example_dags/example_nested_branch_dag.py took 0.088 seconds
[2023-08-31T19:17:11.590+0300] {processor.py:157} INFO - Started process (PID=19818) to work on /home/miminari/repos/airflow_project/env/lib/python3.10/site-packages/airflow/example_dags/example_nested_branch_dag.py
[2023-08-31T19:17:11.590+0300] {processor.py:829} INFO - Processing file /home/miminari/repos/airflow_project/env/lib/python3.10/site-packages/airflow/example_dags/example_nested_branch_dag.py for tasks to queue
[2023-08-31T19:17:11.591+0300] {logging_mixin.py:151} INFO - [2023-08-31T19:17:11.591+0300] {dagbag.py:539} INFO - Filling up the DagBag from /home/miminari/repos/airflow_project/env/lib/python3.10/site-packages/airflow/example_dags/example_nested_branch_dag.py
[2023-08-31T19:17:11.606+0300] {processor.py:839} INFO - DAG(s) dict_keys(['example_nested_branch_dag']) retrieved from /home/miminari/repos/airflow_project/env/lib/python3.10/site-packages/airflow/example_dags/example_nested_branch_dag.py
[2023-08-31T19:17:11.632+0300] {logging_mixin.py:151} INFO - [2023-08-31T19:17:11.632+0300] {dag.py:2907} INFO - Sync 1 DAGs
[2023-08-31T19:17:11.653+0300] {logging_mixin.py:151} INFO - [2023-08-31T19:17:11.653+0300] {dag.py:3677} INFO - Setting next_dagrun for example_nested_branch_dag to 2023-08-30T00:00:00+00:00, run_after=2023-08-31T00:00:00+00:00
[2023-08-31T19:17:11.670+0300] {processor.py:179} INFO - Processing /home/miminari/repos/airflow_project/env/lib/python3.10/site-packages/airflow/example_dags/example_nested_branch_dag.py took 0.083 seconds
[2023-08-31T19:17:41.865+0300] {processor.py:157} INFO - Started process (PID=19935) to work on /home/miminari/repos/airflow_project/env/lib/python3.10/site-packages/airflow/example_dags/example_nested_branch_dag.py
[2023-08-31T19:17:41.865+0300] {processor.py:829} INFO - Processing file /home/miminari/repos/airflow_project/env/lib/python3.10/site-packages/airflow/example_dags/example_nested_branch_dag.py for tasks to queue
[2023-08-31T19:17:41.866+0300] {logging_mixin.py:151} INFO - [2023-08-31T19:17:41.866+0300] {dagbag.py:539} INFO - Filling up the DagBag from /home/miminari/repos/airflow_project/env/lib/python3.10/site-packages/airflow/example_dags/example_nested_branch_dag.py
[2023-08-31T19:17:41.874+0300] {processor.py:839} INFO - DAG(s) dict_keys(['example_nested_branch_dag']) retrieved from /home/miminari/repos/airflow_project/env/lib/python3.10/site-packages/airflow/example_dags/example_nested_branch_dag.py
[2023-08-31T19:17:41.903+0300] {logging_mixin.py:151} INFO - [2023-08-31T19:17:41.903+0300] {dag.py:2907} INFO - Sync 1 DAGs
[2023-08-31T19:17:41.927+0300] {logging_mixin.py:151} INFO - [2023-08-31T19:17:41.926+0300] {dag.py:3677} INFO - Setting next_dagrun for example_nested_branch_dag to 2023-08-30T00:00:00+00:00, run_after=2023-08-31T00:00:00+00:00
[2023-08-31T19:17:41.943+0300] {processor.py:179} INFO - Processing /home/miminari/repos/airflow_project/env/lib/python3.10/site-packages/airflow/example_dags/example_nested_branch_dag.py took 0.081 seconds
[2023-08-31T19:18:12.019+0300] {processor.py:157} INFO - Started process (PID=20085) to work on /home/miminari/repos/airflow_project/env/lib/python3.10/site-packages/airflow/example_dags/example_nested_branch_dag.py
[2023-08-31T19:18:12.022+0300] {processor.py:829} INFO - Processing file /home/miminari/repos/airflow_project/env/lib/python3.10/site-packages/airflow/example_dags/example_nested_branch_dag.py for tasks to queue
[2023-08-31T19:18:12.022+0300] {logging_mixin.py:151} INFO - [2023-08-31T19:18:12.022+0300] {dagbag.py:539} INFO - Filling up the DagBag from /home/miminari/repos/airflow_project/env/lib/python3.10/site-packages/airflow/example_dags/example_nested_branch_dag.py
[2023-08-31T19:18:12.031+0300] {processor.py:839} INFO - DAG(s) dict_keys(['example_nested_branch_dag']) retrieved from /home/miminari/repos/airflow_project/env/lib/python3.10/site-packages/airflow/example_dags/example_nested_branch_dag.py
[2023-08-31T19:18:12.056+0300] {logging_mixin.py:151} INFO - [2023-08-31T19:18:12.055+0300] {dag.py:2907} INFO - Sync 1 DAGs
[2023-08-31T19:18:12.075+0300] {logging_mixin.py:151} INFO - [2023-08-31T19:18:12.075+0300] {dag.py:3677} INFO - Setting next_dagrun for example_nested_branch_dag to 2023-08-30T00:00:00+00:00, run_after=2023-08-31T00:00:00+00:00
[2023-08-31T19:18:12.090+0300] {processor.py:179} INFO - Processing /home/miminari/repos/airflow_project/env/lib/python3.10/site-packages/airflow/example_dags/example_nested_branch_dag.py took 0.074 seconds
[2023-08-31T19:18:42.155+0300] {processor.py:157} INFO - Started process (PID=20179) to work on /home/miminari/repos/airflow_project/env/lib/python3.10/site-packages/airflow/example_dags/example_nested_branch_dag.py
[2023-08-31T19:18:42.155+0300] {processor.py:829} INFO - Processing file /home/miminari/repos/airflow_project/env/lib/python3.10/site-packages/airflow/example_dags/example_nested_branch_dag.py for tasks to queue
[2023-08-31T19:18:42.156+0300] {logging_mixin.py:151} INFO - [2023-08-31T19:18:42.156+0300] {dagbag.py:539} INFO - Filling up the DagBag from /home/miminari/repos/airflow_project/env/lib/python3.10/site-packages/airflow/example_dags/example_nested_branch_dag.py
[2023-08-31T19:18:42.163+0300] {processor.py:839} INFO - DAG(s) dict_keys(['example_nested_branch_dag']) retrieved from /home/miminari/repos/airflow_project/env/lib/python3.10/site-packages/airflow/example_dags/example_nested_branch_dag.py
[2023-08-31T19:18:42.189+0300] {logging_mixin.py:151} INFO - [2023-08-31T19:18:42.189+0300] {dag.py:2907} INFO - Sync 1 DAGs
[2023-08-31T19:18:42.211+0300] {logging_mixin.py:151} INFO - [2023-08-31T19:18:42.211+0300] {dag.py:3677} INFO - Setting next_dagrun for example_nested_branch_dag to 2023-08-30T00:00:00+00:00, run_after=2023-08-31T00:00:00+00:00
[2023-08-31T19:18:42.227+0300] {processor.py:179} INFO - Processing /home/miminari/repos/airflow_project/env/lib/python3.10/site-packages/airflow/example_dags/example_nested_branch_dag.py took 0.075 seconds
[2023-08-31T19:19:12.626+0300] {processor.py:157} INFO - Started process (PID=20287) to work on /home/miminari/repos/airflow_project/env/lib/python3.10/site-packages/airflow/example_dags/example_nested_branch_dag.py
[2023-08-31T19:19:12.627+0300] {processor.py:829} INFO - Processing file /home/miminari/repos/airflow_project/env/lib/python3.10/site-packages/airflow/example_dags/example_nested_branch_dag.py for tasks to queue
[2023-08-31T19:19:12.627+0300] {logging_mixin.py:151} INFO - [2023-08-31T19:19:12.627+0300] {dagbag.py:539} INFO - Filling up the DagBag from /home/miminari/repos/airflow_project/env/lib/python3.10/site-packages/airflow/example_dags/example_nested_branch_dag.py
[2023-08-31T19:19:12.636+0300] {processor.py:839} INFO - DAG(s) dict_keys(['example_nested_branch_dag']) retrieved from /home/miminari/repos/airflow_project/env/lib/python3.10/site-packages/airflow/example_dags/example_nested_branch_dag.py
[2023-08-31T19:19:12.662+0300] {logging_mixin.py:151} INFO - [2023-08-31T19:19:12.662+0300] {dag.py:2907} INFO - Sync 1 DAGs
[2023-08-31T19:19:12.684+0300] {logging_mixin.py:151} INFO - [2023-08-31T19:19:12.684+0300] {dag.py:3677} INFO - Setting next_dagrun for example_nested_branch_dag to 2023-08-30T00:00:00+00:00, run_after=2023-08-31T00:00:00+00:00
[2023-08-31T19:19:12.697+0300] {processor.py:179} INFO - Processing /home/miminari/repos/airflow_project/env/lib/python3.10/site-packages/airflow/example_dags/example_nested_branch_dag.py took 0.073 seconds
[2023-08-31T19:19:43.079+0300] {processor.py:157} INFO - Started process (PID=20386) to work on /home/miminari/repos/airflow_project/env/lib/python3.10/site-packages/airflow/example_dags/example_nested_branch_dag.py
[2023-08-31T19:19:43.080+0300] {processor.py:829} INFO - Processing file /home/miminari/repos/airflow_project/env/lib/python3.10/site-packages/airflow/example_dags/example_nested_branch_dag.py for tasks to queue
[2023-08-31T19:19:43.081+0300] {logging_mixin.py:151} INFO - [2023-08-31T19:19:43.081+0300] {dagbag.py:539} INFO - Filling up the DagBag from /home/miminari/repos/airflow_project/env/lib/python3.10/site-packages/airflow/example_dags/example_nested_branch_dag.py
[2023-08-31T19:19:43.089+0300] {processor.py:839} INFO - DAG(s) dict_keys(['example_nested_branch_dag']) retrieved from /home/miminari/repos/airflow_project/env/lib/python3.10/site-packages/airflow/example_dags/example_nested_branch_dag.py
[2023-08-31T19:19:43.115+0300] {logging_mixin.py:151} INFO - [2023-08-31T19:19:43.115+0300] {dag.py:2907} INFO - Sync 1 DAGs
[2023-08-31T19:19:43.137+0300] {logging_mixin.py:151} INFO - [2023-08-31T19:19:43.137+0300] {dag.py:3677} INFO - Setting next_dagrun for example_nested_branch_dag to 2023-08-30T00:00:00+00:00, run_after=2023-08-31T00:00:00+00:00
[2023-08-31T19:19:43.153+0300] {processor.py:179} INFO - Processing /home/miminari/repos/airflow_project/env/lib/python3.10/site-packages/airflow/example_dags/example_nested_branch_dag.py took 0.076 seconds
