[2023-08-31T19:12:07.212+0300] {processor.py:157} INFO - Started process (PID=18568) to work on /home/miminari/repos/airflow_project/env/lib/python3.10/site-packages/airflow/example_dags/example_sla_dag.py
[2023-08-31T19:12:07.213+0300] {processor.py:829} INFO - Processing file /home/miminari/repos/airflow_project/env/lib/python3.10/site-packages/airflow/example_dags/example_sla_dag.py for tasks to queue
[2023-08-31T19:12:07.213+0300] {logging_mixin.py:151} INFO - [2023-08-31T19:12:07.213+0300] {dagbag.py:539} INFO - Filling up the DagBag from /home/miminari/repos/airflow_project/env/lib/python3.10/site-packages/airflow/example_dags/example_sla_dag.py
[2023-08-31T19:12:07.220+0300] {processor.py:839} INFO - DAG(s) dict_keys(['example_sla_dag']) retrieved from /home/miminari/repos/airflow_project/env/lib/python3.10/site-packages/airflow/example_dags/example_sla_dag.py
[2023-08-31T19:12:07.425+0300] {logging_mixin.py:151} INFO - [2023-08-31T19:12:07.425+0300] {manager.py:501} INFO - Created Permission View: can read on DAG:example_sla_dag
[2023-08-31T19:12:07.431+0300] {logging_mixin.py:151} INFO - [2023-08-31T19:12:07.431+0300] {manager.py:501} INFO - Created Permission View: can delete on DAG:example_sla_dag
[2023-08-31T19:12:07.435+0300] {logging_mixin.py:151} INFO - [2023-08-31T19:12:07.435+0300] {manager.py:501} INFO - Created Permission View: can edit on DAG:example_sla_dag
[2023-08-31T19:12:07.446+0300] {logging_mixin.py:151} INFO - [2023-08-31T19:12:07.445+0300] {dag.py:2907} INFO - Sync 1 DAGs
[2023-08-31T19:12:07.455+0300] {logging_mixin.py:151} INFO - [2023-08-31T19:12:07.454+0300] {dag.py:2929} INFO - Creating ORM DAG for example_sla_dag
[2023-08-31T19:12:07.465+0300] {logging_mixin.py:151} INFO - [2023-08-31T19:12:07.465+0300] {dag.py:3677} INFO - Setting next_dagrun for example_sla_dag to 2023-08-31T16:10:00+00:00, run_after=2023-08-31T16:12:00+00:00
[2023-08-31T19:12:07.475+0300] {processor.py:179} INFO - Processing /home/miminari/repos/airflow_project/env/lib/python3.10/site-packages/airflow/example_dags/example_sla_dag.py took 0.265 seconds
[2023-08-31T19:12:38.122+0300] {processor.py:157} INFO - Started process (PID=18692) to work on /home/miminari/repos/airflow_project/env/lib/python3.10/site-packages/airflow/example_dags/example_sla_dag.py
[2023-08-31T19:12:38.123+0300] {processor.py:829} INFO - Processing file /home/miminari/repos/airflow_project/env/lib/python3.10/site-packages/airflow/example_dags/example_sla_dag.py for tasks to queue
[2023-08-31T19:12:38.123+0300] {logging_mixin.py:151} INFO - [2023-08-31T19:12:38.123+0300] {dagbag.py:539} INFO - Filling up the DagBag from /home/miminari/repos/airflow_project/env/lib/python3.10/site-packages/airflow/example_dags/example_sla_dag.py
[2023-08-31T19:12:38.129+0300] {processor.py:839} INFO - DAG(s) dict_keys(['example_sla_dag']) retrieved from /home/miminari/repos/airflow_project/env/lib/python3.10/site-packages/airflow/example_dags/example_sla_dag.py
[2023-08-31T19:12:38.150+0300] {logging_mixin.py:151} INFO - [2023-08-31T19:12:38.149+0300] {dag.py:2907} INFO - Sync 1 DAGs
[2023-08-31T19:12:38.168+0300] {logging_mixin.py:151} INFO - [2023-08-31T19:12:38.168+0300] {dag.py:3677} INFO - Setting next_dagrun for example_sla_dag to 2023-08-31T16:10:00+00:00, run_after=2023-08-31T16:12:00+00:00
[2023-08-31T19:12:38.180+0300] {processor.py:179} INFO - Processing /home/miminari/repos/airflow_project/env/lib/python3.10/site-packages/airflow/example_dags/example_sla_dag.py took 0.060 seconds
[2023-08-31T19:13:08.296+0300] {processor.py:157} INFO - Started process (PID=18792) to work on /home/miminari/repos/airflow_project/env/lib/python3.10/site-packages/airflow/example_dags/example_sla_dag.py
[2023-08-31T19:13:08.297+0300] {processor.py:829} INFO - Processing file /home/miminari/repos/airflow_project/env/lib/python3.10/site-packages/airflow/example_dags/example_sla_dag.py for tasks to queue
[2023-08-31T19:13:08.297+0300] {logging_mixin.py:151} INFO - [2023-08-31T19:13:08.297+0300] {dagbag.py:539} INFO - Filling up the DagBag from /home/miminari/repos/airflow_project/env/lib/python3.10/site-packages/airflow/example_dags/example_sla_dag.py
[2023-08-31T19:13:08.303+0300] {processor.py:839} INFO - DAG(s) dict_keys(['example_sla_dag']) retrieved from /home/miminari/repos/airflow_project/env/lib/python3.10/site-packages/airflow/example_dags/example_sla_dag.py
[2023-08-31T19:13:08.323+0300] {logging_mixin.py:151} INFO - [2023-08-31T19:13:08.323+0300] {dag.py:2907} INFO - Sync 1 DAGs
[2023-08-31T19:13:08.342+0300] {logging_mixin.py:151} INFO - [2023-08-31T19:13:08.342+0300] {dag.py:3677} INFO - Setting next_dagrun for example_sla_dag to 2023-08-31T16:10:00+00:00, run_after=2023-08-31T16:12:00+00:00
[2023-08-31T19:13:08.354+0300] {processor.py:179} INFO - Processing /home/miminari/repos/airflow_project/env/lib/python3.10/site-packages/airflow/example_dags/example_sla_dag.py took 0.061 seconds
[2023-08-31T19:13:39.296+0300] {processor.py:157} INFO - Started process (PID=18900) to work on /home/miminari/repos/airflow_project/env/lib/python3.10/site-packages/airflow/example_dags/example_sla_dag.py
[2023-08-31T19:13:39.297+0300] {processor.py:829} INFO - Processing file /home/miminari/repos/airflow_project/env/lib/python3.10/site-packages/airflow/example_dags/example_sla_dag.py for tasks to queue
[2023-08-31T19:13:39.298+0300] {logging_mixin.py:151} INFO - [2023-08-31T19:13:39.298+0300] {dagbag.py:539} INFO - Filling up the DagBag from /home/miminari/repos/airflow_project/env/lib/python3.10/site-packages/airflow/example_dags/example_sla_dag.py
[2023-08-31T19:13:39.306+0300] {processor.py:839} INFO - DAG(s) dict_keys(['example_sla_dag']) retrieved from /home/miminari/repos/airflow_project/env/lib/python3.10/site-packages/airflow/example_dags/example_sla_dag.py
[2023-08-31T19:13:39.332+0300] {logging_mixin.py:151} INFO - [2023-08-31T19:13:39.332+0300] {dag.py:2907} INFO - Sync 1 DAGs
[2023-08-31T19:13:39.356+0300] {logging_mixin.py:151} INFO - [2023-08-31T19:13:39.356+0300] {dag.py:3677} INFO - Setting next_dagrun for example_sla_dag to 2023-08-31T16:10:00+00:00, run_after=2023-08-31T16:12:00+00:00
[2023-08-31T19:13:39.374+0300] {processor.py:179} INFO - Processing /home/miminari/repos/airflow_project/env/lib/python3.10/site-packages/airflow/example_dags/example_sla_dag.py took 0.080 seconds
[2023-08-31T19:14:09.533+0300] {processor.py:157} INFO - Started process (PID=18998) to work on /home/miminari/repos/airflow_project/env/lib/python3.10/site-packages/airflow/example_dags/example_sla_dag.py
[2023-08-31T19:14:09.534+0300] {processor.py:829} INFO - Processing file /home/miminari/repos/airflow_project/env/lib/python3.10/site-packages/airflow/example_dags/example_sla_dag.py for tasks to queue
[2023-08-31T19:14:09.534+0300] {logging_mixin.py:151} INFO - [2023-08-31T19:14:09.534+0300] {dagbag.py:539} INFO - Filling up the DagBag from /home/miminari/repos/airflow_project/env/lib/python3.10/site-packages/airflow/example_dags/example_sla_dag.py
[2023-08-31T19:14:09.541+0300] {processor.py:839} INFO - DAG(s) dict_keys(['example_sla_dag']) retrieved from /home/miminari/repos/airflow_project/env/lib/python3.10/site-packages/airflow/example_dags/example_sla_dag.py
[2023-08-31T19:14:09.571+0300] {logging_mixin.py:151} INFO - [2023-08-31T19:14:09.570+0300] {dag.py:2907} INFO - Sync 1 DAGs
[2023-08-31T19:14:09.595+0300] {logging_mixin.py:151} INFO - [2023-08-31T19:14:09.595+0300] {dag.py:3677} INFO - Setting next_dagrun for example_sla_dag to 2023-08-31T16:12:00+00:00, run_after=2023-08-31T16:14:00+00:00
[2023-08-31T19:14:09.611+0300] {processor.py:179} INFO - Processing /home/miminari/repos/airflow_project/env/lib/python3.10/site-packages/airflow/example_dags/example_sla_dag.py took 0.081 seconds
[2023-08-31T19:14:39.680+0300] {processor.py:157} INFO - Started process (PID=19093) to work on /home/miminari/repos/airflow_project/env/lib/python3.10/site-packages/airflow/example_dags/example_sla_dag.py
[2023-08-31T19:14:39.680+0300] {processor.py:829} INFO - Processing file /home/miminari/repos/airflow_project/env/lib/python3.10/site-packages/airflow/example_dags/example_sla_dag.py for tasks to queue
[2023-08-31T19:14:39.681+0300] {logging_mixin.py:151} INFO - [2023-08-31T19:14:39.681+0300] {dagbag.py:539} INFO - Filling up the DagBag from /home/miminari/repos/airflow_project/env/lib/python3.10/site-packages/airflow/example_dags/example_sla_dag.py
[2023-08-31T19:14:39.686+0300] {processor.py:839} INFO - DAG(s) dict_keys(['example_sla_dag']) retrieved from /home/miminari/repos/airflow_project/env/lib/python3.10/site-packages/airflow/example_dags/example_sla_dag.py
[2023-08-31T19:14:39.708+0300] {logging_mixin.py:151} INFO - [2023-08-31T19:14:39.708+0300] {dag.py:2907} INFO - Sync 1 DAGs
[2023-08-31T19:14:39.727+0300] {logging_mixin.py:151} INFO - [2023-08-31T19:14:39.727+0300] {dag.py:3677} INFO - Setting next_dagrun for example_sla_dag to 2023-08-31T16:12:00+00:00, run_after=2023-08-31T16:14:00+00:00
[2023-08-31T19:14:39.739+0300] {processor.py:179} INFO - Processing /home/miminari/repos/airflow_project/env/lib/python3.10/site-packages/airflow/example_dags/example_sla_dag.py took 0.061 seconds
[2023-08-31T19:15:09.959+0300] {processor.py:157} INFO - Started process (PID=19294) to work on /home/miminari/repos/airflow_project/env/lib/python3.10/site-packages/airflow/example_dags/example_sla_dag.py
[2023-08-31T19:15:09.959+0300] {processor.py:829} INFO - Processing file /home/miminari/repos/airflow_project/env/lib/python3.10/site-packages/airflow/example_dags/example_sla_dag.py for tasks to queue
[2023-08-31T19:15:09.960+0300] {logging_mixin.py:151} INFO - [2023-08-31T19:15:09.960+0300] {dagbag.py:539} INFO - Filling up the DagBag from /home/miminari/repos/airflow_project/env/lib/python3.10/site-packages/airflow/example_dags/example_sla_dag.py
[2023-08-31T19:15:09.966+0300] {processor.py:839} INFO - DAG(s) dict_keys(['example_sla_dag']) retrieved from /home/miminari/repos/airflow_project/env/lib/python3.10/site-packages/airflow/example_dags/example_sla_dag.py
[2023-08-31T19:15:09.990+0300] {logging_mixin.py:151} INFO - [2023-08-31T19:15:09.989+0300] {dag.py:2907} INFO - Sync 1 DAGs
[2023-08-31T19:15:10.010+0300] {logging_mixin.py:151} INFO - [2023-08-31T19:15:10.010+0300] {dag.py:3677} INFO - Setting next_dagrun for example_sla_dag to 2023-08-31T16:12:00+00:00, run_after=2023-08-31T16:14:00+00:00
[2023-08-31T19:15:10.026+0300] {processor.py:179} INFO - Processing /home/miminari/repos/airflow_project/env/lib/python3.10/site-packages/airflow/example_dags/example_sla_dag.py took 0.070 seconds
[2023-08-31T19:15:40.239+0300] {processor.py:157} INFO - Started process (PID=19392) to work on /home/miminari/repos/airflow_project/env/lib/python3.10/site-packages/airflow/example_dags/example_sla_dag.py
[2023-08-31T19:15:40.240+0300] {processor.py:829} INFO - Processing file /home/miminari/repos/airflow_project/env/lib/python3.10/site-packages/airflow/example_dags/example_sla_dag.py for tasks to queue
[2023-08-31T19:15:40.241+0300] {logging_mixin.py:151} INFO - [2023-08-31T19:15:40.241+0300] {dagbag.py:539} INFO - Filling up the DagBag from /home/miminari/repos/airflow_project/env/lib/python3.10/site-packages/airflow/example_dags/example_sla_dag.py
[2023-08-31T19:15:40.248+0300] {processor.py:839} INFO - DAG(s) dict_keys(['example_sla_dag']) retrieved from /home/miminari/repos/airflow_project/env/lib/python3.10/site-packages/airflow/example_dags/example_sla_dag.py
[2023-08-31T19:15:40.276+0300] {logging_mixin.py:151} INFO - [2023-08-31T19:15:40.276+0300] {dag.py:2907} INFO - Sync 1 DAGs
[2023-08-31T19:15:40.299+0300] {logging_mixin.py:151} INFO - [2023-08-31T19:15:40.299+0300] {dag.py:3677} INFO - Setting next_dagrun for example_sla_dag to 2023-08-31T16:12:00+00:00, run_after=2023-08-31T16:14:00+00:00
[2023-08-31T19:15:40.315+0300] {processor.py:179} INFO - Processing /home/miminari/repos/airflow_project/env/lib/python3.10/site-packages/airflow/example_dags/example_sla_dag.py took 0.078 seconds
[2023-08-31T19:16:10.486+0300] {processor.py:157} INFO - Started process (PID=19547) to work on /home/miminari/repos/airflow_project/env/lib/python3.10/site-packages/airflow/example_dags/example_sla_dag.py
[2023-08-31T19:16:10.487+0300] {processor.py:829} INFO - Processing file /home/miminari/repos/airflow_project/env/lib/python3.10/site-packages/airflow/example_dags/example_sla_dag.py for tasks to queue
[2023-08-31T19:16:10.488+0300] {logging_mixin.py:151} INFO - [2023-08-31T19:16:10.488+0300] {dagbag.py:539} INFO - Filling up the DagBag from /home/miminari/repos/airflow_project/env/lib/python3.10/site-packages/airflow/example_dags/example_sla_dag.py
[2023-08-31T19:16:10.501+0300] {processor.py:839} INFO - DAG(s) dict_keys(['example_sla_dag']) retrieved from /home/miminari/repos/airflow_project/env/lib/python3.10/site-packages/airflow/example_dags/example_sla_dag.py
[2023-08-31T19:16:10.528+0300] {logging_mixin.py:151} INFO - [2023-08-31T19:16:10.528+0300] {dag.py:2907} INFO - Sync 1 DAGs
[2023-08-31T19:16:10.552+0300] {logging_mixin.py:151} INFO - [2023-08-31T19:16:10.552+0300] {dag.py:3677} INFO - Setting next_dagrun for example_sla_dag to 2023-08-31T16:14:00+00:00, run_after=2023-08-31T16:16:00+00:00
[2023-08-31T19:16:10.568+0300] {processor.py:179} INFO - Processing /home/miminari/repos/airflow_project/env/lib/python3.10/site-packages/airflow/example_dags/example_sla_dag.py took 0.084 seconds
[2023-08-31T19:16:40.859+0300] {processor.py:157} INFO - Started process (PID=19647) to work on /home/miminari/repos/airflow_project/env/lib/python3.10/site-packages/airflow/example_dags/example_sla_dag.py
[2023-08-31T19:16:40.859+0300] {processor.py:829} INFO - Processing file /home/miminari/repos/airflow_project/env/lib/python3.10/site-packages/airflow/example_dags/example_sla_dag.py for tasks to queue
[2023-08-31T19:16:40.860+0300] {logging_mixin.py:151} INFO - [2023-08-31T19:16:40.860+0300] {dagbag.py:539} INFO - Filling up the DagBag from /home/miminari/repos/airflow_project/env/lib/python3.10/site-packages/airflow/example_dags/example_sla_dag.py
[2023-08-31T19:16:40.870+0300] {processor.py:839} INFO - DAG(s) dict_keys(['example_sla_dag']) retrieved from /home/miminari/repos/airflow_project/env/lib/python3.10/site-packages/airflow/example_dags/example_sla_dag.py
[2023-08-31T19:16:40.893+0300] {logging_mixin.py:151} INFO - [2023-08-31T19:16:40.893+0300] {dag.py:2907} INFO - Sync 1 DAGs
[2023-08-31T19:16:40.916+0300] {logging_mixin.py:151} INFO - [2023-08-31T19:16:40.916+0300] {dag.py:3677} INFO - Setting next_dagrun for example_sla_dag to 2023-08-31T16:14:00+00:00, run_after=2023-08-31T16:16:00+00:00
[2023-08-31T19:16:40.935+0300] {processor.py:179} INFO - Processing /home/miminari/repos/airflow_project/env/lib/python3.10/site-packages/airflow/example_dags/example_sla_dag.py took 0.079 seconds
[2023-08-31T19:17:11.102+0300] {processor.py:157} INFO - Started process (PID=19796) to work on /home/miminari/repos/airflow_project/env/lib/python3.10/site-packages/airflow/example_dags/example_sla_dag.py
[2023-08-31T19:17:11.102+0300] {processor.py:829} INFO - Processing file /home/miminari/repos/airflow_project/env/lib/python3.10/site-packages/airflow/example_dags/example_sla_dag.py for tasks to queue
[2023-08-31T19:17:11.103+0300] {logging_mixin.py:151} INFO - [2023-08-31T19:17:11.102+0300] {dagbag.py:539} INFO - Filling up the DagBag from /home/miminari/repos/airflow_project/env/lib/python3.10/site-packages/airflow/example_dags/example_sla_dag.py
[2023-08-31T19:17:11.109+0300] {processor.py:839} INFO - DAG(s) dict_keys(['example_sla_dag']) retrieved from /home/miminari/repos/airflow_project/env/lib/python3.10/site-packages/airflow/example_dags/example_sla_dag.py
[2023-08-31T19:17:11.133+0300] {logging_mixin.py:151} INFO - [2023-08-31T19:17:11.133+0300] {dag.py:2907} INFO - Sync 1 DAGs
[2023-08-31T19:17:11.154+0300] {logging_mixin.py:151} INFO - [2023-08-31T19:17:11.154+0300] {dag.py:3677} INFO - Setting next_dagrun for example_sla_dag to 2023-08-31T16:14:00+00:00, run_after=2023-08-31T16:16:00+00:00
[2023-08-31T19:17:11.168+0300] {processor.py:179} INFO - Processing /home/miminari/repos/airflow_project/env/lib/python3.10/site-packages/airflow/example_dags/example_sla_dag.py took 0.069 seconds
