[2023-08-31T19:12:08.791+0300] {processor.py:157} INFO - Started process (PID=18613) to work on /home/miminari/repos/airflow_project/env/lib/python3.10/site-packages/airflow/example_dags/example_dag_decorator.py
[2023-08-31T19:12:08.792+0300] {processor.py:829} INFO - Processing file /home/miminari/repos/airflow_project/env/lib/python3.10/site-packages/airflow/example_dags/example_dag_decorator.py for tasks to queue
[2023-08-31T19:12:08.793+0300] {logging_mixin.py:151} INFO - [2023-08-31T19:12:08.792+0300] {dagbag.py:539} INFO - Filling up the DagBag from /home/miminari/repos/airflow_project/env/lib/python3.10/site-packages/airflow/example_dags/example_dag_decorator.py
[2023-08-31T19:12:08.876+0300] {processor.py:839} INFO - DAG(s) dict_keys(['example_dag_decorator']) retrieved from /home/miminari/repos/airflow_project/env/lib/python3.10/site-packages/airflow/example_dags/example_dag_decorator.py
[2023-08-31T19:12:08.961+0300] {logging_mixin.py:151} INFO - [2023-08-31T19:12:08.961+0300] {manager.py:501} INFO - Created Permission View: can read on DAG:example_dag_decorator
[2023-08-31T19:12:08.968+0300] {logging_mixin.py:151} INFO - [2023-08-31T19:12:08.968+0300] {manager.py:501} INFO - Created Permission View: can delete on DAG:example_dag_decorator
[2023-08-31T19:12:08.973+0300] {logging_mixin.py:151} INFO - [2023-08-31T19:12:08.973+0300] {manager.py:501} INFO - Created Permission View: can edit on DAG:example_dag_decorator
[2023-08-31T19:12:08.983+0300] {logging_mixin.py:151} INFO - [2023-08-31T19:12:08.982+0300] {dag.py:2907} INFO - Sync 1 DAGs
[2023-08-31T19:12:08.991+0300] {logging_mixin.py:151} INFO - [2023-08-31T19:12:08.991+0300] {dag.py:2929} INFO - Creating ORM DAG for example_dag_decorator
[2023-08-31T19:12:08.991+0300] {logging_mixin.py:151} INFO - [2023-08-31T19:12:08.991+0300] {dag.py:3677} INFO - Setting next_dagrun for example_dag_decorator to None, run_after=None
[2023-08-31T19:12:09.003+0300] {processor.py:179} INFO - Processing /home/miminari/repos/airflow_project/env/lib/python3.10/site-packages/airflow/example_dags/example_dag_decorator.py took 0.214 seconds
[2023-08-31T19:12:39.720+0300] {processor.py:157} INFO - Started process (PID=18722) to work on /home/miminari/repos/airflow_project/env/lib/python3.10/site-packages/airflow/example_dags/example_dag_decorator.py
[2023-08-31T19:12:39.721+0300] {processor.py:829} INFO - Processing file /home/miminari/repos/airflow_project/env/lib/python3.10/site-packages/airflow/example_dags/example_dag_decorator.py for tasks to queue
[2023-08-31T19:12:39.721+0300] {logging_mixin.py:151} INFO - [2023-08-31T19:12:39.721+0300] {dagbag.py:539} INFO - Filling up the DagBag from /home/miminari/repos/airflow_project/env/lib/python3.10/site-packages/airflow/example_dags/example_dag_decorator.py
[2023-08-31T19:12:39.790+0300] {processor.py:839} INFO - DAG(s) dict_keys(['example_dag_decorator']) retrieved from /home/miminari/repos/airflow_project/env/lib/python3.10/site-packages/airflow/example_dags/example_dag_decorator.py
[2023-08-31T19:12:39.908+0300] {logging_mixin.py:151} INFO - [2023-08-31T19:12:39.908+0300] {dag.py:2907} INFO - Sync 1 DAGs
[2023-08-31T19:12:39.920+0300] {logging_mixin.py:151} INFO - [2023-08-31T19:12:39.920+0300] {dag.py:3677} INFO - Setting next_dagrun for example_dag_decorator to None, run_after=None
[2023-08-31T19:12:39.941+0300] {processor.py:179} INFO - Processing /home/miminari/repos/airflow_project/env/lib/python3.10/site-packages/airflow/example_dags/example_dag_decorator.py took 0.224 seconds
[2023-08-31T19:13:09.958+0300] {processor.py:157} INFO - Started process (PID=18824) to work on /home/miminari/repos/airflow_project/env/lib/python3.10/site-packages/airflow/example_dags/example_dag_decorator.py
[2023-08-31T19:13:09.958+0300] {processor.py:829} INFO - Processing file /home/miminari/repos/airflow_project/env/lib/python3.10/site-packages/airflow/example_dags/example_dag_decorator.py for tasks to queue
[2023-08-31T19:13:09.959+0300] {logging_mixin.py:151} INFO - [2023-08-31T19:13:09.959+0300] {dagbag.py:539} INFO - Filling up the DagBag from /home/miminari/repos/airflow_project/env/lib/python3.10/site-packages/airflow/example_dags/example_dag_decorator.py
[2023-08-31T19:13:10.024+0300] {processor.py:839} INFO - DAG(s) dict_keys(['example_dag_decorator']) retrieved from /home/miminari/repos/airflow_project/env/lib/python3.10/site-packages/airflow/example_dags/example_dag_decorator.py
[2023-08-31T19:13:10.126+0300] {logging_mixin.py:151} INFO - [2023-08-31T19:13:10.126+0300] {dag.py:2907} INFO - Sync 1 DAGs
[2023-08-31T19:13:10.136+0300] {logging_mixin.py:151} INFO - [2023-08-31T19:13:10.136+0300] {dag.py:3677} INFO - Setting next_dagrun for example_dag_decorator to None, run_after=None
[2023-08-31T19:13:10.152+0300] {processor.py:179} INFO - Processing /home/miminari/repos/airflow_project/env/lib/python3.10/site-packages/airflow/example_dags/example_dag_decorator.py took 0.196 seconds
[2023-08-31T19:13:40.199+0300] {processor.py:157} INFO - Started process (PID=18934) to work on /home/miminari/repos/airflow_project/env/lib/python3.10/site-packages/airflow/example_dags/example_dag_decorator.py
[2023-08-31T19:13:40.200+0300] {processor.py:829} INFO - Processing file /home/miminari/repos/airflow_project/env/lib/python3.10/site-packages/airflow/example_dags/example_dag_decorator.py for tasks to queue
[2023-08-31T19:13:40.200+0300] {logging_mixin.py:151} INFO - [2023-08-31T19:13:40.200+0300] {dagbag.py:539} INFO - Filling up the DagBag from /home/miminari/repos/airflow_project/env/lib/python3.10/site-packages/airflow/example_dags/example_dag_decorator.py
[2023-08-31T19:13:40.269+0300] {processor.py:839} INFO - DAG(s) dict_keys(['example_dag_decorator']) retrieved from /home/miminari/repos/airflow_project/env/lib/python3.10/site-packages/airflow/example_dags/example_dag_decorator.py
[2023-08-31T19:13:40.374+0300] {logging_mixin.py:151} INFO - [2023-08-31T19:13:40.374+0300] {dag.py:2907} INFO - Sync 1 DAGs
[2023-08-31T19:13:40.384+0300] {logging_mixin.py:151} INFO - [2023-08-31T19:13:40.383+0300] {dag.py:3677} INFO - Setting next_dagrun for example_dag_decorator to None, run_after=None
[2023-08-31T19:13:40.401+0300] {processor.py:179} INFO - Processing /home/miminari/repos/airflow_project/env/lib/python3.10/site-packages/airflow/example_dags/example_dag_decorator.py took 0.205 seconds
[2023-08-31T19:14:10.446+0300] {processor.py:157} INFO - Started process (PID=19036) to work on /home/miminari/repos/airflow_project/env/lib/python3.10/site-packages/airflow/example_dags/example_dag_decorator.py
[2023-08-31T19:14:10.446+0300] {processor.py:829} INFO - Processing file /home/miminari/repos/airflow_project/env/lib/python3.10/site-packages/airflow/example_dags/example_dag_decorator.py for tasks to queue
[2023-08-31T19:14:10.447+0300] {logging_mixin.py:151} INFO - [2023-08-31T19:14:10.447+0300] {dagbag.py:539} INFO - Filling up the DagBag from /home/miminari/repos/airflow_project/env/lib/python3.10/site-packages/airflow/example_dags/example_dag_decorator.py
[2023-08-31T19:14:10.515+0300] {processor.py:839} INFO - DAG(s) dict_keys(['example_dag_decorator']) retrieved from /home/miminari/repos/airflow_project/env/lib/python3.10/site-packages/airflow/example_dags/example_dag_decorator.py
[2023-08-31T19:14:10.621+0300] {logging_mixin.py:151} INFO - [2023-08-31T19:14:10.621+0300] {dag.py:2907} INFO - Sync 1 DAGs
[2023-08-31T19:14:10.631+0300] {logging_mixin.py:151} INFO - [2023-08-31T19:14:10.631+0300] {dag.py:3677} INFO - Setting next_dagrun for example_dag_decorator to None, run_after=None
[2023-08-31T19:14:10.645+0300] {processor.py:179} INFO - Processing /home/miminari/repos/airflow_project/env/lib/python3.10/site-packages/airflow/example_dags/example_dag_decorator.py took 0.202 seconds
[2023-08-31T19:14:40.693+0300] {processor.py:157} INFO - Started process (PID=19135) to work on /home/miminari/repos/airflow_project/env/lib/python3.10/site-packages/airflow/example_dags/example_dag_decorator.py
[2023-08-31T19:14:40.694+0300] {processor.py:829} INFO - Processing file /home/miminari/repos/airflow_project/env/lib/python3.10/site-packages/airflow/example_dags/example_dag_decorator.py for tasks to queue
[2023-08-31T19:14:40.694+0300] {logging_mixin.py:151} INFO - [2023-08-31T19:14:40.694+0300] {dagbag.py:539} INFO - Filling up the DagBag from /home/miminari/repos/airflow_project/env/lib/python3.10/site-packages/airflow/example_dags/example_dag_decorator.py
[2023-08-31T19:14:40.760+0300] {processor.py:839} INFO - DAG(s) dict_keys(['example_dag_decorator']) retrieved from /home/miminari/repos/airflow_project/env/lib/python3.10/site-packages/airflow/example_dags/example_dag_decorator.py
[2023-08-31T19:14:40.861+0300] {logging_mixin.py:151} INFO - [2023-08-31T19:14:40.860+0300] {dag.py:2907} INFO - Sync 1 DAGs
[2023-08-31T19:14:40.876+0300] {logging_mixin.py:151} INFO - [2023-08-31T19:14:40.876+0300] {dag.py:3677} INFO - Setting next_dagrun for example_dag_decorator to None, run_after=None
[2023-08-31T19:14:40.891+0300] {processor.py:179} INFO - Processing /home/miminari/repos/airflow_project/env/lib/python3.10/site-packages/airflow/example_dags/example_dag_decorator.py took 0.201 seconds
[2023-08-31T19:15:10.985+0300] {processor.py:157} INFO - Started process (PID=19338) to work on /home/miminari/repos/airflow_project/env/lib/python3.10/site-packages/airflow/example_dags/example_dag_decorator.py
[2023-08-31T19:15:10.986+0300] {processor.py:829} INFO - Processing file /home/miminari/repos/airflow_project/env/lib/python3.10/site-packages/airflow/example_dags/example_dag_decorator.py for tasks to queue
[2023-08-31T19:15:10.987+0300] {logging_mixin.py:151} INFO - [2023-08-31T19:15:10.986+0300] {dagbag.py:539} INFO - Filling up the DagBag from /home/miminari/repos/airflow_project/env/lib/python3.10/site-packages/airflow/example_dags/example_dag_decorator.py
[2023-08-31T19:15:11.054+0300] {processor.py:839} INFO - DAG(s) dict_keys(['example_dag_decorator']) retrieved from /home/miminari/repos/airflow_project/env/lib/python3.10/site-packages/airflow/example_dags/example_dag_decorator.py
[2023-08-31T19:15:11.159+0300] {logging_mixin.py:151} INFO - [2023-08-31T19:15:11.159+0300] {dag.py:2907} INFO - Sync 1 DAGs
[2023-08-31T19:15:11.170+0300] {logging_mixin.py:151} INFO - [2023-08-31T19:15:11.170+0300] {dag.py:3677} INFO - Setting next_dagrun for example_dag_decorator to None, run_after=None
[2023-08-31T19:15:11.189+0300] {processor.py:179} INFO - Processing /home/miminari/repos/airflow_project/env/lib/python3.10/site-packages/airflow/example_dags/example_dag_decorator.py took 0.206 seconds
[2023-08-31T19:15:41.257+0300] {processor.py:157} INFO - Started process (PID=19438) to work on /home/miminari/repos/airflow_project/env/lib/python3.10/site-packages/airflow/example_dags/example_dag_decorator.py
[2023-08-31T19:15:41.258+0300] {processor.py:829} INFO - Processing file /home/miminari/repos/airflow_project/env/lib/python3.10/site-packages/airflow/example_dags/example_dag_decorator.py for tasks to queue
[2023-08-31T19:15:41.258+0300] {logging_mixin.py:151} INFO - [2023-08-31T19:15:41.258+0300] {dagbag.py:539} INFO - Filling up the DagBag from /home/miminari/repos/airflow_project/env/lib/python3.10/site-packages/airflow/example_dags/example_dag_decorator.py
[2023-08-31T19:15:41.324+0300] {processor.py:839} INFO - DAG(s) dict_keys(['example_dag_decorator']) retrieved from /home/miminari/repos/airflow_project/env/lib/python3.10/site-packages/airflow/example_dags/example_dag_decorator.py
[2023-08-31T19:15:41.424+0300] {logging_mixin.py:151} INFO - [2023-08-31T19:15:41.424+0300] {dag.py:2907} INFO - Sync 1 DAGs
[2023-08-31T19:15:41.434+0300] {logging_mixin.py:151} INFO - [2023-08-31T19:15:41.433+0300] {dag.py:3677} INFO - Setting next_dagrun for example_dag_decorator to None, run_after=None
[2023-08-31T19:15:41.449+0300] {processor.py:179} INFO - Processing /home/miminari/repos/airflow_project/env/lib/python3.10/site-packages/airflow/example_dags/example_dag_decorator.py took 0.194 seconds
[2023-08-31T19:16:11.720+0300] {processor.py:157} INFO - Started process (PID=19595) to work on /home/miminari/repos/airflow_project/env/lib/python3.10/site-packages/airflow/example_dags/example_dag_decorator.py
[2023-08-31T19:16:11.721+0300] {processor.py:829} INFO - Processing file /home/miminari/repos/airflow_project/env/lib/python3.10/site-packages/airflow/example_dags/example_dag_decorator.py for tasks to queue
[2023-08-31T19:16:11.722+0300] {logging_mixin.py:151} INFO - [2023-08-31T19:16:11.721+0300] {dagbag.py:539} INFO - Filling up the DagBag from /home/miminari/repos/airflow_project/env/lib/python3.10/site-packages/airflow/example_dags/example_dag_decorator.py
[2023-08-31T19:16:11.829+0300] {processor.py:839} INFO - DAG(s) dict_keys(['example_dag_decorator']) retrieved from /home/miminari/repos/airflow_project/env/lib/python3.10/site-packages/airflow/example_dags/example_dag_decorator.py
[2023-08-31T19:16:11.989+0300] {logging_mixin.py:151} INFO - [2023-08-31T19:16:11.989+0300] {dag.py:2907} INFO - Sync 1 DAGs
[2023-08-31T19:16:12.000+0300] {logging_mixin.py:151} INFO - [2023-08-31T19:16:12.000+0300] {dag.py:3677} INFO - Setting next_dagrun for example_dag_decorator to None, run_after=None
[2023-08-31T19:16:12.020+0300] {processor.py:179} INFO - Processing /home/miminari/repos/airflow_project/env/lib/python3.10/site-packages/airflow/example_dags/example_dag_decorator.py took 0.303 seconds
[2023-08-31T19:16:42.102+0300] {processor.py:157} INFO - Started process (PID=19700) to work on /home/miminari/repos/airflow_project/env/lib/python3.10/site-packages/airflow/example_dags/example_dag_decorator.py
[2023-08-31T19:16:42.102+0300] {processor.py:829} INFO - Processing file /home/miminari/repos/airflow_project/env/lib/python3.10/site-packages/airflow/example_dags/example_dag_decorator.py for tasks to queue
[2023-08-31T19:16:42.103+0300] {logging_mixin.py:151} INFO - [2023-08-31T19:16:42.103+0300] {dagbag.py:539} INFO - Filling up the DagBag from /home/miminari/repos/airflow_project/env/lib/python3.10/site-packages/airflow/example_dags/example_dag_decorator.py
[2023-08-31T19:16:42.169+0300] {processor.py:839} INFO - DAG(s) dict_keys(['example_dag_decorator']) retrieved from /home/miminari/repos/airflow_project/env/lib/python3.10/site-packages/airflow/example_dags/example_dag_decorator.py
[2023-08-31T19:16:42.270+0300] {logging_mixin.py:151} INFO - [2023-08-31T19:16:42.269+0300] {dag.py:2907} INFO - Sync 1 DAGs
[2023-08-31T19:16:42.280+0300] {logging_mixin.py:151} INFO - [2023-08-31T19:16:42.280+0300] {dag.py:3677} INFO - Setting next_dagrun for example_dag_decorator to None, run_after=None
[2023-08-31T19:16:42.296+0300] {processor.py:179} INFO - Processing /home/miminari/repos/airflow_project/env/lib/python3.10/site-packages/airflow/example_dags/example_dag_decorator.py took 0.197 seconds
[2023-08-31T19:17:12.399+0300] {processor.py:157} INFO - Started process (PID=19870) to work on /home/miminari/repos/airflow_project/env/lib/python3.10/site-packages/airflow/example_dags/example_dag_decorator.py
[2023-08-31T19:17:12.399+0300] {processor.py:829} INFO - Processing file /home/miminari/repos/airflow_project/env/lib/python3.10/site-packages/airflow/example_dags/example_dag_decorator.py for tasks to queue
[2023-08-31T19:17:12.400+0300] {logging_mixin.py:151} INFO - [2023-08-31T19:17:12.400+0300] {dagbag.py:539} INFO - Filling up the DagBag from /home/miminari/repos/airflow_project/env/lib/python3.10/site-packages/airflow/example_dags/example_dag_decorator.py
[2023-08-31T19:17:12.465+0300] {processor.py:839} INFO - DAG(s) dict_keys(['example_dag_decorator']) retrieved from /home/miminari/repos/airflow_project/env/lib/python3.10/site-packages/airflow/example_dags/example_dag_decorator.py
[2023-08-31T19:17:12.563+0300] {logging_mixin.py:151} INFO - [2023-08-31T19:17:12.562+0300] {dag.py:2907} INFO - Sync 1 DAGs
[2023-08-31T19:17:12.584+0300] {logging_mixin.py:151} INFO - [2023-08-31T19:17:12.584+0300] {dag.py:3677} INFO - Setting next_dagrun for example_dag_decorator to None, run_after=None
[2023-08-31T19:17:12.601+0300] {processor.py:179} INFO - Processing /home/miminari/repos/airflow_project/env/lib/python3.10/site-packages/airflow/example_dags/example_dag_decorator.py took 0.205 seconds
[2023-08-31T19:17:43.577+0300] {processor.py:157} INFO - Started process (PID=19967) to work on /home/miminari/repos/airflow_project/env/lib/python3.10/site-packages/airflow/example_dags/example_dag_decorator.py
[2023-08-31T19:17:43.578+0300] {processor.py:829} INFO - Processing file /home/miminari/repos/airflow_project/env/lib/python3.10/site-packages/airflow/example_dags/example_dag_decorator.py for tasks to queue
[2023-08-31T19:17:43.579+0300] {logging_mixin.py:151} INFO - [2023-08-31T19:17:43.578+0300] {dagbag.py:539} INFO - Filling up the DagBag from /home/miminari/repos/airflow_project/env/lib/python3.10/site-packages/airflow/example_dags/example_dag_decorator.py
[2023-08-31T19:17:43.653+0300] {processor.py:839} INFO - DAG(s) dict_keys(['example_dag_decorator']) retrieved from /home/miminari/repos/airflow_project/env/lib/python3.10/site-packages/airflow/example_dags/example_dag_decorator.py
[2023-08-31T19:17:43.765+0300] {logging_mixin.py:151} INFO - [2023-08-31T19:17:43.765+0300] {dag.py:2907} INFO - Sync 1 DAGs
[2023-08-31T19:17:43.775+0300] {logging_mixin.py:151} INFO - [2023-08-31T19:17:43.774+0300] {dag.py:3677} INFO - Setting next_dagrun for example_dag_decorator to None, run_after=None
[2023-08-31T19:17:43.791+0300] {processor.py:179} INFO - Processing /home/miminari/repos/airflow_project/env/lib/python3.10/site-packages/airflow/example_dags/example_dag_decorator.py took 0.216 seconds
[2023-08-31T19:18:14.787+0300] {processor.py:157} INFO - Started process (PID=20119) to work on /home/miminari/repos/airflow_project/env/lib/python3.10/site-packages/airflow/example_dags/example_dag_decorator.py
[2023-08-31T19:18:14.788+0300] {processor.py:829} INFO - Processing file /home/miminari/repos/airflow_project/env/lib/python3.10/site-packages/airflow/example_dags/example_dag_decorator.py for tasks to queue
[2023-08-31T19:18:14.789+0300] {logging_mixin.py:151} INFO - [2023-08-31T19:18:14.788+0300] {dagbag.py:539} INFO - Filling up the DagBag from /home/miminari/repos/airflow_project/env/lib/python3.10/site-packages/airflow/example_dags/example_dag_decorator.py
[2023-08-31T19:18:14.854+0300] {processor.py:839} INFO - DAG(s) dict_keys(['example_dag_decorator']) retrieved from /home/miminari/repos/airflow_project/env/lib/python3.10/site-packages/airflow/example_dags/example_dag_decorator.py
[2023-08-31T19:18:14.961+0300] {logging_mixin.py:151} INFO - [2023-08-31T19:18:14.961+0300] {dag.py:2907} INFO - Sync 1 DAGs
[2023-08-31T19:18:14.971+0300] {logging_mixin.py:151} INFO - [2023-08-31T19:18:14.971+0300] {dag.py:3677} INFO - Setting next_dagrun for example_dag_decorator to None, run_after=None
[2023-08-31T19:18:14.988+0300] {processor.py:179} INFO - Processing /home/miminari/repos/airflow_project/env/lib/python3.10/site-packages/airflow/example_dags/example_dag_decorator.py took 0.203 seconds
[2023-08-31T19:18:45.030+0300] {processor.py:157} INFO - Started process (PID=20214) to work on /home/miminari/repos/airflow_project/env/lib/python3.10/site-packages/airflow/example_dags/example_dag_decorator.py
[2023-08-31T19:18:45.031+0300] {processor.py:829} INFO - Processing file /home/miminari/repos/airflow_project/env/lib/python3.10/site-packages/airflow/example_dags/example_dag_decorator.py for tasks to queue
[2023-08-31T19:18:45.032+0300] {logging_mixin.py:151} INFO - [2023-08-31T19:18:45.032+0300] {dagbag.py:539} INFO - Filling up the DagBag from /home/miminari/repos/airflow_project/env/lib/python3.10/site-packages/airflow/example_dags/example_dag_decorator.py
[2023-08-31T19:18:45.102+0300] {processor.py:839} INFO - DAG(s) dict_keys(['example_dag_decorator']) retrieved from /home/miminari/repos/airflow_project/env/lib/python3.10/site-packages/airflow/example_dags/example_dag_decorator.py
[2023-08-31T19:18:45.200+0300] {logging_mixin.py:151} INFO - [2023-08-31T19:18:45.200+0300] {dag.py:2907} INFO - Sync 1 DAGs
[2023-08-31T19:18:45.209+0300] {logging_mixin.py:151} INFO - [2023-08-31T19:18:45.209+0300] {dag.py:3677} INFO - Setting next_dagrun for example_dag_decorator to None, run_after=None
[2023-08-31T19:18:45.227+0300] {processor.py:179} INFO - Processing /home/miminari/repos/airflow_project/env/lib/python3.10/site-packages/airflow/example_dags/example_dag_decorator.py took 0.199 seconds
[2023-08-31T19:19:15.512+0300] {processor.py:157} INFO - Started process (PID=20319) to work on /home/miminari/repos/airflow_project/env/lib/python3.10/site-packages/airflow/example_dags/example_dag_decorator.py
[2023-08-31T19:19:15.513+0300] {processor.py:829} INFO - Processing file /home/miminari/repos/airflow_project/env/lib/python3.10/site-packages/airflow/example_dags/example_dag_decorator.py for tasks to queue
[2023-08-31T19:19:15.513+0300] {logging_mixin.py:151} INFO - [2023-08-31T19:19:15.513+0300] {dagbag.py:539} INFO - Filling up the DagBag from /home/miminari/repos/airflow_project/env/lib/python3.10/site-packages/airflow/example_dags/example_dag_decorator.py
[2023-08-31T19:19:15.592+0300] {processor.py:839} INFO - DAG(s) dict_keys(['example_dag_decorator']) retrieved from /home/miminari/repos/airflow_project/env/lib/python3.10/site-packages/airflow/example_dags/example_dag_decorator.py
[2023-08-31T19:19:15.716+0300] {logging_mixin.py:151} INFO - [2023-08-31T19:19:15.715+0300] {dag.py:2907} INFO - Sync 1 DAGs
[2023-08-31T19:19:15.726+0300] {logging_mixin.py:151} INFO - [2023-08-31T19:19:15.725+0300] {dag.py:3677} INFO - Setting next_dagrun for example_dag_decorator to None, run_after=None
[2023-08-31T19:19:15.739+0300] {processor.py:179} INFO - Processing /home/miminari/repos/airflow_project/env/lib/python3.10/site-packages/airflow/example_dags/example_dag_decorator.py took 0.230 seconds
[2023-08-31T19:19:45.822+0300] {processor.py:157} INFO - Started process (PID=20418) to work on /home/miminari/repos/airflow_project/env/lib/python3.10/site-packages/airflow/example_dags/example_dag_decorator.py
[2023-08-31T19:19:45.823+0300] {processor.py:829} INFO - Processing file /home/miminari/repos/airflow_project/env/lib/python3.10/site-packages/airflow/example_dags/example_dag_decorator.py for tasks to queue
[2023-08-31T19:19:45.823+0300] {logging_mixin.py:151} INFO - [2023-08-31T19:19:45.823+0300] {dagbag.py:539} INFO - Filling up the DagBag from /home/miminari/repos/airflow_project/env/lib/python3.10/site-packages/airflow/example_dags/example_dag_decorator.py
[2023-08-31T19:19:45.981+0300] {processor.py:839} INFO - DAG(s) dict_keys(['example_dag_decorator']) retrieved from /home/miminari/repos/airflow_project/env/lib/python3.10/site-packages/airflow/example_dags/example_dag_decorator.py
[2023-08-31T19:19:46.156+0300] {logging_mixin.py:151} INFO - [2023-08-31T19:19:46.156+0300] {dag.py:2907} INFO - Sync 1 DAGs
[2023-08-31T19:19:46.171+0300] {logging_mixin.py:151} INFO - [2023-08-31T19:19:46.170+0300] {dag.py:3677} INFO - Setting next_dagrun for example_dag_decorator to None, run_after=None
[2023-08-31T19:19:46.201+0300] {processor.py:179} INFO - Processing /home/miminari/repos/airflow_project/env/lib/python3.10/site-packages/airflow/example_dags/example_dag_decorator.py took 0.382 seconds
