[2023-08-31T19:12:10.255+0300] {processor.py:157} INFO - Started process (PID=18661) to work on /home/miminari/repos/airflow_project/env/lib/python3.10/site-packages/airflow/example_dags/example_branch_operator.py
[2023-08-31T19:12:10.255+0300] {processor.py:829} INFO - Processing file /home/miminari/repos/airflow_project/env/lib/python3.10/site-packages/airflow/example_dags/example_branch_operator.py for tasks to queue
[2023-08-31T19:12:10.256+0300] {logging_mixin.py:151} INFO - [2023-08-31T19:12:10.256+0300] {dagbag.py:539} INFO - Filling up the DagBag from /home/miminari/repos/airflow_project/env/lib/python3.10/site-packages/airflow/example_dags/example_branch_operator.py
[2023-08-31T19:12:10.263+0300] {processor.py:839} INFO - DAG(s) dict_keys(['example_branch_operator']) retrieved from /home/miminari/repos/airflow_project/env/lib/python3.10/site-packages/airflow/example_dags/example_branch_operator.py
[2023-08-31T19:12:10.350+0300] {logging_mixin.py:151} INFO - [2023-08-31T19:12:10.350+0300] {manager.py:501} INFO - Created Permission View: can read on DAG:example_branch_operator
[2023-08-31T19:12:10.357+0300] {logging_mixin.py:151} INFO - [2023-08-31T19:12:10.357+0300] {manager.py:501} INFO - Created Permission View: can delete on DAG:example_branch_operator
[2023-08-31T19:12:10.362+0300] {logging_mixin.py:151} INFO - [2023-08-31T19:12:10.361+0300] {manager.py:501} INFO - Created Permission View: can edit on DAG:example_branch_operator
[2023-08-31T19:12:10.371+0300] {logging_mixin.py:151} INFO - [2023-08-31T19:12:10.371+0300] {dag.py:2907} INFO - Sync 1 DAGs
[2023-08-31T19:12:10.381+0300] {logging_mixin.py:151} INFO - [2023-08-31T19:12:10.381+0300] {dag.py:2929} INFO - Creating ORM DAG for example_branch_operator
[2023-08-31T19:12:10.390+0300] {logging_mixin.py:151} INFO - [2023-08-31T19:12:10.390+0300] {dag.py:3677} INFO - Setting next_dagrun for example_branch_operator to 2023-08-30T00:00:00+00:00, run_after=2023-08-31T00:00:00+00:00
[2023-08-31T19:12:10.403+0300] {processor.py:179} INFO - Processing /home/miminari/repos/airflow_project/env/lib/python3.10/site-packages/airflow/example_dags/example_branch_operator.py took 0.151 seconds
[2023-08-31T19:12:40.565+0300] {processor.py:157} INFO - Started process (PID=18756) to work on /home/miminari/repos/airflow_project/env/lib/python3.10/site-packages/airflow/example_dags/example_branch_operator.py
[2023-08-31T19:12:40.566+0300] {processor.py:829} INFO - Processing file /home/miminari/repos/airflow_project/env/lib/python3.10/site-packages/airflow/example_dags/example_branch_operator.py for tasks to queue
[2023-08-31T19:12:40.566+0300] {logging_mixin.py:151} INFO - [2023-08-31T19:12:40.566+0300] {dagbag.py:539} INFO - Filling up the DagBag from /home/miminari/repos/airflow_project/env/lib/python3.10/site-packages/airflow/example_dags/example_branch_operator.py
[2023-08-31T19:12:40.574+0300] {processor.py:839} INFO - DAG(s) dict_keys(['example_branch_operator']) retrieved from /home/miminari/repos/airflow_project/env/lib/python3.10/site-packages/airflow/example_dags/example_branch_operator.py
[2023-08-31T19:12:40.600+0300] {logging_mixin.py:151} INFO - [2023-08-31T19:12:40.600+0300] {dag.py:2907} INFO - Sync 1 DAGs
[2023-08-31T19:12:40.620+0300] {logging_mixin.py:151} INFO - [2023-08-31T19:12:40.620+0300] {dag.py:3677} INFO - Setting next_dagrun for example_branch_operator to 2023-08-30T00:00:00+00:00, run_after=2023-08-31T00:00:00+00:00
[2023-08-31T19:12:40.636+0300] {processor.py:179} INFO - Processing /home/miminari/repos/airflow_project/env/lib/python3.10/site-packages/airflow/example_dags/example_branch_operator.py took 0.073 seconds
[2023-08-31T19:13:10.684+0300] {processor.py:157} INFO - Started process (PID=18856) to work on /home/miminari/repos/airflow_project/env/lib/python3.10/site-packages/airflow/example_dags/example_branch_operator.py
[2023-08-31T19:13:10.684+0300] {processor.py:829} INFO - Processing file /home/miminari/repos/airflow_project/env/lib/python3.10/site-packages/airflow/example_dags/example_branch_operator.py for tasks to queue
[2023-08-31T19:13:10.685+0300] {logging_mixin.py:151} INFO - [2023-08-31T19:13:10.685+0300] {dagbag.py:539} INFO - Filling up the DagBag from /home/miminari/repos/airflow_project/env/lib/python3.10/site-packages/airflow/example_dags/example_branch_operator.py
[2023-08-31T19:13:10.692+0300] {processor.py:839} INFO - DAG(s) dict_keys(['example_branch_operator']) retrieved from /home/miminari/repos/airflow_project/env/lib/python3.10/site-packages/airflow/example_dags/example_branch_operator.py
[2023-08-31T19:13:10.717+0300] {logging_mixin.py:151} INFO - [2023-08-31T19:13:10.717+0300] {dag.py:2907} INFO - Sync 1 DAGs
[2023-08-31T19:13:10.736+0300] {logging_mixin.py:151} INFO - [2023-08-31T19:13:10.735+0300] {dag.py:3677} INFO - Setting next_dagrun for example_branch_operator to 2023-08-30T00:00:00+00:00, run_after=2023-08-31T00:00:00+00:00
[2023-08-31T19:13:10.750+0300] {processor.py:179} INFO - Processing /home/miminari/repos/airflow_project/env/lib/python3.10/site-packages/airflow/example_dags/example_branch_operator.py took 0.068 seconds
[2023-08-31T19:13:40.916+0300] {processor.py:157} INFO - Started process (PID=18964) to work on /home/miminari/repos/airflow_project/env/lib/python3.10/site-packages/airflow/example_dags/example_branch_operator.py
[2023-08-31T19:13:40.916+0300] {processor.py:829} INFO - Processing file /home/miminari/repos/airflow_project/env/lib/python3.10/site-packages/airflow/example_dags/example_branch_operator.py for tasks to queue
[2023-08-31T19:13:40.917+0300] {logging_mixin.py:151} INFO - [2023-08-31T19:13:40.917+0300] {dagbag.py:539} INFO - Filling up the DagBag from /home/miminari/repos/airflow_project/env/lib/python3.10/site-packages/airflow/example_dags/example_branch_operator.py
[2023-08-31T19:13:40.925+0300] {processor.py:839} INFO - DAG(s) dict_keys(['example_branch_operator']) retrieved from /home/miminari/repos/airflow_project/env/lib/python3.10/site-packages/airflow/example_dags/example_branch_operator.py
[2023-08-31T19:13:40.951+0300] {logging_mixin.py:151} INFO - [2023-08-31T19:13:40.951+0300] {dag.py:2907} INFO - Sync 1 DAGs
[2023-08-31T19:13:40.973+0300] {logging_mixin.py:151} INFO - [2023-08-31T19:13:40.973+0300] {dag.py:3677} INFO - Setting next_dagrun for example_branch_operator to 2023-08-30T00:00:00+00:00, run_after=2023-08-31T00:00:00+00:00
[2023-08-31T19:13:40.987+0300] {processor.py:179} INFO - Processing /home/miminari/repos/airflow_project/env/lib/python3.10/site-packages/airflow/example_dags/example_branch_operator.py took 0.074 seconds
[2023-08-31T19:14:11.060+0300] {processor.py:157} INFO - Started process (PID=19062) to work on /home/miminari/repos/airflow_project/env/lib/python3.10/site-packages/airflow/example_dags/example_branch_operator.py
[2023-08-31T19:14:11.060+0300] {processor.py:829} INFO - Processing file /home/miminari/repos/airflow_project/env/lib/python3.10/site-packages/airflow/example_dags/example_branch_operator.py for tasks to queue
[2023-08-31T19:14:11.061+0300] {logging_mixin.py:151} INFO - [2023-08-31T19:14:11.061+0300] {dagbag.py:539} INFO - Filling up the DagBag from /home/miminari/repos/airflow_project/env/lib/python3.10/site-packages/airflow/example_dags/example_branch_operator.py
[2023-08-31T19:14:11.068+0300] {processor.py:839} INFO - DAG(s) dict_keys(['example_branch_operator']) retrieved from /home/miminari/repos/airflow_project/env/lib/python3.10/site-packages/airflow/example_dags/example_branch_operator.py
[2023-08-31T19:14:11.094+0300] {logging_mixin.py:151} INFO - [2023-08-31T19:14:11.094+0300] {dag.py:2907} INFO - Sync 1 DAGs
[2023-08-31T19:14:11.112+0300] {logging_mixin.py:151} INFO - [2023-08-31T19:14:11.112+0300] {dag.py:3677} INFO - Setting next_dagrun for example_branch_operator to 2023-08-30T00:00:00+00:00, run_after=2023-08-31T00:00:00+00:00
[2023-08-31T19:14:11.131+0300] {processor.py:179} INFO - Processing /home/miminari/repos/airflow_project/env/lib/python3.10/site-packages/airflow/example_dags/example_branch_operator.py took 0.074 seconds
[2023-08-31T19:14:41.307+0300] {processor.py:157} INFO - Started process (PID=19157) to work on /home/miminari/repos/airflow_project/env/lib/python3.10/site-packages/airflow/example_dags/example_branch_operator.py
[2023-08-31T19:14:41.307+0300] {processor.py:829} INFO - Processing file /home/miminari/repos/airflow_project/env/lib/python3.10/site-packages/airflow/example_dags/example_branch_operator.py for tasks to queue
[2023-08-31T19:14:41.308+0300] {logging_mixin.py:151} INFO - [2023-08-31T19:14:41.308+0300] {dagbag.py:539} INFO - Filling up the DagBag from /home/miminari/repos/airflow_project/env/lib/python3.10/site-packages/airflow/example_dags/example_branch_operator.py
[2023-08-31T19:14:41.317+0300] {processor.py:839} INFO - DAG(s) dict_keys(['example_branch_operator']) retrieved from /home/miminari/repos/airflow_project/env/lib/python3.10/site-packages/airflow/example_dags/example_branch_operator.py
[2023-08-31T19:14:41.342+0300] {logging_mixin.py:151} INFO - [2023-08-31T19:14:41.342+0300] {dag.py:2907} INFO - Sync 1 DAGs
[2023-08-31T19:14:41.362+0300] {logging_mixin.py:151} INFO - [2023-08-31T19:14:41.362+0300] {dag.py:3677} INFO - Setting next_dagrun for example_branch_operator to 2023-08-30T00:00:00+00:00, run_after=2023-08-31T00:00:00+00:00
[2023-08-31T19:14:41.379+0300] {processor.py:179} INFO - Processing /home/miminari/repos/airflow_project/env/lib/python3.10/site-packages/airflow/example_dags/example_branch_operator.py took 0.074 seconds
[2023-08-31T19:15:11.628+0300] {processor.py:157} INFO - Started process (PID=19358) to work on /home/miminari/repos/airflow_project/env/lib/python3.10/site-packages/airflow/example_dags/example_branch_operator.py
[2023-08-31T19:15:11.629+0300] {processor.py:829} INFO - Processing file /home/miminari/repos/airflow_project/env/lib/python3.10/site-packages/airflow/example_dags/example_branch_operator.py for tasks to queue
[2023-08-31T19:15:11.629+0300] {logging_mixin.py:151} INFO - [2023-08-31T19:15:11.629+0300] {dagbag.py:539} INFO - Filling up the DagBag from /home/miminari/repos/airflow_project/env/lib/python3.10/site-packages/airflow/example_dags/example_branch_operator.py
[2023-08-31T19:15:11.647+0300] {processor.py:839} INFO - DAG(s) dict_keys(['example_branch_operator']) retrieved from /home/miminari/repos/airflow_project/env/lib/python3.10/site-packages/airflow/example_dags/example_branch_operator.py
[2023-08-31T19:15:11.673+0300] {logging_mixin.py:151} INFO - [2023-08-31T19:15:11.673+0300] {dag.py:2907} INFO - Sync 1 DAGs
[2023-08-31T19:15:11.693+0300] {logging_mixin.py:151} INFO - [2023-08-31T19:15:11.693+0300] {dag.py:3677} INFO - Setting next_dagrun for example_branch_operator to 2023-08-30T00:00:00+00:00, run_after=2023-08-31T00:00:00+00:00
[2023-08-31T19:15:11.708+0300] {processor.py:179} INFO - Processing /home/miminari/repos/airflow_project/env/lib/python3.10/site-packages/airflow/example_dags/example_branch_operator.py took 0.082 seconds
[2023-08-31T19:15:41.765+0300] {processor.py:157} INFO - Started process (PID=19457) to work on /home/miminari/repos/airflow_project/env/lib/python3.10/site-packages/airflow/example_dags/example_branch_operator.py
[2023-08-31T19:15:41.766+0300] {processor.py:829} INFO - Processing file /home/miminari/repos/airflow_project/env/lib/python3.10/site-packages/airflow/example_dags/example_branch_operator.py for tasks to queue
[2023-08-31T19:15:41.767+0300] {logging_mixin.py:151} INFO - [2023-08-31T19:15:41.767+0300] {dagbag.py:539} INFO - Filling up the DagBag from /home/miminari/repos/airflow_project/env/lib/python3.10/site-packages/airflow/example_dags/example_branch_operator.py
[2023-08-31T19:15:41.774+0300] {processor.py:839} INFO - DAG(s) dict_keys(['example_branch_operator']) retrieved from /home/miminari/repos/airflow_project/env/lib/python3.10/site-packages/airflow/example_dags/example_branch_operator.py
[2023-08-31T19:15:41.803+0300] {logging_mixin.py:151} INFO - [2023-08-31T19:15:41.803+0300] {dag.py:2907} INFO - Sync 1 DAGs
[2023-08-31T19:15:41.822+0300] {logging_mixin.py:151} INFO - [2023-08-31T19:15:41.822+0300] {dag.py:3677} INFO - Setting next_dagrun for example_branch_operator to 2023-08-30T00:00:00+00:00, run_after=2023-08-31T00:00:00+00:00
[2023-08-31T19:15:41.835+0300] {processor.py:179} INFO - Processing /home/miminari/repos/airflow_project/env/lib/python3.10/site-packages/airflow/example_dags/example_branch_operator.py took 0.072 seconds
[2023-08-31T19:16:12.230+0300] {processor.py:157} INFO - Started process (PID=19612) to work on /home/miminari/repos/airflow_project/env/lib/python3.10/site-packages/airflow/example_dags/example_branch_operator.py
[2023-08-31T19:16:12.230+0300] {processor.py:829} INFO - Processing file /home/miminari/repos/airflow_project/env/lib/python3.10/site-packages/airflow/example_dags/example_branch_operator.py for tasks to queue
[2023-08-31T19:16:12.231+0300] {logging_mixin.py:151} INFO - [2023-08-31T19:16:12.231+0300] {dagbag.py:539} INFO - Filling up the DagBag from /home/miminari/repos/airflow_project/env/lib/python3.10/site-packages/airflow/example_dags/example_branch_operator.py
[2023-08-31T19:16:12.238+0300] {processor.py:839} INFO - DAG(s) dict_keys(['example_branch_operator']) retrieved from /home/miminari/repos/airflow_project/env/lib/python3.10/site-packages/airflow/example_dags/example_branch_operator.py
[2023-08-31T19:16:12.264+0300] {logging_mixin.py:151} INFO - [2023-08-31T19:16:12.264+0300] {dag.py:2907} INFO - Sync 1 DAGs
[2023-08-31T19:16:12.290+0300] {logging_mixin.py:151} INFO - [2023-08-31T19:16:12.289+0300] {dag.py:3677} INFO - Setting next_dagrun for example_branch_operator to 2023-08-30T00:00:00+00:00, run_after=2023-08-31T00:00:00+00:00
[2023-08-31T19:16:12.319+0300] {processor.py:179} INFO - Processing /home/miminari/repos/airflow_project/env/lib/python3.10/site-packages/airflow/example_dags/example_branch_operator.py took 0.092 seconds
[2023-08-31T19:16:42.439+0300] {processor.py:157} INFO - Started process (PID=19712) to work on /home/miminari/repos/airflow_project/env/lib/python3.10/site-packages/airflow/example_dags/example_branch_operator.py
[2023-08-31T19:16:42.440+0300] {processor.py:829} INFO - Processing file /home/miminari/repos/airflow_project/env/lib/python3.10/site-packages/airflow/example_dags/example_branch_operator.py for tasks to queue
[2023-08-31T19:16:42.440+0300] {logging_mixin.py:151} INFO - [2023-08-31T19:16:42.440+0300] {dagbag.py:539} INFO - Filling up the DagBag from /home/miminari/repos/airflow_project/env/lib/python3.10/site-packages/airflow/example_dags/example_branch_operator.py
[2023-08-31T19:16:42.450+0300] {processor.py:839} INFO - DAG(s) dict_keys(['example_branch_operator']) retrieved from /home/miminari/repos/airflow_project/env/lib/python3.10/site-packages/airflow/example_dags/example_branch_operator.py
[2023-08-31T19:16:42.479+0300] {logging_mixin.py:151} INFO - [2023-08-31T19:16:42.478+0300] {dag.py:2907} INFO - Sync 1 DAGs
[2023-08-31T19:16:42.500+0300] {logging_mixin.py:151} INFO - [2023-08-31T19:16:42.500+0300] {dag.py:3677} INFO - Setting next_dagrun for example_branch_operator to 2023-08-30T00:00:00+00:00, run_after=2023-08-31T00:00:00+00:00
[2023-08-31T19:16:42.514+0300] {processor.py:179} INFO - Processing /home/miminari/repos/airflow_project/env/lib/python3.10/site-packages/airflow/example_dags/example_branch_operator.py took 0.078 seconds
