[2023-08-31T19:12:10.419+0300] {processor.py:157} INFO - Started process (PID=18665) to work on /home/miminari/repos/airflow_project/env/lib/python3.10/site-packages/airflow/example_dags/example_bash_operator.py
[2023-08-31T19:12:10.420+0300] {processor.py:829} INFO - Processing file /home/miminari/repos/airflow_project/env/lib/python3.10/site-packages/airflow/example_dags/example_bash_operator.py for tasks to queue
[2023-08-31T19:12:10.420+0300] {logging_mixin.py:151} INFO - [2023-08-31T19:12:10.420+0300] {dagbag.py:539} INFO - Filling up the DagBag from /home/miminari/repos/airflow_project/env/lib/python3.10/site-packages/airflow/example_dags/example_bash_operator.py
[2023-08-31T19:12:10.429+0300] {processor.py:839} INFO - DAG(s) dict_keys(['example_bash_operator']) retrieved from /home/miminari/repos/airflow_project/env/lib/python3.10/site-packages/airflow/example_dags/example_bash_operator.py
[2023-08-31T19:12:10.519+0300] {logging_mixin.py:151} INFO - [2023-08-31T19:12:10.519+0300] {manager.py:501} INFO - Created Permission View: can read on DAG:example_bash_operator
[2023-08-31T19:12:10.526+0300] {logging_mixin.py:151} INFO - [2023-08-31T19:12:10.526+0300] {manager.py:501} INFO - Created Permission View: can delete on DAG:example_bash_operator
[2023-08-31T19:12:10.530+0300] {logging_mixin.py:151} INFO - [2023-08-31T19:12:10.530+0300] {manager.py:501} INFO - Created Permission View: can edit on DAG:example_bash_operator
[2023-08-31T19:12:10.541+0300] {logging_mixin.py:151} INFO - [2023-08-31T19:12:10.541+0300] {dag.py:2907} INFO - Sync 1 DAGs
[2023-08-31T19:12:10.548+0300] {logging_mixin.py:151} INFO - [2023-08-31T19:12:10.548+0300] {dag.py:2929} INFO - Creating ORM DAG for example_bash_operator
[2023-08-31T19:12:10.557+0300] {logging_mixin.py:151} INFO - [2023-08-31T19:12:10.556+0300] {dag.py:3677} INFO - Setting next_dagrun for example_bash_operator to 2023-08-30T00:00:00+00:00, run_after=2023-08-31T00:00:00+00:00
[2023-08-31T19:12:10.569+0300] {processor.py:179} INFO - Processing /home/miminari/repos/airflow_project/env/lib/python3.10/site-packages/airflow/example_dags/example_bash_operator.py took 0.153 seconds
[2023-08-31T19:12:40.658+0300] {processor.py:157} INFO - Started process (PID=18760) to work on /home/miminari/repos/airflow_project/env/lib/python3.10/site-packages/airflow/example_dags/example_bash_operator.py
[2023-08-31T19:12:40.658+0300] {processor.py:829} INFO - Processing file /home/miminari/repos/airflow_project/env/lib/python3.10/site-packages/airflow/example_dags/example_bash_operator.py for tasks to queue
[2023-08-31T19:12:40.659+0300] {logging_mixin.py:151} INFO - [2023-08-31T19:12:40.659+0300] {dagbag.py:539} INFO - Filling up the DagBag from /home/miminari/repos/airflow_project/env/lib/python3.10/site-packages/airflow/example_dags/example_bash_operator.py
[2023-08-31T19:12:40.668+0300] {processor.py:839} INFO - DAG(s) dict_keys(['example_bash_operator']) retrieved from /home/miminari/repos/airflow_project/env/lib/python3.10/site-packages/airflow/example_dags/example_bash_operator.py
[2023-08-31T19:12:40.697+0300] {logging_mixin.py:151} INFO - [2023-08-31T19:12:40.697+0300] {dag.py:2907} INFO - Sync 1 DAGs
[2023-08-31T19:12:40.716+0300] {logging_mixin.py:151} INFO - [2023-08-31T19:12:40.715+0300] {dag.py:3677} INFO - Setting next_dagrun for example_bash_operator to 2023-08-30T00:00:00+00:00, run_after=2023-08-31T00:00:00+00:00
[2023-08-31T19:12:40.729+0300] {processor.py:179} INFO - Processing /home/miminari/repos/airflow_project/env/lib/python3.10/site-packages/airflow/example_dags/example_bash_operator.py took 0.076 seconds
[2023-08-31T19:13:10.770+0300] {processor.py:157} INFO - Started process (PID=18860) to work on /home/miminari/repos/airflow_project/env/lib/python3.10/site-packages/airflow/example_dags/example_bash_operator.py
[2023-08-31T19:13:10.771+0300] {processor.py:829} INFO - Processing file /home/miminari/repos/airflow_project/env/lib/python3.10/site-packages/airflow/example_dags/example_bash_operator.py for tasks to queue
[2023-08-31T19:13:10.771+0300] {logging_mixin.py:151} INFO - [2023-08-31T19:13:10.771+0300] {dagbag.py:539} INFO - Filling up the DagBag from /home/miminari/repos/airflow_project/env/lib/python3.10/site-packages/airflow/example_dags/example_bash_operator.py
[2023-08-31T19:13:10.780+0300] {processor.py:839} INFO - DAG(s) dict_keys(['example_bash_operator']) retrieved from /home/miminari/repos/airflow_project/env/lib/python3.10/site-packages/airflow/example_dags/example_bash_operator.py
[2023-08-31T19:13:10.810+0300] {logging_mixin.py:151} INFO - [2023-08-31T19:13:10.809+0300] {dag.py:2907} INFO - Sync 1 DAGs
[2023-08-31T19:13:10.827+0300] {logging_mixin.py:151} INFO - [2023-08-31T19:13:10.827+0300] {dag.py:3677} INFO - Setting next_dagrun for example_bash_operator to 2023-08-30T00:00:00+00:00, run_after=2023-08-31T00:00:00+00:00
[2023-08-31T19:13:10.841+0300] {processor.py:179} INFO - Processing /home/miminari/repos/airflow_project/env/lib/python3.10/site-packages/airflow/example_dags/example_bash_operator.py took 0.073 seconds
[2023-08-31T19:13:41.005+0300] {processor.py:157} INFO - Started process (PID=18968) to work on /home/miminari/repos/airflow_project/env/lib/python3.10/site-packages/airflow/example_dags/example_bash_operator.py
[2023-08-31T19:13:41.006+0300] {processor.py:829} INFO - Processing file /home/miminari/repos/airflow_project/env/lib/python3.10/site-packages/airflow/example_dags/example_bash_operator.py for tasks to queue
[2023-08-31T19:13:41.007+0300] {logging_mixin.py:151} INFO - [2023-08-31T19:13:41.006+0300] {dagbag.py:539} INFO - Filling up the DagBag from /home/miminari/repos/airflow_project/env/lib/python3.10/site-packages/airflow/example_dags/example_bash_operator.py
[2023-08-31T19:13:41.016+0300] {processor.py:839} INFO - DAG(s) dict_keys(['example_bash_operator']) retrieved from /home/miminari/repos/airflow_project/env/lib/python3.10/site-packages/airflow/example_dags/example_bash_operator.py
[2023-08-31T19:13:41.052+0300] {logging_mixin.py:151} INFO - [2023-08-31T19:13:41.052+0300] {dag.py:2907} INFO - Sync 1 DAGs
[2023-08-31T19:13:41.072+0300] {logging_mixin.py:151} INFO - [2023-08-31T19:13:41.071+0300] {dag.py:3677} INFO - Setting next_dagrun for example_bash_operator to 2023-08-30T00:00:00+00:00, run_after=2023-08-31T00:00:00+00:00
[2023-08-31T19:13:41.085+0300] {processor.py:179} INFO - Processing /home/miminari/repos/airflow_project/env/lib/python3.10/site-packages/airflow/example_dags/example_bash_operator.py took 0.083 seconds
[2023-08-31T19:14:11.149+0300] {processor.py:157} INFO - Started process (PID=19066) to work on /home/miminari/repos/airflow_project/env/lib/python3.10/site-packages/airflow/example_dags/example_bash_operator.py
[2023-08-31T19:14:11.149+0300] {processor.py:829} INFO - Processing file /home/miminari/repos/airflow_project/env/lib/python3.10/site-packages/airflow/example_dags/example_bash_operator.py for tasks to queue
[2023-08-31T19:14:11.150+0300] {logging_mixin.py:151} INFO - [2023-08-31T19:14:11.150+0300] {dagbag.py:539} INFO - Filling up the DagBag from /home/miminari/repos/airflow_project/env/lib/python3.10/site-packages/airflow/example_dags/example_bash_operator.py
[2023-08-31T19:14:11.158+0300] {processor.py:839} INFO - DAG(s) dict_keys(['example_bash_operator']) retrieved from /home/miminari/repos/airflow_project/env/lib/python3.10/site-packages/airflow/example_dags/example_bash_operator.py
[2023-08-31T19:14:11.194+0300] {logging_mixin.py:151} INFO - [2023-08-31T19:14:11.194+0300] {dag.py:2907} INFO - Sync 1 DAGs
[2023-08-31T19:14:11.212+0300] {logging_mixin.py:151} INFO - [2023-08-31T19:14:11.212+0300] {dag.py:3677} INFO - Setting next_dagrun for example_bash_operator to 2023-08-30T00:00:00+00:00, run_after=2023-08-31T00:00:00+00:00
[2023-08-31T19:14:11.225+0300] {processor.py:179} INFO - Processing /home/miminari/repos/airflow_project/env/lib/python3.10/site-packages/airflow/example_dags/example_bash_operator.py took 0.080 seconds
[2023-08-31T19:14:41.395+0300] {processor.py:157} INFO - Started process (PID=19161) to work on /home/miminari/repos/airflow_project/env/lib/python3.10/site-packages/airflow/example_dags/example_bash_operator.py
[2023-08-31T19:14:41.396+0300] {processor.py:829} INFO - Processing file /home/miminari/repos/airflow_project/env/lib/python3.10/site-packages/airflow/example_dags/example_bash_operator.py for tasks to queue
[2023-08-31T19:14:41.397+0300] {logging_mixin.py:151} INFO - [2023-08-31T19:14:41.396+0300] {dagbag.py:539} INFO - Filling up the DagBag from /home/miminari/repos/airflow_project/env/lib/python3.10/site-packages/airflow/example_dags/example_bash_operator.py
[2023-08-31T19:14:41.405+0300] {processor.py:839} INFO - DAG(s) dict_keys(['example_bash_operator']) retrieved from /home/miminari/repos/airflow_project/env/lib/python3.10/site-packages/airflow/example_dags/example_bash_operator.py
[2023-08-31T19:14:41.440+0300] {logging_mixin.py:151} INFO - [2023-08-31T19:14:41.440+0300] {dag.py:2907} INFO - Sync 1 DAGs
[2023-08-31T19:14:41.459+0300] {logging_mixin.py:151} INFO - [2023-08-31T19:14:41.458+0300] {dag.py:3677} INFO - Setting next_dagrun for example_bash_operator to 2023-08-30T00:00:00+00:00, run_after=2023-08-31T00:00:00+00:00
[2023-08-31T19:14:41.470+0300] {processor.py:179} INFO - Processing /home/miminari/repos/airflow_project/env/lib/python3.10/site-packages/airflow/example_dags/example_bash_operator.py took 0.077 seconds
[2023-08-31T19:15:11.723+0300] {processor.py:157} INFO - Started process (PID=19362) to work on /home/miminari/repos/airflow_project/env/lib/python3.10/site-packages/airflow/example_dags/example_bash_operator.py
[2023-08-31T19:15:11.724+0300] {processor.py:829} INFO - Processing file /home/miminari/repos/airflow_project/env/lib/python3.10/site-packages/airflow/example_dags/example_bash_operator.py for tasks to queue
[2023-08-31T19:15:11.724+0300] {logging_mixin.py:151} INFO - [2023-08-31T19:15:11.724+0300] {dagbag.py:539} INFO - Filling up the DagBag from /home/miminari/repos/airflow_project/env/lib/python3.10/site-packages/airflow/example_dags/example_bash_operator.py
[2023-08-31T19:15:11.732+0300] {processor.py:839} INFO - DAG(s) dict_keys(['example_bash_operator']) retrieved from /home/miminari/repos/airflow_project/env/lib/python3.10/site-packages/airflow/example_dags/example_bash_operator.py
[2023-08-31T19:15:11.762+0300] {logging_mixin.py:151} INFO - [2023-08-31T19:15:11.761+0300] {dag.py:2907} INFO - Sync 1 DAGs
[2023-08-31T19:15:11.782+0300] {logging_mixin.py:151} INFO - [2023-08-31T19:15:11.781+0300] {dag.py:3677} INFO - Setting next_dagrun for example_bash_operator to 2023-08-30T00:00:00+00:00, run_after=2023-08-31T00:00:00+00:00
[2023-08-31T19:15:11.796+0300] {processor.py:179} INFO - Processing /home/miminari/repos/airflow_project/env/lib/python3.10/site-packages/airflow/example_dags/example_bash_operator.py took 0.075 seconds
[2023-08-31T19:15:41.932+0300] {processor.py:157} INFO - Started process (PID=19461) to work on /home/miminari/repos/airflow_project/env/lib/python3.10/site-packages/airflow/example_dags/example_bash_operator.py
[2023-08-31T19:15:41.933+0300] {processor.py:829} INFO - Processing file /home/miminari/repos/airflow_project/env/lib/python3.10/site-packages/airflow/example_dags/example_bash_operator.py for tasks to queue
[2023-08-31T19:15:41.933+0300] {logging_mixin.py:151} INFO - [2023-08-31T19:15:41.933+0300] {dagbag.py:539} INFO - Filling up the DagBag from /home/miminari/repos/airflow_project/env/lib/python3.10/site-packages/airflow/example_dags/example_bash_operator.py
[2023-08-31T19:15:41.941+0300] {processor.py:839} INFO - DAG(s) dict_keys(['example_bash_operator']) retrieved from /home/miminari/repos/airflow_project/env/lib/python3.10/site-packages/airflow/example_dags/example_bash_operator.py
[2023-08-31T19:15:41.973+0300] {logging_mixin.py:151} INFO - [2023-08-31T19:15:41.972+0300] {dag.py:2907} INFO - Sync 1 DAGs
[2023-08-31T19:15:41.992+0300] {logging_mixin.py:151} INFO - [2023-08-31T19:15:41.991+0300] {dag.py:3677} INFO - Setting next_dagrun for example_bash_operator to 2023-08-30T00:00:00+00:00, run_after=2023-08-31T00:00:00+00:00
[2023-08-31T19:15:42.004+0300] {processor.py:179} INFO - Processing /home/miminari/repos/airflow_project/env/lib/python3.10/site-packages/airflow/example_dags/example_bash_operator.py took 0.074 seconds
[2023-08-31T19:16:12.347+0300] {processor.py:157} INFO - Started process (PID=19616) to work on /home/miminari/repos/airflow_project/env/lib/python3.10/site-packages/airflow/example_dags/example_bash_operator.py
[2023-08-31T19:16:12.348+0300] {processor.py:829} INFO - Processing file /home/miminari/repos/airflow_project/env/lib/python3.10/site-packages/airflow/example_dags/example_bash_operator.py for tasks to queue
[2023-08-31T19:16:12.349+0300] {logging_mixin.py:151} INFO - [2023-08-31T19:16:12.348+0300] {dagbag.py:539} INFO - Filling up the DagBag from /home/miminari/repos/airflow_project/env/lib/python3.10/site-packages/airflow/example_dags/example_bash_operator.py
[2023-08-31T19:16:12.357+0300] {processor.py:839} INFO - DAG(s) dict_keys(['example_bash_operator']) retrieved from /home/miminari/repos/airflow_project/env/lib/python3.10/site-packages/airflow/example_dags/example_bash_operator.py
[2023-08-31T19:16:12.396+0300] {logging_mixin.py:151} INFO - [2023-08-31T19:16:12.396+0300] {dag.py:2907} INFO - Sync 1 DAGs
[2023-08-31T19:16:12.418+0300] {logging_mixin.py:151} INFO - [2023-08-31T19:16:12.418+0300] {dag.py:3677} INFO - Setting next_dagrun for example_bash_operator to 2023-08-30T00:00:00+00:00, run_after=2023-08-31T00:00:00+00:00
[2023-08-31T19:16:12.430+0300] {processor.py:179} INFO - Processing /home/miminari/repos/airflow_project/env/lib/python3.10/site-packages/airflow/example_dags/example_bash_operator.py took 0.085 seconds
[2023-08-31T19:16:42.530+0300] {processor.py:157} INFO - Started process (PID=19716) to work on /home/miminari/repos/airflow_project/env/lib/python3.10/site-packages/airflow/example_dags/example_bash_operator.py
[2023-08-31T19:16:42.531+0300] {processor.py:829} INFO - Processing file /home/miminari/repos/airflow_project/env/lib/python3.10/site-packages/airflow/example_dags/example_bash_operator.py for tasks to queue
[2023-08-31T19:16:42.532+0300] {logging_mixin.py:151} INFO - [2023-08-31T19:16:42.532+0300] {dagbag.py:539} INFO - Filling up the DagBag from /home/miminari/repos/airflow_project/env/lib/python3.10/site-packages/airflow/example_dags/example_bash_operator.py
[2023-08-31T19:16:42.541+0300] {processor.py:839} INFO - DAG(s) dict_keys(['example_bash_operator']) retrieved from /home/miminari/repos/airflow_project/env/lib/python3.10/site-packages/airflow/example_dags/example_bash_operator.py
[2023-08-31T19:16:42.575+0300] {logging_mixin.py:151} INFO - [2023-08-31T19:16:42.574+0300] {dag.py:2907} INFO - Sync 1 DAGs
[2023-08-31T19:16:42.592+0300] {logging_mixin.py:151} INFO - [2023-08-31T19:16:42.592+0300] {dag.py:3677} INFO - Setting next_dagrun for example_bash_operator to 2023-08-30T00:00:00+00:00, run_after=2023-08-31T00:00:00+00:00
[2023-08-31T19:16:42.604+0300] {processor.py:179} INFO - Processing /home/miminari/repos/airflow_project/env/lib/python3.10/site-packages/airflow/example_dags/example_bash_operator.py took 0.077 seconds
[2023-08-31T19:17:12.807+0300] {processor.py:157} INFO - Started process (PID=19886) to work on /home/miminari/repos/airflow_project/env/lib/python3.10/site-packages/airflow/example_dags/example_bash_operator.py
[2023-08-31T19:17:12.807+0300] {processor.py:829} INFO - Processing file /home/miminari/repos/airflow_project/env/lib/python3.10/site-packages/airflow/example_dags/example_bash_operator.py for tasks to queue
[2023-08-31T19:17:12.808+0300] {logging_mixin.py:151} INFO - [2023-08-31T19:17:12.807+0300] {dagbag.py:539} INFO - Filling up the DagBag from /home/miminari/repos/airflow_project/env/lib/python3.10/site-packages/airflow/example_dags/example_bash_operator.py
[2023-08-31T19:17:12.816+0300] {processor.py:839} INFO - DAG(s) dict_keys(['example_bash_operator']) retrieved from /home/miminari/repos/airflow_project/env/lib/python3.10/site-packages/airflow/example_dags/example_bash_operator.py
[2023-08-31T19:17:12.848+0300] {logging_mixin.py:151} INFO - [2023-08-31T19:17:12.847+0300] {dag.py:2907} INFO - Sync 1 DAGs
[2023-08-31T19:17:12.865+0300] {logging_mixin.py:151} INFO - [2023-08-31T19:17:12.865+0300] {dag.py:3677} INFO - Setting next_dagrun for example_bash_operator to 2023-08-30T00:00:00+00:00, run_after=2023-08-31T00:00:00+00:00
[2023-08-31T19:17:12.877+0300] {processor.py:179} INFO - Processing /home/miminari/repos/airflow_project/env/lib/python3.10/site-packages/airflow/example_dags/example_bash_operator.py took 0.072 seconds
[2023-08-31T19:17:43.971+0300] {processor.py:157} INFO - Started process (PID=20023) to work on /home/miminari/repos/airflow_project/env/lib/python3.10/site-packages/airflow/example_dags/example_bash_operator.py
[2023-08-31T19:17:43.972+0300] {processor.py:829} INFO - Processing file /home/miminari/repos/airflow_project/env/lib/python3.10/site-packages/airflow/example_dags/example_bash_operator.py for tasks to queue
[2023-08-31T19:17:43.975+0300] {logging_mixin.py:151} INFO - [2023-08-31T19:17:43.974+0300] {dagbag.py:539} INFO - Filling up the DagBag from /home/miminari/repos/airflow_project/env/lib/python3.10/site-packages/airflow/example_dags/example_bash_operator.py
[2023-08-31T19:17:43.986+0300] {processor.py:839} INFO - DAG(s) dict_keys(['example_bash_operator']) retrieved from /home/miminari/repos/airflow_project/env/lib/python3.10/site-packages/airflow/example_dags/example_bash_operator.py
[2023-08-31T19:17:44.015+0300] {logging_mixin.py:151} INFO - [2023-08-31T19:17:44.015+0300] {dag.py:2907} INFO - Sync 1 DAGs
[2023-08-31T19:17:44.032+0300] {logging_mixin.py:151} INFO - [2023-08-31T19:17:44.032+0300] {dag.py:3677} INFO - Setting next_dagrun for example_bash_operator to 2023-08-30T00:00:00+00:00, run_after=2023-08-31T00:00:00+00:00
[2023-08-31T19:17:44.045+0300] {processor.py:179} INFO - Processing /home/miminari/repos/airflow_project/env/lib/python3.10/site-packages/airflow/example_dags/example_bash_operator.py took 0.079 seconds
[2023-08-31T19:18:15.120+0300] {processor.py:157} INFO - Started process (PID=20131) to work on /home/miminari/repos/airflow_project/env/lib/python3.10/site-packages/airflow/example_dags/example_bash_operator.py
[2023-08-31T19:18:15.121+0300] {processor.py:829} INFO - Processing file /home/miminari/repos/airflow_project/env/lib/python3.10/site-packages/airflow/example_dags/example_bash_operator.py for tasks to queue
[2023-08-31T19:18:15.121+0300] {logging_mixin.py:151} INFO - [2023-08-31T19:18:15.121+0300] {dagbag.py:539} INFO - Filling up the DagBag from /home/miminari/repos/airflow_project/env/lib/python3.10/site-packages/airflow/example_dags/example_bash_operator.py
[2023-08-31T19:18:15.130+0300] {processor.py:839} INFO - DAG(s) dict_keys(['example_bash_operator']) retrieved from /home/miminari/repos/airflow_project/env/lib/python3.10/site-packages/airflow/example_dags/example_bash_operator.py
[2023-08-31T19:18:15.165+0300] {logging_mixin.py:151} INFO - [2023-08-31T19:18:15.165+0300] {dag.py:2907} INFO - Sync 1 DAGs
[2023-08-31T19:18:15.184+0300] {logging_mixin.py:151} INFO - [2023-08-31T19:18:15.184+0300] {dag.py:3677} INFO - Setting next_dagrun for example_bash_operator to 2023-08-30T00:00:00+00:00, run_after=2023-08-31T00:00:00+00:00
[2023-08-31T19:18:15.199+0300] {processor.py:179} INFO - Processing /home/miminari/repos/airflow_project/env/lib/python3.10/site-packages/airflow/example_dags/example_bash_operator.py took 0.082 seconds
[2023-08-31T19:18:45.332+0300] {processor.py:157} INFO - Started process (PID=20226) to work on /home/miminari/repos/airflow_project/env/lib/python3.10/site-packages/airflow/example_dags/example_bash_operator.py
[2023-08-31T19:18:45.333+0300] {processor.py:829} INFO - Processing file /home/miminari/repos/airflow_project/env/lib/python3.10/site-packages/airflow/example_dags/example_bash_operator.py for tasks to queue
[2023-08-31T19:18:45.334+0300] {logging_mixin.py:151} INFO - [2023-08-31T19:18:45.333+0300] {dagbag.py:539} INFO - Filling up the DagBag from /home/miminari/repos/airflow_project/env/lib/python3.10/site-packages/airflow/example_dags/example_bash_operator.py
[2023-08-31T19:18:45.342+0300] {processor.py:839} INFO - DAG(s) dict_keys(['example_bash_operator']) retrieved from /home/miminari/repos/airflow_project/env/lib/python3.10/site-packages/airflow/example_dags/example_bash_operator.py
[2023-08-31T19:18:45.378+0300] {logging_mixin.py:151} INFO - [2023-08-31T19:18:45.377+0300] {dag.py:2907} INFO - Sync 1 DAGs
[2023-08-31T19:18:45.397+0300] {logging_mixin.py:151} INFO - [2023-08-31T19:18:45.397+0300] {dag.py:3677} INFO - Setting next_dagrun for example_bash_operator to 2023-08-30T00:00:00+00:00, run_after=2023-08-31T00:00:00+00:00
[2023-08-31T19:18:45.409+0300] {processor.py:179} INFO - Processing /home/miminari/repos/airflow_project/env/lib/python3.10/site-packages/airflow/example_dags/example_bash_operator.py took 0.082 seconds
[2023-08-31T19:19:15.952+0300] {processor.py:157} INFO - Started process (PID=20331) to work on /home/miminari/repos/airflow_project/env/lib/python3.10/site-packages/airflow/example_dags/example_bash_operator.py
[2023-08-31T19:19:15.952+0300] {processor.py:829} INFO - Processing file /home/miminari/repos/airflow_project/env/lib/python3.10/site-packages/airflow/example_dags/example_bash_operator.py for tasks to queue
[2023-08-31T19:19:15.953+0300] {logging_mixin.py:151} INFO - [2023-08-31T19:19:15.952+0300] {dagbag.py:539} INFO - Filling up the DagBag from /home/miminari/repos/airflow_project/env/lib/python3.10/site-packages/airflow/example_dags/example_bash_operator.py
[2023-08-31T19:19:15.965+0300] {processor.py:839} INFO - DAG(s) dict_keys(['example_bash_operator']) retrieved from /home/miminari/repos/airflow_project/env/lib/python3.10/site-packages/airflow/example_dags/example_bash_operator.py
[2023-08-31T19:19:15.998+0300] {logging_mixin.py:151} INFO - [2023-08-31T19:19:15.997+0300] {dag.py:2907} INFO - Sync 1 DAGs
[2023-08-31T19:19:16.015+0300] {logging_mixin.py:151} INFO - [2023-08-31T19:19:16.015+0300] {dag.py:3677} INFO - Setting next_dagrun for example_bash_operator to 2023-08-30T00:00:00+00:00, run_after=2023-08-31T00:00:00+00:00
[2023-08-31T19:19:16.030+0300] {processor.py:179} INFO - Processing /home/miminari/repos/airflow_project/env/lib/python3.10/site-packages/airflow/example_dags/example_bash_operator.py took 0.080 seconds
[2023-08-31T19:19:46.313+0300] {processor.py:157} INFO - Started process (PID=20431) to work on /home/miminari/repos/airflow_project/env/lib/python3.10/site-packages/airflow/example_dags/example_bash_operator.py
[2023-08-31T19:19:46.314+0300] {processor.py:829} INFO - Processing file /home/miminari/repos/airflow_project/env/lib/python3.10/site-packages/airflow/example_dags/example_bash_operator.py for tasks to queue
[2023-08-31T19:19:46.314+0300] {logging_mixin.py:151} INFO - [2023-08-31T19:19:46.314+0300] {dagbag.py:539} INFO - Filling up the DagBag from /home/miminari/repos/airflow_project/env/lib/python3.10/site-packages/airflow/example_dags/example_bash_operator.py
[2023-08-31T19:19:46.325+0300] {processor.py:839} INFO - DAG(s) dict_keys(['example_bash_operator']) retrieved from /home/miminari/repos/airflow_project/env/lib/python3.10/site-packages/airflow/example_dags/example_bash_operator.py
[2023-08-31T19:19:46.361+0300] {logging_mixin.py:151} INFO - [2023-08-31T19:19:46.360+0300] {dag.py:2907} INFO - Sync 1 DAGs
[2023-08-31T19:19:46.384+0300] {logging_mixin.py:151} INFO - [2023-08-31T19:19:46.384+0300] {dag.py:3677} INFO - Setting next_dagrun for example_bash_operator to 2023-08-30T00:00:00+00:00, run_after=2023-08-31T00:00:00+00:00
[2023-08-31T19:19:46.402+0300] {processor.py:179} INFO - Processing /home/miminari/repos/airflow_project/env/lib/python3.10/site-packages/airflow/example_dags/example_bash_operator.py took 0.093 seconds
