[2023-08-31T19:12:09.399+0300] {processor.py:157} INFO - Started process (PID=18629) to work on /home/miminari/repos/airflow_project/env/lib/python3.10/site-packages/airflow/example_dags/example_latest_only_with_trigger.py
[2023-08-31T19:12:09.400+0300] {processor.py:829} INFO - Processing file /home/miminari/repos/airflow_project/env/lib/python3.10/site-packages/airflow/example_dags/example_latest_only_with_trigger.py for tasks to queue
[2023-08-31T19:12:09.400+0300] {logging_mixin.py:151} INFO - [2023-08-31T19:12:09.400+0300] {dagbag.py:539} INFO - Filling up the DagBag from /home/miminari/repos/airflow_project/env/lib/python3.10/site-packages/airflow/example_dags/example_latest_only_with_trigger.py
[2023-08-31T19:12:09.405+0300] {processor.py:839} INFO - DAG(s) dict_keys(['latest_only_with_trigger']) retrieved from /home/miminari/repos/airflow_project/env/lib/python3.10/site-packages/airflow/example_dags/example_latest_only_with_trigger.py
[2023-08-31T19:12:09.490+0300] {logging_mixin.py:151} INFO - [2023-08-31T19:12:09.490+0300] {manager.py:501} INFO - Created Permission View: can read on DAG:latest_only_with_trigger
[2023-08-31T19:12:09.497+0300] {logging_mixin.py:151} INFO - [2023-08-31T19:12:09.497+0300] {manager.py:501} INFO - Created Permission View: can delete on DAG:latest_only_with_trigger
[2023-08-31T19:12:09.501+0300] {logging_mixin.py:151} INFO - [2023-08-31T19:12:09.501+0300] {manager.py:501} INFO - Created Permission View: can edit on DAG:latest_only_with_trigger
[2023-08-31T19:12:09.511+0300] {logging_mixin.py:151} INFO - [2023-08-31T19:12:09.511+0300] {dag.py:2907} INFO - Sync 1 DAGs
[2023-08-31T19:12:09.519+0300] {logging_mixin.py:151} INFO - [2023-08-31T19:12:09.519+0300] {dag.py:2929} INFO - Creating ORM DAG for latest_only_with_trigger
[2023-08-31T19:12:09.530+0300] {logging_mixin.py:151} INFO - [2023-08-31T19:12:09.530+0300] {dag.py:3677} INFO - Setting next_dagrun for latest_only_with_trigger to 2023-08-31T12:12:09.530392+00:00, run_after=2023-08-31T16:12:09.530392+00:00
[2023-08-31T19:12:09.544+0300] {processor.py:179} INFO - Processing /home/miminari/repos/airflow_project/env/lib/python3.10/site-packages/airflow/example_dags/example_latest_only_with_trigger.py took 0.148 seconds
[2023-08-31T19:12:40.143+0300] {processor.py:157} INFO - Started process (PID=18738) to work on /home/miminari/repos/airflow_project/env/lib/python3.10/site-packages/airflow/example_dags/example_latest_only_with_trigger.py
[2023-08-31T19:12:40.144+0300] {processor.py:829} INFO - Processing file /home/miminari/repos/airflow_project/env/lib/python3.10/site-packages/airflow/example_dags/example_latest_only_with_trigger.py for tasks to queue
[2023-08-31T19:12:40.145+0300] {logging_mixin.py:151} INFO - [2023-08-31T19:12:40.144+0300] {dagbag.py:539} INFO - Filling up the DagBag from /home/miminari/repos/airflow_project/env/lib/python3.10/site-packages/airflow/example_dags/example_latest_only_with_trigger.py
[2023-08-31T19:12:40.149+0300] {processor.py:839} INFO - DAG(s) dict_keys(['latest_only_with_trigger']) retrieved from /home/miminari/repos/airflow_project/env/lib/python3.10/site-packages/airflow/example_dags/example_latest_only_with_trigger.py
[2023-08-31T19:12:40.175+0300] {logging_mixin.py:151} INFO - [2023-08-31T19:12:40.175+0300] {dag.py:2907} INFO - Sync 1 DAGs
[2023-08-31T19:12:40.196+0300] {logging_mixin.py:151} INFO - [2023-08-31T19:12:40.196+0300] {dag.py:3677} INFO - Setting next_dagrun for latest_only_with_trigger to 2023-08-31T12:12:40.196471+00:00, run_after=2023-08-31T16:12:40.196471+00:00
[2023-08-31T19:12:40.214+0300] {processor.py:179} INFO - Processing /home/miminari/repos/airflow_project/env/lib/python3.10/site-packages/airflow/example_dags/example_latest_only_with_trigger.py took 0.073 seconds
[2023-08-31T19:13:10.269+0300] {processor.py:157} INFO - Started process (PID=18838) to work on /home/miminari/repos/airflow_project/env/lib/python3.10/site-packages/airflow/example_dags/example_latest_only_with_trigger.py
[2023-08-31T19:13:10.270+0300] {processor.py:829} INFO - Processing file /home/miminari/repos/airflow_project/env/lib/python3.10/site-packages/airflow/example_dags/example_latest_only_with_trigger.py for tasks to queue
[2023-08-31T19:13:10.270+0300] {logging_mixin.py:151} INFO - [2023-08-31T19:13:10.270+0300] {dagbag.py:539} INFO - Filling up the DagBag from /home/miminari/repos/airflow_project/env/lib/python3.10/site-packages/airflow/example_dags/example_latest_only_with_trigger.py
[2023-08-31T19:13:10.275+0300] {processor.py:839} INFO - DAG(s) dict_keys(['latest_only_with_trigger']) retrieved from /home/miminari/repos/airflow_project/env/lib/python3.10/site-packages/airflow/example_dags/example_latest_only_with_trigger.py
[2023-08-31T19:13:10.300+0300] {logging_mixin.py:151} INFO - [2023-08-31T19:13:10.300+0300] {dag.py:2907} INFO - Sync 1 DAGs
[2023-08-31T19:13:10.323+0300] {logging_mixin.py:151} INFO - [2023-08-31T19:13:10.323+0300] {dag.py:3677} INFO - Setting next_dagrun for latest_only_with_trigger to 2023-08-31T12:13:10.323038+00:00, run_after=2023-08-31T16:13:10.323038+00:00
[2023-08-31T19:13:10.336+0300] {processor.py:179} INFO - Processing /home/miminari/repos/airflow_project/env/lib/python3.10/site-packages/airflow/example_dags/example_latest_only_with_trigger.py took 0.069 seconds
[2023-08-31T19:13:40.490+0300] {processor.py:157} INFO - Started process (PID=18946) to work on /home/miminari/repos/airflow_project/env/lib/python3.10/site-packages/airflow/example_dags/example_latest_only_with_trigger.py
[2023-08-31T19:13:40.491+0300] {processor.py:829} INFO - Processing file /home/miminari/repos/airflow_project/env/lib/python3.10/site-packages/airflow/example_dags/example_latest_only_with_trigger.py for tasks to queue
[2023-08-31T19:13:40.491+0300] {logging_mixin.py:151} INFO - [2023-08-31T19:13:40.491+0300] {dagbag.py:539} INFO - Filling up the DagBag from /home/miminari/repos/airflow_project/env/lib/python3.10/site-packages/airflow/example_dags/example_latest_only_with_trigger.py
[2023-08-31T19:13:40.496+0300] {processor.py:839} INFO - DAG(s) dict_keys(['latest_only_with_trigger']) retrieved from /home/miminari/repos/airflow_project/env/lib/python3.10/site-packages/airflow/example_dags/example_latest_only_with_trigger.py
[2023-08-31T19:13:40.518+0300] {logging_mixin.py:151} INFO - [2023-08-31T19:13:40.518+0300] {dag.py:2907} INFO - Sync 1 DAGs
[2023-08-31T19:13:40.537+0300] {logging_mixin.py:151} INFO - [2023-08-31T19:13:40.537+0300] {dag.py:3677} INFO - Setting next_dagrun for latest_only_with_trigger to 2023-08-31T12:13:40.536964+00:00, run_after=2023-08-31T16:13:40.536964+00:00
[2023-08-31T19:13:40.550+0300] {processor.py:179} INFO - Processing /home/miminari/repos/airflow_project/env/lib/python3.10/site-packages/airflow/example_dags/example_latest_only_with_trigger.py took 0.063 seconds
[2023-08-31T19:14:10.667+0300] {processor.py:157} INFO - Started process (PID=19044) to work on /home/miminari/repos/airflow_project/env/lib/python3.10/site-packages/airflow/example_dags/example_latest_only_with_trigger.py
[2023-08-31T19:14:10.668+0300] {processor.py:829} INFO - Processing file /home/miminari/repos/airflow_project/env/lib/python3.10/site-packages/airflow/example_dags/example_latest_only_with_trigger.py for tasks to queue
[2023-08-31T19:14:10.668+0300] {logging_mixin.py:151} INFO - [2023-08-31T19:14:10.668+0300] {dagbag.py:539} INFO - Filling up the DagBag from /home/miminari/repos/airflow_project/env/lib/python3.10/site-packages/airflow/example_dags/example_latest_only_with_trigger.py
[2023-08-31T19:14:10.673+0300] {processor.py:839} INFO - DAG(s) dict_keys(['latest_only_with_trigger']) retrieved from /home/miminari/repos/airflow_project/env/lib/python3.10/site-packages/airflow/example_dags/example_latest_only_with_trigger.py
[2023-08-31T19:14:10.696+0300] {logging_mixin.py:151} INFO - [2023-08-31T19:14:10.696+0300] {dag.py:2907} INFO - Sync 1 DAGs
[2023-08-31T19:14:10.714+0300] {logging_mixin.py:151} INFO - [2023-08-31T19:14:10.713+0300] {dag.py:3677} INFO - Setting next_dagrun for latest_only_with_trigger to 2023-08-31T12:14:10.713672+00:00, run_after=2023-08-31T16:14:10.713672+00:00
[2023-08-31T19:14:10.727+0300] {processor.py:179} INFO - Processing /home/miminari/repos/airflow_project/env/lib/python3.10/site-packages/airflow/example_dags/example_latest_only_with_trigger.py took 0.062 seconds
[2023-08-31T19:14:40.769+0300] {processor.py:157} INFO - Started process (PID=19139) to work on /home/miminari/repos/airflow_project/env/lib/python3.10/site-packages/airflow/example_dags/example_latest_only_with_trigger.py
[2023-08-31T19:14:40.769+0300] {processor.py:829} INFO - Processing file /home/miminari/repos/airflow_project/env/lib/python3.10/site-packages/airflow/example_dags/example_latest_only_with_trigger.py for tasks to queue
[2023-08-31T19:14:40.769+0300] {logging_mixin.py:151} INFO - [2023-08-31T19:14:40.769+0300] {dagbag.py:539} INFO - Filling up the DagBag from /home/miminari/repos/airflow_project/env/lib/python3.10/site-packages/airflow/example_dags/example_latest_only_with_trigger.py
[2023-08-31T19:14:40.774+0300] {processor.py:839} INFO - DAG(s) dict_keys(['latest_only_with_trigger']) retrieved from /home/miminari/repos/airflow_project/env/lib/python3.10/site-packages/airflow/example_dags/example_latest_only_with_trigger.py
[2023-08-31T19:14:40.800+0300] {logging_mixin.py:151} INFO - [2023-08-31T19:14:40.799+0300] {dag.py:2907} INFO - Sync 1 DAGs
[2023-08-31T19:14:40.818+0300] {logging_mixin.py:151} INFO - [2023-08-31T19:14:40.818+0300] {dag.py:3677} INFO - Setting next_dagrun for latest_only_with_trigger to 2023-08-31T12:14:40.818329+00:00, run_after=2023-08-31T16:14:40.818329+00:00
[2023-08-31T19:14:40.832+0300] {processor.py:179} INFO - Processing /home/miminari/repos/airflow_project/env/lib/python3.10/site-packages/airflow/example_dags/example_latest_only_with_trigger.py took 0.066 seconds
[2023-08-31T19:15:11.039+0300] {processor.py:157} INFO - Started process (PID=19339) to work on /home/miminari/repos/airflow_project/env/lib/python3.10/site-packages/airflow/example_dags/example_latest_only_with_trigger.py
[2023-08-31T19:15:11.040+0300] {processor.py:829} INFO - Processing file /home/miminari/repos/airflow_project/env/lib/python3.10/site-packages/airflow/example_dags/example_latest_only_with_trigger.py for tasks to queue
[2023-08-31T19:15:11.040+0300] {logging_mixin.py:151} INFO - [2023-08-31T19:15:11.040+0300] {dagbag.py:539} INFO - Filling up the DagBag from /home/miminari/repos/airflow_project/env/lib/python3.10/site-packages/airflow/example_dags/example_latest_only_with_trigger.py
[2023-08-31T19:15:11.045+0300] {processor.py:839} INFO - DAG(s) dict_keys(['latest_only_with_trigger']) retrieved from /home/miminari/repos/airflow_project/env/lib/python3.10/site-packages/airflow/example_dags/example_latest_only_with_trigger.py
[2023-08-31T19:15:11.071+0300] {logging_mixin.py:151} INFO - [2023-08-31T19:15:11.071+0300] {dag.py:2907} INFO - Sync 1 DAGs
[2023-08-31T19:15:11.093+0300] {logging_mixin.py:151} INFO - [2023-08-31T19:15:11.092+0300] {dag.py:3677} INFO - Setting next_dagrun for latest_only_with_trigger to 2023-08-31T12:15:11.092675+00:00, run_after=2023-08-31T16:15:11.092675+00:00
[2023-08-31T19:15:11.107+0300] {processor.py:179} INFO - Processing /home/miminari/repos/airflow_project/env/lib/python3.10/site-packages/airflow/example_dags/example_latest_only_with_trigger.py took 0.070 seconds
[2023-08-31T19:15:41.198+0300] {processor.py:157} INFO - Started process (PID=19436) to work on /home/miminari/repos/airflow_project/env/lib/python3.10/site-packages/airflow/example_dags/example_latest_only_with_trigger.py
[2023-08-31T19:15:41.198+0300] {processor.py:829} INFO - Processing file /home/miminari/repos/airflow_project/env/lib/python3.10/site-packages/airflow/example_dags/example_latest_only_with_trigger.py for tasks to queue
[2023-08-31T19:15:41.199+0300] {logging_mixin.py:151} INFO - [2023-08-31T19:15:41.199+0300] {dagbag.py:539} INFO - Filling up the DagBag from /home/miminari/repos/airflow_project/env/lib/python3.10/site-packages/airflow/example_dags/example_latest_only_with_trigger.py
[2023-08-31T19:15:41.204+0300] {processor.py:839} INFO - DAG(s) dict_keys(['latest_only_with_trigger']) retrieved from /home/miminari/repos/airflow_project/env/lib/python3.10/site-packages/airflow/example_dags/example_latest_only_with_trigger.py
[2023-08-31T19:15:41.228+0300] {logging_mixin.py:151} INFO - [2023-08-31T19:15:41.228+0300] {dag.py:2907} INFO - Sync 1 DAGs
[2023-08-31T19:15:41.247+0300] {logging_mixin.py:151} INFO - [2023-08-31T19:15:41.246+0300] {dag.py:3677} INFO - Setting next_dagrun for latest_only_with_trigger to 2023-08-31T12:15:41.246734+00:00, run_after=2023-08-31T16:15:41.246734+00:00
[2023-08-31T19:15:41.264+0300] {processor.py:179} INFO - Processing /home/miminari/repos/airflow_project/env/lib/python3.10/site-packages/airflow/example_dags/example_latest_only_with_trigger.py took 0.068 seconds
[2023-08-31T19:16:11.615+0300] {processor.py:157} INFO - Started process (PID=19591) to work on /home/miminari/repos/airflow_project/env/lib/python3.10/site-packages/airflow/example_dags/example_latest_only_with_trigger.py
[2023-08-31T19:16:11.617+0300] {processor.py:829} INFO - Processing file /home/miminari/repos/airflow_project/env/lib/python3.10/site-packages/airflow/example_dags/example_latest_only_with_trigger.py for tasks to queue
[2023-08-31T19:16:11.618+0300] {logging_mixin.py:151} INFO - [2023-08-31T19:16:11.617+0300] {dagbag.py:539} INFO - Filling up the DagBag from /home/miminari/repos/airflow_project/env/lib/python3.10/site-packages/airflow/example_dags/example_latest_only_with_trigger.py
[2023-08-31T19:16:11.628+0300] {processor.py:839} INFO - DAG(s) dict_keys(['latest_only_with_trigger']) retrieved from /home/miminari/repos/airflow_project/env/lib/python3.10/site-packages/airflow/example_dags/example_latest_only_with_trigger.py
[2023-08-31T19:16:11.657+0300] {logging_mixin.py:151} INFO - [2023-08-31T19:16:11.656+0300] {dag.py:2907} INFO - Sync 1 DAGs
[2023-08-31T19:16:11.676+0300] {logging_mixin.py:151} INFO - [2023-08-31T19:16:11.676+0300] {dag.py:3677} INFO - Setting next_dagrun for latest_only_with_trigger to 2023-08-31T12:16:11.676424+00:00, run_after=2023-08-31T16:16:11.676424+00:00
[2023-08-31T19:16:11.694+0300] {processor.py:179} INFO - Processing /home/miminari/repos/airflow_project/env/lib/python3.10/site-packages/airflow/example_dags/example_latest_only_with_trigger.py took 0.083 seconds
[2023-08-31T19:16:41.934+0300] {processor.py:157} INFO - Started process (PID=19692) to work on /home/miminari/repos/airflow_project/env/lib/python3.10/site-packages/airflow/example_dags/example_latest_only_with_trigger.py
[2023-08-31T19:16:41.934+0300] {processor.py:829} INFO - Processing file /home/miminari/repos/airflow_project/env/lib/python3.10/site-packages/airflow/example_dags/example_latest_only_with_trigger.py for tasks to queue
[2023-08-31T19:16:41.935+0300] {logging_mixin.py:151} INFO - [2023-08-31T19:16:41.935+0300] {dagbag.py:539} INFO - Filling up the DagBag from /home/miminari/repos/airflow_project/env/lib/python3.10/site-packages/airflow/example_dags/example_latest_only_with_trigger.py
[2023-08-31T19:16:41.939+0300] {processor.py:839} INFO - DAG(s) dict_keys(['latest_only_with_trigger']) retrieved from /home/miminari/repos/airflow_project/env/lib/python3.10/site-packages/airflow/example_dags/example_latest_only_with_trigger.py
[2023-08-31T19:16:41.966+0300] {logging_mixin.py:151} INFO - [2023-08-31T19:16:41.965+0300] {dag.py:2907} INFO - Sync 1 DAGs
[2023-08-31T19:16:41.987+0300] {logging_mixin.py:151} INFO - [2023-08-31T19:16:41.987+0300] {dag.py:3677} INFO - Setting next_dagrun for latest_only_with_trigger to 2023-08-31T12:16:41.986789+00:00, run_after=2023-08-31T16:16:41.986789+00:00
[2023-08-31T19:16:42.002+0300] {processor.py:179} INFO - Processing /home/miminari/repos/airflow_project/env/lib/python3.10/site-packages/airflow/example_dags/example_latest_only_with_trigger.py took 0.071 seconds
