[2023-08-31T19:12:09.551+0300] {processor.py:157} INFO - Started process (PID=18645) to work on /home/miminari/repos/airflow_project/env/lib/python3.10/site-packages/airflow/example_dags/example_dynamic_task_mapping.py
[2023-08-31T19:12:09.552+0300] {processor.py:829} INFO - Processing file /home/miminari/repos/airflow_project/env/lib/python3.10/site-packages/airflow/example_dags/example_dynamic_task_mapping.py for tasks to queue
[2023-08-31T19:12:09.552+0300] {logging_mixin.py:151} INFO - [2023-08-31T19:12:09.552+0300] {dagbag.py:539} INFO - Filling up the DagBag from /home/miminari/repos/airflow_project/env/lib/python3.10/site-packages/airflow/example_dags/example_dynamic_task_mapping.py
[2023-08-31T19:12:09.557+0300] {processor.py:839} INFO - DAG(s) dict_keys(['example_dynamic_task_mapping']) retrieved from /home/miminari/repos/airflow_project/env/lib/python3.10/site-packages/airflow/example_dags/example_dynamic_task_mapping.py
[2023-08-31T19:12:09.639+0300] {logging_mixin.py:151} INFO - [2023-08-31T19:12:09.639+0300] {manager.py:501} INFO - Created Permission View: can read on DAG:example_dynamic_task_mapping
[2023-08-31T19:12:09.646+0300] {logging_mixin.py:151} INFO - [2023-08-31T19:12:09.646+0300] {manager.py:501} INFO - Created Permission View: can delete on DAG:example_dynamic_task_mapping
[2023-08-31T19:12:09.650+0300] {logging_mixin.py:151} INFO - [2023-08-31T19:12:09.650+0300] {manager.py:501} INFO - Created Permission View: can edit on DAG:example_dynamic_task_mapping
[2023-08-31T19:12:09.663+0300] {logging_mixin.py:151} INFO - [2023-08-31T19:12:09.662+0300] {dag.py:2907} INFO - Sync 1 DAGs
[2023-08-31T19:12:09.672+0300] {logging_mixin.py:151} INFO - [2023-08-31T19:12:09.672+0300] {dag.py:2929} INFO - Creating ORM DAG for example_dynamic_task_mapping
[2023-08-31T19:12:09.681+0300] {logging_mixin.py:151} INFO - [2023-08-31T19:12:09.681+0300] {dag.py:3677} INFO - Setting next_dagrun for example_dynamic_task_mapping to 2022-03-04T00:00:00+00:00, run_after=2022-03-05T00:00:00+00:00
[2023-08-31T19:12:09.699+0300] {processor.py:179} INFO - Processing /home/miminari/repos/airflow_project/env/lib/python3.10/site-packages/airflow/example_dags/example_dynamic_task_mapping.py took 0.150 seconds
[2023-08-31T19:12:40.166+0300] {processor.py:157} INFO - Started process (PID=18740) to work on /home/miminari/repos/airflow_project/env/lib/python3.10/site-packages/airflow/example_dags/example_dynamic_task_mapping.py
[2023-08-31T19:12:40.166+0300] {processor.py:829} INFO - Processing file /home/miminari/repos/airflow_project/env/lib/python3.10/site-packages/airflow/example_dags/example_dynamic_task_mapping.py for tasks to queue
[2023-08-31T19:12:40.167+0300] {logging_mixin.py:151} INFO - [2023-08-31T19:12:40.167+0300] {dagbag.py:539} INFO - Filling up the DagBag from /home/miminari/repos/airflow_project/env/lib/python3.10/site-packages/airflow/example_dags/example_dynamic_task_mapping.py
[2023-08-31T19:12:40.172+0300] {processor.py:839} INFO - DAG(s) dict_keys(['example_dynamic_task_mapping']) retrieved from /home/miminari/repos/airflow_project/env/lib/python3.10/site-packages/airflow/example_dags/example_dynamic_task_mapping.py
[2023-08-31T19:12:40.198+0300] {logging_mixin.py:151} INFO - [2023-08-31T19:12:40.198+0300] {dag.py:2907} INFO - Sync 1 DAGs
[2023-08-31T19:12:40.217+0300] {logging_mixin.py:151} INFO - [2023-08-31T19:12:40.217+0300] {dag.py:3677} INFO - Setting next_dagrun for example_dynamic_task_mapping to 2022-03-04T00:00:00+00:00, run_after=2022-03-05T00:00:00+00:00
[2023-08-31T19:12:40.232+0300] {processor.py:179} INFO - Processing /home/miminari/repos/airflow_project/env/lib/python3.10/site-packages/airflow/example_dags/example_dynamic_task_mapping.py took 0.069 seconds
[2023-08-31T19:13:10.312+0300] {processor.py:157} INFO - Started process (PID=18840) to work on /home/miminari/repos/airflow_project/env/lib/python3.10/site-packages/airflow/example_dags/example_dynamic_task_mapping.py
[2023-08-31T19:13:10.313+0300] {processor.py:829} INFO - Processing file /home/miminari/repos/airflow_project/env/lib/python3.10/site-packages/airflow/example_dags/example_dynamic_task_mapping.py for tasks to queue
[2023-08-31T19:13:10.313+0300] {logging_mixin.py:151} INFO - [2023-08-31T19:13:10.313+0300] {dagbag.py:539} INFO - Filling up the DagBag from /home/miminari/repos/airflow_project/env/lib/python3.10/site-packages/airflow/example_dags/example_dynamic_task_mapping.py
[2023-08-31T19:13:10.318+0300] {processor.py:839} INFO - DAG(s) dict_keys(['example_dynamic_task_mapping']) retrieved from /home/miminari/repos/airflow_project/env/lib/python3.10/site-packages/airflow/example_dags/example_dynamic_task_mapping.py
[2023-08-31T19:13:10.341+0300] {logging_mixin.py:151} INFO - [2023-08-31T19:13:10.341+0300] {dag.py:2907} INFO - Sync 1 DAGs
[2023-08-31T19:13:10.359+0300] {logging_mixin.py:151} INFO - [2023-08-31T19:13:10.359+0300] {dag.py:3677} INFO - Setting next_dagrun for example_dynamic_task_mapping to 2022-03-04T00:00:00+00:00, run_after=2022-03-05T00:00:00+00:00
[2023-08-31T19:13:10.373+0300] {processor.py:179} INFO - Processing /home/miminari/repos/airflow_project/env/lib/python3.10/site-packages/airflow/example_dags/example_dynamic_task_mapping.py took 0.064 seconds
[2023-08-31T19:13:40.504+0300] {processor.py:157} INFO - Started process (PID=18948) to work on /home/miminari/repos/airflow_project/env/lib/python3.10/site-packages/airflow/example_dags/example_dynamic_task_mapping.py
[2023-08-31T19:13:40.505+0300] {processor.py:829} INFO - Processing file /home/miminari/repos/airflow_project/env/lib/python3.10/site-packages/airflow/example_dags/example_dynamic_task_mapping.py for tasks to queue
[2023-08-31T19:13:40.505+0300] {logging_mixin.py:151} INFO - [2023-08-31T19:13:40.505+0300] {dagbag.py:539} INFO - Filling up the DagBag from /home/miminari/repos/airflow_project/env/lib/python3.10/site-packages/airflow/example_dags/example_dynamic_task_mapping.py
[2023-08-31T19:13:40.511+0300] {processor.py:839} INFO - DAG(s) dict_keys(['example_dynamic_task_mapping']) retrieved from /home/miminari/repos/airflow_project/env/lib/python3.10/site-packages/airflow/example_dags/example_dynamic_task_mapping.py
[2023-08-31T19:13:40.534+0300] {logging_mixin.py:151} INFO - [2023-08-31T19:13:40.534+0300] {dag.py:2907} INFO - Sync 1 DAGs
[2023-08-31T19:13:40.554+0300] {logging_mixin.py:151} INFO - [2023-08-31T19:13:40.554+0300] {dag.py:3677} INFO - Setting next_dagrun for example_dynamic_task_mapping to 2022-03-04T00:00:00+00:00, run_after=2022-03-05T00:00:00+00:00
[2023-08-31T19:13:40.568+0300] {processor.py:179} INFO - Processing /home/miminari/repos/airflow_project/env/lib/python3.10/site-packages/airflow/example_dags/example_dynamic_task_mapping.py took 0.066 seconds
[2023-08-31T19:14:10.676+0300] {processor.py:157} INFO - Started process (PID=19045) to work on /home/miminari/repos/airflow_project/env/lib/python3.10/site-packages/airflow/example_dags/example_dynamic_task_mapping.py
[2023-08-31T19:14:10.677+0300] {processor.py:829} INFO - Processing file /home/miminari/repos/airflow_project/env/lib/python3.10/site-packages/airflow/example_dags/example_dynamic_task_mapping.py for tasks to queue
[2023-08-31T19:14:10.677+0300] {logging_mixin.py:151} INFO - [2023-08-31T19:14:10.677+0300] {dagbag.py:539} INFO - Filling up the DagBag from /home/miminari/repos/airflow_project/env/lib/python3.10/site-packages/airflow/example_dags/example_dynamic_task_mapping.py
[2023-08-31T19:14:10.682+0300] {processor.py:839} INFO - DAG(s) dict_keys(['example_dynamic_task_mapping']) retrieved from /home/miminari/repos/airflow_project/env/lib/python3.10/site-packages/airflow/example_dags/example_dynamic_task_mapping.py
[2023-08-31T19:14:10.708+0300] {logging_mixin.py:151} INFO - [2023-08-31T19:14:10.708+0300] {dag.py:2907} INFO - Sync 1 DAGs
[2023-08-31T19:14:10.726+0300] {logging_mixin.py:151} INFO - [2023-08-31T19:14:10.726+0300] {dag.py:3677} INFO - Setting next_dagrun for example_dynamic_task_mapping to 2022-03-04T00:00:00+00:00, run_after=2022-03-05T00:00:00+00:00
[2023-08-31T19:14:10.742+0300] {processor.py:179} INFO - Processing /home/miminari/repos/airflow_project/env/lib/python3.10/site-packages/airflow/example_dags/example_dynamic_task_mapping.py took 0.069 seconds
[2023-08-31T19:14:40.846+0300] {processor.py:157} INFO - Started process (PID=19141) to work on /home/miminari/repos/airflow_project/env/lib/python3.10/site-packages/airflow/example_dags/example_dynamic_task_mapping.py
[2023-08-31T19:14:40.847+0300] {processor.py:829} INFO - Processing file /home/miminari/repos/airflow_project/env/lib/python3.10/site-packages/airflow/example_dags/example_dynamic_task_mapping.py for tasks to queue
[2023-08-31T19:14:40.847+0300] {logging_mixin.py:151} INFO - [2023-08-31T19:14:40.847+0300] {dagbag.py:539} INFO - Filling up the DagBag from /home/miminari/repos/airflow_project/env/lib/python3.10/site-packages/airflow/example_dags/example_dynamic_task_mapping.py
[2023-08-31T19:14:40.853+0300] {processor.py:839} INFO - DAG(s) dict_keys(['example_dynamic_task_mapping']) retrieved from /home/miminari/repos/airflow_project/env/lib/python3.10/site-packages/airflow/example_dags/example_dynamic_task_mapping.py
[2023-08-31T19:14:40.885+0300] {logging_mixin.py:151} INFO - [2023-08-31T19:14:40.885+0300] {dag.py:2907} INFO - Sync 1 DAGs
[2023-08-31T19:14:40.904+0300] {logging_mixin.py:151} INFO - [2023-08-31T19:14:40.904+0300] {dag.py:3677} INFO - Setting next_dagrun for example_dynamic_task_mapping to 2022-03-04T00:00:00+00:00, run_after=2022-03-05T00:00:00+00:00
[2023-08-31T19:14:40.917+0300] {processor.py:179} INFO - Processing /home/miminari/repos/airflow_project/env/lib/python3.10/site-packages/airflow/example_dags/example_dynamic_task_mapping.py took 0.073 seconds
[2023-08-31T19:15:11.125+0300] {processor.py:157} INFO - Started process (PID=19342) to work on /home/miminari/repos/airflow_project/env/lib/python3.10/site-packages/airflow/example_dags/example_dynamic_task_mapping.py
[2023-08-31T19:15:11.126+0300] {processor.py:829} INFO - Processing file /home/miminari/repos/airflow_project/env/lib/python3.10/site-packages/airflow/example_dags/example_dynamic_task_mapping.py for tasks to queue
[2023-08-31T19:15:11.126+0300] {logging_mixin.py:151} INFO - [2023-08-31T19:15:11.126+0300] {dagbag.py:539} INFO - Filling up the DagBag from /home/miminari/repos/airflow_project/env/lib/python3.10/site-packages/airflow/example_dags/example_dynamic_task_mapping.py
[2023-08-31T19:15:11.132+0300] {processor.py:839} INFO - DAG(s) dict_keys(['example_dynamic_task_mapping']) retrieved from /home/miminari/repos/airflow_project/env/lib/python3.10/site-packages/airflow/example_dags/example_dynamic_task_mapping.py
[2023-08-31T19:15:11.155+0300] {logging_mixin.py:151} INFO - [2023-08-31T19:15:11.155+0300] {dag.py:2907} INFO - Sync 1 DAGs
[2023-08-31T19:15:11.176+0300] {logging_mixin.py:151} INFO - [2023-08-31T19:15:11.176+0300] {dag.py:3677} INFO - Setting next_dagrun for example_dynamic_task_mapping to 2022-03-04T00:00:00+00:00, run_after=2022-03-05T00:00:00+00:00
[2023-08-31T19:15:11.194+0300] {processor.py:179} INFO - Processing /home/miminari/repos/airflow_project/env/lib/python3.10/site-packages/airflow/example_dags/example_dynamic_task_mapping.py took 0.072 seconds
[2023-08-31T19:15:41.279+0300] {processor.py:157} INFO - Started process (PID=19439) to work on /home/miminari/repos/airflow_project/env/lib/python3.10/site-packages/airflow/example_dags/example_dynamic_task_mapping.py
[2023-08-31T19:15:41.279+0300] {processor.py:829} INFO - Processing file /home/miminari/repos/airflow_project/env/lib/python3.10/site-packages/airflow/example_dags/example_dynamic_task_mapping.py for tasks to queue
[2023-08-31T19:15:41.280+0300] {logging_mixin.py:151} INFO - [2023-08-31T19:15:41.280+0300] {dagbag.py:539} INFO - Filling up the DagBag from /home/miminari/repos/airflow_project/env/lib/python3.10/site-packages/airflow/example_dags/example_dynamic_task_mapping.py
[2023-08-31T19:15:41.285+0300] {processor.py:839} INFO - DAG(s) dict_keys(['example_dynamic_task_mapping']) retrieved from /home/miminari/repos/airflow_project/env/lib/python3.10/site-packages/airflow/example_dags/example_dynamic_task_mapping.py
[2023-08-31T19:15:41.306+0300] {logging_mixin.py:151} INFO - [2023-08-31T19:15:41.305+0300] {dag.py:2907} INFO - Sync 1 DAGs
[2023-08-31T19:15:41.325+0300] {logging_mixin.py:151} INFO - [2023-08-31T19:15:41.325+0300] {dag.py:3677} INFO - Setting next_dagrun for example_dynamic_task_mapping to 2022-03-04T00:00:00+00:00, run_after=2022-03-05T00:00:00+00:00
[2023-08-31T19:15:41.340+0300] {processor.py:179} INFO - Processing /home/miminari/repos/airflow_project/env/lib/python3.10/site-packages/airflow/example_dags/example_dynamic_task_mapping.py took 0.063 seconds
[2023-08-31T19:16:11.645+0300] {processor.py:157} INFO - Started process (PID=19593) to work on /home/miminari/repos/airflow_project/env/lib/python3.10/site-packages/airflow/example_dags/example_dynamic_task_mapping.py
[2023-08-31T19:16:11.648+0300] {processor.py:829} INFO - Processing file /home/miminari/repos/airflow_project/env/lib/python3.10/site-packages/airflow/example_dags/example_dynamic_task_mapping.py for tasks to queue
[2023-08-31T19:16:11.649+0300] {logging_mixin.py:151} INFO - [2023-08-31T19:16:11.649+0300] {dagbag.py:539} INFO - Filling up the DagBag from /home/miminari/repos/airflow_project/env/lib/python3.10/site-packages/airflow/example_dags/example_dynamic_task_mapping.py
[2023-08-31T19:16:11.656+0300] {processor.py:839} INFO - DAG(s) dict_keys(['example_dynamic_task_mapping']) retrieved from /home/miminari/repos/airflow_project/env/lib/python3.10/site-packages/airflow/example_dags/example_dynamic_task_mapping.py
[2023-08-31T19:16:11.679+0300] {logging_mixin.py:151} INFO - [2023-08-31T19:16:11.679+0300] {dag.py:2907} INFO - Sync 1 DAGs
[2023-08-31T19:16:11.702+0300] {logging_mixin.py:151} INFO - [2023-08-31T19:16:11.702+0300] {dag.py:3677} INFO - Setting next_dagrun for example_dynamic_task_mapping to 2022-03-04T00:00:00+00:00, run_after=2022-03-05T00:00:00+00:00
[2023-08-31T19:16:11.718+0300] {processor.py:179} INFO - Processing /home/miminari/repos/airflow_project/env/lib/python3.10/site-packages/airflow/example_dags/example_dynamic_task_mapping.py took 0.078 seconds
[2023-08-31T19:16:41.943+0300] {processor.py:157} INFO - Started process (PID=19693) to work on /home/miminari/repos/airflow_project/env/lib/python3.10/site-packages/airflow/example_dags/example_dynamic_task_mapping.py
[2023-08-31T19:16:41.944+0300] {processor.py:829} INFO - Processing file /home/miminari/repos/airflow_project/env/lib/python3.10/site-packages/airflow/example_dags/example_dynamic_task_mapping.py for tasks to queue
[2023-08-31T19:16:41.944+0300] {logging_mixin.py:151} INFO - [2023-08-31T19:16:41.944+0300] {dagbag.py:539} INFO - Filling up the DagBag from /home/miminari/repos/airflow_project/env/lib/python3.10/site-packages/airflow/example_dags/example_dynamic_task_mapping.py
[2023-08-31T19:16:41.950+0300] {processor.py:839} INFO - DAG(s) dict_keys(['example_dynamic_task_mapping']) retrieved from /home/miminari/repos/airflow_project/env/lib/python3.10/site-packages/airflow/example_dags/example_dynamic_task_mapping.py
[2023-08-31T19:16:41.977+0300] {logging_mixin.py:151} INFO - [2023-08-31T19:16:41.977+0300] {dag.py:2907} INFO - Sync 1 DAGs
[2023-08-31T19:16:41.997+0300] {logging_mixin.py:151} INFO - [2023-08-31T19:16:41.997+0300] {dag.py:3677} INFO - Setting next_dagrun for example_dynamic_task_mapping to 2022-03-04T00:00:00+00:00, run_after=2022-03-05T00:00:00+00:00
[2023-08-31T19:16:42.018+0300] {processor.py:179} INFO - Processing /home/miminari/repos/airflow_project/env/lib/python3.10/site-packages/airflow/example_dags/example_dynamic_task_mapping.py took 0.077 seconds
