[2023-08-31T19:12:10.114+0300] {processor.py:157} INFO - Started process (PID=18659) to work on /home/miminari/repos/airflow_project/env/lib/python3.10/site-packages/airflow/example_dags/example_branch_python_dop_operator_3.py
[2023-08-31T19:12:10.114+0300] {processor.py:829} INFO - Processing file /home/miminari/repos/airflow_project/env/lib/python3.10/site-packages/airflow/example_dags/example_branch_python_dop_operator_3.py for tasks to queue
[2023-08-31T19:12:10.115+0300] {logging_mixin.py:151} INFO - [2023-08-31T19:12:10.115+0300] {dagbag.py:539} INFO - Filling up the DagBag from /home/miminari/repos/airflow_project/env/lib/python3.10/site-packages/airflow/example_dags/example_branch_python_dop_operator_3.py
[2023-08-31T19:12:10.122+0300] {processor.py:839} INFO - DAG(s) dict_keys(['example_branch_dop_operator_v3']) retrieved from /home/miminari/repos/airflow_project/env/lib/python3.10/site-packages/airflow/example_dags/example_branch_python_dop_operator_3.py
[2023-08-31T19:12:10.206+0300] {logging_mixin.py:151} INFO - [2023-08-31T19:12:10.205+0300] {manager.py:501} INFO - Created Permission View: can read on DAG:example_branch_dop_operator_v3
[2023-08-31T19:12:10.213+0300] {logging_mixin.py:151} INFO - [2023-08-31T19:12:10.213+0300] {manager.py:501} INFO - Created Permission View: can delete on DAG:example_branch_dop_operator_v3
[2023-08-31T19:12:10.218+0300] {logging_mixin.py:151} INFO - [2023-08-31T19:12:10.218+0300] {manager.py:501} INFO - Created Permission View: can edit on DAG:example_branch_dop_operator_v3
[2023-08-31T19:12:10.228+0300] {logging_mixin.py:151} INFO - [2023-08-31T19:12:10.228+0300] {dag.py:2907} INFO - Sync 1 DAGs
[2023-08-31T19:12:10.238+0300] {logging_mixin.py:151} INFO - [2023-08-31T19:12:10.238+0300] {dag.py:2929} INFO - Creating ORM DAG for example_branch_dop_operator_v3
[2023-08-31T19:12:10.251+0300] {logging_mixin.py:151} INFO - [2023-08-31T19:12:10.250+0300] {dag.py:3677} INFO - Setting next_dagrun for example_branch_dop_operator_v3 to 2023-08-31T16:11:00+00:00, run_after=2023-08-31T16:12:00+00:00
[2023-08-31T19:12:10.264+0300] {processor.py:179} INFO - Processing /home/miminari/repos/airflow_project/env/lib/python3.10/site-packages/airflow/example_dags/example_branch_python_dop_operator_3.py took 0.152 seconds
[2023-08-31T19:12:40.488+0300] {processor.py:157} INFO - Started process (PID=18753) to work on /home/miminari/repos/airflow_project/env/lib/python3.10/site-packages/airflow/example_dags/example_branch_python_dop_operator_3.py
[2023-08-31T19:12:40.489+0300] {processor.py:829} INFO - Processing file /home/miminari/repos/airflow_project/env/lib/python3.10/site-packages/airflow/example_dags/example_branch_python_dop_operator_3.py for tasks to queue
[2023-08-31T19:12:40.489+0300] {logging_mixin.py:151} INFO - [2023-08-31T19:12:40.489+0300] {dagbag.py:539} INFO - Filling up the DagBag from /home/miminari/repos/airflow_project/env/lib/python3.10/site-packages/airflow/example_dags/example_branch_python_dop_operator_3.py
[2023-08-31T19:12:40.496+0300] {processor.py:839} INFO - DAG(s) dict_keys(['example_branch_dop_operator_v3']) retrieved from /home/miminari/repos/airflow_project/env/lib/python3.10/site-packages/airflow/example_dags/example_branch_python_dop_operator_3.py
[2023-08-31T19:12:40.519+0300] {logging_mixin.py:151} INFO - [2023-08-31T19:12:40.519+0300] {dag.py:2907} INFO - Sync 1 DAGs
[2023-08-31T19:12:40.542+0300] {logging_mixin.py:151} INFO - [2023-08-31T19:12:40.541+0300] {dag.py:3677} INFO - Setting next_dagrun for example_branch_dop_operator_v3 to 2023-08-31T16:11:00+00:00, run_after=2023-08-31T16:12:00+00:00
[2023-08-31T19:12:40.558+0300] {processor.py:179} INFO - Processing /home/miminari/repos/airflow_project/env/lib/python3.10/site-packages/airflow/example_dags/example_branch_python_dop_operator_3.py took 0.072 seconds
[2023-08-31T19:13:10.607+0300] {processor.py:157} INFO - Started process (PID=18853) to work on /home/miminari/repos/airflow_project/env/lib/python3.10/site-packages/airflow/example_dags/example_branch_python_dop_operator_3.py
[2023-08-31T19:13:10.608+0300] {processor.py:829} INFO - Processing file /home/miminari/repos/airflow_project/env/lib/python3.10/site-packages/airflow/example_dags/example_branch_python_dop_operator_3.py for tasks to queue
[2023-08-31T19:13:10.608+0300] {logging_mixin.py:151} INFO - [2023-08-31T19:13:10.608+0300] {dagbag.py:539} INFO - Filling up the DagBag from /home/miminari/repos/airflow_project/env/lib/python3.10/site-packages/airflow/example_dags/example_branch_python_dop_operator_3.py
[2023-08-31T19:13:10.615+0300] {processor.py:839} INFO - DAG(s) dict_keys(['example_branch_dop_operator_v3']) retrieved from /home/miminari/repos/airflow_project/env/lib/python3.10/site-packages/airflow/example_dags/example_branch_python_dop_operator_3.py
[2023-08-31T19:13:10.638+0300] {logging_mixin.py:151} INFO - [2023-08-31T19:13:10.638+0300] {dag.py:2907} INFO - Sync 1 DAGs
[2023-08-31T19:13:10.663+0300] {logging_mixin.py:151} INFO - [2023-08-31T19:13:10.662+0300] {dag.py:3677} INFO - Setting next_dagrun for example_branch_dop_operator_v3 to 2023-08-31T16:12:00+00:00, run_after=2023-08-31T16:13:00+00:00
[2023-08-31T19:13:10.677+0300] {processor.py:179} INFO - Processing /home/miminari/repos/airflow_project/env/lib/python3.10/site-packages/airflow/example_dags/example_branch_python_dop_operator_3.py took 0.073 seconds
[2023-08-31T19:13:40.833+0300] {processor.py:157} INFO - Started process (PID=18961) to work on /home/miminari/repos/airflow_project/env/lib/python3.10/site-packages/airflow/example_dags/example_branch_python_dop_operator_3.py
[2023-08-31T19:13:40.834+0300] {processor.py:829} INFO - Processing file /home/miminari/repos/airflow_project/env/lib/python3.10/site-packages/airflow/example_dags/example_branch_python_dop_operator_3.py for tasks to queue
[2023-08-31T19:13:40.834+0300] {logging_mixin.py:151} INFO - [2023-08-31T19:13:40.834+0300] {dagbag.py:539} INFO - Filling up the DagBag from /home/miminari/repos/airflow_project/env/lib/python3.10/site-packages/airflow/example_dags/example_branch_python_dop_operator_3.py
[2023-08-31T19:13:40.841+0300] {processor.py:839} INFO - DAG(s) dict_keys(['example_branch_dop_operator_v3']) retrieved from /home/miminari/repos/airflow_project/env/lib/python3.10/site-packages/airflow/example_dags/example_branch_python_dop_operator_3.py
[2023-08-31T19:13:40.864+0300] {logging_mixin.py:151} INFO - [2023-08-31T19:13:40.863+0300] {dag.py:2907} INFO - Sync 1 DAGs
[2023-08-31T19:13:40.894+0300] {logging_mixin.py:151} INFO - [2023-08-31T19:13:40.894+0300] {dag.py:3677} INFO - Setting next_dagrun for example_branch_dop_operator_v3 to 2023-08-31T16:12:00+00:00, run_after=2023-08-31T16:13:00+00:00
[2023-08-31T19:13:40.921+0300] {processor.py:179} INFO - Processing /home/miminari/repos/airflow_project/env/lib/python3.10/site-packages/airflow/example_dags/example_branch_python_dop_operator_3.py took 0.090 seconds
[2023-08-31T19:14:10.985+0300] {processor.py:157} INFO - Started process (PID=19059) to work on /home/miminari/repos/airflow_project/env/lib/python3.10/site-packages/airflow/example_dags/example_branch_python_dop_operator_3.py
[2023-08-31T19:14:10.985+0300] {processor.py:829} INFO - Processing file /home/miminari/repos/airflow_project/env/lib/python3.10/site-packages/airflow/example_dags/example_branch_python_dop_operator_3.py for tasks to queue
[2023-08-31T19:14:10.986+0300] {logging_mixin.py:151} INFO - [2023-08-31T19:14:10.986+0300] {dagbag.py:539} INFO - Filling up the DagBag from /home/miminari/repos/airflow_project/env/lib/python3.10/site-packages/airflow/example_dags/example_branch_python_dop_operator_3.py
[2023-08-31T19:14:10.992+0300] {processor.py:839} INFO - DAG(s) dict_keys(['example_branch_dop_operator_v3']) retrieved from /home/miminari/repos/airflow_project/env/lib/python3.10/site-packages/airflow/example_dags/example_branch_python_dop_operator_3.py
[2023-08-31T19:14:11.015+0300] {logging_mixin.py:151} INFO - [2023-08-31T19:14:11.015+0300] {dag.py:2907} INFO - Sync 1 DAGs
[2023-08-31T19:14:11.037+0300] {logging_mixin.py:151} INFO - [2023-08-31T19:14:11.037+0300] {dag.py:3677} INFO - Setting next_dagrun for example_branch_dop_operator_v3 to 2023-08-31T16:13:00+00:00, run_after=2023-08-31T16:14:00+00:00
[2023-08-31T19:14:11.052+0300] {processor.py:179} INFO - Processing /home/miminari/repos/airflow_project/env/lib/python3.10/site-packages/airflow/example_dags/example_branch_python_dop_operator_3.py took 0.069 seconds
[2023-08-31T19:14:41.212+0300] {processor.py:157} INFO - Started process (PID=19154) to work on /home/miminari/repos/airflow_project/env/lib/python3.10/site-packages/airflow/example_dags/example_branch_python_dop_operator_3.py
[2023-08-31T19:14:41.212+0300] {processor.py:829} INFO - Processing file /home/miminari/repos/airflow_project/env/lib/python3.10/site-packages/airflow/example_dags/example_branch_python_dop_operator_3.py for tasks to queue
[2023-08-31T19:14:41.213+0300] {logging_mixin.py:151} INFO - [2023-08-31T19:14:41.213+0300] {dagbag.py:539} INFO - Filling up the DagBag from /home/miminari/repos/airflow_project/env/lib/python3.10/site-packages/airflow/example_dags/example_branch_python_dop_operator_3.py
[2023-08-31T19:14:41.241+0300] {processor.py:839} INFO - DAG(s) dict_keys(['example_branch_dop_operator_v3']) retrieved from /home/miminari/repos/airflow_project/env/lib/python3.10/site-packages/airflow/example_dags/example_branch_python_dop_operator_3.py
[2023-08-31T19:14:41.278+0300] {logging_mixin.py:151} INFO - [2023-08-31T19:14:41.278+0300] {dag.py:2907} INFO - Sync 1 DAGs
[2023-08-31T19:14:41.303+0300] {logging_mixin.py:151} INFO - [2023-08-31T19:14:41.302+0300] {dag.py:3677} INFO - Setting next_dagrun for example_branch_dop_operator_v3 to 2023-08-31T16:13:00+00:00, run_after=2023-08-31T16:14:00+00:00
[2023-08-31T19:14:41.317+0300] {processor.py:179} INFO - Processing /home/miminari/repos/airflow_project/env/lib/python3.10/site-packages/airflow/example_dags/example_branch_python_dop_operator_3.py took 0.107 seconds
[2023-08-31T19:15:11.532+0300] {processor.py:157} INFO - Started process (PID=19355) to work on /home/miminari/repos/airflow_project/env/lib/python3.10/site-packages/airflow/example_dags/example_branch_python_dop_operator_3.py
[2023-08-31T19:15:11.532+0300] {processor.py:829} INFO - Processing file /home/miminari/repos/airflow_project/env/lib/python3.10/site-packages/airflow/example_dags/example_branch_python_dop_operator_3.py for tasks to queue
[2023-08-31T19:15:11.533+0300] {logging_mixin.py:151} INFO - [2023-08-31T19:15:11.533+0300] {dagbag.py:539} INFO - Filling up the DagBag from /home/miminari/repos/airflow_project/env/lib/python3.10/site-packages/airflow/example_dags/example_branch_python_dop_operator_3.py
[2023-08-31T19:15:11.540+0300] {processor.py:839} INFO - DAG(s) dict_keys(['example_branch_dop_operator_v3']) retrieved from /home/miminari/repos/airflow_project/env/lib/python3.10/site-packages/airflow/example_dags/example_branch_python_dop_operator_3.py
[2023-08-31T19:15:11.564+0300] {logging_mixin.py:151} INFO - [2023-08-31T19:15:11.564+0300] {dag.py:2907} INFO - Sync 1 DAGs
[2023-08-31T19:15:11.595+0300] {logging_mixin.py:151} INFO - [2023-08-31T19:15:11.595+0300] {dag.py:3677} INFO - Setting next_dagrun for example_branch_dop_operator_v3 to 2023-08-31T16:14:00+00:00, run_after=2023-08-31T16:15:00+00:00
[2023-08-31T19:15:11.610+0300] {processor.py:179} INFO - Processing /home/miminari/repos/airflow_project/env/lib/python3.10/site-packages/airflow/example_dags/example_branch_python_dop_operator_3.py took 0.080 seconds
[2023-08-31T19:15:41.673+0300] {processor.py:157} INFO - Started process (PID=19453) to work on /home/miminari/repos/airflow_project/env/lib/python3.10/site-packages/airflow/example_dags/example_branch_python_dop_operator_3.py
[2023-08-31T19:15:41.674+0300] {processor.py:829} INFO - Processing file /home/miminari/repos/airflow_project/env/lib/python3.10/site-packages/airflow/example_dags/example_branch_python_dop_operator_3.py for tasks to queue
[2023-08-31T19:15:41.675+0300] {logging_mixin.py:151} INFO - [2023-08-31T19:15:41.674+0300] {dagbag.py:539} INFO - Filling up the DagBag from /home/miminari/repos/airflow_project/env/lib/python3.10/site-packages/airflow/example_dags/example_branch_python_dop_operator_3.py
[2023-08-31T19:15:41.683+0300] {processor.py:839} INFO - DAG(s) dict_keys(['example_branch_dop_operator_v3']) retrieved from /home/miminari/repos/airflow_project/env/lib/python3.10/site-packages/airflow/example_dags/example_branch_python_dop_operator_3.py
[2023-08-31T19:15:41.712+0300] {logging_mixin.py:151} INFO - [2023-08-31T19:15:41.712+0300] {dag.py:2907} INFO - Sync 1 DAGs
[2023-08-31T19:15:41.736+0300] {logging_mixin.py:151} INFO - [2023-08-31T19:15:41.735+0300] {dag.py:3677} INFO - Setting next_dagrun for example_branch_dop_operator_v3 to 2023-08-31T16:14:00+00:00, run_after=2023-08-31T16:15:00+00:00
[2023-08-31T19:15:41.751+0300] {processor.py:179} INFO - Processing /home/miminari/repos/airflow_project/env/lib/python3.10/site-packages/airflow/example_dags/example_branch_python_dop_operator_3.py took 0.080 seconds
[2023-08-31T19:16:12.187+0300] {processor.py:157} INFO - Started process (PID=19610) to work on /home/miminari/repos/airflow_project/env/lib/python3.10/site-packages/airflow/example_dags/example_branch_python_dop_operator_3.py
[2023-08-31T19:16:12.187+0300] {processor.py:829} INFO - Processing file /home/miminari/repos/airflow_project/env/lib/python3.10/site-packages/airflow/example_dags/example_branch_python_dop_operator_3.py for tasks to queue
[2023-08-31T19:16:12.188+0300] {logging_mixin.py:151} INFO - [2023-08-31T19:16:12.188+0300] {dagbag.py:539} INFO - Filling up the DagBag from /home/miminari/repos/airflow_project/env/lib/python3.10/site-packages/airflow/example_dags/example_branch_python_dop_operator_3.py
[2023-08-31T19:16:12.195+0300] {processor.py:839} INFO - DAG(s) dict_keys(['example_branch_dop_operator_v3']) retrieved from /home/miminari/repos/airflow_project/env/lib/python3.10/site-packages/airflow/example_dags/example_branch_python_dop_operator_3.py
[2023-08-31T19:16:12.220+0300] {logging_mixin.py:151} INFO - [2023-08-31T19:16:12.220+0300] {dag.py:2907} INFO - Sync 1 DAGs
[2023-08-31T19:16:12.245+0300] {logging_mixin.py:151} INFO - [2023-08-31T19:16:12.244+0300] {dag.py:3677} INFO - Setting next_dagrun for example_branch_dop_operator_v3 to 2023-08-31T16:15:00+00:00, run_after=2023-08-31T16:16:00+00:00
[2023-08-31T19:16:12.259+0300] {processor.py:179} INFO - Processing /home/miminari/repos/airflow_project/env/lib/python3.10/site-packages/airflow/example_dags/example_branch_python_dop_operator_3.py took 0.075 seconds
[2023-08-31T19:16:42.401+0300] {processor.py:157} INFO - Started process (PID=19710) to work on /home/miminari/repos/airflow_project/env/lib/python3.10/site-packages/airflow/example_dags/example_branch_python_dop_operator_3.py
[2023-08-31T19:16:42.402+0300] {processor.py:829} INFO - Processing file /home/miminari/repos/airflow_project/env/lib/python3.10/site-packages/airflow/example_dags/example_branch_python_dop_operator_3.py for tasks to queue
[2023-08-31T19:16:42.402+0300] {logging_mixin.py:151} INFO - [2023-08-31T19:16:42.402+0300] {dagbag.py:539} INFO - Filling up the DagBag from /home/miminari/repos/airflow_project/env/lib/python3.10/site-packages/airflow/example_dags/example_branch_python_dop_operator_3.py
[2023-08-31T19:16:42.409+0300] {processor.py:839} INFO - DAG(s) dict_keys(['example_branch_dop_operator_v3']) retrieved from /home/miminari/repos/airflow_project/env/lib/python3.10/site-packages/airflow/example_dags/example_branch_python_dop_operator_3.py
[2023-08-31T19:16:42.433+0300] {logging_mixin.py:151} INFO - [2023-08-31T19:16:42.433+0300] {dag.py:2907} INFO - Sync 1 DAGs
[2023-08-31T19:16:42.456+0300] {logging_mixin.py:151} INFO - [2023-08-31T19:16:42.455+0300] {dag.py:3677} INFO - Setting next_dagrun for example_branch_dop_operator_v3 to 2023-08-31T16:15:00+00:00, run_after=2023-08-31T16:16:00+00:00
[2023-08-31T19:16:42.470+0300] {processor.py:179} INFO - Processing /home/miminari/repos/airflow_project/env/lib/python3.10/site-packages/airflow/example_dags/example_branch_python_dop_operator_3.py took 0.072 seconds
[2023-08-31T19:17:12.681+0300] {processor.py:157} INFO - Started process (PID=19880) to work on /home/miminari/repos/airflow_project/env/lib/python3.10/site-packages/airflow/example_dags/example_branch_python_dop_operator_3.py
[2023-08-31T19:17:12.681+0300] {processor.py:829} INFO - Processing file /home/miminari/repos/airflow_project/env/lib/python3.10/site-packages/airflow/example_dags/example_branch_python_dop_operator_3.py for tasks to queue
[2023-08-31T19:17:12.682+0300] {logging_mixin.py:151} INFO - [2023-08-31T19:17:12.682+0300] {dagbag.py:539} INFO - Filling up the DagBag from /home/miminari/repos/airflow_project/env/lib/python3.10/site-packages/airflow/example_dags/example_branch_python_dop_operator_3.py
[2023-08-31T19:17:12.689+0300] {processor.py:839} INFO - DAG(s) dict_keys(['example_branch_dop_operator_v3']) retrieved from /home/miminari/repos/airflow_project/env/lib/python3.10/site-packages/airflow/example_dags/example_branch_python_dop_operator_3.py
[2023-08-31T19:17:12.714+0300] {logging_mixin.py:151} INFO - [2023-08-31T19:17:12.714+0300] {dag.py:2907} INFO - Sync 1 DAGs
[2023-08-31T19:17:12.738+0300] {logging_mixin.py:151} INFO - [2023-08-31T19:17:12.738+0300] {dag.py:3677} INFO - Setting next_dagrun for example_branch_dop_operator_v3 to 2023-08-31T16:16:00+00:00, run_after=2023-08-31T16:17:00+00:00
[2023-08-31T19:17:12.752+0300] {processor.py:179} INFO - Processing /home/miminari/repos/airflow_project/env/lib/python3.10/site-packages/airflow/example_dags/example_branch_python_dop_operator_3.py took 0.074 seconds
[2023-08-31T19:17:43.809+0300] {processor.py:157} INFO - Started process (PID=20016) to work on /home/miminari/repos/airflow_project/env/lib/python3.10/site-packages/airflow/example_dags/example_branch_python_dop_operator_3.py
[2023-08-31T19:17:43.809+0300] {processor.py:829} INFO - Processing file /home/miminari/repos/airflow_project/env/lib/python3.10/site-packages/airflow/example_dags/example_branch_python_dop_operator_3.py for tasks to queue
[2023-08-31T19:17:43.810+0300] {logging_mixin.py:151} INFO - [2023-08-31T19:17:43.810+0300] {dagbag.py:539} INFO - Filling up the DagBag from /home/miminari/repos/airflow_project/env/lib/python3.10/site-packages/airflow/example_dags/example_branch_python_dop_operator_3.py
[2023-08-31T19:17:43.817+0300] {processor.py:839} INFO - DAG(s) dict_keys(['example_branch_dop_operator_v3']) retrieved from /home/miminari/repos/airflow_project/env/lib/python3.10/site-packages/airflow/example_dags/example_branch_python_dop_operator_3.py
[2023-08-31T19:17:43.840+0300] {logging_mixin.py:151} INFO - [2023-08-31T19:17:43.840+0300] {dag.py:2907} INFO - Sync 1 DAGs
[2023-08-31T19:17:43.865+0300] {logging_mixin.py:151} INFO - [2023-08-31T19:17:43.865+0300] {dag.py:3677} INFO - Setting next_dagrun for example_branch_dop_operator_v3 to 2023-08-31T16:16:00+00:00, run_after=2023-08-31T16:17:00+00:00
[2023-08-31T19:17:43.878+0300] {processor.py:179} INFO - Processing /home/miminari/repos/airflow_project/env/lib/python3.10/site-packages/airflow/example_dags/example_branch_python_dop_operator_3.py took 0.072 seconds
[2023-08-31T19:18:14.959+0300] {processor.py:157} INFO - Started process (PID=20125) to work on /home/miminari/repos/airflow_project/env/lib/python3.10/site-packages/airflow/example_dags/example_branch_python_dop_operator_3.py
[2023-08-31T19:18:14.960+0300] {processor.py:829} INFO - Processing file /home/miminari/repos/airflow_project/env/lib/python3.10/site-packages/airflow/example_dags/example_branch_python_dop_operator_3.py for tasks to queue
[2023-08-31T19:18:14.961+0300] {logging_mixin.py:151} INFO - [2023-08-31T19:18:14.960+0300] {dagbag.py:539} INFO - Filling up the DagBag from /home/miminari/repos/airflow_project/env/lib/python3.10/site-packages/airflow/example_dags/example_branch_python_dop_operator_3.py
[2023-08-31T19:18:14.967+0300] {processor.py:839} INFO - DAG(s) dict_keys(['example_branch_dop_operator_v3']) retrieved from /home/miminari/repos/airflow_project/env/lib/python3.10/site-packages/airflow/example_dags/example_branch_python_dop_operator_3.py
[2023-08-31T19:18:15.000+0300] {logging_mixin.py:151} INFO - [2023-08-31T19:18:15.000+0300] {dag.py:2907} INFO - Sync 1 DAGs
[2023-08-31T19:18:15.032+0300] {logging_mixin.py:151} INFO - [2023-08-31T19:18:15.032+0300] {dag.py:3677} INFO - Setting next_dagrun for example_branch_dop_operator_v3 to 2023-08-31T16:17:00+00:00, run_after=2023-08-31T16:18:00+00:00
[2023-08-31T19:18:15.049+0300] {processor.py:179} INFO - Processing /home/miminari/repos/airflow_project/env/lib/python3.10/site-packages/airflow/example_dags/example_branch_python_dop_operator_3.py took 0.093 seconds
[2023-08-31T19:18:45.217+0300] {processor.py:157} INFO - Started process (PID=20220) to work on /home/miminari/repos/airflow_project/env/lib/python3.10/site-packages/airflow/example_dags/example_branch_python_dop_operator_3.py
[2023-08-31T19:18:45.218+0300] {processor.py:829} INFO - Processing file /home/miminari/repos/airflow_project/env/lib/python3.10/site-packages/airflow/example_dags/example_branch_python_dop_operator_3.py for tasks to queue
[2023-08-31T19:18:45.219+0300] {logging_mixin.py:151} INFO - [2023-08-31T19:18:45.218+0300] {dagbag.py:539} INFO - Filling up the DagBag from /home/miminari/repos/airflow_project/env/lib/python3.10/site-packages/airflow/example_dags/example_branch_python_dop_operator_3.py
[2023-08-31T19:18:45.226+0300] {processor.py:839} INFO - DAG(s) dict_keys(['example_branch_dop_operator_v3']) retrieved from /home/miminari/repos/airflow_project/env/lib/python3.10/site-packages/airflow/example_dags/example_branch_python_dop_operator_3.py
[2023-08-31T19:18:45.250+0300] {logging_mixin.py:151} INFO - [2023-08-31T19:18:45.250+0300] {dag.py:2907} INFO - Sync 1 DAGs
[2023-08-31T19:18:45.275+0300] {logging_mixin.py:151} INFO - [2023-08-31T19:18:45.275+0300] {dag.py:3677} INFO - Setting next_dagrun for example_branch_dop_operator_v3 to 2023-08-31T16:17:00+00:00, run_after=2023-08-31T16:18:00+00:00
[2023-08-31T19:18:45.290+0300] {processor.py:179} INFO - Processing /home/miminari/repos/airflow_project/env/lib/python3.10/site-packages/airflow/example_dags/example_branch_python_dop_operator_3.py took 0.075 seconds
[2023-08-31T19:19:15.755+0300] {processor.py:157} INFO - Started process (PID=20325) to work on /home/miminari/repos/airflow_project/env/lib/python3.10/site-packages/airflow/example_dags/example_branch_python_dop_operator_3.py
[2023-08-31T19:19:15.756+0300] {processor.py:829} INFO - Processing file /home/miminari/repos/airflow_project/env/lib/python3.10/site-packages/airflow/example_dags/example_branch_python_dop_operator_3.py for tasks to queue
[2023-08-31T19:19:15.756+0300] {logging_mixin.py:151} INFO - [2023-08-31T19:19:15.756+0300] {dagbag.py:539} INFO - Filling up the DagBag from /home/miminari/repos/airflow_project/env/lib/python3.10/site-packages/airflow/example_dags/example_branch_python_dop_operator_3.py
[2023-08-31T19:19:15.764+0300] {processor.py:839} INFO - DAG(s) dict_keys(['example_branch_dop_operator_v3']) retrieved from /home/miminari/repos/airflow_project/env/lib/python3.10/site-packages/airflow/example_dags/example_branch_python_dop_operator_3.py
[2023-08-31T19:19:15.790+0300] {logging_mixin.py:151} INFO - [2023-08-31T19:19:15.789+0300] {dag.py:2907} INFO - Sync 1 DAGs
[2023-08-31T19:19:15.817+0300] {logging_mixin.py:151} INFO - [2023-08-31T19:19:15.816+0300] {dag.py:3677} INFO - Setting next_dagrun for example_branch_dop_operator_v3 to 2023-08-31T16:18:00+00:00, run_after=2023-08-31T16:19:00+00:00
[2023-08-31T19:19:15.834+0300] {processor.py:179} INFO - Processing /home/miminari/repos/airflow_project/env/lib/python3.10/site-packages/airflow/example_dags/example_branch_python_dop_operator_3.py took 0.081 seconds
[2023-08-31T19:19:46.090+0300] {processor.py:157} INFO - Started process (PID=20425) to work on /home/miminari/repos/airflow_project/env/lib/python3.10/site-packages/airflow/example_dags/example_branch_python_dop_operator_3.py
[2023-08-31T19:19:46.092+0300] {processor.py:829} INFO - Processing file /home/miminari/repos/airflow_project/env/lib/python3.10/site-packages/airflow/example_dags/example_branch_python_dop_operator_3.py for tasks to queue
[2023-08-31T19:19:46.093+0300] {logging_mixin.py:151} INFO - [2023-08-31T19:19:46.092+0300] {dagbag.py:539} INFO - Filling up the DagBag from /home/miminari/repos/airflow_project/env/lib/python3.10/site-packages/airflow/example_dags/example_branch_python_dop_operator_3.py
[2023-08-31T19:19:46.101+0300] {processor.py:839} INFO - DAG(s) dict_keys(['example_branch_dop_operator_v3']) retrieved from /home/miminari/repos/airflow_project/env/lib/python3.10/site-packages/airflow/example_dags/example_branch_python_dop_operator_3.py
[2023-08-31T19:19:46.130+0300] {logging_mixin.py:151} INFO - [2023-08-31T19:19:46.130+0300] {dag.py:2907} INFO - Sync 1 DAGs
[2023-08-31T19:19:46.159+0300] {logging_mixin.py:151} INFO - [2023-08-31T19:19:46.158+0300] {dag.py:3677} INFO - Setting next_dagrun for example_branch_dop_operator_v3 to 2023-08-31T16:18:00+00:00, run_after=2023-08-31T16:19:00+00:00
[2023-08-31T19:19:46.174+0300] {processor.py:179} INFO - Processing /home/miminari/repos/airflow_project/env/lib/python3.10/site-packages/airflow/example_dags/example_branch_python_dop_operator_3.py took 0.087 seconds
