[2023-08-31T19:12:06.040+0300] {processor.py:157} INFO - Started process (PID=18549) to work on /home/miminari/repos/airflow_project/env/lib/python3.10/site-packages/airflow/example_dags/example_setup_teardown_taskflow.py
[2023-08-31T19:12:06.041+0300] {processor.py:829} INFO - Processing file /home/miminari/repos/airflow_project/env/lib/python3.10/site-packages/airflow/example_dags/example_setup_teardown_taskflow.py for tasks to queue
[2023-08-31T19:12:06.041+0300] {logging_mixin.py:151} INFO - [2023-08-31T19:12:06.041+0300] {dagbag.py:539} INFO - Filling up the DagBag from /home/miminari/repos/airflow_project/env/lib/python3.10/site-packages/airflow/example_dags/example_setup_teardown_taskflow.py
[2023-08-31T19:12:06.049+0300] {processor.py:839} INFO - DAG(s) dict_keys(['example_setup_teardown_taskflow']) retrieved from /home/miminari/repos/airflow_project/env/lib/python3.10/site-packages/airflow/example_dags/example_setup_teardown_taskflow.py
[2023-08-31T19:12:06.270+0300] {logging_mixin.py:151} INFO - [2023-08-31T19:12:06.270+0300] {manager.py:501} INFO - Created Permission View: can read on DAG:example_setup_teardown_taskflow
[2023-08-31T19:12:06.280+0300] {logging_mixin.py:151} INFO - [2023-08-31T19:12:06.279+0300] {manager.py:501} INFO - Created Permission View: can delete on DAG:example_setup_teardown_taskflow
[2023-08-31T19:12:06.284+0300] {logging_mixin.py:151} INFO - [2023-08-31T19:12:06.284+0300] {manager.py:501} INFO - Created Permission View: can edit on DAG:example_setup_teardown_taskflow
[2023-08-31T19:12:06.295+0300] {logging_mixin.py:151} INFO - [2023-08-31T19:12:06.295+0300] {dag.py:2907} INFO - Sync 1 DAGs
[2023-08-31T19:12:06.303+0300] {logging_mixin.py:151} INFO - [2023-08-31T19:12:06.303+0300] {dag.py:2929} INFO - Creating ORM DAG for example_setup_teardown_taskflow
[2023-08-31T19:12:06.310+0300] {logging_mixin.py:151} INFO - [2023-08-31T19:12:06.310+0300] {dag.py:3677} INFO - Setting next_dagrun for example_setup_teardown_taskflow to 2023-08-30T16:12:06.310494+00:00, run_after=2023-08-31T16:12:06.310494+00:00
[2023-08-31T19:12:06.323+0300] {processor.py:179} INFO - Processing /home/miminari/repos/airflow_project/env/lib/python3.10/site-packages/airflow/example_dags/example_setup_teardown_taskflow.py took 0.285 seconds
[2023-08-31T19:12:36.796+0300] {processor.py:157} INFO - Started process (PID=18677) to work on /home/miminari/repos/airflow_project/env/lib/python3.10/site-packages/airflow/example_dags/example_setup_teardown_taskflow.py
[2023-08-31T19:12:36.797+0300] {processor.py:829} INFO - Processing file /home/miminari/repos/airflow_project/env/lib/python3.10/site-packages/airflow/example_dags/example_setup_teardown_taskflow.py for tasks to queue
[2023-08-31T19:12:36.797+0300] {logging_mixin.py:151} INFO - [2023-08-31T19:12:36.797+0300] {dagbag.py:539} INFO - Filling up the DagBag from /home/miminari/repos/airflow_project/env/lib/python3.10/site-packages/airflow/example_dags/example_setup_teardown_taskflow.py
[2023-08-31T19:12:36.808+0300] {processor.py:839} INFO - DAG(s) dict_keys(['example_setup_teardown_taskflow']) retrieved from /home/miminari/repos/airflow_project/env/lib/python3.10/site-packages/airflow/example_dags/example_setup_teardown_taskflow.py
[2023-08-31T19:12:36.831+0300] {logging_mixin.py:151} INFO - [2023-08-31T19:12:36.831+0300] {dag.py:2907} INFO - Sync 1 DAGs
[2023-08-31T19:12:36.849+0300] {logging_mixin.py:151} INFO - [2023-08-31T19:12:36.848+0300] {dag.py:3677} INFO - Setting next_dagrun for example_setup_teardown_taskflow to 2023-08-30T16:12:36.848627+00:00, run_after=2023-08-31T16:12:36.848627+00:00
[2023-08-31T19:12:36.863+0300] {processor.py:179} INFO - Processing /home/miminari/repos/airflow_project/env/lib/python3.10/site-packages/airflow/example_dags/example_setup_teardown_taskflow.py took 0.069 seconds
[2023-08-31T19:13:06.879+0300] {processor.py:157} INFO - Started process (PID=18776) to work on /home/miminari/repos/airflow_project/env/lib/python3.10/site-packages/airflow/example_dags/example_setup_teardown_taskflow.py
[2023-08-31T19:13:06.879+0300] {processor.py:829} INFO - Processing file /home/miminari/repos/airflow_project/env/lib/python3.10/site-packages/airflow/example_dags/example_setup_teardown_taskflow.py for tasks to queue
[2023-08-31T19:13:06.880+0300] {logging_mixin.py:151} INFO - [2023-08-31T19:13:06.880+0300] {dagbag.py:539} INFO - Filling up the DagBag from /home/miminari/repos/airflow_project/env/lib/python3.10/site-packages/airflow/example_dags/example_setup_teardown_taskflow.py
[2023-08-31T19:13:06.887+0300] {processor.py:839} INFO - DAG(s) dict_keys(['example_setup_teardown_taskflow']) retrieved from /home/miminari/repos/airflow_project/env/lib/python3.10/site-packages/airflow/example_dags/example_setup_teardown_taskflow.py
[2023-08-31T19:13:06.910+0300] {logging_mixin.py:151} INFO - [2023-08-31T19:13:06.910+0300] {dag.py:2907} INFO - Sync 1 DAGs
[2023-08-31T19:13:06.927+0300] {logging_mixin.py:151} INFO - [2023-08-31T19:13:06.927+0300] {dag.py:3677} INFO - Setting next_dagrun for example_setup_teardown_taskflow to 2023-08-30T16:13:06.927128+00:00, run_after=2023-08-31T16:13:06.927128+00:00
[2023-08-31T19:13:06.940+0300] {processor.py:179} INFO - Processing /home/miminari/repos/airflow_project/env/lib/python3.10/site-packages/airflow/example_dags/example_setup_teardown_taskflow.py took 0.063 seconds
[2023-08-31T19:13:36.965+0300] {processor.py:157} INFO - Started process (PID=18884) to work on /home/miminari/repos/airflow_project/env/lib/python3.10/site-packages/airflow/example_dags/example_setup_teardown_taskflow.py
[2023-08-31T19:13:36.965+0300] {processor.py:829} INFO - Processing file /home/miminari/repos/airflow_project/env/lib/python3.10/site-packages/airflow/example_dags/example_setup_teardown_taskflow.py for tasks to queue
[2023-08-31T19:13:36.966+0300] {logging_mixin.py:151} INFO - [2023-08-31T19:13:36.965+0300] {dagbag.py:539} INFO - Filling up the DagBag from /home/miminari/repos/airflow_project/env/lib/python3.10/site-packages/airflow/example_dags/example_setup_teardown_taskflow.py
[2023-08-31T19:13:36.973+0300] {processor.py:839} INFO - DAG(s) dict_keys(['example_setup_teardown_taskflow']) retrieved from /home/miminari/repos/airflow_project/env/lib/python3.10/site-packages/airflow/example_dags/example_setup_teardown_taskflow.py
[2023-08-31T19:13:36.993+0300] {logging_mixin.py:151} INFO - [2023-08-31T19:13:36.993+0300] {dag.py:2907} INFO - Sync 1 DAGs
[2023-08-31T19:13:37.010+0300] {logging_mixin.py:151} INFO - [2023-08-31T19:13:37.010+0300] {dag.py:3677} INFO - Setting next_dagrun for example_setup_teardown_taskflow to 2023-08-30T16:13:37.010333+00:00, run_after=2023-08-31T16:13:37.010333+00:00
[2023-08-31T19:13:37.023+0300] {processor.py:179} INFO - Processing /home/miminari/repos/airflow_project/env/lib/python3.10/site-packages/airflow/example_dags/example_setup_teardown_taskflow.py took 0.061 seconds
[2023-08-31T19:14:07.224+0300] {processor.py:157} INFO - Started process (PID=18982) to work on /home/miminari/repos/airflow_project/env/lib/python3.10/site-packages/airflow/example_dags/example_setup_teardown_taskflow.py
[2023-08-31T19:14:07.225+0300] {processor.py:829} INFO - Processing file /home/miminari/repos/airflow_project/env/lib/python3.10/site-packages/airflow/example_dags/example_setup_teardown_taskflow.py for tasks to queue
[2023-08-31T19:14:07.225+0300] {logging_mixin.py:151} INFO - [2023-08-31T19:14:07.225+0300] {dagbag.py:539} INFO - Filling up the DagBag from /home/miminari/repos/airflow_project/env/lib/python3.10/site-packages/airflow/example_dags/example_setup_teardown_taskflow.py
[2023-08-31T19:14:07.233+0300] {processor.py:839} INFO - DAG(s) dict_keys(['example_setup_teardown_taskflow']) retrieved from /home/miminari/repos/airflow_project/env/lib/python3.10/site-packages/airflow/example_dags/example_setup_teardown_taskflow.py
[2023-08-31T19:14:07.255+0300] {logging_mixin.py:151} INFO - [2023-08-31T19:14:07.254+0300] {dag.py:2907} INFO - Sync 1 DAGs
[2023-08-31T19:14:07.272+0300] {logging_mixin.py:151} INFO - [2023-08-31T19:14:07.272+0300] {dag.py:3677} INFO - Setting next_dagrun for example_setup_teardown_taskflow to 2023-08-30T16:14:07.272032+00:00, run_after=2023-08-31T16:14:07.272032+00:00
[2023-08-31T19:14:07.284+0300] {processor.py:179} INFO - Processing /home/miminari/repos/airflow_project/env/lib/python3.10/site-packages/airflow/example_dags/example_setup_teardown_taskflow.py took 0.062 seconds
[2023-08-31T19:14:37.384+0300] {processor.py:157} INFO - Started process (PID=19077) to work on /home/miminari/repos/airflow_project/env/lib/python3.10/site-packages/airflow/example_dags/example_setup_teardown_taskflow.py
[2023-08-31T19:14:37.385+0300] {processor.py:829} INFO - Processing file /home/miminari/repos/airflow_project/env/lib/python3.10/site-packages/airflow/example_dags/example_setup_teardown_taskflow.py for tasks to queue
[2023-08-31T19:14:37.385+0300] {logging_mixin.py:151} INFO - [2023-08-31T19:14:37.385+0300] {dagbag.py:539} INFO - Filling up the DagBag from /home/miminari/repos/airflow_project/env/lib/python3.10/site-packages/airflow/example_dags/example_setup_teardown_taskflow.py
[2023-08-31T19:14:37.393+0300] {processor.py:839} INFO - DAG(s) dict_keys(['example_setup_teardown_taskflow']) retrieved from /home/miminari/repos/airflow_project/env/lib/python3.10/site-packages/airflow/example_dags/example_setup_teardown_taskflow.py
[2023-08-31T19:14:37.414+0300] {logging_mixin.py:151} INFO - [2023-08-31T19:14:37.414+0300] {dag.py:2907} INFO - Sync 1 DAGs
[2023-08-31T19:14:37.433+0300] {logging_mixin.py:151} INFO - [2023-08-31T19:14:37.433+0300] {dag.py:3677} INFO - Setting next_dagrun for example_setup_teardown_taskflow to 2023-08-30T16:14:37.432842+00:00, run_after=2023-08-31T16:14:37.432842+00:00
[2023-08-31T19:14:37.447+0300] {processor.py:179} INFO - Processing /home/miminari/repos/airflow_project/env/lib/python3.10/site-packages/airflow/example_dags/example_setup_teardown_taskflow.py took 0.065 seconds
[2023-08-31T19:15:07.636+0300] {processor.py:157} INFO - Started process (PID=19278) to work on /home/miminari/repos/airflow_project/env/lib/python3.10/site-packages/airflow/example_dags/example_setup_teardown_taskflow.py
[2023-08-31T19:15:07.636+0300] {processor.py:829} INFO - Processing file /home/miminari/repos/airflow_project/env/lib/python3.10/site-packages/airflow/example_dags/example_setup_teardown_taskflow.py for tasks to queue
[2023-08-31T19:15:07.637+0300] {logging_mixin.py:151} INFO - [2023-08-31T19:15:07.637+0300] {dagbag.py:539} INFO - Filling up the DagBag from /home/miminari/repos/airflow_project/env/lib/python3.10/site-packages/airflow/example_dags/example_setup_teardown_taskflow.py
[2023-08-31T19:15:07.648+0300] {processor.py:839} INFO - DAG(s) dict_keys(['example_setup_teardown_taskflow']) retrieved from /home/miminari/repos/airflow_project/env/lib/python3.10/site-packages/airflow/example_dags/example_setup_teardown_taskflow.py
[2023-08-31T19:15:07.674+0300] {logging_mixin.py:151} INFO - [2023-08-31T19:15:07.674+0300] {dag.py:2907} INFO - Sync 1 DAGs
[2023-08-31T19:15:07.692+0300] {logging_mixin.py:151} INFO - [2023-08-31T19:15:07.691+0300] {dag.py:3677} INFO - Setting next_dagrun for example_setup_teardown_taskflow to 2023-08-30T16:15:07.691771+00:00, run_after=2023-08-31T16:15:07.691771+00:00
[2023-08-31T19:15:07.706+0300] {processor.py:179} INFO - Processing /home/miminari/repos/airflow_project/env/lib/python3.10/site-packages/airflow/example_dags/example_setup_teardown_taskflow.py took 0.073 seconds
[2023-08-31T19:15:37.926+0300] {processor.py:157} INFO - Started process (PID=19376) to work on /home/miminari/repos/airflow_project/env/lib/python3.10/site-packages/airflow/example_dags/example_setup_teardown_taskflow.py
[2023-08-31T19:15:37.926+0300] {processor.py:829} INFO - Processing file /home/miminari/repos/airflow_project/env/lib/python3.10/site-packages/airflow/example_dags/example_setup_teardown_taskflow.py for tasks to queue
[2023-08-31T19:15:37.927+0300] {logging_mixin.py:151} INFO - [2023-08-31T19:15:37.927+0300] {dagbag.py:539} INFO - Filling up the DagBag from /home/miminari/repos/airflow_project/env/lib/python3.10/site-packages/airflow/example_dags/example_setup_teardown_taskflow.py
[2023-08-31T19:15:37.936+0300] {processor.py:839} INFO - DAG(s) dict_keys(['example_setup_teardown_taskflow']) retrieved from /home/miminari/repos/airflow_project/env/lib/python3.10/site-packages/airflow/example_dags/example_setup_teardown_taskflow.py
[2023-08-31T19:15:37.959+0300] {logging_mixin.py:151} INFO - [2023-08-31T19:15:37.959+0300] {dag.py:2907} INFO - Sync 1 DAGs
[2023-08-31T19:15:37.976+0300] {logging_mixin.py:151} INFO - [2023-08-31T19:15:37.976+0300] {dag.py:3677} INFO - Setting next_dagrun for example_setup_teardown_taskflow to 2023-08-30T16:15:37.976384+00:00, run_after=2023-08-31T16:15:37.976384+00:00
[2023-08-31T19:15:37.989+0300] {processor.py:179} INFO - Processing /home/miminari/repos/airflow_project/env/lib/python3.10/site-packages/airflow/example_dags/example_setup_teardown_taskflow.py took 0.067 seconds
[2023-08-31T19:16:08.145+0300] {processor.py:157} INFO - Started process (PID=19531) to work on /home/miminari/repos/airflow_project/env/lib/python3.10/site-packages/airflow/example_dags/example_setup_teardown_taskflow.py
[2023-08-31T19:16:08.146+0300] {processor.py:829} INFO - Processing file /home/miminari/repos/airflow_project/env/lib/python3.10/site-packages/airflow/example_dags/example_setup_teardown_taskflow.py for tasks to queue
[2023-08-31T19:16:08.146+0300] {logging_mixin.py:151} INFO - [2023-08-31T19:16:08.146+0300] {dagbag.py:539} INFO - Filling up the DagBag from /home/miminari/repos/airflow_project/env/lib/python3.10/site-packages/airflow/example_dags/example_setup_teardown_taskflow.py
[2023-08-31T19:16:08.154+0300] {processor.py:839} INFO - DAG(s) dict_keys(['example_setup_teardown_taskflow']) retrieved from /home/miminari/repos/airflow_project/env/lib/python3.10/site-packages/airflow/example_dags/example_setup_teardown_taskflow.py
[2023-08-31T19:16:08.177+0300] {logging_mixin.py:151} INFO - [2023-08-31T19:16:08.177+0300] {dag.py:2907} INFO - Sync 1 DAGs
[2023-08-31T19:16:08.194+0300] {logging_mixin.py:151} INFO - [2023-08-31T19:16:08.194+0300] {dag.py:3677} INFO - Setting next_dagrun for example_setup_teardown_taskflow to 2023-08-30T16:16:08.194217+00:00, run_after=2023-08-31T16:16:08.194217+00:00
[2023-08-31T19:16:08.206+0300] {processor.py:179} INFO - Processing /home/miminari/repos/airflow_project/env/lib/python3.10/site-packages/airflow/example_dags/example_setup_teardown_taskflow.py took 0.063 seconds
[2023-08-31T19:16:38.565+0300] {processor.py:157} INFO - Started process (PID=19631) to work on /home/miminari/repos/airflow_project/env/lib/python3.10/site-packages/airflow/example_dags/example_setup_teardown_taskflow.py
[2023-08-31T19:16:38.566+0300] {processor.py:829} INFO - Processing file /home/miminari/repos/airflow_project/env/lib/python3.10/site-packages/airflow/example_dags/example_setup_teardown_taskflow.py for tasks to queue
[2023-08-31T19:16:38.566+0300] {logging_mixin.py:151} INFO - [2023-08-31T19:16:38.566+0300] {dagbag.py:539} INFO - Filling up the DagBag from /home/miminari/repos/airflow_project/env/lib/python3.10/site-packages/airflow/example_dags/example_setup_teardown_taskflow.py
[2023-08-31T19:16:38.574+0300] {processor.py:839} INFO - DAG(s) dict_keys(['example_setup_teardown_taskflow']) retrieved from /home/miminari/repos/airflow_project/env/lib/python3.10/site-packages/airflow/example_dags/example_setup_teardown_taskflow.py
[2023-08-31T19:16:38.596+0300] {logging_mixin.py:151} INFO - [2023-08-31T19:16:38.596+0300] {dag.py:2907} INFO - Sync 1 DAGs
[2023-08-31T19:16:38.613+0300] {logging_mixin.py:151} INFO - [2023-08-31T19:16:38.612+0300] {dag.py:3677} INFO - Setting next_dagrun for example_setup_teardown_taskflow to 2023-08-30T16:16:38.612712+00:00, run_after=2023-08-31T16:16:38.612712+00:00
[2023-08-31T19:16:38.625+0300] {processor.py:179} INFO - Processing /home/miminari/repos/airflow_project/env/lib/python3.10/site-packages/airflow/example_dags/example_setup_teardown_taskflow.py took 0.062 seconds
[2023-08-31T19:17:08.807+0300] {processor.py:157} INFO - Started process (PID=19780) to work on /home/miminari/repos/airflow_project/env/lib/python3.10/site-packages/airflow/example_dags/example_setup_teardown_taskflow.py
[2023-08-31T19:17:08.807+0300] {processor.py:829} INFO - Processing file /home/miminari/repos/airflow_project/env/lib/python3.10/site-packages/airflow/example_dags/example_setup_teardown_taskflow.py for tasks to queue
[2023-08-31T19:17:08.808+0300] {logging_mixin.py:151} INFO - [2023-08-31T19:17:08.808+0300] {dagbag.py:539} INFO - Filling up the DagBag from /home/miminari/repos/airflow_project/env/lib/python3.10/site-packages/airflow/example_dags/example_setup_teardown_taskflow.py
[2023-08-31T19:17:08.815+0300] {processor.py:839} INFO - DAG(s) dict_keys(['example_setup_teardown_taskflow']) retrieved from /home/miminari/repos/airflow_project/env/lib/python3.10/site-packages/airflow/example_dags/example_setup_teardown_taskflow.py
[2023-08-31T19:17:08.837+0300] {logging_mixin.py:151} INFO - [2023-08-31T19:17:08.836+0300] {dag.py:2907} INFO - Sync 1 DAGs
[2023-08-31T19:17:08.854+0300] {logging_mixin.py:151} INFO - [2023-08-31T19:17:08.853+0300] {dag.py:3677} INFO - Setting next_dagrun for example_setup_teardown_taskflow to 2023-08-30T16:17:08.853765+00:00, run_after=2023-08-31T16:17:08.853765+00:00
[2023-08-31T19:17:08.865+0300] {processor.py:179} INFO - Processing /home/miminari/repos/airflow_project/env/lib/python3.10/site-packages/airflow/example_dags/example_setup_teardown_taskflow.py took 0.061 seconds
