[2023-08-31T19:12:09.899+0300] {processor.py:157} INFO - Started process (PID=18653) to work on /home/miminari/repos/airflow_project/env/lib/python3.10/site-packages/airflow/example_dags/example_branch_datetime_operator.py
[2023-08-31T19:12:09.900+0300] {processor.py:829} INFO - Processing file /home/miminari/repos/airflow_project/env/lib/python3.10/site-packages/airflow/example_dags/example_branch_datetime_operator.py for tasks to queue
[2023-08-31T19:12:09.900+0300] {logging_mixin.py:151} INFO - [2023-08-31T19:12:09.900+0300] {dagbag.py:539} INFO - Filling up the DagBag from /home/miminari/repos/airflow_project/env/lib/python3.10/site-packages/airflow/example_dags/example_branch_datetime_operator.py
[2023-08-31T19:12:09.909+0300] {processor.py:839} INFO - DAG(s) dict_keys(['example_branch_datetime_operator_2', 'example_branch_datetime_operator_3', 'example_branch_datetime_operator']) retrieved from /home/miminari/repos/airflow_project/env/lib/python3.10/site-packages/airflow/example_dags/example_branch_datetime_operator.py
[2023-08-31T19:12:09.994+0300] {logging_mixin.py:151} INFO - [2023-08-31T19:12:09.993+0300] {manager.py:501} INFO - Created Permission View: can read on DAG:example_branch_datetime_operator_2
[2023-08-31T19:12:10.001+0300] {logging_mixin.py:151} INFO - [2023-08-31T19:12:10.001+0300] {manager.py:501} INFO - Created Permission View: can delete on DAG:example_branch_datetime_operator_2
[2023-08-31T19:12:10.006+0300] {logging_mixin.py:151} INFO - [2023-08-31T19:12:10.005+0300] {manager.py:501} INFO - Created Permission View: can edit on DAG:example_branch_datetime_operator_2
[2023-08-31T19:12:10.025+0300] {logging_mixin.py:151} INFO - [2023-08-31T19:12:10.024+0300] {manager.py:501} INFO - Created Permission View: can read on DAG:example_branch_datetime_operator_3
[2023-08-31T19:12:10.029+0300] {logging_mixin.py:151} INFO - [2023-08-31T19:12:10.029+0300] {manager.py:501} INFO - Created Permission View: can delete on DAG:example_branch_datetime_operator_3
[2023-08-31T19:12:10.033+0300] {logging_mixin.py:151} INFO - [2023-08-31T19:12:10.033+0300] {manager.py:501} INFO - Created Permission View: can edit on DAG:example_branch_datetime_operator_3
[2023-08-31T19:12:10.046+0300] {logging_mixin.py:151} INFO - [2023-08-31T19:12:10.046+0300] {manager.py:501} INFO - Created Permission View: can read on DAG:example_branch_datetime_operator
[2023-08-31T19:12:10.050+0300] {logging_mixin.py:151} INFO - [2023-08-31T19:12:10.050+0300] {manager.py:501} INFO - Created Permission View: can delete on DAG:example_branch_datetime_operator
[2023-08-31T19:12:10.054+0300] {logging_mixin.py:151} INFO - [2023-08-31T19:12:10.054+0300] {manager.py:501} INFO - Created Permission View: can edit on DAG:example_branch_datetime_operator
[2023-08-31T19:12:10.058+0300] {logging_mixin.py:151} INFO - [2023-08-31T19:12:10.058+0300] {dag.py:2907} INFO - Sync 3 DAGs
[2023-08-31T19:12:10.068+0300] {logging_mixin.py:151} INFO - [2023-08-31T19:12:10.068+0300] {dag.py:2929} INFO - Creating ORM DAG for example_branch_datetime_operator_2
[2023-08-31T19:12:10.068+0300] {logging_mixin.py:151} INFO - [2023-08-31T19:12:10.068+0300] {dag.py:2929} INFO - Creating ORM DAG for example_branch_datetime_operator_3
[2023-08-31T19:12:10.069+0300] {logging_mixin.py:151} INFO - [2023-08-31T19:12:10.069+0300] {dag.py:2929} INFO - Creating ORM DAG for example_branch_datetime_operator
[2023-08-31T19:12:10.080+0300] {logging_mixin.py:151} INFO - [2023-08-31T19:12:10.080+0300] {dag.py:3677} INFO - Setting next_dagrun for example_branch_datetime_operator to 2023-08-30T00:00:00+00:00, run_after=2023-08-31T00:00:00+00:00
[2023-08-31T19:12:10.082+0300] {logging_mixin.py:151} INFO - [2023-08-31T19:12:10.082+0300] {dag.py:3677} INFO - Setting next_dagrun for example_branch_datetime_operator_2 to 2023-08-30T00:00:00+00:00, run_after=2023-08-31T00:00:00+00:00
[2023-08-31T19:12:10.083+0300] {logging_mixin.py:151} INFO - [2023-08-31T19:12:10.083+0300] {dag.py:3677} INFO - Setting next_dagrun for example_branch_datetime_operator_3 to 2023-08-30T00:00:00+00:00, run_after=2023-08-31T00:00:00+00:00
[2023-08-31T19:12:10.098+0300] {processor.py:179} INFO - Processing /home/miminari/repos/airflow_project/env/lib/python3.10/site-packages/airflow/example_dags/example_branch_datetime_operator.py took 0.201 seconds
[2023-08-31T19:12:40.379+0300] {processor.py:157} INFO - Started process (PID=18748) to work on /home/miminari/repos/airflow_project/env/lib/python3.10/site-packages/airflow/example_dags/example_branch_datetime_operator.py
[2023-08-31T19:12:40.379+0300] {processor.py:829} INFO - Processing file /home/miminari/repos/airflow_project/env/lib/python3.10/site-packages/airflow/example_dags/example_branch_datetime_operator.py for tasks to queue
[2023-08-31T19:12:40.380+0300] {logging_mixin.py:151} INFO - [2023-08-31T19:12:40.380+0300] {dagbag.py:539} INFO - Filling up the DagBag from /home/miminari/repos/airflow_project/env/lib/python3.10/site-packages/airflow/example_dags/example_branch_datetime_operator.py
[2023-08-31T19:12:40.388+0300] {processor.py:839} INFO - DAG(s) dict_keys(['example_branch_datetime_operator_3', 'example_branch_datetime_operator_2', 'example_branch_datetime_operator']) retrieved from /home/miminari/repos/airflow_project/env/lib/python3.10/site-packages/airflow/example_dags/example_branch_datetime_operator.py
[2023-08-31T19:12:40.420+0300] {logging_mixin.py:151} INFO - [2023-08-31T19:12:40.420+0300] {dag.py:2907} INFO - Sync 3 DAGs
[2023-08-31T19:12:40.441+0300] {logging_mixin.py:151} INFO - [2023-08-31T19:12:40.441+0300] {dag.py:3677} INFO - Setting next_dagrun for example_branch_datetime_operator to 2023-08-30T00:00:00+00:00, run_after=2023-08-31T00:00:00+00:00
[2023-08-31T19:12:40.445+0300] {logging_mixin.py:151} INFO - [2023-08-31T19:12:40.445+0300] {dag.py:3677} INFO - Setting next_dagrun for example_branch_datetime_operator_2 to 2023-08-30T00:00:00+00:00, run_after=2023-08-31T00:00:00+00:00
[2023-08-31T19:12:40.447+0300] {logging_mixin.py:151} INFO - [2023-08-31T19:12:40.447+0300] {dag.py:3677} INFO - Setting next_dagrun for example_branch_datetime_operator_3 to 2023-08-30T00:00:00+00:00, run_after=2023-08-31T00:00:00+00:00
[2023-08-31T19:12:40.462+0300] {processor.py:179} INFO - Processing /home/miminari/repos/airflow_project/env/lib/python3.10/site-packages/airflow/example_dags/example_branch_datetime_operator.py took 0.086 seconds
[2023-08-31T19:13:10.510+0300] {processor.py:157} INFO - Started process (PID=18848) to work on /home/miminari/repos/airflow_project/env/lib/python3.10/site-packages/airflow/example_dags/example_branch_datetime_operator.py
[2023-08-31T19:13:10.510+0300] {processor.py:829} INFO - Processing file /home/miminari/repos/airflow_project/env/lib/python3.10/site-packages/airflow/example_dags/example_branch_datetime_operator.py for tasks to queue
[2023-08-31T19:13:10.511+0300] {logging_mixin.py:151} INFO - [2023-08-31T19:13:10.511+0300] {dagbag.py:539} INFO - Filling up the DagBag from /home/miminari/repos/airflow_project/env/lib/python3.10/site-packages/airflow/example_dags/example_branch_datetime_operator.py
[2023-08-31T19:13:10.518+0300] {processor.py:839} INFO - DAG(s) dict_keys(['example_branch_datetime_operator_3', 'example_branch_datetime_operator_2', 'example_branch_datetime_operator']) retrieved from /home/miminari/repos/airflow_project/env/lib/python3.10/site-packages/airflow/example_dags/example_branch_datetime_operator.py
[2023-08-31T19:13:10.548+0300] {logging_mixin.py:151} INFO - [2023-08-31T19:13:10.548+0300] {dag.py:2907} INFO - Sync 3 DAGs
[2023-08-31T19:13:10.571+0300] {logging_mixin.py:151} INFO - [2023-08-31T19:13:10.570+0300] {dag.py:3677} INFO - Setting next_dagrun for example_branch_datetime_operator to 2023-08-30T00:00:00+00:00, run_after=2023-08-31T00:00:00+00:00
[2023-08-31T19:13:10.575+0300] {logging_mixin.py:151} INFO - [2023-08-31T19:13:10.575+0300] {dag.py:3677} INFO - Setting next_dagrun for example_branch_datetime_operator_2 to 2023-08-30T00:00:00+00:00, run_after=2023-08-31T00:00:00+00:00
[2023-08-31T19:13:10.577+0300] {logging_mixin.py:151} INFO - [2023-08-31T19:13:10.577+0300] {dag.py:3677} INFO - Setting next_dagrun for example_branch_datetime_operator_3 to 2023-08-30T00:00:00+00:00, run_after=2023-08-31T00:00:00+00:00
[2023-08-31T19:13:10.591+0300] {processor.py:179} INFO - Processing /home/miminari/repos/airflow_project/env/lib/python3.10/site-packages/airflow/example_dags/example_branch_datetime_operator.py took 0.084 seconds
[2023-08-31T19:13:40.726+0300] {processor.py:157} INFO - Started process (PID=18956) to work on /home/miminari/repos/airflow_project/env/lib/python3.10/site-packages/airflow/example_dags/example_branch_datetime_operator.py
[2023-08-31T19:13:40.727+0300] {processor.py:829} INFO - Processing file /home/miminari/repos/airflow_project/env/lib/python3.10/site-packages/airflow/example_dags/example_branch_datetime_operator.py for tasks to queue
[2023-08-31T19:13:40.728+0300] {logging_mixin.py:151} INFO - [2023-08-31T19:13:40.727+0300] {dagbag.py:539} INFO - Filling up the DagBag from /home/miminari/repos/airflow_project/env/lib/python3.10/site-packages/airflow/example_dags/example_branch_datetime_operator.py
[2023-08-31T19:13:40.735+0300] {processor.py:839} INFO - DAG(s) dict_keys(['example_branch_datetime_operator_3', 'example_branch_datetime_operator_2', 'example_branch_datetime_operator']) retrieved from /home/miminari/repos/airflow_project/env/lib/python3.10/site-packages/airflow/example_dags/example_branch_datetime_operator.py
[2023-08-31T19:13:40.767+0300] {logging_mixin.py:151} INFO - [2023-08-31T19:13:40.767+0300] {dag.py:2907} INFO - Sync 3 DAGs
[2023-08-31T19:13:40.796+0300] {logging_mixin.py:151} INFO - [2023-08-31T19:13:40.796+0300] {dag.py:3677} INFO - Setting next_dagrun for example_branch_datetime_operator to 2023-08-30T00:00:00+00:00, run_after=2023-08-31T00:00:00+00:00
[2023-08-31T19:13:40.800+0300] {logging_mixin.py:151} INFO - [2023-08-31T19:13:40.800+0300] {dag.py:3677} INFO - Setting next_dagrun for example_branch_datetime_operator_2 to 2023-08-30T00:00:00+00:00, run_after=2023-08-31T00:00:00+00:00
[2023-08-31T19:13:40.802+0300] {logging_mixin.py:151} INFO - [2023-08-31T19:13:40.802+0300] {dag.py:3677} INFO - Setting next_dagrun for example_branch_datetime_operator_3 to 2023-08-30T00:00:00+00:00, run_after=2023-08-31T00:00:00+00:00
[2023-08-31T19:13:40.817+0300] {processor.py:179} INFO - Processing /home/miminari/repos/airflow_project/env/lib/python3.10/site-packages/airflow/example_dags/example_branch_datetime_operator.py took 0.095 seconds
[2023-08-31T19:14:10.883+0300] {processor.py:157} INFO - Started process (PID=19054) to work on /home/miminari/repos/airflow_project/env/lib/python3.10/site-packages/airflow/example_dags/example_branch_datetime_operator.py
[2023-08-31T19:14:10.884+0300] {processor.py:829} INFO - Processing file /home/miminari/repos/airflow_project/env/lib/python3.10/site-packages/airflow/example_dags/example_branch_datetime_operator.py for tasks to queue
[2023-08-31T19:14:10.884+0300] {logging_mixin.py:151} INFO - [2023-08-31T19:14:10.884+0300] {dagbag.py:539} INFO - Filling up the DagBag from /home/miminari/repos/airflow_project/env/lib/python3.10/site-packages/airflow/example_dags/example_branch_datetime_operator.py
[2023-08-31T19:14:10.892+0300] {processor.py:839} INFO - DAG(s) dict_keys(['example_branch_datetime_operator', 'example_branch_datetime_operator_2', 'example_branch_datetime_operator_3']) retrieved from /home/miminari/repos/airflow_project/env/lib/python3.10/site-packages/airflow/example_dags/example_branch_datetime_operator.py
[2023-08-31T19:14:10.919+0300] {logging_mixin.py:151} INFO - [2023-08-31T19:14:10.919+0300] {dag.py:2907} INFO - Sync 3 DAGs
[2023-08-31T19:14:10.939+0300] {logging_mixin.py:151} INFO - [2023-08-31T19:14:10.938+0300] {dag.py:3677} INFO - Setting next_dagrun for example_branch_datetime_operator to 2023-08-30T00:00:00+00:00, run_after=2023-08-31T00:00:00+00:00
[2023-08-31T19:14:10.943+0300] {logging_mixin.py:151} INFO - [2023-08-31T19:14:10.943+0300] {dag.py:3677} INFO - Setting next_dagrun for example_branch_datetime_operator_2 to 2023-08-30T00:00:00+00:00, run_after=2023-08-31T00:00:00+00:00
[2023-08-31T19:14:10.945+0300] {logging_mixin.py:151} INFO - [2023-08-31T19:14:10.945+0300] {dag.py:3677} INFO - Setting next_dagrun for example_branch_datetime_operator_3 to 2023-08-30T00:00:00+00:00, run_after=2023-08-31T00:00:00+00:00
[2023-08-31T19:14:10.958+0300] {processor.py:179} INFO - Processing /home/miminari/repos/airflow_project/env/lib/python3.10/site-packages/airflow/example_dags/example_branch_datetime_operator.py took 0.078 seconds
[2023-08-31T19:14:41.059+0300] {processor.py:157} INFO - Started process (PID=19149) to work on /home/miminari/repos/airflow_project/env/lib/python3.10/site-packages/airflow/example_dags/example_branch_datetime_operator.py
[2023-08-31T19:14:41.059+0300] {processor.py:829} INFO - Processing file /home/miminari/repos/airflow_project/env/lib/python3.10/site-packages/airflow/example_dags/example_branch_datetime_operator.py for tasks to queue
[2023-08-31T19:14:41.060+0300] {logging_mixin.py:151} INFO - [2023-08-31T19:14:41.059+0300] {dagbag.py:539} INFO - Filling up the DagBag from /home/miminari/repos/airflow_project/env/lib/python3.10/site-packages/airflow/example_dags/example_branch_datetime_operator.py
[2023-08-31T19:14:41.068+0300] {processor.py:839} INFO - DAG(s) dict_keys(['example_branch_datetime_operator', 'example_branch_datetime_operator_3', 'example_branch_datetime_operator_2']) retrieved from /home/miminari/repos/airflow_project/env/lib/python3.10/site-packages/airflow/example_dags/example_branch_datetime_operator.py
[2023-08-31T19:14:41.103+0300] {logging_mixin.py:151} INFO - [2023-08-31T19:14:41.102+0300] {dag.py:2907} INFO - Sync 3 DAGs
[2023-08-31T19:14:41.147+0300] {logging_mixin.py:151} INFO - [2023-08-31T19:14:41.146+0300] {dag.py:3677} INFO - Setting next_dagrun for example_branch_datetime_operator to 2023-08-30T00:00:00+00:00, run_after=2023-08-31T00:00:00+00:00
[2023-08-31T19:14:41.153+0300] {logging_mixin.py:151} INFO - [2023-08-31T19:14:41.153+0300] {dag.py:3677} INFO - Setting next_dagrun for example_branch_datetime_operator_2 to 2023-08-30T00:00:00+00:00, run_after=2023-08-31T00:00:00+00:00
[2023-08-31T19:14:41.159+0300] {logging_mixin.py:151} INFO - [2023-08-31T19:14:41.159+0300] {dag.py:3677} INFO - Setting next_dagrun for example_branch_datetime_operator_3 to 2023-08-30T00:00:00+00:00, run_after=2023-08-31T00:00:00+00:00
[2023-08-31T19:14:41.180+0300] {processor.py:179} INFO - Processing /home/miminari/repos/airflow_project/env/lib/python3.10/site-packages/airflow/example_dags/example_branch_datetime_operator.py took 0.124 seconds
[2023-08-31T19:15:11.402+0300] {processor.py:157} INFO - Started process (PID=19350) to work on /home/miminari/repos/airflow_project/env/lib/python3.10/site-packages/airflow/example_dags/example_branch_datetime_operator.py
[2023-08-31T19:15:11.403+0300] {processor.py:829} INFO - Processing file /home/miminari/repos/airflow_project/env/lib/python3.10/site-packages/airflow/example_dags/example_branch_datetime_operator.py for tasks to queue
[2023-08-31T19:15:11.403+0300] {logging_mixin.py:151} INFO - [2023-08-31T19:15:11.403+0300] {dagbag.py:539} INFO - Filling up the DagBag from /home/miminari/repos/airflow_project/env/lib/python3.10/site-packages/airflow/example_dags/example_branch_datetime_operator.py
[2023-08-31T19:15:11.412+0300] {processor.py:839} INFO - DAG(s) dict_keys(['example_branch_datetime_operator', 'example_branch_datetime_operator_3', 'example_branch_datetime_operator_2']) retrieved from /home/miminari/repos/airflow_project/env/lib/python3.10/site-packages/airflow/example_dags/example_branch_datetime_operator.py
[2023-08-31T19:15:11.451+0300] {logging_mixin.py:151} INFO - [2023-08-31T19:15:11.451+0300] {dag.py:2907} INFO - Sync 3 DAGs
[2023-08-31T19:15:11.473+0300] {logging_mixin.py:151} INFO - [2023-08-31T19:15:11.473+0300] {dag.py:3677} INFO - Setting next_dagrun for example_branch_datetime_operator to 2023-08-30T00:00:00+00:00, run_after=2023-08-31T00:00:00+00:00
[2023-08-31T19:15:11.478+0300] {logging_mixin.py:151} INFO - [2023-08-31T19:15:11.477+0300] {dag.py:3677} INFO - Setting next_dagrun for example_branch_datetime_operator_2 to 2023-08-30T00:00:00+00:00, run_after=2023-08-31T00:00:00+00:00
[2023-08-31T19:15:11.480+0300] {logging_mixin.py:151} INFO - [2023-08-31T19:15:11.480+0300] {dag.py:3677} INFO - Setting next_dagrun for example_branch_datetime_operator_3 to 2023-08-30T00:00:00+00:00, run_after=2023-08-31T00:00:00+00:00
[2023-08-31T19:15:11.494+0300] {processor.py:179} INFO - Processing /home/miminari/repos/airflow_project/env/lib/python3.10/site-packages/airflow/example_dags/example_branch_datetime_operator.py took 0.095 seconds
[2023-08-31T19:15:41.549+0300] {processor.py:157} INFO - Started process (PID=19448) to work on /home/miminari/repos/airflow_project/env/lib/python3.10/site-packages/airflow/example_dags/example_branch_datetime_operator.py
[2023-08-31T19:15:41.550+0300] {processor.py:829} INFO - Processing file /home/miminari/repos/airflow_project/env/lib/python3.10/site-packages/airflow/example_dags/example_branch_datetime_operator.py for tasks to queue
[2023-08-31T19:15:41.550+0300] {logging_mixin.py:151} INFO - [2023-08-31T19:15:41.550+0300] {dagbag.py:539} INFO - Filling up the DagBag from /home/miminari/repos/airflow_project/env/lib/python3.10/site-packages/airflow/example_dags/example_branch_datetime_operator.py
[2023-08-31T19:15:41.558+0300] {processor.py:839} INFO - DAG(s) dict_keys(['example_branch_datetime_operator_3', 'example_branch_datetime_operator_2', 'example_branch_datetime_operator']) retrieved from /home/miminari/repos/airflow_project/env/lib/python3.10/site-packages/airflow/example_dags/example_branch_datetime_operator.py
[2023-08-31T19:15:41.588+0300] {logging_mixin.py:151} INFO - [2023-08-31T19:15:41.588+0300] {dag.py:2907} INFO - Sync 3 DAGs
[2023-08-31T19:15:41.609+0300] {logging_mixin.py:151} INFO - [2023-08-31T19:15:41.609+0300] {dag.py:3677} INFO - Setting next_dagrun for example_branch_datetime_operator to 2023-08-30T00:00:00+00:00, run_after=2023-08-31T00:00:00+00:00
[2023-08-31T19:15:41.613+0300] {logging_mixin.py:151} INFO - [2023-08-31T19:15:41.613+0300] {dag.py:3677} INFO - Setting next_dagrun for example_branch_datetime_operator_2 to 2023-08-30T00:00:00+00:00, run_after=2023-08-31T00:00:00+00:00
[2023-08-31T19:15:41.615+0300] {logging_mixin.py:151} INFO - [2023-08-31T19:15:41.615+0300] {dag.py:3677} INFO - Setting next_dagrun for example_branch_datetime_operator_3 to 2023-08-30T00:00:00+00:00, run_after=2023-08-31T00:00:00+00:00
[2023-08-31T19:15:41.629+0300] {processor.py:179} INFO - Processing /home/miminari/repos/airflow_project/env/lib/python3.10/site-packages/airflow/example_dags/example_branch_datetime_operator.py took 0.082 seconds
[2023-08-31T19:16:12.043+0300] {processor.py:157} INFO - Started process (PID=19604) to work on /home/miminari/repos/airflow_project/env/lib/python3.10/site-packages/airflow/example_dags/example_branch_datetime_operator.py
[2023-08-31T19:16:12.044+0300] {processor.py:829} INFO - Processing file /home/miminari/repos/airflow_project/env/lib/python3.10/site-packages/airflow/example_dags/example_branch_datetime_operator.py for tasks to queue
[2023-08-31T19:16:12.044+0300] {logging_mixin.py:151} INFO - [2023-08-31T19:16:12.044+0300] {dagbag.py:539} INFO - Filling up the DagBag from /home/miminari/repos/airflow_project/env/lib/python3.10/site-packages/airflow/example_dags/example_branch_datetime_operator.py
[2023-08-31T19:16:12.052+0300] {processor.py:839} INFO - DAG(s) dict_keys(['example_branch_datetime_operator_2', 'example_branch_datetime_operator', 'example_branch_datetime_operator_3']) retrieved from /home/miminari/repos/airflow_project/env/lib/python3.10/site-packages/airflow/example_dags/example_branch_datetime_operator.py
[2023-08-31T19:16:12.082+0300] {logging_mixin.py:151} INFO - [2023-08-31T19:16:12.082+0300] {dag.py:2907} INFO - Sync 3 DAGs
[2023-08-31T19:16:12.102+0300] {logging_mixin.py:151} INFO - [2023-08-31T19:16:12.102+0300] {dag.py:3677} INFO - Setting next_dagrun for example_branch_datetime_operator to 2023-08-30T00:00:00+00:00, run_after=2023-08-31T00:00:00+00:00
[2023-08-31T19:16:12.107+0300] {logging_mixin.py:151} INFO - [2023-08-31T19:16:12.107+0300] {dag.py:3677} INFO - Setting next_dagrun for example_branch_datetime_operator_2 to 2023-08-30T00:00:00+00:00, run_after=2023-08-31T00:00:00+00:00
[2023-08-31T19:16:12.109+0300] {logging_mixin.py:151} INFO - [2023-08-31T19:16:12.109+0300] {dag.py:3677} INFO - Setting next_dagrun for example_branch_datetime_operator_3 to 2023-08-30T00:00:00+00:00, run_after=2023-08-31T00:00:00+00:00
[2023-08-31T19:16:12.123+0300] {processor.py:179} INFO - Processing /home/miminari/repos/airflow_project/env/lib/python3.10/site-packages/airflow/example_dags/example_branch_datetime_operator.py took 0.084 seconds
[2023-08-31T19:16:42.243+0300] {processor.py:157} INFO - Started process (PID=19704) to work on /home/miminari/repos/airflow_project/env/lib/python3.10/site-packages/airflow/example_dags/example_branch_datetime_operator.py
[2023-08-31T19:16:42.244+0300] {processor.py:829} INFO - Processing file /home/miminari/repos/airflow_project/env/lib/python3.10/site-packages/airflow/example_dags/example_branch_datetime_operator.py for tasks to queue
[2023-08-31T19:16:42.244+0300] {logging_mixin.py:151} INFO - [2023-08-31T19:16:42.244+0300] {dagbag.py:539} INFO - Filling up the DagBag from /home/miminari/repos/airflow_project/env/lib/python3.10/site-packages/airflow/example_dags/example_branch_datetime_operator.py
[2023-08-31T19:16:42.253+0300] {processor.py:839} INFO - DAG(s) dict_keys(['example_branch_datetime_operator_2', 'example_branch_datetime_operator_3', 'example_branch_datetime_operator']) retrieved from /home/miminari/repos/airflow_project/env/lib/python3.10/site-packages/airflow/example_dags/example_branch_datetime_operator.py
[2023-08-31T19:16:42.286+0300] {logging_mixin.py:151} INFO - [2023-08-31T19:16:42.286+0300] {dag.py:2907} INFO - Sync 3 DAGs
[2023-08-31T19:16:42.307+0300] {logging_mixin.py:151} INFO - [2023-08-31T19:16:42.307+0300] {dag.py:3677} INFO - Setting next_dagrun for example_branch_datetime_operator to 2023-08-30T00:00:00+00:00, run_after=2023-08-31T00:00:00+00:00
[2023-08-31T19:16:42.314+0300] {logging_mixin.py:151} INFO - [2023-08-31T19:16:42.314+0300] {dag.py:3677} INFO - Setting next_dagrun for example_branch_datetime_operator_2 to 2023-08-30T00:00:00+00:00, run_after=2023-08-31T00:00:00+00:00
[2023-08-31T19:16:42.319+0300] {logging_mixin.py:151} INFO - [2023-08-31T19:16:42.318+0300] {dag.py:3677} INFO - Setting next_dagrun for example_branch_datetime_operator_3 to 2023-08-30T00:00:00+00:00, run_after=2023-08-31T00:00:00+00:00
[2023-08-31T19:16:42.333+0300] {processor.py:179} INFO - Processing /home/miminari/repos/airflow_project/env/lib/python3.10/site-packages/airflow/example_dags/example_branch_datetime_operator.py took 0.093 seconds
[2023-08-31T19:17:12.482+0300] {processor.py:157} INFO - Started process (PID=19874) to work on /home/miminari/repos/airflow_project/env/lib/python3.10/site-packages/airflow/example_dags/example_branch_datetime_operator.py
[2023-08-31T19:17:12.483+0300] {processor.py:829} INFO - Processing file /home/miminari/repos/airflow_project/env/lib/python3.10/site-packages/airflow/example_dags/example_branch_datetime_operator.py for tasks to queue
[2023-08-31T19:17:12.483+0300] {logging_mixin.py:151} INFO - [2023-08-31T19:17:12.483+0300] {dagbag.py:539} INFO - Filling up the DagBag from /home/miminari/repos/airflow_project/env/lib/python3.10/site-packages/airflow/example_dags/example_branch_datetime_operator.py
[2023-08-31T19:17:12.491+0300] {processor.py:839} INFO - DAG(s) dict_keys(['example_branch_datetime_operator_2', 'example_branch_datetime_operator_3', 'example_branch_datetime_operator']) retrieved from /home/miminari/repos/airflow_project/env/lib/python3.10/site-packages/airflow/example_dags/example_branch_datetime_operator.py
[2023-08-31T19:17:12.520+0300] {logging_mixin.py:151} INFO - [2023-08-31T19:17:12.520+0300] {dag.py:2907} INFO - Sync 3 DAGs
[2023-08-31T19:17:12.540+0300] {logging_mixin.py:151} INFO - [2023-08-31T19:17:12.540+0300] {dag.py:3677} INFO - Setting next_dagrun for example_branch_datetime_operator to 2023-08-30T00:00:00+00:00, run_after=2023-08-31T00:00:00+00:00
[2023-08-31T19:17:12.544+0300] {logging_mixin.py:151} INFO - [2023-08-31T19:17:12.544+0300] {dag.py:3677} INFO - Setting next_dagrun for example_branch_datetime_operator_2 to 2023-08-30T00:00:00+00:00, run_after=2023-08-31T00:00:00+00:00
[2023-08-31T19:17:12.546+0300] {logging_mixin.py:151} INFO - [2023-08-31T19:17:12.546+0300] {dag.py:3677} INFO - Setting next_dagrun for example_branch_datetime_operator_3 to 2023-08-30T00:00:00+00:00, run_after=2023-08-31T00:00:00+00:00
[2023-08-31T19:17:12.574+0300] {processor.py:179} INFO - Processing /home/miminari/repos/airflow_project/env/lib/python3.10/site-packages/airflow/example_dags/example_branch_datetime_operator.py took 0.094 seconds
[2023-08-31T19:17:43.582+0300] {processor.py:157} INFO - Started process (PID=19968) to work on /home/miminari/repos/airflow_project/env/lib/python3.10/site-packages/airflow/example_dags/example_branch_datetime_operator.py
[2023-08-31T19:17:43.582+0300] {processor.py:829} INFO - Processing file /home/miminari/repos/airflow_project/env/lib/python3.10/site-packages/airflow/example_dags/example_branch_datetime_operator.py for tasks to queue
[2023-08-31T19:17:43.583+0300] {logging_mixin.py:151} INFO - [2023-08-31T19:17:43.582+0300] {dagbag.py:539} INFO - Filling up the DagBag from /home/miminari/repos/airflow_project/env/lib/python3.10/site-packages/airflow/example_dags/example_branch_datetime_operator.py
[2023-08-31T19:17:43.590+0300] {processor.py:839} INFO - DAG(s) dict_keys(['example_branch_datetime_operator_2', 'example_branch_datetime_operator_3', 'example_branch_datetime_operator']) retrieved from /home/miminari/repos/airflow_project/env/lib/python3.10/site-packages/airflow/example_dags/example_branch_datetime_operator.py
[2023-08-31T19:17:43.617+0300] {logging_mixin.py:151} INFO - [2023-08-31T19:17:43.617+0300] {dag.py:2907} INFO - Sync 3 DAGs
[2023-08-31T19:17:43.644+0300] {logging_mixin.py:151} INFO - [2023-08-31T19:17:43.644+0300] {dag.py:3677} INFO - Setting next_dagrun for example_branch_datetime_operator to 2023-08-30T00:00:00+00:00, run_after=2023-08-31T00:00:00+00:00
[2023-08-31T19:17:43.649+0300] {logging_mixin.py:151} INFO - [2023-08-31T19:17:43.649+0300] {dag.py:3677} INFO - Setting next_dagrun for example_branch_datetime_operator_2 to 2023-08-30T00:00:00+00:00, run_after=2023-08-31T00:00:00+00:00
[2023-08-31T19:17:43.651+0300] {logging_mixin.py:151} INFO - [2023-08-31T19:17:43.651+0300] {dag.py:3677} INFO - Setting next_dagrun for example_branch_datetime_operator_3 to 2023-08-30T00:00:00+00:00, run_after=2023-08-31T00:00:00+00:00
[2023-08-31T19:17:43.687+0300] {processor.py:179} INFO - Processing /home/miminari/repos/airflow_project/env/lib/python3.10/site-packages/airflow/example_dags/example_branch_datetime_operator.py took 0.107 seconds
[2023-08-31T19:18:13.703+0300] {processor.py:157} INFO - Started process (PID=20117) to work on /home/miminari/repos/airflow_project/env/lib/python3.10/site-packages/airflow/example_dags/example_branch_datetime_operator.py
[2023-08-31T19:18:13.704+0300] {processor.py:829} INFO - Processing file /home/miminari/repos/airflow_project/env/lib/python3.10/site-packages/airflow/example_dags/example_branch_datetime_operator.py for tasks to queue
[2023-08-31T19:18:13.704+0300] {logging_mixin.py:151} INFO - [2023-08-31T19:18:13.704+0300] {dagbag.py:539} INFO - Filling up the DagBag from /home/miminari/repos/airflow_project/env/lib/python3.10/site-packages/airflow/example_dags/example_branch_datetime_operator.py
[2023-08-31T19:18:13.712+0300] {processor.py:839} INFO - DAG(s) dict_keys(['example_branch_datetime_operator_3', 'example_branch_datetime_operator', 'example_branch_datetime_operator_2']) retrieved from /home/miminari/repos/airflow_project/env/lib/python3.10/site-packages/airflow/example_dags/example_branch_datetime_operator.py
[2023-08-31T19:18:13.741+0300] {logging_mixin.py:151} INFO - [2023-08-31T19:18:13.741+0300] {dag.py:2907} INFO - Sync 3 DAGs
[2023-08-31T19:18:13.760+0300] {logging_mixin.py:151} INFO - [2023-08-31T19:18:13.760+0300] {dag.py:3677} INFO - Setting next_dagrun for example_branch_datetime_operator to 2023-08-30T00:00:00+00:00, run_after=2023-08-31T00:00:00+00:00
[2023-08-31T19:18:13.763+0300] {logging_mixin.py:151} INFO - [2023-08-31T19:18:13.763+0300] {dag.py:3677} INFO - Setting next_dagrun for example_branch_datetime_operator_2 to 2023-08-30T00:00:00+00:00, run_after=2023-08-31T00:00:00+00:00
[2023-08-31T19:18:13.765+0300] {logging_mixin.py:151} INFO - [2023-08-31T19:18:13.765+0300] {dag.py:3677} INFO - Setting next_dagrun for example_branch_datetime_operator_3 to 2023-08-30T00:00:00+00:00, run_after=2023-08-31T00:00:00+00:00
[2023-08-31T19:18:13.776+0300] {processor.py:179} INFO - Processing /home/miminari/repos/airflow_project/env/lib/python3.10/site-packages/airflow/example_dags/example_branch_datetime_operator.py took 0.075 seconds
[2023-08-31T19:18:43.952+0300] {processor.py:157} INFO - Started process (PID=20212) to work on /home/miminari/repos/airflow_project/env/lib/python3.10/site-packages/airflow/example_dags/example_branch_datetime_operator.py
[2023-08-31T19:18:43.953+0300] {processor.py:829} INFO - Processing file /home/miminari/repos/airflow_project/env/lib/python3.10/site-packages/airflow/example_dags/example_branch_datetime_operator.py for tasks to queue
[2023-08-31T19:18:43.953+0300] {logging_mixin.py:151} INFO - [2023-08-31T19:18:43.953+0300] {dagbag.py:539} INFO - Filling up the DagBag from /home/miminari/repos/airflow_project/env/lib/python3.10/site-packages/airflow/example_dags/example_branch_datetime_operator.py
[2023-08-31T19:18:43.960+0300] {processor.py:839} INFO - DAG(s) dict_keys(['example_branch_datetime_operator_2', 'example_branch_datetime_operator_3', 'example_branch_datetime_operator']) retrieved from /home/miminari/repos/airflow_project/env/lib/python3.10/site-packages/airflow/example_dags/example_branch_datetime_operator.py
[2023-08-31T19:18:43.989+0300] {logging_mixin.py:151} INFO - [2023-08-31T19:18:43.989+0300] {dag.py:2907} INFO - Sync 3 DAGs
[2023-08-31T19:18:44.009+0300] {logging_mixin.py:151} INFO - [2023-08-31T19:18:44.008+0300] {dag.py:3677} INFO - Setting next_dagrun for example_branch_datetime_operator to 2023-08-30T00:00:00+00:00, run_after=2023-08-31T00:00:00+00:00
[2023-08-31T19:18:44.012+0300] {logging_mixin.py:151} INFO - [2023-08-31T19:18:44.012+0300] {dag.py:3677} INFO - Setting next_dagrun for example_branch_datetime_operator_2 to 2023-08-30T00:00:00+00:00, run_after=2023-08-31T00:00:00+00:00
[2023-08-31T19:18:44.014+0300] {logging_mixin.py:151} INFO - [2023-08-31T19:18:44.014+0300] {dag.py:3677} INFO - Setting next_dagrun for example_branch_datetime_operator_3 to 2023-08-30T00:00:00+00:00, run_after=2023-08-31T00:00:00+00:00
[2023-08-31T19:18:44.027+0300] {processor.py:179} INFO - Processing /home/miminari/repos/airflow_project/env/lib/python3.10/site-packages/airflow/example_dags/example_branch_datetime_operator.py took 0.077 seconds
[2023-08-31T19:19:14.471+0300] {processor.py:157} INFO - Started process (PID=20317) to work on /home/miminari/repos/airflow_project/env/lib/python3.10/site-packages/airflow/example_dags/example_branch_datetime_operator.py
[2023-08-31T19:19:14.471+0300] {processor.py:829} INFO - Processing file /home/miminari/repos/airflow_project/env/lib/python3.10/site-packages/airflow/example_dags/example_branch_datetime_operator.py for tasks to queue
[2023-08-31T19:19:14.472+0300] {logging_mixin.py:151} INFO - [2023-08-31T19:19:14.472+0300] {dagbag.py:539} INFO - Filling up the DagBag from /home/miminari/repos/airflow_project/env/lib/python3.10/site-packages/airflow/example_dags/example_branch_datetime_operator.py
[2023-08-31T19:19:14.480+0300] {processor.py:839} INFO - DAG(s) dict_keys(['example_branch_datetime_operator_2', 'example_branch_datetime_operator_3', 'example_branch_datetime_operator']) retrieved from /home/miminari/repos/airflow_project/env/lib/python3.10/site-packages/airflow/example_dags/example_branch_datetime_operator.py
[2023-08-31T19:19:14.518+0300] {logging_mixin.py:151} INFO - [2023-08-31T19:19:14.518+0300] {dag.py:2907} INFO - Sync 3 DAGs
[2023-08-31T19:19:14.541+0300] {logging_mixin.py:151} INFO - [2023-08-31T19:19:14.541+0300] {dag.py:3677} INFO - Setting next_dagrun for example_branch_datetime_operator to 2023-08-30T00:00:00+00:00, run_after=2023-08-31T00:00:00+00:00
[2023-08-31T19:19:14.545+0300] {logging_mixin.py:151} INFO - [2023-08-31T19:19:14.544+0300] {dag.py:3677} INFO - Setting next_dagrun for example_branch_datetime_operator_2 to 2023-08-30T00:00:00+00:00, run_after=2023-08-31T00:00:00+00:00
[2023-08-31T19:19:14.548+0300] {logging_mixin.py:151} INFO - [2023-08-31T19:19:14.547+0300] {dag.py:3677} INFO - Setting next_dagrun for example_branch_datetime_operator_3 to 2023-08-30T00:00:00+00:00, run_after=2023-08-31T00:00:00+00:00
[2023-08-31T19:19:14.564+0300] {processor.py:179} INFO - Processing /home/miminari/repos/airflow_project/env/lib/python3.10/site-packages/airflow/example_dags/example_branch_datetime_operator.py took 0.097 seconds
[2023-08-31T19:19:44.797+0300] {processor.py:157} INFO - Started process (PID=20416) to work on /home/miminari/repos/airflow_project/env/lib/python3.10/site-packages/airflow/example_dags/example_branch_datetime_operator.py
[2023-08-31T19:19:44.798+0300] {processor.py:829} INFO - Processing file /home/miminari/repos/airflow_project/env/lib/python3.10/site-packages/airflow/example_dags/example_branch_datetime_operator.py for tasks to queue
[2023-08-31T19:19:44.799+0300] {logging_mixin.py:151} INFO - [2023-08-31T19:19:44.799+0300] {dagbag.py:539} INFO - Filling up the DagBag from /home/miminari/repos/airflow_project/env/lib/python3.10/site-packages/airflow/example_dags/example_branch_datetime_operator.py
[2023-08-31T19:19:44.808+0300] {processor.py:839} INFO - DAG(s) dict_keys(['example_branch_datetime_operator', 'example_branch_datetime_operator_3', 'example_branch_datetime_operator_2']) retrieved from /home/miminari/repos/airflow_project/env/lib/python3.10/site-packages/airflow/example_dags/example_branch_datetime_operator.py
[2023-08-31T19:19:44.837+0300] {logging_mixin.py:151} INFO - [2023-08-31T19:19:44.837+0300] {dag.py:2907} INFO - Sync 3 DAGs
[2023-08-31T19:19:44.855+0300] {logging_mixin.py:151} INFO - [2023-08-31T19:19:44.855+0300] {dag.py:3677} INFO - Setting next_dagrun for example_branch_datetime_operator to 2023-08-30T00:00:00+00:00, run_after=2023-08-31T00:00:00+00:00
[2023-08-31T19:19:44.859+0300] {logging_mixin.py:151} INFO - [2023-08-31T19:19:44.859+0300] {dag.py:3677} INFO - Setting next_dagrun for example_branch_datetime_operator_2 to 2023-08-30T00:00:00+00:00, run_after=2023-08-31T00:00:00+00:00
[2023-08-31T19:19:44.861+0300] {logging_mixin.py:151} INFO - [2023-08-31T19:19:44.861+0300] {dag.py:3677} INFO - Setting next_dagrun for example_branch_datetime_operator_3 to 2023-08-30T00:00:00+00:00, run_after=2023-08-31T00:00:00+00:00
[2023-08-31T19:19:44.873+0300] {processor.py:179} INFO - Processing /home/miminari/repos/airflow_project/env/lib/python3.10/site-packages/airflow/example_dags/example_branch_datetime_operator.py took 0.080 seconds
