[2023-08-31T19:12:08.076+0300] {processor.py:157} INFO - Started process (PID=18580) to work on /home/miminari/repos/airflow_project/env/lib/python3.10/site-packages/airflow/example_dags/tutorial_taskflow_api.py
[2023-08-31T19:12:08.076+0300] {processor.py:829} INFO - Processing file /home/miminari/repos/airflow_project/env/lib/python3.10/site-packages/airflow/example_dags/tutorial_taskflow_api.py for tasks to queue
[2023-08-31T19:12:08.077+0300] {logging_mixin.py:151} INFO - [2023-08-31T19:12:08.077+0300] {dagbag.py:539} INFO - Filling up the DagBag from /home/miminari/repos/airflow_project/env/lib/python3.10/site-packages/airflow/example_dags/tutorial_taskflow_api.py
[2023-08-31T19:12:08.084+0300] {processor.py:839} INFO - DAG(s) dict_keys(['tutorial_taskflow_api']) retrieved from /home/miminari/repos/airflow_project/env/lib/python3.10/site-packages/airflow/example_dags/tutorial_taskflow_api.py
[2023-08-31T19:12:08.299+0300] {logging_mixin.py:151} INFO - [2023-08-31T19:12:08.299+0300] {manager.py:501} INFO - Created Permission View: can read on DAG:tutorial_taskflow_api
[2023-08-31T19:12:08.307+0300] {logging_mixin.py:151} INFO - [2023-08-31T19:12:08.307+0300] {manager.py:501} INFO - Created Permission View: can delete on DAG:tutorial_taskflow_api
[2023-08-31T19:12:08.312+0300] {logging_mixin.py:151} INFO - [2023-08-31T19:12:08.311+0300] {manager.py:501} INFO - Created Permission View: can edit on DAG:tutorial_taskflow_api
[2023-08-31T19:12:08.324+0300] {logging_mixin.py:151} INFO - [2023-08-31T19:12:08.323+0300] {dag.py:2907} INFO - Sync 1 DAGs
[2023-08-31T19:12:08.332+0300] {logging_mixin.py:151} INFO - [2023-08-31T19:12:08.332+0300] {dag.py:2929} INFO - Creating ORM DAG for tutorial_taskflow_api
[2023-08-31T19:12:08.333+0300] {logging_mixin.py:151} INFO - [2023-08-31T19:12:08.333+0300] {dag.py:3677} INFO - Setting next_dagrun for tutorial_taskflow_api to None, run_after=None
[2023-08-31T19:12:08.346+0300] {processor.py:179} INFO - Processing /home/miminari/repos/airflow_project/env/lib/python3.10/site-packages/airflow/example_dags/tutorial_taskflow_api.py took 0.273 seconds
[2023-08-31T19:12:38.462+0300] {processor.py:157} INFO - Started process (PID=18710) to work on /home/miminari/repos/airflow_project/env/lib/python3.10/site-packages/airflow/example_dags/tutorial_taskflow_api.py
[2023-08-31T19:12:38.462+0300] {processor.py:829} INFO - Processing file /home/miminari/repos/airflow_project/env/lib/python3.10/site-packages/airflow/example_dags/tutorial_taskflow_api.py for tasks to queue
[2023-08-31T19:12:38.462+0300] {logging_mixin.py:151} INFO - [2023-08-31T19:12:38.462+0300] {dagbag.py:539} INFO - Filling up the DagBag from /home/miminari/repos/airflow_project/env/lib/python3.10/site-packages/airflow/example_dags/tutorial_taskflow_api.py
[2023-08-31T19:12:38.467+0300] {processor.py:839} INFO - DAG(s) dict_keys(['tutorial_taskflow_api']) retrieved from /home/miminari/repos/airflow_project/env/lib/python3.10/site-packages/airflow/example_dags/tutorial_taskflow_api.py
[2023-08-31T19:12:38.488+0300] {logging_mixin.py:151} INFO - [2023-08-31T19:12:38.488+0300] {dag.py:2907} INFO - Sync 1 DAGs
[2023-08-31T19:12:38.498+0300] {logging_mixin.py:151} INFO - [2023-08-31T19:12:38.498+0300] {dag.py:3677} INFO - Setting next_dagrun for tutorial_taskflow_api to None, run_after=None
[2023-08-31T19:12:38.511+0300] {processor.py:179} INFO - Processing /home/miminari/repos/airflow_project/env/lib/python3.10/site-packages/airflow/example_dags/tutorial_taskflow_api.py took 0.051 seconds
[2023-08-31T19:13:08.574+0300] {processor.py:157} INFO - Started process (PID=18803) to work on /home/miminari/repos/airflow_project/env/lib/python3.10/site-packages/airflow/example_dags/tutorial_taskflow_api.py
[2023-08-31T19:13:08.575+0300] {processor.py:829} INFO - Processing file /home/miminari/repos/airflow_project/env/lib/python3.10/site-packages/airflow/example_dags/tutorial_taskflow_api.py for tasks to queue
[2023-08-31T19:13:08.576+0300] {logging_mixin.py:151} INFO - [2023-08-31T19:13:08.575+0300] {dagbag.py:539} INFO - Filling up the DagBag from /home/miminari/repos/airflow_project/env/lib/python3.10/site-packages/airflow/example_dags/tutorial_taskflow_api.py
[2023-08-31T19:13:08.580+0300] {processor.py:839} INFO - DAG(s) dict_keys(['tutorial_taskflow_api']) retrieved from /home/miminari/repos/airflow_project/env/lib/python3.10/site-packages/airflow/example_dags/tutorial_taskflow_api.py
[2023-08-31T19:13:08.600+0300] {logging_mixin.py:151} INFO - [2023-08-31T19:13:08.600+0300] {dag.py:2907} INFO - Sync 1 DAGs
[2023-08-31T19:13:08.611+0300] {logging_mixin.py:151} INFO - [2023-08-31T19:13:08.610+0300] {dag.py:3677} INFO - Setting next_dagrun for tutorial_taskflow_api to None, run_after=None
[2023-08-31T19:13:08.625+0300] {processor.py:179} INFO - Processing /home/miminari/repos/airflow_project/env/lib/python3.10/site-packages/airflow/example_dags/tutorial_taskflow_api.py took 0.053 seconds
[2023-08-31T19:13:39.693+0300] {processor.py:157} INFO - Started process (PID=18912) to work on /home/miminari/repos/airflow_project/env/lib/python3.10/site-packages/airflow/example_dags/tutorial_taskflow_api.py
[2023-08-31T19:13:39.696+0300] {processor.py:829} INFO - Processing file /home/miminari/repos/airflow_project/env/lib/python3.10/site-packages/airflow/example_dags/tutorial_taskflow_api.py for tasks to queue
[2023-08-31T19:13:39.697+0300] {logging_mixin.py:151} INFO - [2023-08-31T19:13:39.696+0300] {dagbag.py:539} INFO - Filling up the DagBag from /home/miminari/repos/airflow_project/env/lib/python3.10/site-packages/airflow/example_dags/tutorial_taskflow_api.py
[2023-08-31T19:13:39.703+0300] {processor.py:839} INFO - DAG(s) dict_keys(['tutorial_taskflow_api']) retrieved from /home/miminari/repos/airflow_project/env/lib/python3.10/site-packages/airflow/example_dags/tutorial_taskflow_api.py
[2023-08-31T19:13:39.729+0300] {logging_mixin.py:151} INFO - [2023-08-31T19:13:39.729+0300] {dag.py:2907} INFO - Sync 1 DAGs
[2023-08-31T19:13:39.739+0300] {logging_mixin.py:151} INFO - [2023-08-31T19:13:39.739+0300] {dag.py:3677} INFO - Setting next_dagrun for tutorial_taskflow_api to None, run_after=None
[2023-08-31T19:13:39.752+0300] {processor.py:179} INFO - Processing /home/miminari/repos/airflow_project/env/lib/python3.10/site-packages/airflow/example_dags/tutorial_taskflow_api.py took 0.062 seconds
[2023-08-31T19:14:09.887+0300] {processor.py:157} INFO - Started process (PID=19010) to work on /home/miminari/repos/airflow_project/env/lib/python3.10/site-packages/airflow/example_dags/tutorial_taskflow_api.py
[2023-08-31T19:14:09.888+0300] {processor.py:829} INFO - Processing file /home/miminari/repos/airflow_project/env/lib/python3.10/site-packages/airflow/example_dags/tutorial_taskflow_api.py for tasks to queue
[2023-08-31T19:14:09.888+0300] {logging_mixin.py:151} INFO - [2023-08-31T19:14:09.888+0300] {dagbag.py:539} INFO - Filling up the DagBag from /home/miminari/repos/airflow_project/env/lib/python3.10/site-packages/airflow/example_dags/tutorial_taskflow_api.py
[2023-08-31T19:14:09.893+0300] {processor.py:839} INFO - DAG(s) dict_keys(['tutorial_taskflow_api']) retrieved from /home/miminari/repos/airflow_project/env/lib/python3.10/site-packages/airflow/example_dags/tutorial_taskflow_api.py
[2023-08-31T19:14:09.920+0300] {logging_mixin.py:151} INFO - [2023-08-31T19:14:09.919+0300] {dag.py:2907} INFO - Sync 1 DAGs
[2023-08-31T19:14:09.930+0300] {logging_mixin.py:151} INFO - [2023-08-31T19:14:09.930+0300] {dag.py:3677} INFO - Setting next_dagrun for tutorial_taskflow_api to None, run_after=None
[2023-08-31T19:14:09.946+0300] {processor.py:179} INFO - Processing /home/miminari/repos/airflow_project/env/lib/python3.10/site-packages/airflow/example_dags/tutorial_taskflow_api.py took 0.061 seconds
[2023-08-31T19:14:39.972+0300] {processor.py:157} INFO - Started process (PID=19105) to work on /home/miminari/repos/airflow_project/env/lib/python3.10/site-packages/airflow/example_dags/tutorial_taskflow_api.py
[2023-08-31T19:14:39.972+0300] {processor.py:829} INFO - Processing file /home/miminari/repos/airflow_project/env/lib/python3.10/site-packages/airflow/example_dags/tutorial_taskflow_api.py for tasks to queue
[2023-08-31T19:14:39.973+0300] {logging_mixin.py:151} INFO - [2023-08-31T19:14:39.973+0300] {dagbag.py:539} INFO - Filling up the DagBag from /home/miminari/repos/airflow_project/env/lib/python3.10/site-packages/airflow/example_dags/tutorial_taskflow_api.py
[2023-08-31T19:14:39.978+0300] {processor.py:839} INFO - DAG(s) dict_keys(['tutorial_taskflow_api']) retrieved from /home/miminari/repos/airflow_project/env/lib/python3.10/site-packages/airflow/example_dags/tutorial_taskflow_api.py
[2023-08-31T19:14:40.002+0300] {logging_mixin.py:151} INFO - [2023-08-31T19:14:40.002+0300] {dag.py:2907} INFO - Sync 1 DAGs
[2023-08-31T19:14:40.014+0300] {logging_mixin.py:151} INFO - [2023-08-31T19:14:40.013+0300] {dag.py:3677} INFO - Setting next_dagrun for tutorial_taskflow_api to None, run_after=None
[2023-08-31T19:14:40.031+0300] {processor.py:179} INFO - Processing /home/miminari/repos/airflow_project/env/lib/python3.10/site-packages/airflow/example_dags/tutorial_taskflow_api.py took 0.062 seconds
[2023-08-31T19:15:10.283+0300] {processor.py:157} INFO - Started process (PID=19306) to work on /home/miminari/repos/airflow_project/env/lib/python3.10/site-packages/airflow/example_dags/tutorial_taskflow_api.py
[2023-08-31T19:15:10.284+0300] {processor.py:829} INFO - Processing file /home/miminari/repos/airflow_project/env/lib/python3.10/site-packages/airflow/example_dags/tutorial_taskflow_api.py for tasks to queue
[2023-08-31T19:15:10.284+0300] {logging_mixin.py:151} INFO - [2023-08-31T19:15:10.284+0300] {dagbag.py:539} INFO - Filling up the DagBag from /home/miminari/repos/airflow_project/env/lib/python3.10/site-packages/airflow/example_dags/tutorial_taskflow_api.py
[2023-08-31T19:15:10.290+0300] {processor.py:839} INFO - DAG(s) dict_keys(['tutorial_taskflow_api']) retrieved from /home/miminari/repos/airflow_project/env/lib/python3.10/site-packages/airflow/example_dags/tutorial_taskflow_api.py
[2023-08-31T19:15:10.314+0300] {logging_mixin.py:151} INFO - [2023-08-31T19:15:10.314+0300] {dag.py:2907} INFO - Sync 1 DAGs
[2023-08-31T19:15:10.327+0300] {logging_mixin.py:151} INFO - [2023-08-31T19:15:10.327+0300] {dag.py:3677} INFO - Setting next_dagrun for tutorial_taskflow_api to None, run_after=None
[2023-08-31T19:15:10.343+0300] {processor.py:179} INFO - Processing /home/miminari/repos/airflow_project/env/lib/python3.10/site-packages/airflow/example_dags/tutorial_taskflow_api.py took 0.062 seconds
[2023-08-31T19:15:40.555+0300] {processor.py:157} INFO - Started process (PID=19404) to work on /home/miminari/repos/airflow_project/env/lib/python3.10/site-packages/airflow/example_dags/tutorial_taskflow_api.py
[2023-08-31T19:15:40.556+0300] {processor.py:829} INFO - Processing file /home/miminari/repos/airflow_project/env/lib/python3.10/site-packages/airflow/example_dags/tutorial_taskflow_api.py for tasks to queue
[2023-08-31T19:15:40.557+0300] {logging_mixin.py:151} INFO - [2023-08-31T19:15:40.557+0300] {dagbag.py:539} INFO - Filling up the DagBag from /home/miminari/repos/airflow_project/env/lib/python3.10/site-packages/airflow/example_dags/tutorial_taskflow_api.py
[2023-08-31T19:15:40.561+0300] {processor.py:839} INFO - DAG(s) dict_keys(['tutorial_taskflow_api']) retrieved from /home/miminari/repos/airflow_project/env/lib/python3.10/site-packages/airflow/example_dags/tutorial_taskflow_api.py
[2023-08-31T19:15:40.584+0300] {logging_mixin.py:151} INFO - [2023-08-31T19:15:40.584+0300] {dag.py:2907} INFO - Sync 1 DAGs
[2023-08-31T19:15:40.595+0300] {logging_mixin.py:151} INFO - [2023-08-31T19:15:40.595+0300] {dag.py:3677} INFO - Setting next_dagrun for tutorial_taskflow_api to None, run_after=None
[2023-08-31T19:15:40.609+0300] {processor.py:179} INFO - Processing /home/miminari/repos/airflow_project/env/lib/python3.10/site-packages/airflow/example_dags/tutorial_taskflow_api.py took 0.057 seconds
[2023-08-31T19:16:10.866+0300] {processor.py:157} INFO - Started process (PID=19559) to work on /home/miminari/repos/airflow_project/env/lib/python3.10/site-packages/airflow/example_dags/tutorial_taskflow_api.py
[2023-08-31T19:16:10.868+0300] {processor.py:829} INFO - Processing file /home/miminari/repos/airflow_project/env/lib/python3.10/site-packages/airflow/example_dags/tutorial_taskflow_api.py for tasks to queue
[2023-08-31T19:16:10.868+0300] {logging_mixin.py:151} INFO - [2023-08-31T19:16:10.868+0300] {dagbag.py:539} INFO - Filling up the DagBag from /home/miminari/repos/airflow_project/env/lib/python3.10/site-packages/airflow/example_dags/tutorial_taskflow_api.py
[2023-08-31T19:16:10.874+0300] {processor.py:839} INFO - DAG(s) dict_keys(['tutorial_taskflow_api']) retrieved from /home/miminari/repos/airflow_project/env/lib/python3.10/site-packages/airflow/example_dags/tutorial_taskflow_api.py
[2023-08-31T19:16:10.905+0300] {logging_mixin.py:151} INFO - [2023-08-31T19:16:10.905+0300] {dag.py:2907} INFO - Sync 1 DAGs
[2023-08-31T19:16:10.917+0300] {logging_mixin.py:151} INFO - [2023-08-31T19:16:10.917+0300] {dag.py:3677} INFO - Setting next_dagrun for tutorial_taskflow_api to None, run_after=None
[2023-08-31T19:16:10.935+0300] {processor.py:179} INFO - Processing /home/miminari/repos/airflow_project/env/lib/python3.10/site-packages/airflow/example_dags/tutorial_taskflow_api.py took 0.072 seconds
[2023-08-31T19:16:41.174+0300] {processor.py:157} INFO - Started process (PID=19659) to work on /home/miminari/repos/airflow_project/env/lib/python3.10/site-packages/airflow/example_dags/tutorial_taskflow_api.py
[2023-08-31T19:16:41.175+0300] {processor.py:829} INFO - Processing file /home/miminari/repos/airflow_project/env/lib/python3.10/site-packages/airflow/example_dags/tutorial_taskflow_api.py for tasks to queue
[2023-08-31T19:16:41.175+0300] {logging_mixin.py:151} INFO - [2023-08-31T19:16:41.175+0300] {dagbag.py:539} INFO - Filling up the DagBag from /home/miminari/repos/airflow_project/env/lib/python3.10/site-packages/airflow/example_dags/tutorial_taskflow_api.py
[2023-08-31T19:16:41.180+0300] {processor.py:839} INFO - DAG(s) dict_keys(['tutorial_taskflow_api']) retrieved from /home/miminari/repos/airflow_project/env/lib/python3.10/site-packages/airflow/example_dags/tutorial_taskflow_api.py
[2023-08-31T19:16:41.212+0300] {logging_mixin.py:151} INFO - [2023-08-31T19:16:41.211+0300] {dag.py:2907} INFO - Sync 1 DAGs
[2023-08-31T19:16:41.225+0300] {logging_mixin.py:151} INFO - [2023-08-31T19:16:41.224+0300] {dag.py:3677} INFO - Setting next_dagrun for tutorial_taskflow_api to None, run_after=None
[2023-08-31T19:16:41.254+0300] {processor.py:179} INFO - Processing /home/miminari/repos/airflow_project/env/lib/python3.10/site-packages/airflow/example_dags/tutorial_taskflow_api.py took 0.083 seconds
[2023-08-31T19:17:11.451+0300] {processor.py:157} INFO - Started process (PID=19810) to work on /home/miminari/repos/airflow_project/env/lib/python3.10/site-packages/airflow/example_dags/tutorial_taskflow_api.py
[2023-08-31T19:17:11.451+0300] {processor.py:829} INFO - Processing file /home/miminari/repos/airflow_project/env/lib/python3.10/site-packages/airflow/example_dags/tutorial_taskflow_api.py for tasks to queue
[2023-08-31T19:17:11.452+0300] {logging_mixin.py:151} INFO - [2023-08-31T19:17:11.452+0300] {dagbag.py:539} INFO - Filling up the DagBag from /home/miminari/repos/airflow_project/env/lib/python3.10/site-packages/airflow/example_dags/tutorial_taskflow_api.py
[2023-08-31T19:17:11.457+0300] {processor.py:839} INFO - DAG(s) dict_keys(['tutorial_taskflow_api']) retrieved from /home/miminari/repos/airflow_project/env/lib/python3.10/site-packages/airflow/example_dags/tutorial_taskflow_api.py
[2023-08-31T19:17:11.486+0300] {logging_mixin.py:151} INFO - [2023-08-31T19:17:11.486+0300] {dag.py:2907} INFO - Sync 1 DAGs
[2023-08-31T19:17:11.501+0300] {logging_mixin.py:151} INFO - [2023-08-31T19:17:11.500+0300] {dag.py:3677} INFO - Setting next_dagrun for tutorial_taskflow_api to None, run_after=None
[2023-08-31T19:17:11.525+0300] {processor.py:179} INFO - Processing /home/miminari/repos/airflow_project/env/lib/python3.10/site-packages/airflow/example_dags/tutorial_taskflow_api.py took 0.077 seconds
[2023-08-31T19:17:41.697+0300] {processor.py:157} INFO - Started process (PID=19925) to work on /home/miminari/repos/airflow_project/env/lib/python3.10/site-packages/airflow/example_dags/tutorial_taskflow_api.py
[2023-08-31T19:17:41.698+0300] {processor.py:829} INFO - Processing file /home/miminari/repos/airflow_project/env/lib/python3.10/site-packages/airflow/example_dags/tutorial_taskflow_api.py for tasks to queue
[2023-08-31T19:17:41.698+0300] {logging_mixin.py:151} INFO - [2023-08-31T19:17:41.698+0300] {dagbag.py:539} INFO - Filling up the DagBag from /home/miminari/repos/airflow_project/env/lib/python3.10/site-packages/airflow/example_dags/tutorial_taskflow_api.py
[2023-08-31T19:17:41.704+0300] {processor.py:839} INFO - DAG(s) dict_keys(['tutorial_taskflow_api']) retrieved from /home/miminari/repos/airflow_project/env/lib/python3.10/site-packages/airflow/example_dags/tutorial_taskflow_api.py
[2023-08-31T19:17:41.731+0300] {logging_mixin.py:151} INFO - [2023-08-31T19:17:41.731+0300] {dag.py:2907} INFO - Sync 1 DAGs
[2023-08-31T19:17:41.742+0300] {logging_mixin.py:151} INFO - [2023-08-31T19:17:41.742+0300] {dag.py:3677} INFO - Setting next_dagrun for tutorial_taskflow_api to None, run_after=None
[2023-08-31T19:17:41.768+0300] {processor.py:179} INFO - Processing /home/miminari/repos/airflow_project/env/lib/python3.10/site-packages/airflow/example_dags/tutorial_taskflow_api.py took 0.075 seconds
[2023-08-31T19:18:11.864+0300] {processor.py:157} INFO - Started process (PID=20076) to work on /home/miminari/repos/airflow_project/env/lib/python3.10/site-packages/airflow/example_dags/tutorial_taskflow_api.py
[2023-08-31T19:18:11.865+0300] {processor.py:829} INFO - Processing file /home/miminari/repos/airflow_project/env/lib/python3.10/site-packages/airflow/example_dags/tutorial_taskflow_api.py for tasks to queue
[2023-08-31T19:18:11.865+0300] {logging_mixin.py:151} INFO - [2023-08-31T19:18:11.865+0300] {dagbag.py:539} INFO - Filling up the DagBag from /home/miminari/repos/airflow_project/env/lib/python3.10/site-packages/airflow/example_dags/tutorial_taskflow_api.py
[2023-08-31T19:18:11.871+0300] {processor.py:839} INFO - DAG(s) dict_keys(['tutorial_taskflow_api']) retrieved from /home/miminari/repos/airflow_project/env/lib/python3.10/site-packages/airflow/example_dags/tutorial_taskflow_api.py
[2023-08-31T19:18:11.898+0300] {logging_mixin.py:151} INFO - [2023-08-31T19:18:11.898+0300] {dag.py:2907} INFO - Sync 1 DAGs
[2023-08-31T19:18:11.911+0300] {logging_mixin.py:151} INFO - [2023-08-31T19:18:11.911+0300] {dag.py:3677} INFO - Setting next_dagrun for tutorial_taskflow_api to None, run_after=None
[2023-08-31T19:18:11.926+0300] {processor.py:179} INFO - Processing /home/miminari/repos/airflow_project/env/lib/python3.10/site-packages/airflow/example_dags/tutorial_taskflow_api.py took 0.064 seconds
[2023-08-31T19:18:42.035+0300] {processor.py:157} INFO - Started process (PID=20172) to work on /home/miminari/repos/airflow_project/env/lib/python3.10/site-packages/airflow/example_dags/tutorial_taskflow_api.py
[2023-08-31T19:18:42.036+0300] {processor.py:829} INFO - Processing file /home/miminari/repos/airflow_project/env/lib/python3.10/site-packages/airflow/example_dags/tutorial_taskflow_api.py for tasks to queue
[2023-08-31T19:18:42.036+0300] {logging_mixin.py:151} INFO - [2023-08-31T19:18:42.036+0300] {dagbag.py:539} INFO - Filling up the DagBag from /home/miminari/repos/airflow_project/env/lib/python3.10/site-packages/airflow/example_dags/tutorial_taskflow_api.py
[2023-08-31T19:18:42.041+0300] {processor.py:839} INFO - DAG(s) dict_keys(['tutorial_taskflow_api']) retrieved from /home/miminari/repos/airflow_project/env/lib/python3.10/site-packages/airflow/example_dags/tutorial_taskflow_api.py
[2023-08-31T19:18:42.065+0300] {logging_mixin.py:151} INFO - [2023-08-31T19:18:42.065+0300] {dag.py:2907} INFO - Sync 1 DAGs
[2023-08-31T19:18:42.076+0300] {logging_mixin.py:151} INFO - [2023-08-31T19:18:42.076+0300] {dag.py:3677} INFO - Setting next_dagrun for tutorial_taskflow_api to None, run_after=None
[2023-08-31T19:18:42.092+0300] {processor.py:179} INFO - Processing /home/miminari/repos/airflow_project/env/lib/python3.10/site-packages/airflow/example_dags/tutorial_taskflow_api.py took 0.062 seconds
[2023-08-31T19:19:12.452+0300] {processor.py:157} INFO - Started process (PID=20275) to work on /home/miminari/repos/airflow_project/env/lib/python3.10/site-packages/airflow/example_dags/tutorial_taskflow_api.py
[2023-08-31T19:19:12.453+0300] {processor.py:829} INFO - Processing file /home/miminari/repos/airflow_project/env/lib/python3.10/site-packages/airflow/example_dags/tutorial_taskflow_api.py for tasks to queue
[2023-08-31T19:19:12.454+0300] {logging_mixin.py:151} INFO - [2023-08-31T19:19:12.454+0300] {dagbag.py:539} INFO - Filling up the DagBag from /home/miminari/repos/airflow_project/env/lib/python3.10/site-packages/airflow/example_dags/tutorial_taskflow_api.py
[2023-08-31T19:19:12.460+0300] {processor.py:839} INFO - DAG(s) dict_keys(['tutorial_taskflow_api']) retrieved from /home/miminari/repos/airflow_project/env/lib/python3.10/site-packages/airflow/example_dags/tutorial_taskflow_api.py
[2023-08-31T19:19:12.496+0300] {logging_mixin.py:151} INFO - [2023-08-31T19:19:12.496+0300] {dag.py:2907} INFO - Sync 1 DAGs
[2023-08-31T19:19:12.507+0300] {logging_mixin.py:151} INFO - [2023-08-31T19:19:12.507+0300] {dag.py:3677} INFO - Setting next_dagrun for tutorial_taskflow_api to None, run_after=None
[2023-08-31T19:19:12.524+0300] {processor.py:179} INFO - Processing /home/miminari/repos/airflow_project/env/lib/python3.10/site-packages/airflow/example_dags/tutorial_taskflow_api.py took 0.074 seconds
[2023-08-31T19:19:42.920+0300] {processor.py:157} INFO - Started process (PID=20374) to work on /home/miminari/repos/airflow_project/env/lib/python3.10/site-packages/airflow/example_dags/tutorial_taskflow_api.py
[2023-08-31T19:19:42.921+0300] {processor.py:829} INFO - Processing file /home/miminari/repos/airflow_project/env/lib/python3.10/site-packages/airflow/example_dags/tutorial_taskflow_api.py for tasks to queue
[2023-08-31T19:19:42.921+0300] {logging_mixin.py:151} INFO - [2023-08-31T19:19:42.921+0300] {dagbag.py:539} INFO - Filling up the DagBag from /home/miminari/repos/airflow_project/env/lib/python3.10/site-packages/airflow/example_dags/tutorial_taskflow_api.py
[2023-08-31T19:19:42.926+0300] {processor.py:839} INFO - DAG(s) dict_keys(['tutorial_taskflow_api']) retrieved from /home/miminari/repos/airflow_project/env/lib/python3.10/site-packages/airflow/example_dags/tutorial_taskflow_api.py
[2023-08-31T19:19:42.952+0300] {logging_mixin.py:151} INFO - [2023-08-31T19:19:42.952+0300] {dag.py:2907} INFO - Sync 1 DAGs
[2023-08-31T19:19:42.964+0300] {logging_mixin.py:151} INFO - [2023-08-31T19:19:42.964+0300] {dag.py:3677} INFO - Setting next_dagrun for tutorial_taskflow_api to None, run_after=None
[2023-08-31T19:19:42.979+0300] {processor.py:179} INFO - Processing /home/miminari/repos/airflow_project/env/lib/python3.10/site-packages/airflow/example_dags/tutorial_taskflow_api.py took 0.061 seconds
