[2023-08-31T19:12:07.786+0300] {processor.py:157} INFO - Started process (PID=18576) to work on /home/miminari/repos/airflow_project/env/lib/python3.10/site-packages/airflow/example_dags/tutorial_taskflow_api_virtualenv.py
[2023-08-31T19:12:07.787+0300] {processor.py:829} INFO - Processing file /home/miminari/repos/airflow_project/env/lib/python3.10/site-packages/airflow/example_dags/tutorial_taskflow_api_virtualenv.py for tasks to queue
[2023-08-31T19:12:07.787+0300] {logging_mixin.py:151} INFO - [2023-08-31T19:12:07.787+0300] {dagbag.py:539} INFO - Filling up the DagBag from /home/miminari/repos/airflow_project/env/lib/python3.10/site-packages/airflow/example_dags/tutorial_taskflow_api_virtualenv.py
[2023-08-31T19:12:07.797+0300] {processor.py:839} INFO - DAG(s) dict_keys(['tutorial_taskflow_api_virtualenv']) retrieved from /home/miminari/repos/airflow_project/env/lib/python3.10/site-packages/airflow/example_dags/tutorial_taskflow_api_virtualenv.py
[2023-08-31T19:12:08.016+0300] {logging_mixin.py:151} INFO - [2023-08-31T19:12:08.016+0300] {manager.py:501} INFO - Created Permission View: can read on DAG:tutorial_taskflow_api_virtualenv
[2023-08-31T19:12:08.023+0300] {logging_mixin.py:151} INFO - [2023-08-31T19:12:08.023+0300] {manager.py:501} INFO - Created Permission View: can delete on DAG:tutorial_taskflow_api_virtualenv
[2023-08-31T19:12:08.027+0300] {logging_mixin.py:151} INFO - [2023-08-31T19:12:08.027+0300] {manager.py:501} INFO - Created Permission View: can edit on DAG:tutorial_taskflow_api_virtualenv
[2023-08-31T19:12:08.037+0300] {logging_mixin.py:151} INFO - [2023-08-31T19:12:08.036+0300] {dag.py:2907} INFO - Sync 1 DAGs
[2023-08-31T19:12:08.045+0300] {logging_mixin.py:151} INFO - [2023-08-31T19:12:08.044+0300] {dag.py:2929} INFO - Creating ORM DAG for tutorial_taskflow_api_virtualenv
[2023-08-31T19:12:08.045+0300] {logging_mixin.py:151} INFO - [2023-08-31T19:12:08.045+0300] {dag.py:3677} INFO - Setting next_dagrun for tutorial_taskflow_api_virtualenv to None, run_after=None
[2023-08-31T19:12:08.057+0300] {processor.py:179} INFO - Processing /home/miminari/repos/airflow_project/env/lib/python3.10/site-packages/airflow/example_dags/tutorial_taskflow_api_virtualenv.py took 0.274 seconds
[2023-08-31T19:12:38.282+0300] {processor.py:157} INFO - Started process (PID=18699) to work on /home/miminari/repos/airflow_project/env/lib/python3.10/site-packages/airflow/example_dags/tutorial_taskflow_api_virtualenv.py
[2023-08-31T19:12:38.283+0300] {processor.py:829} INFO - Processing file /home/miminari/repos/airflow_project/env/lib/python3.10/site-packages/airflow/example_dags/tutorial_taskflow_api_virtualenv.py for tasks to queue
[2023-08-31T19:12:38.283+0300] {logging_mixin.py:151} INFO - [2023-08-31T19:12:38.283+0300] {dagbag.py:539} INFO - Filling up the DagBag from /home/miminari/repos/airflow_project/env/lib/python3.10/site-packages/airflow/example_dags/tutorial_taskflow_api_virtualenv.py
[2023-08-31T19:12:38.290+0300] {processor.py:839} INFO - DAG(s) dict_keys(['tutorial_taskflow_api_virtualenv']) retrieved from /home/miminari/repos/airflow_project/env/lib/python3.10/site-packages/airflow/example_dags/tutorial_taskflow_api_virtualenv.py
[2023-08-31T19:12:38.315+0300] {logging_mixin.py:151} INFO - [2023-08-31T19:12:38.314+0300] {dag.py:2907} INFO - Sync 1 DAGs
[2023-08-31T19:12:38.328+0300] {logging_mixin.py:151} INFO - [2023-08-31T19:12:38.328+0300] {dag.py:3677} INFO - Setting next_dagrun for tutorial_taskflow_api_virtualenv to None, run_after=None
[2023-08-31T19:12:38.343+0300] {processor.py:179} INFO - Processing /home/miminari/repos/airflow_project/env/lib/python3.10/site-packages/airflow/example_dags/tutorial_taskflow_api_virtualenv.py took 0.063 seconds
[2023-08-31T19:13:08.509+0300] {processor.py:157} INFO - Started process (PID=18800) to work on /home/miminari/repos/airflow_project/env/lib/python3.10/site-packages/airflow/example_dags/tutorial_taskflow_api_virtualenv.py
[2023-08-31T19:13:08.509+0300] {processor.py:829} INFO - Processing file /home/miminari/repos/airflow_project/env/lib/python3.10/site-packages/airflow/example_dags/tutorial_taskflow_api_virtualenv.py for tasks to queue
[2023-08-31T19:13:08.510+0300] {logging_mixin.py:151} INFO - [2023-08-31T19:13:08.510+0300] {dagbag.py:539} INFO - Filling up the DagBag from /home/miminari/repos/airflow_project/env/lib/python3.10/site-packages/airflow/example_dags/tutorial_taskflow_api_virtualenv.py
[2023-08-31T19:13:08.514+0300] {processor.py:839} INFO - DAG(s) dict_keys(['tutorial_taskflow_api_virtualenv']) retrieved from /home/miminari/repos/airflow_project/env/lib/python3.10/site-packages/airflow/example_dags/tutorial_taskflow_api_virtualenv.py
[2023-08-31T19:13:08.535+0300] {logging_mixin.py:151} INFO - [2023-08-31T19:13:08.534+0300] {dag.py:2907} INFO - Sync 1 DAGs
[2023-08-31T19:13:08.544+0300] {logging_mixin.py:151} INFO - [2023-08-31T19:13:08.543+0300] {dag.py:3677} INFO - Setting next_dagrun for tutorial_taskflow_api_virtualenv to None, run_after=None
[2023-08-31T19:13:08.556+0300] {processor.py:179} INFO - Processing /home/miminari/repos/airflow_project/env/lib/python3.10/site-packages/airflow/example_dags/tutorial_taskflow_api_virtualenv.py took 0.049 seconds
[2023-08-31T19:13:39.583+0300] {processor.py:157} INFO - Started process (PID=18908) to work on /home/miminari/repos/airflow_project/env/lib/python3.10/site-packages/airflow/example_dags/tutorial_taskflow_api_virtualenv.py
[2023-08-31T19:13:39.583+0300] {processor.py:829} INFO - Processing file /home/miminari/repos/airflow_project/env/lib/python3.10/site-packages/airflow/example_dags/tutorial_taskflow_api_virtualenv.py for tasks to queue
[2023-08-31T19:13:39.584+0300] {logging_mixin.py:151} INFO - [2023-08-31T19:13:39.584+0300] {dagbag.py:539} INFO - Filling up the DagBag from /home/miminari/repos/airflow_project/env/lib/python3.10/site-packages/airflow/example_dags/tutorial_taskflow_api_virtualenv.py
[2023-08-31T19:13:39.589+0300] {processor.py:839} INFO - DAG(s) dict_keys(['tutorial_taskflow_api_virtualenv']) retrieved from /home/miminari/repos/airflow_project/env/lib/python3.10/site-packages/airflow/example_dags/tutorial_taskflow_api_virtualenv.py
[2023-08-31T19:13:39.614+0300] {logging_mixin.py:151} INFO - [2023-08-31T19:13:39.614+0300] {dag.py:2907} INFO - Sync 1 DAGs
[2023-08-31T19:13:39.633+0300] {logging_mixin.py:151} INFO - [2023-08-31T19:13:39.633+0300] {dag.py:3677} INFO - Setting next_dagrun for tutorial_taskflow_api_virtualenv to None, run_after=None
[2023-08-31T19:13:39.660+0300] {processor.py:179} INFO - Processing /home/miminari/repos/airflow_project/env/lib/python3.10/site-packages/airflow/example_dags/tutorial_taskflow_api_virtualenv.py took 0.080 seconds
[2023-08-31T19:14:09.708+0300] {processor.py:157} INFO - Started process (PID=19005) to work on /home/miminari/repos/airflow_project/env/lib/python3.10/site-packages/airflow/example_dags/tutorial_taskflow_api_virtualenv.py
[2023-08-31T19:14:09.708+0300] {processor.py:829} INFO - Processing file /home/miminari/repos/airflow_project/env/lib/python3.10/site-packages/airflow/example_dags/tutorial_taskflow_api_virtualenv.py for tasks to queue
[2023-08-31T19:14:09.709+0300] {logging_mixin.py:151} INFO - [2023-08-31T19:14:09.709+0300] {dagbag.py:539} INFO - Filling up the DagBag from /home/miminari/repos/airflow_project/env/lib/python3.10/site-packages/airflow/example_dags/tutorial_taskflow_api_virtualenv.py
[2023-08-31T19:14:09.714+0300] {processor.py:839} INFO - DAG(s) dict_keys(['tutorial_taskflow_api_virtualenv']) retrieved from /home/miminari/repos/airflow_project/env/lib/python3.10/site-packages/airflow/example_dags/tutorial_taskflow_api_virtualenv.py
[2023-08-31T19:14:09.740+0300] {logging_mixin.py:151} INFO - [2023-08-31T19:14:09.740+0300] {dag.py:2907} INFO - Sync 1 DAGs
[2023-08-31T19:14:09.752+0300] {logging_mixin.py:151} INFO - [2023-08-31T19:14:09.752+0300] {dag.py:3677} INFO - Setting next_dagrun for tutorial_taskflow_api_virtualenv to None, run_after=None
[2023-08-31T19:14:09.773+0300] {processor.py:179} INFO - Processing /home/miminari/repos/airflow_project/env/lib/python3.10/site-packages/airflow/example_dags/tutorial_taskflow_api_virtualenv.py took 0.067 seconds
[2023-08-31T19:14:39.841+0300] {processor.py:157} INFO - Started process (PID=19101) to work on /home/miminari/repos/airflow_project/env/lib/python3.10/site-packages/airflow/example_dags/tutorial_taskflow_api_virtualenv.py
[2023-08-31T19:14:39.842+0300] {processor.py:829} INFO - Processing file /home/miminari/repos/airflow_project/env/lib/python3.10/site-packages/airflow/example_dags/tutorial_taskflow_api_virtualenv.py for tasks to queue
[2023-08-31T19:14:39.843+0300] {logging_mixin.py:151} INFO - [2023-08-31T19:14:39.842+0300] {dagbag.py:539} INFO - Filling up the DagBag from /home/miminari/repos/airflow_project/env/lib/python3.10/site-packages/airflow/example_dags/tutorial_taskflow_api_virtualenv.py
[2023-08-31T19:14:39.848+0300] {processor.py:839} INFO - DAG(s) dict_keys(['tutorial_taskflow_api_virtualenv']) retrieved from /home/miminari/repos/airflow_project/env/lib/python3.10/site-packages/airflow/example_dags/tutorial_taskflow_api_virtualenv.py
[2023-08-31T19:14:39.872+0300] {logging_mixin.py:151} INFO - [2023-08-31T19:14:39.871+0300] {dag.py:2907} INFO - Sync 1 DAGs
[2023-08-31T19:14:39.883+0300] {logging_mixin.py:151} INFO - [2023-08-31T19:14:39.883+0300] {dag.py:3677} INFO - Setting next_dagrun for tutorial_taskflow_api_virtualenv to None, run_after=None
[2023-08-31T19:14:39.900+0300] {processor.py:179} INFO - Processing /home/miminari/repos/airflow_project/env/lib/python3.10/site-packages/airflow/example_dags/tutorial_taskflow_api_virtualenv.py took 0.062 seconds
[2023-08-31T19:15:10.205+0300] {processor.py:157} INFO - Started process (PID=19302) to work on /home/miminari/repos/airflow_project/env/lib/python3.10/site-packages/airflow/example_dags/tutorial_taskflow_api_virtualenv.py
[2023-08-31T19:15:10.206+0300] {processor.py:829} INFO - Processing file /home/miminari/repos/airflow_project/env/lib/python3.10/site-packages/airflow/example_dags/tutorial_taskflow_api_virtualenv.py for tasks to queue
[2023-08-31T19:15:10.207+0300] {logging_mixin.py:151} INFO - [2023-08-31T19:15:10.206+0300] {dagbag.py:539} INFO - Filling up the DagBag from /home/miminari/repos/airflow_project/env/lib/python3.10/site-packages/airflow/example_dags/tutorial_taskflow_api_virtualenv.py
[2023-08-31T19:15:10.214+0300] {processor.py:839} INFO - DAG(s) dict_keys(['tutorial_taskflow_api_virtualenv']) retrieved from /home/miminari/repos/airflow_project/env/lib/python3.10/site-packages/airflow/example_dags/tutorial_taskflow_api_virtualenv.py
[2023-08-31T19:15:10.239+0300] {logging_mixin.py:151} INFO - [2023-08-31T19:15:10.239+0300] {dag.py:2907} INFO - Sync 1 DAGs
[2023-08-31T19:15:10.250+0300] {logging_mixin.py:151} INFO - [2023-08-31T19:15:10.250+0300] {dag.py:3677} INFO - Setting next_dagrun for tutorial_taskflow_api_virtualenv to None, run_after=None
[2023-08-31T19:15:10.267+0300] {processor.py:179} INFO - Processing /home/miminari/repos/airflow_project/env/lib/python3.10/site-packages/airflow/example_dags/tutorial_taskflow_api_virtualenv.py took 0.065 seconds
[2023-08-31T19:15:40.411+0300] {processor.py:157} INFO - Started process (PID=19399) to work on /home/miminari/repos/airflow_project/env/lib/python3.10/site-packages/airflow/example_dags/tutorial_taskflow_api_virtualenv.py
[2023-08-31T19:15:40.412+0300] {processor.py:829} INFO - Processing file /home/miminari/repos/airflow_project/env/lib/python3.10/site-packages/airflow/example_dags/tutorial_taskflow_api_virtualenv.py for tasks to queue
[2023-08-31T19:15:40.413+0300] {logging_mixin.py:151} INFO - [2023-08-31T19:15:40.412+0300] {dagbag.py:539} INFO - Filling up the DagBag from /home/miminari/repos/airflow_project/env/lib/python3.10/site-packages/airflow/example_dags/tutorial_taskflow_api_virtualenv.py
[2023-08-31T19:15:40.418+0300] {processor.py:839} INFO - DAG(s) dict_keys(['tutorial_taskflow_api_virtualenv']) retrieved from /home/miminari/repos/airflow_project/env/lib/python3.10/site-packages/airflow/example_dags/tutorial_taskflow_api_virtualenv.py
[2023-08-31T19:15:40.441+0300] {logging_mixin.py:151} INFO - [2023-08-31T19:15:40.441+0300] {dag.py:2907} INFO - Sync 1 DAGs
[2023-08-31T19:15:40.451+0300] {logging_mixin.py:151} INFO - [2023-08-31T19:15:40.451+0300] {dag.py:3677} INFO - Setting next_dagrun for tutorial_taskflow_api_virtualenv to None, run_after=None
[2023-08-31T19:15:40.465+0300] {processor.py:179} INFO - Processing /home/miminari/repos/airflow_project/env/lib/python3.10/site-packages/airflow/example_dags/tutorial_taskflow_api_virtualenv.py took 0.056 seconds
[2023-08-31T19:16:10.687+0300] {processor.py:157} INFO - Started process (PID=19555) to work on /home/miminari/repos/airflow_project/env/lib/python3.10/site-packages/airflow/example_dags/tutorial_taskflow_api_virtualenv.py
[2023-08-31T19:16:10.688+0300] {processor.py:829} INFO - Processing file /home/miminari/repos/airflow_project/env/lib/python3.10/site-packages/airflow/example_dags/tutorial_taskflow_api_virtualenv.py for tasks to queue
[2023-08-31T19:16:10.688+0300] {logging_mixin.py:151} INFO - [2023-08-31T19:16:10.688+0300] {dagbag.py:539} INFO - Filling up the DagBag from /home/miminari/repos/airflow_project/env/lib/python3.10/site-packages/airflow/example_dags/tutorial_taskflow_api_virtualenv.py
[2023-08-31T19:16:10.694+0300] {processor.py:839} INFO - DAG(s) dict_keys(['tutorial_taskflow_api_virtualenv']) retrieved from /home/miminari/repos/airflow_project/env/lib/python3.10/site-packages/airflow/example_dags/tutorial_taskflow_api_virtualenv.py
[2023-08-31T19:16:10.718+0300] {logging_mixin.py:151} INFO - [2023-08-31T19:16:10.718+0300] {dag.py:2907} INFO - Sync 1 DAGs
[2023-08-31T19:16:10.733+0300] {logging_mixin.py:151} INFO - [2023-08-31T19:16:10.732+0300] {dag.py:3677} INFO - Setting next_dagrun for tutorial_taskflow_api_virtualenv to None, run_after=None
[2023-08-31T19:16:10.750+0300] {processor.py:179} INFO - Processing /home/miminari/repos/airflow_project/env/lib/python3.10/site-packages/airflow/example_dags/tutorial_taskflow_api_virtualenv.py took 0.066 seconds
[2023-08-31T19:16:41.100+0300] {processor.py:157} INFO - Started process (PID=19655) to work on /home/miminari/repos/airflow_project/env/lib/python3.10/site-packages/airflow/example_dags/tutorial_taskflow_api_virtualenv.py
[2023-08-31T19:16:41.101+0300] {processor.py:829} INFO - Processing file /home/miminari/repos/airflow_project/env/lib/python3.10/site-packages/airflow/example_dags/tutorial_taskflow_api_virtualenv.py for tasks to queue
[2023-08-31T19:16:41.101+0300] {logging_mixin.py:151} INFO - [2023-08-31T19:16:41.101+0300] {dagbag.py:539} INFO - Filling up the DagBag from /home/miminari/repos/airflow_project/env/lib/python3.10/site-packages/airflow/example_dags/tutorial_taskflow_api_virtualenv.py
[2023-08-31T19:16:41.106+0300] {processor.py:839} INFO - DAG(s) dict_keys(['tutorial_taskflow_api_virtualenv']) retrieved from /home/miminari/repos/airflow_project/env/lib/python3.10/site-packages/airflow/example_dags/tutorial_taskflow_api_virtualenv.py
[2023-08-31T19:16:41.131+0300] {logging_mixin.py:151} INFO - [2023-08-31T19:16:41.131+0300] {dag.py:2907} INFO - Sync 1 DAGs
[2023-08-31T19:16:41.142+0300] {logging_mixin.py:151} INFO - [2023-08-31T19:16:41.142+0300] {dag.py:3677} INFO - Setting next_dagrun for tutorial_taskflow_api_virtualenv to None, run_after=None
[2023-08-31T19:16:41.158+0300] {processor.py:179} INFO - Processing /home/miminari/repos/airflow_project/env/lib/python3.10/site-packages/airflow/example_dags/tutorial_taskflow_api_virtualenv.py took 0.060 seconds
[2023-08-31T19:17:11.338+0300] {processor.py:157} INFO - Started process (PID=19804) to work on /home/miminari/repos/airflow_project/env/lib/python3.10/site-packages/airflow/example_dags/tutorial_taskflow_api_virtualenv.py
[2023-08-31T19:17:11.338+0300] {processor.py:829} INFO - Processing file /home/miminari/repos/airflow_project/env/lib/python3.10/site-packages/airflow/example_dags/tutorial_taskflow_api_virtualenv.py for tasks to queue
[2023-08-31T19:17:11.339+0300] {logging_mixin.py:151} INFO - [2023-08-31T19:17:11.338+0300] {dagbag.py:539} INFO - Filling up the DagBag from /home/miminari/repos/airflow_project/env/lib/python3.10/site-packages/airflow/example_dags/tutorial_taskflow_api_virtualenv.py
[2023-08-31T19:17:11.343+0300] {processor.py:839} INFO - DAG(s) dict_keys(['tutorial_taskflow_api_virtualenv']) retrieved from /home/miminari/repos/airflow_project/env/lib/python3.10/site-packages/airflow/example_dags/tutorial_taskflow_api_virtualenv.py
[2023-08-31T19:17:11.367+0300] {logging_mixin.py:151} INFO - [2023-08-31T19:17:11.366+0300] {dag.py:2907} INFO - Sync 1 DAGs
[2023-08-31T19:17:11.377+0300] {logging_mixin.py:151} INFO - [2023-08-31T19:17:11.377+0300] {dag.py:3677} INFO - Setting next_dagrun for tutorial_taskflow_api_virtualenv to None, run_after=None
[2023-08-31T19:17:11.391+0300] {processor.py:179} INFO - Processing /home/miminari/repos/airflow_project/env/lib/python3.10/site-packages/airflow/example_dags/tutorial_taskflow_api_virtualenv.py took 0.056 seconds
