[2023-08-31T19:12:05.606+0300] {processor.py:157} INFO - Started process (PID=18545) to work on /home/miminari/repos/airflow_project/env/lib/python3.10/site-packages/airflow/example_dags/tutorial.py
[2023-08-31T19:12:05.607+0300] {processor.py:829} INFO - Processing file /home/miminari/repos/airflow_project/env/lib/python3.10/site-packages/airflow/example_dags/tutorial.py for tasks to queue
[2023-08-31T19:12:05.607+0300] {logging_mixin.py:151} INFO - [2023-08-31T19:12:05.607+0300] {dagbag.py:539} INFO - Filling up the DagBag from /home/miminari/repos/airflow_project/env/lib/python3.10/site-packages/airflow/example_dags/tutorial.py
[2023-08-31T19:12:05.614+0300] {processor.py:839} INFO - DAG(s) dict_keys(['tutorial']) retrieved from /home/miminari/repos/airflow_project/env/lib/python3.10/site-packages/airflow/example_dags/tutorial.py
[2023-08-31T19:12:05.951+0300] {logging_mixin.py:151} INFO - [2023-08-31T19:12:05.951+0300] {manager.py:501} INFO - Created Permission View: can read on DAG:tutorial
[2023-08-31T19:12:05.959+0300] {logging_mixin.py:151} INFO - [2023-08-31T19:12:05.958+0300] {manager.py:501} INFO - Created Permission View: can delete on DAG:tutorial
[2023-08-31T19:12:05.963+0300] {logging_mixin.py:151} INFO - [2023-08-31T19:12:05.963+0300] {manager.py:501} INFO - Created Permission View: can edit on DAG:tutorial
[2023-08-31T19:12:05.976+0300] {logging_mixin.py:151} INFO - [2023-08-31T19:12:05.976+0300] {dag.py:2907} INFO - Sync 1 DAGs
[2023-08-31T19:12:05.984+0300] {logging_mixin.py:151} INFO - [2023-08-31T19:12:05.984+0300] {dag.py:2929} INFO - Creating ORM DAG for tutorial
[2023-08-31T19:12:05.992+0300] {logging_mixin.py:151} INFO - [2023-08-31T19:12:05.992+0300] {dag.py:3677} INFO - Setting next_dagrun for tutorial to 2023-08-30T16:12:05.992062+00:00, run_after=2023-08-31T16:12:05.992062+00:00
[2023-08-31T19:12:06.006+0300] {processor.py:179} INFO - Processing /home/miminari/repos/airflow_project/env/lib/python3.10/site-packages/airflow/example_dags/tutorial.py took 0.402 seconds
[2023-08-31T19:12:36.708+0300] {processor.py:157} INFO - Started process (PID=18673) to work on /home/miminari/repos/airflow_project/env/lib/python3.10/site-packages/airflow/example_dags/tutorial.py
[2023-08-31T19:12:36.709+0300] {processor.py:829} INFO - Processing file /home/miminari/repos/airflow_project/env/lib/python3.10/site-packages/airflow/example_dags/tutorial.py for tasks to queue
[2023-08-31T19:12:36.709+0300] {logging_mixin.py:151} INFO - [2023-08-31T19:12:36.709+0300] {dagbag.py:539} INFO - Filling up the DagBag from /home/miminari/repos/airflow_project/env/lib/python3.10/site-packages/airflow/example_dags/tutorial.py
[2023-08-31T19:12:36.714+0300] {processor.py:839} INFO - DAG(s) dict_keys(['tutorial']) retrieved from /home/miminari/repos/airflow_project/env/lib/python3.10/site-packages/airflow/example_dags/tutorial.py
[2023-08-31T19:12:36.738+0300] {logging_mixin.py:151} INFO - [2023-08-31T19:12:36.738+0300] {dag.py:2907} INFO - Sync 1 DAGs
[2023-08-31T19:12:36.758+0300] {logging_mixin.py:151} INFO - [2023-08-31T19:12:36.758+0300] {dag.py:3677} INFO - Setting next_dagrun for tutorial to 2023-08-30T16:12:36.758077+00:00, run_after=2023-08-31T16:12:36.758077+00:00
[2023-08-31T19:12:36.777+0300] {processor.py:179} INFO - Processing /home/miminari/repos/airflow_project/env/lib/python3.10/site-packages/airflow/example_dags/tutorial.py took 0.071 seconds
[2023-08-31T19:13:06.801+0300] {processor.py:157} INFO - Started process (PID=18773) to work on /home/miminari/repos/airflow_project/env/lib/python3.10/site-packages/airflow/example_dags/tutorial.py
[2023-08-31T19:13:06.802+0300] {processor.py:829} INFO - Processing file /home/miminari/repos/airflow_project/env/lib/python3.10/site-packages/airflow/example_dags/tutorial.py for tasks to queue
[2023-08-31T19:13:06.802+0300] {logging_mixin.py:151} INFO - [2023-08-31T19:13:06.802+0300] {dagbag.py:539} INFO - Filling up the DagBag from /home/miminari/repos/airflow_project/env/lib/python3.10/site-packages/airflow/example_dags/tutorial.py
[2023-08-31T19:13:06.807+0300] {processor.py:839} INFO - DAG(s) dict_keys(['tutorial']) retrieved from /home/miminari/repos/airflow_project/env/lib/python3.10/site-packages/airflow/example_dags/tutorial.py
[2023-08-31T19:13:06.828+0300] {logging_mixin.py:151} INFO - [2023-08-31T19:13:06.828+0300] {dag.py:2907} INFO - Sync 1 DAGs
[2023-08-31T19:13:06.849+0300] {logging_mixin.py:151} INFO - [2023-08-31T19:13:06.849+0300] {dag.py:3677} INFO - Setting next_dagrun for tutorial to 2023-08-30T16:13:06.848967+00:00, run_after=2023-08-31T16:13:06.848967+00:00
[2023-08-31T19:13:06.865+0300] {processor.py:179} INFO - Processing /home/miminari/repos/airflow_project/env/lib/python3.10/site-packages/airflow/example_dags/tutorial.py took 0.066 seconds
[2023-08-31T19:13:36.902+0300] {processor.py:157} INFO - Started process (PID=18881) to work on /home/miminari/repos/airflow_project/env/lib/python3.10/site-packages/airflow/example_dags/tutorial.py
[2023-08-31T19:13:36.902+0300] {processor.py:829} INFO - Processing file /home/miminari/repos/airflow_project/env/lib/python3.10/site-packages/airflow/example_dags/tutorial.py for tasks to queue
[2023-08-31T19:13:36.903+0300] {logging_mixin.py:151} INFO - [2023-08-31T19:13:36.903+0300] {dagbag.py:539} INFO - Filling up the DagBag from /home/miminari/repos/airflow_project/env/lib/python3.10/site-packages/airflow/example_dags/tutorial.py
[2023-08-31T19:13:36.908+0300] {processor.py:839} INFO - DAG(s) dict_keys(['tutorial']) retrieved from /home/miminari/repos/airflow_project/env/lib/python3.10/site-packages/airflow/example_dags/tutorial.py
[2023-08-31T19:13:36.927+0300] {logging_mixin.py:151} INFO - [2023-08-31T19:13:36.927+0300] {dag.py:2907} INFO - Sync 1 DAGs
[2023-08-31T19:13:36.944+0300] {logging_mixin.py:151} INFO - [2023-08-31T19:13:36.944+0300] {dag.py:3677} INFO - Setting next_dagrun for tutorial to 2023-08-30T16:13:36.944239+00:00, run_after=2023-08-31T16:13:36.944239+00:00
[2023-08-31T19:13:36.958+0300] {processor.py:179} INFO - Processing /home/miminari/repos/airflow_project/env/lib/python3.10/site-packages/airflow/example_dags/tutorial.py took 0.058 seconds
[2023-08-31T19:14:07.159+0300] {processor.py:157} INFO - Started process (PID=18979) to work on /home/miminari/repos/airflow_project/env/lib/python3.10/site-packages/airflow/example_dags/tutorial.py
[2023-08-31T19:14:07.159+0300] {processor.py:829} INFO - Processing file /home/miminari/repos/airflow_project/env/lib/python3.10/site-packages/airflow/example_dags/tutorial.py for tasks to queue
[2023-08-31T19:14:07.160+0300] {logging_mixin.py:151} INFO - [2023-08-31T19:14:07.160+0300] {dagbag.py:539} INFO - Filling up the DagBag from /home/miminari/repos/airflow_project/env/lib/python3.10/site-packages/airflow/example_dags/tutorial.py
[2023-08-31T19:14:07.164+0300] {processor.py:839} INFO - DAG(s) dict_keys(['tutorial']) retrieved from /home/miminari/repos/airflow_project/env/lib/python3.10/site-packages/airflow/example_dags/tutorial.py
[2023-08-31T19:14:07.186+0300] {logging_mixin.py:151} INFO - [2023-08-31T19:14:07.186+0300] {dag.py:2907} INFO - Sync 1 DAGs
[2023-08-31T19:14:07.207+0300] {logging_mixin.py:151} INFO - [2023-08-31T19:14:07.207+0300] {dag.py:3677} INFO - Setting next_dagrun for tutorial to 2023-08-30T16:14:07.207044+00:00, run_after=2023-08-31T16:14:07.207044+00:00
[2023-08-31T19:14:07.222+0300] {processor.py:179} INFO - Processing /home/miminari/repos/airflow_project/env/lib/python3.10/site-packages/airflow/example_dags/tutorial.py took 0.065 seconds
[2023-08-31T19:14:37.317+0300] {processor.py:157} INFO - Started process (PID=19074) to work on /home/miminari/repos/airflow_project/env/lib/python3.10/site-packages/airflow/example_dags/tutorial.py
[2023-08-31T19:14:37.317+0300] {processor.py:829} INFO - Processing file /home/miminari/repos/airflow_project/env/lib/python3.10/site-packages/airflow/example_dags/tutorial.py for tasks to queue
[2023-08-31T19:14:37.318+0300] {logging_mixin.py:151} INFO - [2023-08-31T19:14:37.318+0300] {dagbag.py:539} INFO - Filling up the DagBag from /home/miminari/repos/airflow_project/env/lib/python3.10/site-packages/airflow/example_dags/tutorial.py
[2023-08-31T19:14:37.323+0300] {processor.py:839} INFO - DAG(s) dict_keys(['tutorial']) retrieved from /home/miminari/repos/airflow_project/env/lib/python3.10/site-packages/airflow/example_dags/tutorial.py
[2023-08-31T19:14:37.343+0300] {logging_mixin.py:151} INFO - [2023-08-31T19:14:37.343+0300] {dag.py:2907} INFO - Sync 1 DAGs
[2023-08-31T19:14:37.364+0300] {logging_mixin.py:151} INFO - [2023-08-31T19:14:37.364+0300] {dag.py:3677} INFO - Setting next_dagrun for tutorial to 2023-08-30T16:14:37.364380+00:00, run_after=2023-08-31T16:14:37.364380+00:00
[2023-08-31T19:14:37.378+0300] {processor.py:179} INFO - Processing /home/miminari/repos/airflow_project/env/lib/python3.10/site-packages/airflow/example_dags/tutorial.py took 0.064 seconds
[2023-08-31T19:15:07.552+0300] {processor.py:157} INFO - Started process (PID=19275) to work on /home/miminari/repos/airflow_project/env/lib/python3.10/site-packages/airflow/example_dags/tutorial.py
[2023-08-31T19:15:07.552+0300] {processor.py:829} INFO - Processing file /home/miminari/repos/airflow_project/env/lib/python3.10/site-packages/airflow/example_dags/tutorial.py for tasks to queue
[2023-08-31T19:15:07.553+0300] {logging_mixin.py:151} INFO - [2023-08-31T19:15:07.552+0300] {dagbag.py:539} INFO - Filling up the DagBag from /home/miminari/repos/airflow_project/env/lib/python3.10/site-packages/airflow/example_dags/tutorial.py
[2023-08-31T19:15:07.558+0300] {processor.py:839} INFO - DAG(s) dict_keys(['tutorial']) retrieved from /home/miminari/repos/airflow_project/env/lib/python3.10/site-packages/airflow/example_dags/tutorial.py
[2023-08-31T19:15:07.581+0300] {logging_mixin.py:151} INFO - [2023-08-31T19:15:07.581+0300] {dag.py:2907} INFO - Sync 1 DAGs
[2023-08-31T19:15:07.603+0300] {logging_mixin.py:151} INFO - [2023-08-31T19:15:07.603+0300] {dag.py:3677} INFO - Setting next_dagrun for tutorial to 2023-08-30T16:15:07.603264+00:00, run_after=2023-08-31T16:15:07.603264+00:00
[2023-08-31T19:15:07.640+0300] {processor.py:179} INFO - Processing /home/miminari/repos/airflow_project/env/lib/python3.10/site-packages/airflow/example_dags/tutorial.py took 0.092 seconds
[2023-08-31T19:15:37.857+0300] {processor.py:157} INFO - Started process (PID=19373) to work on /home/miminari/repos/airflow_project/env/lib/python3.10/site-packages/airflow/example_dags/tutorial.py
[2023-08-31T19:15:37.858+0300] {processor.py:829} INFO - Processing file /home/miminari/repos/airflow_project/env/lib/python3.10/site-packages/airflow/example_dags/tutorial.py for tasks to queue
[2023-08-31T19:15:37.859+0300] {logging_mixin.py:151} INFO - [2023-08-31T19:15:37.859+0300] {dagbag.py:539} INFO - Filling up the DagBag from /home/miminari/repos/airflow_project/env/lib/python3.10/site-packages/airflow/example_dags/tutorial.py
[2023-08-31T19:15:37.864+0300] {processor.py:839} INFO - DAG(s) dict_keys(['tutorial']) retrieved from /home/miminari/repos/airflow_project/env/lib/python3.10/site-packages/airflow/example_dags/tutorial.py
[2023-08-31T19:15:37.886+0300] {logging_mixin.py:151} INFO - [2023-08-31T19:15:37.886+0300] {dag.py:2907} INFO - Sync 1 DAGs
[2023-08-31T19:15:37.904+0300] {logging_mixin.py:151} INFO - [2023-08-31T19:15:37.904+0300] {dag.py:3677} INFO - Setting next_dagrun for tutorial to 2023-08-30T16:15:37.904508+00:00, run_after=2023-08-31T16:15:37.904508+00:00
[2023-08-31T19:15:37.921+0300] {processor.py:179} INFO - Processing /home/miminari/repos/airflow_project/env/lib/python3.10/site-packages/airflow/example_dags/tutorial.py took 0.066 seconds
[2023-08-31T19:16:08.076+0300] {processor.py:157} INFO - Started process (PID=19528) to work on /home/miminari/repos/airflow_project/env/lib/python3.10/site-packages/airflow/example_dags/tutorial.py
[2023-08-31T19:16:08.076+0300] {processor.py:829} INFO - Processing file /home/miminari/repos/airflow_project/env/lib/python3.10/site-packages/airflow/example_dags/tutorial.py for tasks to queue
[2023-08-31T19:16:08.077+0300] {logging_mixin.py:151} INFO - [2023-08-31T19:16:08.077+0300] {dagbag.py:539} INFO - Filling up the DagBag from /home/miminari/repos/airflow_project/env/lib/python3.10/site-packages/airflow/example_dags/tutorial.py
[2023-08-31T19:16:08.082+0300] {processor.py:839} INFO - DAG(s) dict_keys(['tutorial']) retrieved from /home/miminari/repos/airflow_project/env/lib/python3.10/site-packages/airflow/example_dags/tutorial.py
[2023-08-31T19:16:08.104+0300] {logging_mixin.py:151} INFO - [2023-08-31T19:16:08.104+0300] {dag.py:2907} INFO - Sync 1 DAGs
[2023-08-31T19:16:08.122+0300] {logging_mixin.py:151} INFO - [2023-08-31T19:16:08.122+0300] {dag.py:3677} INFO - Setting next_dagrun for tutorial to 2023-08-30T16:16:08.122342+00:00, run_after=2023-08-31T16:16:08.122342+00:00
[2023-08-31T19:16:08.135+0300] {processor.py:179} INFO - Processing /home/miminari/repos/airflow_project/env/lib/python3.10/site-packages/airflow/example_dags/tutorial.py took 0.061 seconds
[2023-08-31T19:16:38.503+0300] {processor.py:157} INFO - Started process (PID=19628) to work on /home/miminari/repos/airflow_project/env/lib/python3.10/site-packages/airflow/example_dags/tutorial.py
[2023-08-31T19:16:38.503+0300] {processor.py:829} INFO - Processing file /home/miminari/repos/airflow_project/env/lib/python3.10/site-packages/airflow/example_dags/tutorial.py for tasks to queue
[2023-08-31T19:16:38.504+0300] {logging_mixin.py:151} INFO - [2023-08-31T19:16:38.504+0300] {dagbag.py:539} INFO - Filling up the DagBag from /home/miminari/repos/airflow_project/env/lib/python3.10/site-packages/airflow/example_dags/tutorial.py
[2023-08-31T19:16:38.509+0300] {processor.py:839} INFO - DAG(s) dict_keys(['tutorial']) retrieved from /home/miminari/repos/airflow_project/env/lib/python3.10/site-packages/airflow/example_dags/tutorial.py
[2023-08-31T19:16:38.530+0300] {logging_mixin.py:151} INFO - [2023-08-31T19:16:38.530+0300] {dag.py:2907} INFO - Sync 1 DAGs
[2023-08-31T19:16:38.546+0300] {logging_mixin.py:151} INFO - [2023-08-31T19:16:38.546+0300] {dag.py:3677} INFO - Setting next_dagrun for tutorial to 2023-08-30T16:16:38.546516+00:00, run_after=2023-08-31T16:16:38.546516+00:00
[2023-08-31T19:16:38.561+0300] {processor.py:179} INFO - Processing /home/miminari/repos/airflow_project/env/lib/python3.10/site-packages/airflow/example_dags/tutorial.py took 0.061 seconds
[2023-08-31T19:17:08.732+0300] {processor.py:157} INFO - Started process (PID=19777) to work on /home/miminari/repos/airflow_project/env/lib/python3.10/site-packages/airflow/example_dags/tutorial.py
[2023-08-31T19:17:08.732+0300] {processor.py:829} INFO - Processing file /home/miminari/repos/airflow_project/env/lib/python3.10/site-packages/airflow/example_dags/tutorial.py for tasks to queue
[2023-08-31T19:17:08.733+0300] {logging_mixin.py:151} INFO - [2023-08-31T19:17:08.733+0300] {dagbag.py:539} INFO - Filling up the DagBag from /home/miminari/repos/airflow_project/env/lib/python3.10/site-packages/airflow/example_dags/tutorial.py
[2023-08-31T19:17:08.738+0300] {processor.py:839} INFO - DAG(s) dict_keys(['tutorial']) retrieved from /home/miminari/repos/airflow_project/env/lib/python3.10/site-packages/airflow/example_dags/tutorial.py
[2023-08-31T19:17:08.760+0300] {logging_mixin.py:151} INFO - [2023-08-31T19:17:08.760+0300] {dag.py:2907} INFO - Sync 1 DAGs
[2023-08-31T19:17:08.780+0300] {logging_mixin.py:151} INFO - [2023-08-31T19:17:08.780+0300] {dag.py:3677} INFO - Setting next_dagrun for tutorial to 2023-08-30T16:17:08.779947+00:00, run_after=2023-08-31T16:17:08.779947+00:00
[2023-08-31T19:17:08.793+0300] {processor.py:179} INFO - Processing /home/miminari/repos/airflow_project/env/lib/python3.10/site-packages/airflow/example_dags/tutorial.py took 0.064 seconds
