[2023-08-31T19:12:08.177+0300] {processor.py:157} INFO - Started process (PID=18586) to work on /home/miminari/repos/airflow_project/env/lib/python3.10/site-packages/airflow/example_dags/plugins/event_listener.py
[2023-08-31T19:12:08.178+0300] {processor.py:829} INFO - Processing file /home/miminari/repos/airflow_project/env/lib/python3.10/site-packages/airflow/example_dags/plugins/event_listener.py for tasks to queue
[2023-08-31T19:12:08.179+0300] {logging_mixin.py:151} INFO - [2023-08-31T19:12:08.178+0300] {dagbag.py:539} INFO - Filling up the DagBag from /home/miminari/repos/airflow_project/env/lib/python3.10/site-packages/airflow/example_dags/plugins/event_listener.py
[2023-08-31T19:12:08.180+0300] {processor.py:841} WARNING - No viable dags retrieved from /home/miminari/repos/airflow_project/env/lib/python3.10/site-packages/airflow/example_dags/plugins/event_listener.py
[2023-08-31T19:12:08.196+0300] {processor.py:179} INFO - Processing /home/miminari/repos/airflow_project/env/lib/python3.10/site-packages/airflow/example_dags/plugins/event_listener.py took 0.021 seconds
[2023-08-31T19:12:38.428+0300] {processor.py:157} INFO - Started process (PID=18708) to work on /home/miminari/repos/airflow_project/env/lib/python3.10/site-packages/airflow/example_dags/plugins/event_listener.py
[2023-08-31T19:12:38.429+0300] {processor.py:829} INFO - Processing file /home/miminari/repos/airflow_project/env/lib/python3.10/site-packages/airflow/example_dags/plugins/event_listener.py for tasks to queue
[2023-08-31T19:12:38.429+0300] {logging_mixin.py:151} INFO - [2023-08-31T19:12:38.429+0300] {dagbag.py:539} INFO - Filling up the DagBag from /home/miminari/repos/airflow_project/env/lib/python3.10/site-packages/airflow/example_dags/plugins/event_listener.py
[2023-08-31T19:12:38.431+0300] {processor.py:841} WARNING - No viable dags retrieved from /home/miminari/repos/airflow_project/env/lib/python3.10/site-packages/airflow/example_dags/plugins/event_listener.py
[2023-08-31T19:12:38.446+0300] {processor.py:179} INFO - Processing /home/miminari/repos/airflow_project/env/lib/python3.10/site-packages/airflow/example_dags/plugins/event_listener.py took 0.020 seconds
[2023-08-31T19:13:08.677+0300] {processor.py:157} INFO - Started process (PID=18810) to work on /home/miminari/repos/airflow_project/env/lib/python3.10/site-packages/airflow/example_dags/plugins/event_listener.py
[2023-08-31T19:13:08.678+0300] {processor.py:829} INFO - Processing file /home/miminari/repos/airflow_project/env/lib/python3.10/site-packages/airflow/example_dags/plugins/event_listener.py for tasks to queue
[2023-08-31T19:13:08.678+0300] {logging_mixin.py:151} INFO - [2023-08-31T19:13:08.678+0300] {dagbag.py:539} INFO - Filling up the DagBag from /home/miminari/repos/airflow_project/env/lib/python3.10/site-packages/airflow/example_dags/plugins/event_listener.py
[2023-08-31T19:13:08.680+0300] {processor.py:841} WARNING - No viable dags retrieved from /home/miminari/repos/airflow_project/env/lib/python3.10/site-packages/airflow/example_dags/plugins/event_listener.py
[2023-08-31T19:13:08.696+0300] {processor.py:179} INFO - Processing /home/miminari/repos/airflow_project/env/lib/python3.10/site-packages/airflow/example_dags/plugins/event_listener.py took 0.021 seconds
[2023-08-31T19:13:39.798+0300] {processor.py:157} INFO - Started process (PID=18918) to work on /home/miminari/repos/airflow_project/env/lib/python3.10/site-packages/airflow/example_dags/plugins/event_listener.py
[2023-08-31T19:13:39.798+0300] {processor.py:829} INFO - Processing file /home/miminari/repos/airflow_project/env/lib/python3.10/site-packages/airflow/example_dags/plugins/event_listener.py for tasks to queue
[2023-08-31T19:13:39.799+0300] {logging_mixin.py:151} INFO - [2023-08-31T19:13:39.798+0300] {dagbag.py:539} INFO - Filling up the DagBag from /home/miminari/repos/airflow_project/env/lib/python3.10/site-packages/airflow/example_dags/plugins/event_listener.py
[2023-08-31T19:13:39.800+0300] {processor.py:841} WARNING - No viable dags retrieved from /home/miminari/repos/airflow_project/env/lib/python3.10/site-packages/airflow/example_dags/plugins/event_listener.py
[2023-08-31T19:13:39.816+0300] {processor.py:179} INFO - Processing /home/miminari/repos/airflow_project/env/lib/python3.10/site-packages/airflow/example_dags/plugins/event_listener.py took 0.021 seconds
[2023-08-31T19:14:09.965+0300] {processor.py:157} INFO - Started process (PID=19016) to work on /home/miminari/repos/airflow_project/env/lib/python3.10/site-packages/airflow/example_dags/plugins/event_listener.py
[2023-08-31T19:14:09.965+0300] {processor.py:829} INFO - Processing file /home/miminari/repos/airflow_project/env/lib/python3.10/site-packages/airflow/example_dags/plugins/event_listener.py for tasks to queue
[2023-08-31T19:14:09.966+0300] {logging_mixin.py:151} INFO - [2023-08-31T19:14:09.966+0300] {dagbag.py:539} INFO - Filling up the DagBag from /home/miminari/repos/airflow_project/env/lib/python3.10/site-packages/airflow/example_dags/plugins/event_listener.py
[2023-08-31T19:14:09.968+0300] {processor.py:841} WARNING - No viable dags retrieved from /home/miminari/repos/airflow_project/env/lib/python3.10/site-packages/airflow/example_dags/plugins/event_listener.py
[2023-08-31T19:14:09.984+0300] {processor.py:179} INFO - Processing /home/miminari/repos/airflow_project/env/lib/python3.10/site-packages/airflow/example_dags/plugins/event_listener.py took 0.022 seconds
[2023-08-31T19:14:40.047+0300] {processor.py:157} INFO - Started process (PID=19111) to work on /home/miminari/repos/airflow_project/env/lib/python3.10/site-packages/airflow/example_dags/plugins/event_listener.py
[2023-08-31T19:14:40.048+0300] {processor.py:829} INFO - Processing file /home/miminari/repos/airflow_project/env/lib/python3.10/site-packages/airflow/example_dags/plugins/event_listener.py for tasks to queue
[2023-08-31T19:14:40.048+0300] {logging_mixin.py:151} INFO - [2023-08-31T19:14:40.048+0300] {dagbag.py:539} INFO - Filling up the DagBag from /home/miminari/repos/airflow_project/env/lib/python3.10/site-packages/airflow/example_dags/plugins/event_listener.py
[2023-08-31T19:14:40.050+0300] {processor.py:841} WARNING - No viable dags retrieved from /home/miminari/repos/airflow_project/env/lib/python3.10/site-packages/airflow/example_dags/plugins/event_listener.py
[2023-08-31T19:14:40.065+0300] {processor.py:179} INFO - Processing /home/miminari/repos/airflow_project/env/lib/python3.10/site-packages/airflow/example_dags/plugins/event_listener.py took 0.021 seconds
[2023-08-31T19:15:10.361+0300] {processor.py:157} INFO - Started process (PID=19312) to work on /home/miminari/repos/airflow_project/env/lib/python3.10/site-packages/airflow/example_dags/plugins/event_listener.py
[2023-08-31T19:15:10.362+0300] {processor.py:829} INFO - Processing file /home/miminari/repos/airflow_project/env/lib/python3.10/site-packages/airflow/example_dags/plugins/event_listener.py for tasks to queue
[2023-08-31T19:15:10.362+0300] {logging_mixin.py:151} INFO - [2023-08-31T19:15:10.362+0300] {dagbag.py:539} INFO - Filling up the DagBag from /home/miminari/repos/airflow_project/env/lib/python3.10/site-packages/airflow/example_dags/plugins/event_listener.py
[2023-08-31T19:15:10.364+0300] {processor.py:841} WARNING - No viable dags retrieved from /home/miminari/repos/airflow_project/env/lib/python3.10/site-packages/airflow/example_dags/plugins/event_listener.py
[2023-08-31T19:15:10.383+0300] {processor.py:179} INFO - Processing /home/miminari/repos/airflow_project/env/lib/python3.10/site-packages/airflow/example_dags/plugins/event_listener.py took 0.024 seconds
[2023-08-31T19:15:40.629+0300] {processor.py:157} INFO - Started process (PID=19410) to work on /home/miminari/repos/airflow_project/env/lib/python3.10/site-packages/airflow/example_dags/plugins/event_listener.py
[2023-08-31T19:15:40.630+0300] {processor.py:829} INFO - Processing file /home/miminari/repos/airflow_project/env/lib/python3.10/site-packages/airflow/example_dags/plugins/event_listener.py for tasks to queue
[2023-08-31T19:15:40.631+0300] {logging_mixin.py:151} INFO - [2023-08-31T19:15:40.631+0300] {dagbag.py:539} INFO - Filling up the DagBag from /home/miminari/repos/airflow_project/env/lib/python3.10/site-packages/airflow/example_dags/plugins/event_listener.py
[2023-08-31T19:15:40.632+0300] {processor.py:841} WARNING - No viable dags retrieved from /home/miminari/repos/airflow_project/env/lib/python3.10/site-packages/airflow/example_dags/plugins/event_listener.py
[2023-08-31T19:15:40.651+0300] {processor.py:179} INFO - Processing /home/miminari/repos/airflow_project/env/lib/python3.10/site-packages/airflow/example_dags/plugins/event_listener.py took 0.025 seconds
[2023-08-31T19:16:10.958+0300] {processor.py:157} INFO - Started process (PID=19565) to work on /home/miminari/repos/airflow_project/env/lib/python3.10/site-packages/airflow/example_dags/plugins/event_listener.py
[2023-08-31T19:16:10.959+0300] {processor.py:829} INFO - Processing file /home/miminari/repos/airflow_project/env/lib/python3.10/site-packages/airflow/example_dags/plugins/event_listener.py for tasks to queue
[2023-08-31T19:16:10.959+0300] {logging_mixin.py:151} INFO - [2023-08-31T19:16:10.959+0300] {dagbag.py:539} INFO - Filling up the DagBag from /home/miminari/repos/airflow_project/env/lib/python3.10/site-packages/airflow/example_dags/plugins/event_listener.py
[2023-08-31T19:16:10.962+0300] {processor.py:841} WARNING - No viable dags retrieved from /home/miminari/repos/airflow_project/env/lib/python3.10/site-packages/airflow/example_dags/plugins/event_listener.py
[2023-08-31T19:16:10.979+0300] {processor.py:179} INFO - Processing /home/miminari/repos/airflow_project/env/lib/python3.10/site-packages/airflow/example_dags/plugins/event_listener.py took 0.023 seconds
[2023-08-31T19:16:41.273+0300] {processor.py:157} INFO - Started process (PID=19665) to work on /home/miminari/repos/airflow_project/env/lib/python3.10/site-packages/airflow/example_dags/plugins/event_listener.py
[2023-08-31T19:16:41.274+0300] {processor.py:829} INFO - Processing file /home/miminari/repos/airflow_project/env/lib/python3.10/site-packages/airflow/example_dags/plugins/event_listener.py for tasks to queue
[2023-08-31T19:16:41.274+0300] {logging_mixin.py:151} INFO - [2023-08-31T19:16:41.274+0300] {dagbag.py:539} INFO - Filling up the DagBag from /home/miminari/repos/airflow_project/env/lib/python3.10/site-packages/airflow/example_dags/plugins/event_listener.py
[2023-08-31T19:16:41.276+0300] {processor.py:841} WARNING - No viable dags retrieved from /home/miminari/repos/airflow_project/env/lib/python3.10/site-packages/airflow/example_dags/plugins/event_listener.py
[2023-08-31T19:16:41.294+0300] {processor.py:179} INFO - Processing /home/miminari/repos/airflow_project/env/lib/python3.10/site-packages/airflow/example_dags/plugins/event_listener.py took 0.024 seconds
[2023-08-31T19:17:11.550+0300] {processor.py:157} INFO - Started process (PID=19814) to work on /home/miminari/repos/airflow_project/env/lib/python3.10/site-packages/airflow/example_dags/plugins/event_listener.py
[2023-08-31T19:17:11.550+0300] {processor.py:829} INFO - Processing file /home/miminari/repos/airflow_project/env/lib/python3.10/site-packages/airflow/example_dags/plugins/event_listener.py for tasks to queue
[2023-08-31T19:17:11.551+0300] {logging_mixin.py:151} INFO - [2023-08-31T19:17:11.550+0300] {dagbag.py:539} INFO - Filling up the DagBag from /home/miminari/repos/airflow_project/env/lib/python3.10/site-packages/airflow/example_dags/plugins/event_listener.py
[2023-08-31T19:17:11.552+0300] {processor.py:841} WARNING - No viable dags retrieved from /home/miminari/repos/airflow_project/env/lib/python3.10/site-packages/airflow/example_dags/plugins/event_listener.py
[2023-08-31T19:17:11.568+0300] {processor.py:179} INFO - Processing /home/miminari/repos/airflow_project/env/lib/python3.10/site-packages/airflow/example_dags/plugins/event_listener.py took 0.021 seconds
[2023-08-31T19:17:41.822+0300] {processor.py:157} INFO - Started process (PID=19931) to work on /home/miminari/repos/airflow_project/env/lib/python3.10/site-packages/airflow/example_dags/plugins/event_listener.py
[2023-08-31T19:17:41.823+0300] {processor.py:829} INFO - Processing file /home/miminari/repos/airflow_project/env/lib/python3.10/site-packages/airflow/example_dags/plugins/event_listener.py for tasks to queue
[2023-08-31T19:17:41.824+0300] {logging_mixin.py:151} INFO - [2023-08-31T19:17:41.823+0300] {dagbag.py:539} INFO - Filling up the DagBag from /home/miminari/repos/airflow_project/env/lib/python3.10/site-packages/airflow/example_dags/plugins/event_listener.py
[2023-08-31T19:17:41.825+0300] {processor.py:841} WARNING - No viable dags retrieved from /home/miminari/repos/airflow_project/env/lib/python3.10/site-packages/airflow/example_dags/plugins/event_listener.py
[2023-08-31T19:17:41.846+0300] {processor.py:179} INFO - Processing /home/miminari/repos/airflow_project/env/lib/python3.10/site-packages/airflow/example_dags/plugins/event_listener.py took 0.027 seconds
[2023-08-31T19:18:11.980+0300] {processor.py:157} INFO - Started process (PID=20081) to work on /home/miminari/repos/airflow_project/env/lib/python3.10/site-packages/airflow/example_dags/plugins/event_listener.py
[2023-08-31T19:18:11.980+0300] {processor.py:829} INFO - Processing file /home/miminari/repos/airflow_project/env/lib/python3.10/site-packages/airflow/example_dags/plugins/event_listener.py for tasks to queue
[2023-08-31T19:18:11.981+0300] {logging_mixin.py:151} INFO - [2023-08-31T19:18:11.981+0300] {dagbag.py:539} INFO - Filling up the DagBag from /home/miminari/repos/airflow_project/env/lib/python3.10/site-packages/airflow/example_dags/plugins/event_listener.py
[2023-08-31T19:18:11.983+0300] {processor.py:841} WARNING - No viable dags retrieved from /home/miminari/repos/airflow_project/env/lib/python3.10/site-packages/airflow/example_dags/plugins/event_listener.py
[2023-08-31T19:18:12.000+0300] {processor.py:179} INFO - Processing /home/miminari/repos/airflow_project/env/lib/python3.10/site-packages/airflow/example_dags/plugins/event_listener.py took 0.023 seconds
[2023-08-31T19:18:42.116+0300] {processor.py:157} INFO - Started process (PID=20176) to work on /home/miminari/repos/airflow_project/env/lib/python3.10/site-packages/airflow/example_dags/plugins/event_listener.py
[2023-08-31T19:18:42.116+0300] {processor.py:829} INFO - Processing file /home/miminari/repos/airflow_project/env/lib/python3.10/site-packages/airflow/example_dags/plugins/event_listener.py for tasks to queue
[2023-08-31T19:18:42.117+0300] {logging_mixin.py:151} INFO - [2023-08-31T19:18:42.117+0300] {dagbag.py:539} INFO - Filling up the DagBag from /home/miminari/repos/airflow_project/env/lib/python3.10/site-packages/airflow/example_dags/plugins/event_listener.py
[2023-08-31T19:18:42.119+0300] {processor.py:841} WARNING - No viable dags retrieved from /home/miminari/repos/airflow_project/env/lib/python3.10/site-packages/airflow/example_dags/plugins/event_listener.py
[2023-08-31T19:18:42.135+0300] {processor.py:179} INFO - Processing /home/miminari/repos/airflow_project/env/lib/python3.10/site-packages/airflow/example_dags/plugins/event_listener.py took 0.022 seconds
[2023-08-31T19:19:12.548+0300] {processor.py:157} INFO - Started process (PID=20281) to work on /home/miminari/repos/airflow_project/env/lib/python3.10/site-packages/airflow/example_dags/plugins/event_listener.py
[2023-08-31T19:19:12.551+0300] {processor.py:829} INFO - Processing file /home/miminari/repos/airflow_project/env/lib/python3.10/site-packages/airflow/example_dags/plugins/event_listener.py for tasks to queue
[2023-08-31T19:19:12.552+0300] {logging_mixin.py:151} INFO - [2023-08-31T19:19:12.551+0300] {dagbag.py:539} INFO - Filling up the DagBag from /home/miminari/repos/airflow_project/env/lib/python3.10/site-packages/airflow/example_dags/plugins/event_listener.py
[2023-08-31T19:19:12.553+0300] {processor.py:841} WARNING - No viable dags retrieved from /home/miminari/repos/airflow_project/env/lib/python3.10/site-packages/airflow/example_dags/plugins/event_listener.py
[2023-08-31T19:19:12.590+0300] {processor.py:179} INFO - Processing /home/miminari/repos/airflow_project/env/lib/python3.10/site-packages/airflow/example_dags/plugins/event_listener.py took 0.045 seconds
[2023-08-31T19:19:42.995+0300] {processor.py:157} INFO - Started process (PID=20380) to work on /home/miminari/repos/airflow_project/env/lib/python3.10/site-packages/airflow/example_dags/plugins/event_listener.py
[2023-08-31T19:19:42.996+0300] {processor.py:829} INFO - Processing file /home/miminari/repos/airflow_project/env/lib/python3.10/site-packages/airflow/example_dags/plugins/event_listener.py for tasks to queue
[2023-08-31T19:19:42.996+0300] {logging_mixin.py:151} INFO - [2023-08-31T19:19:42.996+0300] {dagbag.py:539} INFO - Filling up the DagBag from /home/miminari/repos/airflow_project/env/lib/python3.10/site-packages/airflow/example_dags/plugins/event_listener.py
[2023-08-31T19:19:42.998+0300] {processor.py:841} WARNING - No viable dags retrieved from /home/miminari/repos/airflow_project/env/lib/python3.10/site-packages/airflow/example_dags/plugins/event_listener.py
[2023-08-31T19:19:43.014+0300] {processor.py:179} INFO - Processing /home/miminari/repos/airflow_project/env/lib/python3.10/site-packages/airflow/example_dags/plugins/event_listener.py took 0.022 seconds
