[2023-08-31T19:12:08.103+0300] {processor.py:157} INFO - Started process (PID=18582) to work on /home/miminari/repos/airflow_project/env/lib/python3.10/site-packages/airflow/example_dags/plugins/listener_plugin.py
[2023-08-31T19:12:08.103+0300] {processor.py:829} INFO - Processing file /home/miminari/repos/airflow_project/env/lib/python3.10/site-packages/airflow/example_dags/plugins/listener_plugin.py for tasks to queue
[2023-08-31T19:12:08.104+0300] {logging_mixin.py:151} INFO - [2023-08-31T19:12:08.104+0300] {dagbag.py:539} INFO - Filling up the DagBag from /home/miminari/repos/airflow_project/env/lib/python3.10/site-packages/airflow/example_dags/plugins/listener_plugin.py
[2023-08-31T19:12:08.106+0300] {processor.py:841} WARNING - No viable dags retrieved from /home/miminari/repos/airflow_project/env/lib/python3.10/site-packages/airflow/example_dags/plugins/listener_plugin.py
[2023-08-31T19:12:08.125+0300] {processor.py:179} INFO - Processing /home/miminari/repos/airflow_project/env/lib/python3.10/site-packages/airflow/example_dags/plugins/listener_plugin.py took 0.025 seconds
[2023-08-31T19:12:38.358+0300] {processor.py:157} INFO - Started process (PID=18703) to work on /home/miminari/repos/airflow_project/env/lib/python3.10/site-packages/airflow/example_dags/plugins/listener_plugin.py
[2023-08-31T19:12:38.359+0300] {processor.py:829} INFO - Processing file /home/miminari/repos/airflow_project/env/lib/python3.10/site-packages/airflow/example_dags/plugins/listener_plugin.py for tasks to queue
[2023-08-31T19:12:38.359+0300] {logging_mixin.py:151} INFO - [2023-08-31T19:12:38.359+0300] {dagbag.py:539} INFO - Filling up the DagBag from /home/miminari/repos/airflow_project/env/lib/python3.10/site-packages/airflow/example_dags/plugins/listener_plugin.py
[2023-08-31T19:12:38.361+0300] {processor.py:841} WARNING - No viable dags retrieved from /home/miminari/repos/airflow_project/env/lib/python3.10/site-packages/airflow/example_dags/plugins/listener_plugin.py
[2023-08-31T19:12:38.377+0300] {processor.py:179} INFO - Processing /home/miminari/repos/airflow_project/env/lib/python3.10/site-packages/airflow/example_dags/plugins/listener_plugin.py took 0.021 seconds
[2023-08-31T19:13:08.642+0300] {processor.py:157} INFO - Started process (PID=18806) to work on /home/miminari/repos/airflow_project/env/lib/python3.10/site-packages/airflow/example_dags/plugins/listener_plugin.py
[2023-08-31T19:13:08.643+0300] {processor.py:829} INFO - Processing file /home/miminari/repos/airflow_project/env/lib/python3.10/site-packages/airflow/example_dags/plugins/listener_plugin.py for tasks to queue
[2023-08-31T19:13:08.643+0300] {logging_mixin.py:151} INFO - [2023-08-31T19:13:08.643+0300] {dagbag.py:539} INFO - Filling up the DagBag from /home/miminari/repos/airflow_project/env/lib/python3.10/site-packages/airflow/example_dags/plugins/listener_plugin.py
[2023-08-31T19:13:08.645+0300] {processor.py:841} WARNING - No viable dags retrieved from /home/miminari/repos/airflow_project/env/lib/python3.10/site-packages/airflow/example_dags/plugins/listener_plugin.py
[2023-08-31T19:13:08.661+0300] {processor.py:179} INFO - Processing /home/miminari/repos/airflow_project/env/lib/python3.10/site-packages/airflow/example_dags/plugins/listener_plugin.py took 0.021 seconds
[2023-08-31T19:13:39.726+0300] {processor.py:157} INFO - Started process (PID=18914) to work on /home/miminari/repos/airflow_project/env/lib/python3.10/site-packages/airflow/example_dags/plugins/listener_plugin.py
[2023-08-31T19:13:39.727+0300] {processor.py:829} INFO - Processing file /home/miminari/repos/airflow_project/env/lib/python3.10/site-packages/airflow/example_dags/plugins/listener_plugin.py for tasks to queue
[2023-08-31T19:13:39.727+0300] {logging_mixin.py:151} INFO - [2023-08-31T19:13:39.727+0300] {dagbag.py:539} INFO - Filling up the DagBag from /home/miminari/repos/airflow_project/env/lib/python3.10/site-packages/airflow/example_dags/plugins/listener_plugin.py
[2023-08-31T19:13:39.729+0300] {processor.py:841} WARNING - No viable dags retrieved from /home/miminari/repos/airflow_project/env/lib/python3.10/site-packages/airflow/example_dags/plugins/listener_plugin.py
[2023-08-31T19:13:39.747+0300] {processor.py:179} INFO - Processing /home/miminari/repos/airflow_project/env/lib/python3.10/site-packages/airflow/example_dags/plugins/listener_plugin.py took 0.024 seconds
[2023-08-31T19:14:09.891+0300] {processor.py:157} INFO - Started process (PID=19011) to work on /home/miminari/repos/airflow_project/env/lib/python3.10/site-packages/airflow/example_dags/plugins/listener_plugin.py
[2023-08-31T19:14:09.892+0300] {processor.py:829} INFO - Processing file /home/miminari/repos/airflow_project/env/lib/python3.10/site-packages/airflow/example_dags/plugins/listener_plugin.py for tasks to queue
[2023-08-31T19:14:09.892+0300] {logging_mixin.py:151} INFO - [2023-08-31T19:14:09.892+0300] {dagbag.py:539} INFO - Filling up the DagBag from /home/miminari/repos/airflow_project/env/lib/python3.10/site-packages/airflow/example_dags/plugins/listener_plugin.py
[2023-08-31T19:14:09.894+0300] {processor.py:841} WARNING - No viable dags retrieved from /home/miminari/repos/airflow_project/env/lib/python3.10/site-packages/airflow/example_dags/plugins/listener_plugin.py
[2023-08-31T19:14:09.913+0300] {processor.py:179} INFO - Processing /home/miminari/repos/airflow_project/env/lib/python3.10/site-packages/airflow/example_dags/plugins/listener_plugin.py took 0.024 seconds
[2023-08-31T19:14:39.975+0300] {processor.py:157} INFO - Started process (PID=19106) to work on /home/miminari/repos/airflow_project/env/lib/python3.10/site-packages/airflow/example_dags/plugins/listener_plugin.py
[2023-08-31T19:14:39.975+0300] {processor.py:829} INFO - Processing file /home/miminari/repos/airflow_project/env/lib/python3.10/site-packages/airflow/example_dags/plugins/listener_plugin.py for tasks to queue
[2023-08-31T19:14:39.976+0300] {logging_mixin.py:151} INFO - [2023-08-31T19:14:39.976+0300] {dagbag.py:539} INFO - Filling up the DagBag from /home/miminari/repos/airflow_project/env/lib/python3.10/site-packages/airflow/example_dags/plugins/listener_plugin.py
[2023-08-31T19:14:39.979+0300] {processor.py:841} WARNING - No viable dags retrieved from /home/miminari/repos/airflow_project/env/lib/python3.10/site-packages/airflow/example_dags/plugins/listener_plugin.py
[2023-08-31T19:14:39.995+0300] {processor.py:179} INFO - Processing /home/miminari/repos/airflow_project/env/lib/python3.10/site-packages/airflow/example_dags/plugins/listener_plugin.py took 0.022 seconds
[2023-08-31T19:15:10.307+0300] {processor.py:157} INFO - Started process (PID=19308) to work on /home/miminari/repos/airflow_project/env/lib/python3.10/site-packages/airflow/example_dags/plugins/listener_plugin.py
[2023-08-31T19:15:10.308+0300] {processor.py:829} INFO - Processing file /home/miminari/repos/airflow_project/env/lib/python3.10/site-packages/airflow/example_dags/plugins/listener_plugin.py for tasks to queue
[2023-08-31T19:15:10.308+0300] {logging_mixin.py:151} INFO - [2023-08-31T19:15:10.308+0300] {dagbag.py:539} INFO - Filling up the DagBag from /home/miminari/repos/airflow_project/env/lib/python3.10/site-packages/airflow/example_dags/plugins/listener_plugin.py
[2023-08-31T19:15:10.310+0300] {processor.py:841} WARNING - No viable dags retrieved from /home/miminari/repos/airflow_project/env/lib/python3.10/site-packages/airflow/example_dags/plugins/listener_plugin.py
[2023-08-31T19:15:10.330+0300] {processor.py:179} INFO - Processing /home/miminari/repos/airflow_project/env/lib/python3.10/site-packages/airflow/example_dags/plugins/listener_plugin.py took 0.026 seconds
[2023-08-31T19:15:40.559+0300] {processor.py:157} INFO - Started process (PID=19405) to work on /home/miminari/repos/airflow_project/env/lib/python3.10/site-packages/airflow/example_dags/plugins/listener_plugin.py
[2023-08-31T19:15:40.560+0300] {processor.py:829} INFO - Processing file /home/miminari/repos/airflow_project/env/lib/python3.10/site-packages/airflow/example_dags/plugins/listener_plugin.py for tasks to queue
[2023-08-31T19:15:40.561+0300] {logging_mixin.py:151} INFO - [2023-08-31T19:15:40.560+0300] {dagbag.py:539} INFO - Filling up the DagBag from /home/miminari/repos/airflow_project/env/lib/python3.10/site-packages/airflow/example_dags/plugins/listener_plugin.py
[2023-08-31T19:15:40.562+0300] {processor.py:841} WARNING - No viable dags retrieved from /home/miminari/repos/airflow_project/env/lib/python3.10/site-packages/airflow/example_dags/plugins/listener_plugin.py
[2023-08-31T19:15:40.577+0300] {processor.py:179} INFO - Processing /home/miminari/repos/airflow_project/env/lib/python3.10/site-packages/airflow/example_dags/plugins/listener_plugin.py took 0.020 seconds
[2023-08-31T19:16:10.874+0300] {processor.py:157} INFO - Started process (PID=19560) to work on /home/miminari/repos/airflow_project/env/lib/python3.10/site-packages/airflow/example_dags/plugins/listener_plugin.py
[2023-08-31T19:16:10.876+0300] {processor.py:829} INFO - Processing file /home/miminari/repos/airflow_project/env/lib/python3.10/site-packages/airflow/example_dags/plugins/listener_plugin.py for tasks to queue
[2023-08-31T19:16:10.876+0300] {logging_mixin.py:151} INFO - [2023-08-31T19:16:10.876+0300] {dagbag.py:539} INFO - Filling up the DagBag from /home/miminari/repos/airflow_project/env/lib/python3.10/site-packages/airflow/example_dags/plugins/listener_plugin.py
[2023-08-31T19:16:10.881+0300] {processor.py:841} WARNING - No viable dags retrieved from /home/miminari/repos/airflow_project/env/lib/python3.10/site-packages/airflow/example_dags/plugins/listener_plugin.py
[2023-08-31T19:16:10.900+0300] {processor.py:179} INFO - Processing /home/miminari/repos/airflow_project/env/lib/python3.10/site-packages/airflow/example_dags/plugins/listener_plugin.py took 0.028 seconds
[2023-08-31T19:16:41.198+0300] {processor.py:157} INFO - Started process (PID=19661) to work on /home/miminari/repos/airflow_project/env/lib/python3.10/site-packages/airflow/example_dags/plugins/listener_plugin.py
[2023-08-31T19:16:41.200+0300] {processor.py:829} INFO - Processing file /home/miminari/repos/airflow_project/env/lib/python3.10/site-packages/airflow/example_dags/plugins/listener_plugin.py for tasks to queue
[2023-08-31T19:16:41.200+0300] {logging_mixin.py:151} INFO - [2023-08-31T19:16:41.200+0300] {dagbag.py:539} INFO - Filling up the DagBag from /home/miminari/repos/airflow_project/env/lib/python3.10/site-packages/airflow/example_dags/plugins/listener_plugin.py
[2023-08-31T19:16:41.202+0300] {processor.py:841} WARNING - No viable dags retrieved from /home/miminari/repos/airflow_project/env/lib/python3.10/site-packages/airflow/example_dags/plugins/listener_plugin.py
[2023-08-31T19:16:41.225+0300] {processor.py:179} INFO - Processing /home/miminari/repos/airflow_project/env/lib/python3.10/site-packages/airflow/example_dags/plugins/listener_plugin.py took 0.030 seconds
[2023-08-31T19:17:11.412+0300] {processor.py:157} INFO - Started process (PID=19807) to work on /home/miminari/repos/airflow_project/env/lib/python3.10/site-packages/airflow/example_dags/plugins/listener_plugin.py
[2023-08-31T19:17:11.413+0300] {processor.py:829} INFO - Processing file /home/miminari/repos/airflow_project/env/lib/python3.10/site-packages/airflow/example_dags/plugins/listener_plugin.py for tasks to queue
[2023-08-31T19:17:11.414+0300] {logging_mixin.py:151} INFO - [2023-08-31T19:17:11.413+0300] {dagbag.py:539} INFO - Filling up the DagBag from /home/miminari/repos/airflow_project/env/lib/python3.10/site-packages/airflow/example_dags/plugins/listener_plugin.py
[2023-08-31T19:17:11.415+0300] {processor.py:841} WARNING - No viable dags retrieved from /home/miminari/repos/airflow_project/env/lib/python3.10/site-packages/airflow/example_dags/plugins/listener_plugin.py
[2023-08-31T19:17:11.432+0300] {processor.py:179} INFO - Processing /home/miminari/repos/airflow_project/env/lib/python3.10/site-packages/airflow/example_dags/plugins/listener_plugin.py took 0.022 seconds
[2023-08-31T19:17:41.657+0300] {processor.py:157} INFO - Started process (PID=19922) to work on /home/miminari/repos/airflow_project/env/lib/python3.10/site-packages/airflow/example_dags/plugins/listener_plugin.py
[2023-08-31T19:17:41.658+0300] {processor.py:829} INFO - Processing file /home/miminari/repos/airflow_project/env/lib/python3.10/site-packages/airflow/example_dags/plugins/listener_plugin.py for tasks to queue
[2023-08-31T19:17:41.658+0300] {logging_mixin.py:151} INFO - [2023-08-31T19:17:41.658+0300] {dagbag.py:539} INFO - Filling up the DagBag from /home/miminari/repos/airflow_project/env/lib/python3.10/site-packages/airflow/example_dags/plugins/listener_plugin.py
[2023-08-31T19:17:41.660+0300] {processor.py:841} WARNING - No viable dags retrieved from /home/miminari/repos/airflow_project/env/lib/python3.10/site-packages/airflow/example_dags/plugins/listener_plugin.py
[2023-08-31T19:17:41.676+0300] {processor.py:179} INFO - Processing /home/miminari/repos/airflow_project/env/lib/python3.10/site-packages/airflow/example_dags/plugins/listener_plugin.py took 0.021 seconds
[2023-08-31T19:18:11.823+0300] {processor.py:157} INFO - Started process (PID=20073) to work on /home/miminari/repos/airflow_project/env/lib/python3.10/site-packages/airflow/example_dags/plugins/listener_plugin.py
[2023-08-31T19:18:11.824+0300] {processor.py:829} INFO - Processing file /home/miminari/repos/airflow_project/env/lib/python3.10/site-packages/airflow/example_dags/plugins/listener_plugin.py for tasks to queue
[2023-08-31T19:18:11.825+0300] {logging_mixin.py:151} INFO - [2023-08-31T19:18:11.824+0300] {dagbag.py:539} INFO - Filling up the DagBag from /home/miminari/repos/airflow_project/env/lib/python3.10/site-packages/airflow/example_dags/plugins/listener_plugin.py
[2023-08-31T19:18:11.826+0300] {processor.py:841} WARNING - No viable dags retrieved from /home/miminari/repos/airflow_project/env/lib/python3.10/site-packages/airflow/example_dags/plugins/listener_plugin.py
[2023-08-31T19:18:11.844+0300] {processor.py:179} INFO - Processing /home/miminari/repos/airflow_project/env/lib/python3.10/site-packages/airflow/example_dags/plugins/listener_plugin.py took 0.023 seconds
[2023-08-31T19:18:41.944+0300] {processor.py:157} INFO - Started process (PID=20167) to work on /home/miminari/repos/airflow_project/env/lib/python3.10/site-packages/airflow/example_dags/plugins/listener_plugin.py
[2023-08-31T19:18:41.945+0300] {processor.py:829} INFO - Processing file /home/miminari/repos/airflow_project/env/lib/python3.10/site-packages/airflow/example_dags/plugins/listener_plugin.py for tasks to queue
[2023-08-31T19:18:41.945+0300] {logging_mixin.py:151} INFO - [2023-08-31T19:18:41.945+0300] {dagbag.py:539} INFO - Filling up the DagBag from /home/miminari/repos/airflow_project/env/lib/python3.10/site-packages/airflow/example_dags/plugins/listener_plugin.py
[2023-08-31T19:18:41.947+0300] {processor.py:841} WARNING - No viable dags retrieved from /home/miminari/repos/airflow_project/env/lib/python3.10/site-packages/airflow/example_dags/plugins/listener_plugin.py
[2023-08-31T19:18:41.966+0300] {processor.py:179} INFO - Processing /home/miminari/repos/airflow_project/env/lib/python3.10/site-packages/airflow/example_dags/plugins/listener_plugin.py took 0.024 seconds
[2023-08-31T19:19:12.456+0300] {processor.py:157} INFO - Started process (PID=20276) to work on /home/miminari/repos/airflow_project/env/lib/python3.10/site-packages/airflow/example_dags/plugins/listener_plugin.py
[2023-08-31T19:19:12.457+0300] {processor.py:829} INFO - Processing file /home/miminari/repos/airflow_project/env/lib/python3.10/site-packages/airflow/example_dags/plugins/listener_plugin.py for tasks to queue
[2023-08-31T19:19:12.458+0300] {logging_mixin.py:151} INFO - [2023-08-31T19:19:12.457+0300] {dagbag.py:539} INFO - Filling up the DagBag from /home/miminari/repos/airflow_project/env/lib/python3.10/site-packages/airflow/example_dags/plugins/listener_plugin.py
[2023-08-31T19:19:12.460+0300] {processor.py:841} WARNING - No viable dags retrieved from /home/miminari/repos/airflow_project/env/lib/python3.10/site-packages/airflow/example_dags/plugins/listener_plugin.py
[2023-08-31T19:19:12.490+0300] {processor.py:179} INFO - Processing /home/miminari/repos/airflow_project/env/lib/python3.10/site-packages/airflow/example_dags/plugins/listener_plugin.py took 0.037 seconds
[2023-08-31T19:19:42.924+0300] {processor.py:157} INFO - Started process (PID=20375) to work on /home/miminari/repos/airflow_project/env/lib/python3.10/site-packages/airflow/example_dags/plugins/listener_plugin.py
[2023-08-31T19:19:42.925+0300] {processor.py:829} INFO - Processing file /home/miminari/repos/airflow_project/env/lib/python3.10/site-packages/airflow/example_dags/plugins/listener_plugin.py for tasks to queue
[2023-08-31T19:19:42.925+0300] {logging_mixin.py:151} INFO - [2023-08-31T19:19:42.925+0300] {dagbag.py:539} INFO - Filling up the DagBag from /home/miminari/repos/airflow_project/env/lib/python3.10/site-packages/airflow/example_dags/plugins/listener_plugin.py
[2023-08-31T19:19:42.928+0300] {processor.py:841} WARNING - No viable dags retrieved from /home/miminari/repos/airflow_project/env/lib/python3.10/site-packages/airflow/example_dags/plugins/listener_plugin.py
[2023-08-31T19:19:42.945+0300] {processor.py:179} INFO - Processing /home/miminari/repos/airflow_project/env/lib/python3.10/site-packages/airflow/example_dags/plugins/listener_plugin.py took 0.023 seconds
