[2023-08-31T19:12:08.143+0300] {processor.py:157} INFO - Started process (PID=18584) to work on /home/miminari/repos/airflow_project/env/lib/python3.10/site-packages/airflow/example_dags/plugins/workday.py
[2023-08-31T19:12:08.144+0300] {processor.py:829} INFO - Processing file /home/miminari/repos/airflow_project/env/lib/python3.10/site-packages/airflow/example_dags/plugins/workday.py for tasks to queue
[2023-08-31T19:12:08.144+0300] {logging_mixin.py:151} INFO - [2023-08-31T19:12:08.144+0300] {dagbag.py:539} INFO - Filling up the DagBag from /home/miminari/repos/airflow_project/env/lib/python3.10/site-packages/airflow/example_dags/plugins/workday.py
[2023-08-31T19:12:08.146+0300] {logging_mixin.py:151} INFO - [2023-08-31T19:12:08.146+0300] {workday.py:36} WARNING - Could not import pandas. Holidays will not be considered.
[2023-08-31T19:12:08.147+0300] {processor.py:841} WARNING - No viable dags retrieved from /home/miminari/repos/airflow_project/env/lib/python3.10/site-packages/airflow/example_dags/plugins/workday.py
[2023-08-31T19:12:08.164+0300] {processor.py:179} INFO - Processing /home/miminari/repos/airflow_project/env/lib/python3.10/site-packages/airflow/example_dags/plugins/workday.py took 0.023 seconds
[2023-08-31T19:12:38.393+0300] {processor.py:157} INFO - Started process (PID=18706) to work on /home/miminari/repos/airflow_project/env/lib/python3.10/site-packages/airflow/example_dags/plugins/workday.py
[2023-08-31T19:12:38.393+0300] {processor.py:829} INFO - Processing file /home/miminari/repos/airflow_project/env/lib/python3.10/site-packages/airflow/example_dags/plugins/workday.py for tasks to queue
[2023-08-31T19:12:38.394+0300] {logging_mixin.py:151} INFO - [2023-08-31T19:12:38.393+0300] {dagbag.py:539} INFO - Filling up the DagBag from /home/miminari/repos/airflow_project/env/lib/python3.10/site-packages/airflow/example_dags/plugins/workday.py
[2023-08-31T19:12:38.395+0300] {logging_mixin.py:151} INFO - [2023-08-31T19:12:38.395+0300] {workday.py:36} WARNING - Could not import pandas. Holidays will not be considered.
[2023-08-31T19:12:38.396+0300] {processor.py:841} WARNING - No viable dags retrieved from /home/miminari/repos/airflow_project/env/lib/python3.10/site-packages/airflow/example_dags/plugins/workday.py
[2023-08-31T19:12:38.413+0300] {processor.py:179} INFO - Processing /home/miminari/repos/airflow_project/env/lib/python3.10/site-packages/airflow/example_dags/plugins/workday.py took 0.023 seconds
[2023-08-31T19:13:08.655+0300] {processor.py:157} INFO - Started process (PID=18808) to work on /home/miminari/repos/airflow_project/env/lib/python3.10/site-packages/airflow/example_dags/plugins/workday.py
[2023-08-31T19:13:08.656+0300] {processor.py:829} INFO - Processing file /home/miminari/repos/airflow_project/env/lib/python3.10/site-packages/airflow/example_dags/plugins/workday.py for tasks to queue
[2023-08-31T19:13:08.656+0300] {logging_mixin.py:151} INFO - [2023-08-31T19:13:08.656+0300] {dagbag.py:539} INFO - Filling up the DagBag from /home/miminari/repos/airflow_project/env/lib/python3.10/site-packages/airflow/example_dags/plugins/workday.py
[2023-08-31T19:13:08.658+0300] {logging_mixin.py:151} INFO - [2023-08-31T19:13:08.658+0300] {workday.py:36} WARNING - Could not import pandas. Holidays will not be considered.
[2023-08-31T19:13:08.658+0300] {processor.py:841} WARNING - No viable dags retrieved from /home/miminari/repos/airflow_project/env/lib/python3.10/site-packages/airflow/example_dags/plugins/workday.py
[2023-08-31T19:13:08.674+0300] {processor.py:179} INFO - Processing /home/miminari/repos/airflow_project/env/lib/python3.10/site-packages/airflow/example_dags/plugins/workday.py took 0.021 seconds
[2023-08-31T19:13:39.762+0300] {processor.py:157} INFO - Started process (PID=18916) to work on /home/miminari/repos/airflow_project/env/lib/python3.10/site-packages/airflow/example_dags/plugins/workday.py
[2023-08-31T19:13:39.763+0300] {processor.py:829} INFO - Processing file /home/miminari/repos/airflow_project/env/lib/python3.10/site-packages/airflow/example_dags/plugins/workday.py for tasks to queue
[2023-08-31T19:13:39.763+0300] {logging_mixin.py:151} INFO - [2023-08-31T19:13:39.763+0300] {dagbag.py:539} INFO - Filling up the DagBag from /home/miminari/repos/airflow_project/env/lib/python3.10/site-packages/airflow/example_dags/plugins/workday.py
[2023-08-31T19:13:39.765+0300] {logging_mixin.py:151} INFO - [2023-08-31T19:13:39.765+0300] {workday.py:36} WARNING - Could not import pandas. Holidays will not be considered.
[2023-08-31T19:13:39.765+0300] {processor.py:841} WARNING - No viable dags retrieved from /home/miminari/repos/airflow_project/env/lib/python3.10/site-packages/airflow/example_dags/plugins/workday.py
[2023-08-31T19:13:39.781+0300] {processor.py:179} INFO - Processing /home/miminari/repos/airflow_project/env/lib/python3.10/site-packages/airflow/example_dags/plugins/workday.py took 0.022 seconds
[2023-08-31T19:14:09.931+0300] {processor.py:157} INFO - Started process (PID=19014) to work on /home/miminari/repos/airflow_project/env/lib/python3.10/site-packages/airflow/example_dags/plugins/workday.py
[2023-08-31T19:14:09.931+0300] {processor.py:829} INFO - Processing file /home/miminari/repos/airflow_project/env/lib/python3.10/site-packages/airflow/example_dags/plugins/workday.py for tasks to queue
[2023-08-31T19:14:09.932+0300] {logging_mixin.py:151} INFO - [2023-08-31T19:14:09.931+0300] {dagbag.py:539} INFO - Filling up the DagBag from /home/miminari/repos/airflow_project/env/lib/python3.10/site-packages/airflow/example_dags/plugins/workday.py
[2023-08-31T19:14:09.933+0300] {logging_mixin.py:151} INFO - [2023-08-31T19:14:09.933+0300] {workday.py:36} WARNING - Could not import pandas. Holidays will not be considered.
[2023-08-31T19:14:09.934+0300] {processor.py:841} WARNING - No viable dags retrieved from /home/miminari/repos/airflow_project/env/lib/python3.10/site-packages/airflow/example_dags/plugins/workday.py
[2023-08-31T19:14:09.959+0300] {processor.py:179} INFO - Processing /home/miminari/repos/airflow_project/env/lib/python3.10/site-packages/airflow/example_dags/plugins/workday.py took 0.030 seconds
[2023-08-31T19:14:40.010+0300] {processor.py:157} INFO - Started process (PID=19109) to work on /home/miminari/repos/airflow_project/env/lib/python3.10/site-packages/airflow/example_dags/plugins/workday.py
[2023-08-31T19:14:40.011+0300] {processor.py:829} INFO - Processing file /home/miminari/repos/airflow_project/env/lib/python3.10/site-packages/airflow/example_dags/plugins/workday.py for tasks to queue
[2023-08-31T19:14:40.012+0300] {logging_mixin.py:151} INFO - [2023-08-31T19:14:40.012+0300] {dagbag.py:539} INFO - Filling up the DagBag from /home/miminari/repos/airflow_project/env/lib/python3.10/site-packages/airflow/example_dags/plugins/workday.py
[2023-08-31T19:14:40.013+0300] {logging_mixin.py:151} INFO - [2023-08-31T19:14:40.013+0300] {workday.py:36} WARNING - Could not import pandas. Holidays will not be considered.
[2023-08-31T19:14:40.014+0300] {processor.py:841} WARNING - No viable dags retrieved from /home/miminari/repos/airflow_project/env/lib/python3.10/site-packages/airflow/example_dags/plugins/workday.py
[2023-08-31T19:14:40.035+0300] {processor.py:179} INFO - Processing /home/miminari/repos/airflow_project/env/lib/python3.10/site-packages/airflow/example_dags/plugins/workday.py took 0.027 seconds
[2023-08-31T19:15:10.349+0300] {processor.py:157} INFO - Started process (PID=19310) to work on /home/miminari/repos/airflow_project/env/lib/python3.10/site-packages/airflow/example_dags/plugins/workday.py
[2023-08-31T19:15:10.350+0300] {processor.py:829} INFO - Processing file /home/miminari/repos/airflow_project/env/lib/python3.10/site-packages/airflow/example_dags/plugins/workday.py for tasks to queue
[2023-08-31T19:15:10.350+0300] {logging_mixin.py:151} INFO - [2023-08-31T19:15:10.350+0300] {dagbag.py:539} INFO - Filling up the DagBag from /home/miminari/repos/airflow_project/env/lib/python3.10/site-packages/airflow/example_dags/plugins/workday.py
[2023-08-31T19:15:10.352+0300] {logging_mixin.py:151} INFO - [2023-08-31T19:15:10.352+0300] {workday.py:36} WARNING - Could not import pandas. Holidays will not be considered.
[2023-08-31T19:15:10.353+0300] {processor.py:841} WARNING - No viable dags retrieved from /home/miminari/repos/airflow_project/env/lib/python3.10/site-packages/airflow/example_dags/plugins/workday.py
[2023-08-31T19:15:10.370+0300] {processor.py:179} INFO - Processing /home/miminari/repos/airflow_project/env/lib/python3.10/site-packages/airflow/example_dags/plugins/workday.py took 0.023 seconds
[2023-08-31T19:15:40.593+0300] {processor.py:157} INFO - Started process (PID=19408) to work on /home/miminari/repos/airflow_project/env/lib/python3.10/site-packages/airflow/example_dags/plugins/workday.py
[2023-08-31T19:15:40.594+0300] {processor.py:829} INFO - Processing file /home/miminari/repos/airflow_project/env/lib/python3.10/site-packages/airflow/example_dags/plugins/workday.py for tasks to queue
[2023-08-31T19:15:40.594+0300] {logging_mixin.py:151} INFO - [2023-08-31T19:15:40.594+0300] {dagbag.py:539} INFO - Filling up the DagBag from /home/miminari/repos/airflow_project/env/lib/python3.10/site-packages/airflow/example_dags/plugins/workday.py
[2023-08-31T19:15:40.596+0300] {logging_mixin.py:151} INFO - [2023-08-31T19:15:40.596+0300] {workday.py:36} WARNING - Could not import pandas. Holidays will not be considered.
[2023-08-31T19:15:40.596+0300] {processor.py:841} WARNING - No viable dags retrieved from /home/miminari/repos/airflow_project/env/lib/python3.10/site-packages/airflow/example_dags/plugins/workday.py
[2023-08-31T19:15:40.614+0300] {processor.py:179} INFO - Processing /home/miminari/repos/airflow_project/env/lib/python3.10/site-packages/airflow/example_dags/plugins/workday.py took 0.023 seconds
[2023-08-31T19:16:10.925+0300] {processor.py:157} INFO - Started process (PID=19563) to work on /home/miminari/repos/airflow_project/env/lib/python3.10/site-packages/airflow/example_dags/plugins/workday.py
[2023-08-31T19:16:10.926+0300] {processor.py:829} INFO - Processing file /home/miminari/repos/airflow_project/env/lib/python3.10/site-packages/airflow/example_dags/plugins/workday.py for tasks to queue
[2023-08-31T19:16:10.927+0300] {logging_mixin.py:151} INFO - [2023-08-31T19:16:10.927+0300] {dagbag.py:539} INFO - Filling up the DagBag from /home/miminari/repos/airflow_project/env/lib/python3.10/site-packages/airflow/example_dags/plugins/workday.py
[2023-08-31T19:16:10.930+0300] {logging_mixin.py:151} INFO - [2023-08-31T19:16:10.930+0300] {workday.py:36} WARNING - Could not import pandas. Holidays will not be considered.
[2023-08-31T19:16:10.930+0300] {processor.py:841} WARNING - No viable dags retrieved from /home/miminari/repos/airflow_project/env/lib/python3.10/site-packages/airflow/example_dags/plugins/workday.py
[2023-08-31T19:16:10.957+0300] {processor.py:179} INFO - Processing /home/miminari/repos/airflow_project/env/lib/python3.10/site-packages/airflow/example_dags/plugins/workday.py took 0.035 seconds
[2023-08-31T19:16:41.247+0300] {processor.py:157} INFO - Started process (PID=19663) to work on /home/miminari/repos/airflow_project/env/lib/python3.10/site-packages/airflow/example_dags/plugins/workday.py
[2023-08-31T19:16:41.248+0300] {processor.py:829} INFO - Processing file /home/miminari/repos/airflow_project/env/lib/python3.10/site-packages/airflow/example_dags/plugins/workday.py for tasks to queue
[2023-08-31T19:16:41.249+0300] {logging_mixin.py:151} INFO - [2023-08-31T19:16:41.249+0300] {dagbag.py:539} INFO - Filling up the DagBag from /home/miminari/repos/airflow_project/env/lib/python3.10/site-packages/airflow/example_dags/plugins/workday.py
[2023-08-31T19:16:41.252+0300] {logging_mixin.py:151} INFO - [2023-08-31T19:16:41.252+0300] {workday.py:36} WARNING - Could not import pandas. Holidays will not be considered.
[2023-08-31T19:16:41.252+0300] {processor.py:841} WARNING - No viable dags retrieved from /home/miminari/repos/airflow_project/env/lib/python3.10/site-packages/airflow/example_dags/plugins/workday.py
[2023-08-31T19:16:41.274+0300] {processor.py:179} INFO - Processing /home/miminari/repos/airflow_project/env/lib/python3.10/site-packages/airflow/example_dags/plugins/workday.py took 0.030 seconds
[2023-08-31T19:17:11.514+0300] {processor.py:157} INFO - Started process (PID=19812) to work on /home/miminari/repos/airflow_project/env/lib/python3.10/site-packages/airflow/example_dags/plugins/workday.py
[2023-08-31T19:17:11.515+0300] {processor.py:829} INFO - Processing file /home/miminari/repos/airflow_project/env/lib/python3.10/site-packages/airflow/example_dags/plugins/workday.py for tasks to queue
[2023-08-31T19:17:11.515+0300] {logging_mixin.py:151} INFO - [2023-08-31T19:17:11.515+0300] {dagbag.py:539} INFO - Filling up the DagBag from /home/miminari/repos/airflow_project/env/lib/python3.10/site-packages/airflow/example_dags/plugins/workday.py
[2023-08-31T19:17:11.518+0300] {logging_mixin.py:151} INFO - [2023-08-31T19:17:11.518+0300] {workday.py:36} WARNING - Could not import pandas. Holidays will not be considered.
[2023-08-31T19:17:11.518+0300] {processor.py:841} WARNING - No viable dags retrieved from /home/miminari/repos/airflow_project/env/lib/python3.10/site-packages/airflow/example_dags/plugins/workday.py
[2023-08-31T19:17:11.538+0300] {processor.py:179} INFO - Processing /home/miminari/repos/airflow_project/env/lib/python3.10/site-packages/airflow/example_dags/plugins/workday.py took 0.027 seconds
